[2025-09-04T05:30:45.570+0000] {taskinstance.py:1165} INFO - Dependencies all met for <TaskInstance: latest_only.latest_only scheduled__2025-09-01T05:03:14.959057+00:00 [queued]>
[2025-09-04T05:30:45.601+0000] {taskinstance.py:1165} INFO - Dependencies all met for <TaskInstance: latest_only.latest_only scheduled__2025-09-01T05:03:14.959057+00:00 [queued]>
[2025-09-04T05:30:45.601+0000] {taskinstance.py:1362} INFO - 
--------------------------------------------------------------------------------
[2025-09-04T05:30:45.602+0000] {taskinstance.py:1363} INFO - Starting attempt 1 of 1
[2025-09-04T05:30:45.602+0000] {taskinstance.py:1364} INFO - 
--------------------------------------------------------------------------------
[2025-09-04T05:30:45.655+0000] {taskinstance.py:1383} INFO - Executing <Task(LatestOnlyOperator): latest_only> on 2025-09-01 05:03:14.959057+00:00
[2025-09-04T05:30:45.680+0000] {standard_task_runner.py:55} INFO - Started process 89 to run task
[2025-09-04T05:30:45.715+0000] {standard_task_runner.py:82} INFO - Running: ['***', 'tasks', 'run', 'latest_only', 'latest_only', 'scheduled__2025-09-01T05:03:14.959057+00:00', '--job-id', '180', '--raw', '--subdir', '/home/***/.local/lib/python3.7/site-packages/***/example_dags/example_latest_only.py', '--cfg-path', '/tmp/tmpwbszecsr']
[2025-09-04T05:30:45.724+0000] {standard_task_runner.py:83} INFO - Job 180: Subtask latest_only
[2025-09-04T05:30:46.372+0000] {task_command.py:376} INFO - Running <TaskInstance: latest_only.latest_only scheduled__2025-09-01T05:03:14.959057+00:00 [running]> on host caf234be515d
[2025-09-04T05:30:46.739+0000] {taskinstance.py:1592} INFO - Exporting the following env vars:
AIRFLOW_CTX_DAG_OWNER=***
AIRFLOW_CTX_DAG_ID=latest_only
AIRFLOW_CTX_TASK_ID=latest_only
AIRFLOW_CTX_EXECUTION_DATE=2025-09-01T05:03:14.959057+00:00
AIRFLOW_CTX_TRY_NUMBER=1
AIRFLOW_CTX_DAG_RUN_ID=scheduled__2025-09-01T05:03:14.959057+00:00
[2025-09-04T05:30:46.741+0000] {latest_only.py:70} INFO - Checking latest only with left_window: 2025-09-01T09:03:14.959057+00:00 right_window: 2025-09-01T13:03:14.959057+00:00 now: 2025-09-04T05:30:46.741222+00:00
[2025-09-04T05:30:46.741+0000] {latest_only.py:74} INFO - Not latest execution, skipping downstream.
[2025-09-04T05:30:46.741+0000] {skipmixin.py:155} INFO - Following branch []
[2025-09-04T05:30:46.751+0000] {skipmixin.py:190} INFO - Skipping tasks ['task1']
[2025-09-04T05:30:46.980+0000] {taskinstance.py:1406} INFO - Marking task as SUCCESS. dag_id=latest_only, task_id=latest_only, execution_date=20250901T050314, start_date=20250904T053045, end_date=20250904T053046
[2025-09-04T05:30:47.068+0000] {local_task_job.py:164} INFO - Task exited with return code 0
[2025-09-04T05:30:47.119+0000] {local_task_job.py:273} INFO - 0 downstream tasks scheduled from follow-on schedule check
