[2025-08-19T16:07:12.969+0000] {taskinstance.py:1165} INFO - Dependencies all met for <TaskInstance: my_dag.training_model_B scheduled__2025-08-18T00:00:00+00:00 [queued]>
[2025-08-19T16:07:13.048+0000] {taskinstance.py:1165} INFO - Dependencies all met for <TaskInstance: my_dag.training_model_B scheduled__2025-08-18T00:00:00+00:00 [queued]>
[2025-08-19T16:07:13.050+0000] {taskinstance.py:1362} INFO - 
--------------------------------------------------------------------------------
[2025-08-19T16:07:13.050+0000] {taskinstance.py:1363} INFO - Starting attempt 1 of 1
[2025-08-19T16:07:13.051+0000] {taskinstance.py:1364} INFO - 
--------------------------------------------------------------------------------
[2025-08-19T16:07:13.169+0000] {taskinstance.py:1383} INFO - Executing <Task(PythonOperator): training_model_B> on 2025-08-18 00:00:00+00:00
[2025-08-19T16:07:13.200+0000] {standard_task_runner.py:55} INFO - Started process 282 to run task
[2025-08-19T16:07:13.257+0000] {standard_task_runner.py:82} INFO - Running: ['***', 'tasks', 'run', 'my_dag', 'training_model_B', 'scheduled__2025-08-18T00:00:00+00:00', '--job-id', '27', '--raw', '--subdir', 'DAGS_FOLDER/flow.py', '--cfg-path', '/tmp/tmpaooj1ay7']
[2025-08-19T16:07:13.265+0000] {standard_task_runner.py:83} INFO - Job 27: Subtask training_model_B
[2025-08-19T16:07:13.732+0000] {task_command.py:376} INFO - Running <TaskInstance: my_dag.training_model_B scheduled__2025-08-18T00:00:00+00:00 [running]> on host d9bec5ca469d
[2025-08-19T16:07:14.056+0000] {taskinstance.py:1592} INFO - Exporting the following env vars:
AIRFLOW_CTX_DAG_OWNER=***
AIRFLOW_CTX_DAG_ID=my_dag
AIRFLOW_CTX_TASK_ID=training_model_B
AIRFLOW_CTX_EXECUTION_DATE=2025-08-18T00:00:00+00:00
AIRFLOW_CTX_TRY_NUMBER=1
AIRFLOW_CTX_DAG_RUN_ID=scheduled__2025-08-18T00:00:00+00:00
[2025-08-19T16:07:14.059+0000] {python.py:177} INFO - Done. Returned value was: 10
[2025-08-19T16:07:14.129+0000] {taskinstance.py:1406} INFO - Marking task as SUCCESS. dag_id=my_dag, task_id=training_model_B, execution_date=20250818T000000, start_date=20250819T160712, end_date=20250819T160714
[2025-08-19T16:07:14.220+0000] {local_task_job.py:164} INFO - Task exited with return code 0
[2025-08-19T16:07:14.395+0000] {local_task_job.py:273} INFO - 0 downstream tasks scheduled from follow-on schedule check
