[2025-09-08T07:04:44.827+0000] {taskinstance.py:1165} INFO - Dependencies all met for <TaskInstance: thirdflow.t1 manual__2025-09-08T07:04:41.822283+00:00 [queued]>
[2025-09-08T07:04:44.843+0000] {taskinstance.py:1165} INFO - Dependencies all met for <TaskInstance: thirdflow.t1 manual__2025-09-08T07:04:41.822283+00:00 [queued]>
[2025-09-08T07:04:44.844+0000] {taskinstance.py:1362} INFO - 
--------------------------------------------------------------------------------
[2025-09-08T07:04:44.844+0000] {taskinstance.py:1363} INFO - Starting attempt 1 of 1
[2025-09-08T07:04:44.844+0000] {taskinstance.py:1364} INFO - 
--------------------------------------------------------------------------------
[2025-09-08T07:04:44.861+0000] {taskinstance.py:1383} INFO - Executing <Task(BranchPythonOperator): t1> on 2025-09-08 07:04:41.822283+00:00
[2025-09-08T07:04:44.873+0000] {standard_task_runner.py:55} INFO - Started process 116 to run task
[2025-09-08T07:04:44.878+0000] {standard_task_runner.py:82} INFO - Running: ['***', 'tasks', 'run', 'thirdflow', 't1', 'manual__2025-09-08T07:04:41.822283+00:00', '--job-id', '19', '--raw', '--subdir', 'DAGS_FOLDER/flow.py', '--cfg-path', '/tmp/tmp92ve0pa1']
[2025-09-08T07:04:45.184+0000] {standard_task_runner.py:83} INFO - Job 19: Subtask t1
[2025-09-08T07:04:45.295+0000] {task_command.py:376} INFO - Running <TaskInstance: thirdflow.t1 manual__2025-09-08T07:04:41.822283+00:00 [running]> on host b4169412f5e4
[2025-09-08T07:04:45.426+0000] {taskinstance.py:1592} INFO - Exporting the following env vars:
AIRFLOW_CTX_DAG_OWNER=***
AIRFLOW_CTX_DAG_ID=thirdflow
AIRFLOW_CTX_TASK_ID=t1
AIRFLOW_CTX_EXECUTION_DATE=2025-09-08T07:04:41.822283+00:00
AIRFLOW_CTX_TRY_NUMBER=1
AIRFLOW_CTX_DAG_RUN_ID=manual__2025-09-08T07:04:41.822283+00:00
[2025-09-08T07:04:45.428+0000] {logging_mixin.py:120} INFO - Checking file at: /opt/***/uploads/jay.csv
[2025-09-08T07:04:45.428+0000] {logging_mixin.py:120} INFO - Exists? False
[2025-09-08T07:04:45.428+0000] {logging_mixin.py:120} INFO - CSV file not found at: /opt/***/uploads/jay.csv
[2025-09-08T07:04:45.429+0000] {logging_mixin.py:120} INFO - Fetched path:None,None
[2025-09-08T07:04:45.429+0000] {python.py:177} INFO - Done. Returned value was: skip
[2025-09-08T07:04:45.429+0000] {skipmixin.py:155} INFO - Following branch skip
[2025-09-08T07:04:45.429+0000] {skipmixin.py:190} INFO - Skipping tasks ['t2']
[2025-09-08T07:04:45.507+0000] {taskinstance.py:1406} INFO - Marking task as SUCCESS. dag_id=thirdflow, task_id=t1, execution_date=20250908T070441, start_date=20250908T070444, end_date=20250908T070445
[2025-09-08T07:04:45.582+0000] {local_task_job.py:164} INFO - Task exited with return code 0
[2025-09-08T07:04:45.908+0000] {local_task_job.py:273} INFO - 0 downstream tasks scheduled from follow-on schedule check
