[2025-08-19T16:07:13.038+0000] {taskinstance.py:1165} INFO - Dependencies all met for <TaskInstance: my_dag.training_model_B manual__2025-08-19T16:07:04.408476+00:00 [queued]>
[2025-08-19T16:07:13.142+0000] {taskinstance.py:1165} INFO - Dependencies all met for <TaskInstance: my_dag.training_model_B manual__2025-08-19T16:07:04.408476+00:00 [queued]>
[2025-08-19T16:07:13.143+0000] {taskinstance.py:1362} INFO - 
--------------------------------------------------------------------------------
[2025-08-19T16:07:13.152+0000] {taskinstance.py:1363} INFO - Starting attempt 1 of 1
[2025-08-19T16:07:13.153+0000] {taskinstance.py:1364} INFO - 
--------------------------------------------------------------------------------
[2025-08-19T16:07:13.264+0000] {taskinstance.py:1383} INFO - Executing <Task(PythonOperator): training_model_B> on 2025-08-19 16:07:04.408476+00:00
[2025-08-19T16:07:13.286+0000] {standard_task_runner.py:55} INFO - Started process 283 to run task
[2025-08-19T16:07:13.343+0000] {standard_task_runner.py:82} INFO - Running: ['***', 'tasks', 'run', 'my_dag', 'training_model_B', 'manual__2025-08-19T16:07:04.408476+00:00', '--job-id', '26', '--raw', '--subdir', 'DAGS_FOLDER/flow.py', '--cfg-path', '/tmp/tmp4vvn0_tp']
[2025-08-19T16:07:13.352+0000] {standard_task_runner.py:83} INFO - Job 26: Subtask training_model_B
[2025-08-19T16:07:13.687+0000] {task_command.py:376} INFO - Running <TaskInstance: my_dag.training_model_B manual__2025-08-19T16:07:04.408476+00:00 [running]> on host d9bec5ca469d
[2025-08-19T16:07:14.000+0000] {taskinstance.py:1592} INFO - Exporting the following env vars:
AIRFLOW_CTX_DAG_OWNER=***
AIRFLOW_CTX_DAG_ID=my_dag
AIRFLOW_CTX_TASK_ID=training_model_B
AIRFLOW_CTX_EXECUTION_DATE=2025-08-19T16:07:04.408476+00:00
AIRFLOW_CTX_TRY_NUMBER=1
AIRFLOW_CTX_DAG_RUN_ID=manual__2025-08-19T16:07:04.408476+00:00
[2025-08-19T16:07:14.002+0000] {python.py:177} INFO - Done. Returned value was: 8
[2025-08-19T16:07:14.072+0000] {taskinstance.py:1406} INFO - Marking task as SUCCESS. dag_id=my_dag, task_id=training_model_B, execution_date=20250819T160704, start_date=20250819T160713, end_date=20250819T160714
[2025-08-19T16:07:14.168+0000] {local_task_job.py:164} INFO - Task exited with return code 0
[2025-08-19T16:07:14.350+0000] {local_task_job.py:273} INFO - 0 downstream tasks scheduled from follow-on schedule check
