[2025-09-04T05:30:48.887+0000] {taskinstance.py:1165} INFO - Dependencies all met for <TaskInstance: my_dag.choose_best_model scheduled__2025-09-03T00:00:00+00:00 [queued]>
[2025-09-04T05:30:48.902+0000] {taskinstance.py:1165} INFO - Dependencies all met for <TaskInstance: my_dag.choose_best_model scheduled__2025-09-03T00:00:00+00:00 [queued]>
[2025-09-04T05:30:48.902+0000] {taskinstance.py:1362} INFO - 
--------------------------------------------------------------------------------
[2025-09-04T05:30:48.903+0000] {taskinstance.py:1363} INFO - Starting attempt 1 of 1
[2025-09-04T05:30:48.903+0000] {taskinstance.py:1364} INFO - 
--------------------------------------------------------------------------------
[2025-09-04T05:30:48.932+0000] {taskinstance.py:1383} INFO - Executing <Task(BranchPythonOperator): choose_best_model> on 2025-09-03 00:00:00+00:00
[2025-09-04T05:30:48.941+0000] {standard_task_runner.py:55} INFO - Started process 99 to run task
[2025-09-04T05:30:48.949+0000] {standard_task_runner.py:82} INFO - Running: ['***', 'tasks', 'run', 'my_dag', 'choose_best_model', 'scheduled__2025-09-03T00:00:00+00:00', '--job-id', '189', '--raw', '--subdir', 'DAGS_FOLDER/flow.py', '--cfg-path', '/tmp/tmp6h0urh9l']
[2025-09-04T05:30:48.950+0000] {standard_task_runner.py:83} INFO - Job 189: Subtask choose_best_model
[2025-09-04T05:30:49.079+0000] {task_command.py:376} INFO - Running <TaskInstance: my_dag.choose_best_model scheduled__2025-09-03T00:00:00+00:00 [running]> on host caf234be515d
[2025-09-04T05:30:49.218+0000] {taskinstance.py:1592} INFO - Exporting the following env vars:
AIRFLOW_CTX_DAG_OWNER=***
AIRFLOW_CTX_DAG_ID=my_dag
AIRFLOW_CTX_TASK_ID=choose_best_model
AIRFLOW_CTX_EXECUTION_DATE=2025-09-03T00:00:00+00:00
AIRFLOW_CTX_TRY_NUMBER=1
AIRFLOW_CTX_DAG_RUN_ID=scheduled__2025-09-03T00:00:00+00:00
[2025-09-04T05:30:49.240+0000] {python.py:177} INFO - Done. Returned value was: accurate
[2025-09-04T05:30:49.240+0000] {skipmixin.py:155} INFO - Following branch accurate
[2025-09-04T05:30:49.241+0000] {skipmixin.py:190} INFO - Skipping tasks ['inaccurate']
[2025-09-04T05:30:49.310+0000] {taskinstance.py:1406} INFO - Marking task as SUCCESS. dag_id=my_dag, task_id=choose_best_model, execution_date=20250903T000000, start_date=20250904T053048, end_date=20250904T053049
[2025-09-04T05:30:49.362+0000] {local_task_job.py:164} INFO - Task exited with return code 0
[2025-09-04T05:30:49.413+0000] {local_task_job.py:273} INFO - 1 downstream tasks scheduled from follow-on schedule check
[2025-09-04T06:47:36.457+0000] {taskinstance.py:1165} INFO - Dependencies all met for <TaskInstance: my_dag.choose_best_model scheduled__2025-09-03T00:00:00+00:00 [queued]>
[2025-09-04T06:47:36.472+0000] {taskinstance.py:1165} INFO - Dependencies all met for <TaskInstance: my_dag.choose_best_model scheduled__2025-09-03T00:00:00+00:00 [queued]>
[2025-09-04T06:47:36.473+0000] {taskinstance.py:1362} INFO - 
--------------------------------------------------------------------------------
[2025-09-04T06:47:36.473+0000] {taskinstance.py:1363} INFO - Starting attempt 1 of 1
[2025-09-04T06:47:36.473+0000] {taskinstance.py:1364} INFO - 
--------------------------------------------------------------------------------
[2025-09-04T06:47:36.492+0000] {taskinstance.py:1383} INFO - Executing <Task(BranchPythonOperator): choose_best_model> on 2025-09-03 00:00:00+00:00
[2025-09-04T06:47:36.499+0000] {standard_task_runner.py:55} INFO - Started process 573 to run task
[2025-09-04T06:47:36.505+0000] {standard_task_runner.py:82} INFO - Running: ['***', 'tasks', 'run', 'my_dag', 'choose_best_model', 'scheduled__2025-09-03T00:00:00+00:00', '--job-id', '10', '--raw', '--subdir', 'DAGS_FOLDER/flow.py', '--cfg-path', '/tmp/tmpdp25w6gd']
[2025-09-04T06:47:36.506+0000] {standard_task_runner.py:83} INFO - Job 10: Subtask choose_best_model
[2025-09-04T06:47:36.590+0000] {task_command.py:376} INFO - Running <TaskInstance: my_dag.choose_best_model scheduled__2025-09-03T00:00:00+00:00 [running]> on host 6789badf8728
[2025-09-04T06:47:36.682+0000] {taskinstance.py:1592} INFO - Exporting the following env vars:
AIRFLOW_CTX_DAG_OWNER=***
AIRFLOW_CTX_DAG_ID=my_dag
AIRFLOW_CTX_TASK_ID=choose_best_model
AIRFLOW_CTX_EXECUTION_DATE=2025-09-03T00:00:00+00:00
AIRFLOW_CTX_TRY_NUMBER=1
AIRFLOW_CTX_DAG_RUN_ID=scheduled__2025-09-03T00:00:00+00:00
[2025-09-04T06:47:36.696+0000] {python.py:177} INFO - Done. Returned value was: inaccurate
[2025-09-04T06:47:36.696+0000] {skipmixin.py:155} INFO - Following branch inaccurate
[2025-09-04T06:47:36.697+0000] {skipmixin.py:190} INFO - Skipping tasks ['accurate']
[2025-09-04T06:47:36.767+0000] {taskinstance.py:1406} INFO - Marking task as SUCCESS. dag_id=my_dag, task_id=choose_best_model, execution_date=20250903T000000, start_date=20250904T064736, end_date=20250904T064736
[2025-09-04T06:47:36.800+0000] {local_task_job.py:164} INFO - Task exited with return code 0
[2025-09-04T06:47:36.838+0000] {local_task_job.py:273} INFO - 1 downstream tasks scheduled from follow-on schedule check
