[2025-08-20T05:48:26.897+0000] {taskinstance.py:1165} INFO - Dependencies all met for <TaskInstance: my_dag.training_model_B manual__2025-08-20T05:48:24.435631+00:00 [queued]>
[2025-08-20T05:48:26.925+0000] {taskinstance.py:1165} INFO - Dependencies all met for <TaskInstance: my_dag.training_model_B manual__2025-08-20T05:48:24.435631+00:00 [queued]>
[2025-08-20T05:48:26.925+0000] {taskinstance.py:1362} INFO - 
--------------------------------------------------------------------------------
[2025-08-20T05:48:26.925+0000] {taskinstance.py:1363} INFO - Starting attempt 1 of 1
[2025-08-20T05:48:26.925+0000] {taskinstance.py:1364} INFO - 
--------------------------------------------------------------------------------
[2025-08-20T05:48:26.956+0000] {taskinstance.py:1383} INFO - Executing <Task(PythonOperator): training_model_B> on 2025-08-20 05:48:24.435631+00:00
[2025-08-20T05:48:26.963+0000] {standard_task_runner.py:55} INFO - Started process 2411 to run task
[2025-08-20T05:48:26.969+0000] {standard_task_runner.py:82} INFO - Running: ['***', 'tasks', 'run', 'my_dag', 'training_model_B', 'manual__2025-08-20T05:48:24.435631+00:00', '--job-id', '93', '--raw', '--subdir', 'DAGS_FOLDER/flow.py', '--cfg-path', '/tmp/tmpsof6yqng']
[2025-08-20T05:48:26.970+0000] {standard_task_runner.py:83} INFO - Job 93: Subtask training_model_B
[2025-08-20T05:48:27.056+0000] {task_command.py:376} INFO - Running <TaskInstance: my_dag.training_model_B manual__2025-08-20T05:48:24.435631+00:00 [running]> on host 74a21df92820
[2025-08-20T05:48:27.165+0000] {taskinstance.py:1592} INFO - Exporting the following env vars:
AIRFLOW_CTX_DAG_OWNER=***
AIRFLOW_CTX_DAG_ID=my_dag
AIRFLOW_CTX_TASK_ID=training_model_B
AIRFLOW_CTX_EXECUTION_DATE=2025-08-20T05:48:24.435631+00:00
AIRFLOW_CTX_TRY_NUMBER=1
AIRFLOW_CTX_DAG_RUN_ID=manual__2025-08-20T05:48:24.435631+00:00
[2025-08-20T05:48:27.167+0000] {python.py:177} INFO - Done. Returned value was: 6
[2025-08-20T05:48:27.201+0000] {taskinstance.py:1406} INFO - Marking task as SUCCESS. dag_id=my_dag, task_id=training_model_B, execution_date=20250820T054824, start_date=20250820T054826, end_date=20250820T054827
[2025-08-20T05:48:27.267+0000] {local_task_job.py:164} INFO - Task exited with return code 0
[2025-08-20T05:48:27.311+0000] {local_task_job.py:273} INFO - 1 downstream tasks scheduled from follow-on schedule check
