[2025-09-04T06:47:37.404+0000] {taskinstance.py:1165} INFO - Dependencies all met for <TaskInstance: my_dag.accurate manual__2025-09-04T06:47:32.017720+00:00 [queued]>
[2025-09-04T06:47:37.425+0000] {taskinstance.py:1165} INFO - Dependencies all met for <TaskInstance: my_dag.accurate manual__2025-09-04T06:47:32.017720+00:00 [queued]>
[2025-09-04T06:47:37.426+0000] {taskinstance.py:1362} INFO - 
--------------------------------------------------------------------------------
[2025-09-04T06:47:37.426+0000] {taskinstance.py:1363} INFO - Starting attempt 1 of 1
[2025-09-04T06:47:37.426+0000] {taskinstance.py:1364} INFO - 
--------------------------------------------------------------------------------
[2025-09-04T06:47:37.448+0000] {taskinstance.py:1383} INFO - Executing <Task(BashOperator): accurate> on 2025-09-04 06:47:32.017720+00:00
[2025-09-04T06:47:37.454+0000] {standard_task_runner.py:55} INFO - Started process 578 to run task
[2025-09-04T06:47:37.459+0000] {standard_task_runner.py:82} INFO - Running: ['***', 'tasks', 'run', 'my_dag', 'accurate', 'manual__2025-09-04T06:47:32.017720+00:00', '--job-id', '12', '--raw', '--subdir', 'DAGS_FOLDER/flow.py', '--cfg-path', '/tmp/tmpum8cqr7l']
[2025-09-04T06:47:37.459+0000] {standard_task_runner.py:83} INFO - Job 12: Subtask accurate
[2025-09-04T06:47:37.530+0000] {task_command.py:376} INFO - Running <TaskInstance: my_dag.accurate manual__2025-09-04T06:47:32.017720+00:00 [running]> on host 6789badf8728
[2025-09-04T06:47:37.607+0000] {taskinstance.py:1592} INFO - Exporting the following env vars:
AIRFLOW_CTX_DAG_OWNER=***
AIRFLOW_CTX_DAG_ID=my_dag
AIRFLOW_CTX_TASK_ID=accurate
AIRFLOW_CTX_EXECUTION_DATE=2025-09-04T06:47:32.017720+00:00
AIRFLOW_CTX_TRY_NUMBER=1
AIRFLOW_CTX_DAG_RUN_ID=manual__2025-09-04T06:47:32.017720+00:00
[2025-09-04T06:47:37.614+0000] {subprocess.py:63} INFO - Tmp dir root location: 
 /tmp
[2025-09-04T06:47:37.615+0000] {subprocess.py:75} INFO - Running command: ['/bin/bash', '-c', "echo 'accurate'"]
[2025-09-04T06:47:37.629+0000] {subprocess.py:86} INFO - Output:
[2025-09-04T06:47:37.635+0000] {subprocess.py:93} INFO - accurate
[2025-09-04T06:47:37.636+0000] {subprocess.py:97} INFO - Command exited with return code 0
[2025-09-04T06:47:37.675+0000] {taskinstance.py:1406} INFO - Marking task as SUCCESS. dag_id=my_dag, task_id=accurate, execution_date=20250904T064732, start_date=20250904T064737, end_date=20250904T064737
[2025-09-04T06:47:37.711+0000] {local_task_job.py:164} INFO - Task exited with return code 0
[2025-09-04T06:47:37.751+0000] {local_task_job.py:273} INFO - 0 downstream tasks scheduled from follow-on schedule check
