[2025-09-04T05:30:45.636+0000] {taskinstance.py:1165} INFO - Dependencies all met for <TaskInstance: my_dag.training_model_C scheduled__2025-09-01T00:00:00+00:00 [queued]>
[2025-09-04T05:30:45.671+0000] {taskinstance.py:1165} INFO - Dependencies all met for <TaskInstance: my_dag.training_model_C scheduled__2025-09-01T00:00:00+00:00 [queued]>
[2025-09-04T05:30:45.672+0000] {taskinstance.py:1362} INFO - 
--------------------------------------------------------------------------------
[2025-09-04T05:30:45.672+0000] {taskinstance.py:1363} INFO - Starting attempt 1 of 1
[2025-09-04T05:30:45.672+0000] {taskinstance.py:1364} INFO - 
--------------------------------------------------------------------------------
[2025-09-04T05:30:45.725+0000] {taskinstance.py:1383} INFO - Executing <Task(PythonOperator): training_model_C> on 2025-09-01 00:00:00+00:00
[2025-09-04T05:30:45.748+0000] {standard_task_runner.py:55} INFO - Started process 92 to run task
[2025-09-04T05:30:45.781+0000] {standard_task_runner.py:82} INFO - Running: ['***', 'tasks', 'run', 'my_dag', 'training_model_C', 'scheduled__2025-09-01T00:00:00+00:00', '--job-id', '187', '--raw', '--subdir', 'DAGS_FOLDER/flow.py', '--cfg-path', '/tmp/tmp9t9lobfv']
[2025-09-04T05:30:45.782+0000] {standard_task_runner.py:83} INFO - Job 187: Subtask training_model_C
[2025-09-04T05:30:46.423+0000] {task_command.py:376} INFO - Running <TaskInstance: my_dag.training_model_C scheduled__2025-09-01T00:00:00+00:00 [running]> on host caf234be515d
[2025-09-04T05:30:46.919+0000] {taskinstance.py:1592} INFO - Exporting the following env vars:
AIRFLOW_CTX_DAG_OWNER=***
AIRFLOW_CTX_DAG_ID=my_dag
AIRFLOW_CTX_TASK_ID=training_model_C
AIRFLOW_CTX_EXECUTION_DATE=2025-09-01T00:00:00+00:00
AIRFLOW_CTX_TRY_NUMBER=1
AIRFLOW_CTX_DAG_RUN_ID=scheduled__2025-09-01T00:00:00+00:00
[2025-09-04T05:30:46.925+0000] {python.py:177} INFO - Done. Returned value was: 3
[2025-09-04T05:30:47.016+0000] {taskinstance.py:1406} INFO - Marking task as SUCCESS. dag_id=my_dag, task_id=training_model_C, execution_date=20250901T000000, start_date=20250904T053045, end_date=20250904T053047
[2025-09-04T05:30:47.098+0000] {local_task_job.py:164} INFO - Task exited with return code 0
[2025-09-04T05:30:47.262+0000] {local_task_job.py:273} INFO - 0 downstream tasks scheduled from follow-on schedule check
