[2025-08-21T09:01:23.715+0000] {taskinstance.py:1165} INFO - Dependencies all met for <TaskInstance: my_dag.training_model_B scheduled__2025-08-20T00:00:00+00:00 [queued]>
[2025-08-21T09:01:23.821+0000] {taskinstance.py:1165} INFO - Dependencies all met for <TaskInstance: my_dag.training_model_B scheduled__2025-08-20T00:00:00+00:00 [queued]>
[2025-08-21T09:01:23.822+0000] {taskinstance.py:1362} INFO - 
--------------------------------------------------------------------------------
[2025-08-21T09:01:23.823+0000] {taskinstance.py:1363} INFO - Starting attempt 1 of 1
[2025-08-21T09:01:23.823+0000] {taskinstance.py:1364} INFO - 
--------------------------------------------------------------------------------
[2025-08-21T09:01:23.965+0000] {taskinstance.py:1383} INFO - Executing <Task(PythonOperator): training_model_B> on 2025-08-20 00:00:00+00:00
[2025-08-21T09:01:24.013+0000] {standard_task_runner.py:55} INFO - Started process 87 to run task
[2025-08-21T09:01:24.024+0000] {standard_task_runner.py:82} INFO - Running: ['***', 'tasks', 'run', 'my_dag', 'training_model_B', 'scheduled__2025-08-20T00:00:00+00:00', '--job-id', '155', '--raw', '--subdir', 'DAGS_FOLDER/flow.py', '--cfg-path', '/tmp/tmpsjgtfk74']
[2025-08-21T09:01:24.025+0000] {standard_task_runner.py:83} INFO - Job 155: Subtask training_model_B
[2025-08-21T09:01:24.245+0000] {task_command.py:376} INFO - Running <TaskInstance: my_dag.training_model_B scheduled__2025-08-20T00:00:00+00:00 [running]> on host caf234be515d
[2025-08-21T09:01:24.741+0000] {taskinstance.py:1592} INFO - Exporting the following env vars:
AIRFLOW_CTX_DAG_OWNER=***
AIRFLOW_CTX_DAG_ID=my_dag
AIRFLOW_CTX_TASK_ID=training_model_B
AIRFLOW_CTX_EXECUTION_DATE=2025-08-20T00:00:00+00:00
AIRFLOW_CTX_TRY_NUMBER=1
AIRFLOW_CTX_DAG_RUN_ID=scheduled__2025-08-20T00:00:00+00:00
[2025-08-21T09:01:24.747+0000] {python.py:177} INFO - Done. Returned value was: 6
[2025-08-21T09:01:24.908+0000] {taskinstance.py:1406} INFO - Marking task as SUCCESS. dag_id=my_dag, task_id=training_model_B, execution_date=20250820T000000, start_date=20250821T090123, end_date=20250821T090124
[2025-08-21T09:01:25.103+0000] {local_task_job.py:164} INFO - Task exited with return code 0
[2025-08-21T09:01:25.303+0000] {local_task_job.py:273} INFO - 0 downstream tasks scheduled from follow-on schedule check
