[2025-09-09T06:15:28.798+0000] {taskinstance.py:1165} INFO - Dependencies all met for <TaskInstance: thirdflow.t1 manual__2025-09-09T06:15:26.231506+00:00 [queued]>
[2025-09-09T06:15:28.815+0000] {taskinstance.py:1165} INFO - Dependencies all met for <TaskInstance: thirdflow.t1 manual__2025-09-09T06:15:26.231506+00:00 [queued]>
[2025-09-09T06:15:28.815+0000] {taskinstance.py:1362} INFO - 
--------------------------------------------------------------------------------
[2025-09-09T06:15:28.815+0000] {taskinstance.py:1363} INFO - Starting attempt 1 of 1
[2025-09-09T06:15:28.816+0000] {taskinstance.py:1364} INFO - 
--------------------------------------------------------------------------------
[2025-09-09T06:15:28.835+0000] {taskinstance.py:1383} INFO - Executing <Task(BranchPythonOperator): t1> on 2025-09-09 06:15:26.231506+00:00
[2025-09-09T06:15:28.844+0000] {standard_task_runner.py:55} INFO - Started process 1650 to run task
[2025-09-09T06:15:28.849+0000] {standard_task_runner.py:82} INFO - Running: ['***', 'tasks', 'run', 'thirdflow', 't1', 'manual__2025-09-09T06:15:26.231506+00:00', '--job-id', '42', '--raw', '--subdir', 'DAGS_FOLDER/flow.py', '--cfg-path', '/tmp/tmpguuw184l']
[2025-09-09T06:15:28.858+0000] {standard_task_runner.py:83} INFO - Job 42: Subtask t1
[2025-09-09T06:15:29.952+0000] {task_command.py:376} INFO - Running <TaskInstance: thirdflow.t1 manual__2025-09-09T06:15:26.231506+00:00 [running]> on host 4397ced947f4
[2025-09-09T06:15:30.036+0000] {taskinstance.py:1592} INFO - Exporting the following env vars:
AIRFLOW_CTX_DAG_OWNER=***
AIRFLOW_CTX_DAG_ID=thirdflow
AIRFLOW_CTX_TASK_ID=t1
AIRFLOW_CTX_EXECUTION_DATE=2025-09-09T06:15:26.231506+00:00
AIRFLOW_CTX_TRY_NUMBER=1
AIRFLOW_CTX_DAG_RUN_ID=manual__2025-09-09T06:15:26.231506+00:00
[2025-09-09T06:15:30.037+0000] {logging_mixin.py:120} INFO - Checking: /home/jay/login-signup/***_project/uploads/jay.csv
[2025-09-09T06:15:30.039+0000] {logging_mixin.py:120} INFO - Exists? False
[2025-09-09T06:15:30.039+0000] {logging_mixin.py:120} INFO - CSV file not found.
[2025-09-09T06:15:30.039+0000] {logging_mixin.py:120} INFO - Fetched path: None, None
[2025-09-09T06:15:30.039+0000] {logging_mixin.py:120} INFO - [WARNING] File not found at: None
[2025-09-09T06:15:30.039+0000] {python.py:177} INFO - Done. Returned value was: skip
[2025-09-09T06:15:30.039+0000] {skipmixin.py:155} INFO - Following branch skip
[2025-09-09T06:15:30.039+0000] {skipmixin.py:190} INFO - Skipping tasks ['t2']
[2025-09-09T06:15:30.093+0000] {taskinstance.py:1406} INFO - Marking task as SUCCESS. dag_id=thirdflow, task_id=t1, execution_date=20250909T061526, start_date=20250909T061528, end_date=20250909T061530
[2025-09-09T06:15:30.124+0000] {local_task_job.py:164} INFO - Task exited with return code 0
[2025-09-09T06:15:30.348+0000] {local_task_job.py:273} INFO - 1 downstream tasks scheduled from follow-on schedule check
