[2025-08-19T16:07:16.466+0000] {taskinstance.py:1165} INFO - Dependencies all met for <TaskInstance: my_dag.training_model_A manual__2025-08-19T16:07:04.408476+00:00 [queued]>
[2025-08-19T16:07:16.512+0000] {taskinstance.py:1165} INFO - Dependencies all met for <TaskInstance: my_dag.training_model_A manual__2025-08-19T16:07:04.408476+00:00 [queued]>
[2025-08-19T16:07:16.512+0000] {taskinstance.py:1362} INFO - 
--------------------------------------------------------------------------------
[2025-08-19T16:07:16.513+0000] {taskinstance.py:1363} INFO - Starting attempt 1 of 1
[2025-08-19T16:07:16.513+0000] {taskinstance.py:1364} INFO - 
--------------------------------------------------------------------------------
[2025-08-19T16:07:16.568+0000] {taskinstance.py:1383} INFO - Executing <Task(PythonOperator): training_model_A> on 2025-08-19 16:07:04.408476+00:00
[2025-08-19T16:07:16.580+0000] {standard_task_runner.py:55} INFO - Started process 291 to run task
[2025-08-19T16:07:16.589+0000] {standard_task_runner.py:82} INFO - Running: ['***', 'tasks', 'run', 'my_dag', 'training_model_A', 'manual__2025-08-19T16:07:04.408476+00:00', '--job-id', '31', '--raw', '--subdir', 'DAGS_FOLDER/flow.py', '--cfg-path', '/tmp/tmpr6lwdf0q']
[2025-08-19T16:07:16.590+0000] {standard_task_runner.py:83} INFO - Job 31: Subtask training_model_A
[2025-08-19T16:07:16.736+0000] {task_command.py:376} INFO - Running <TaskInstance: my_dag.training_model_A manual__2025-08-19T16:07:04.408476+00:00 [running]> on host d9bec5ca469d
[2025-08-19T16:07:16.913+0000] {taskinstance.py:1592} INFO - Exporting the following env vars:
AIRFLOW_CTX_DAG_OWNER=***
AIRFLOW_CTX_DAG_ID=my_dag
AIRFLOW_CTX_TASK_ID=training_model_A
AIRFLOW_CTX_EXECUTION_DATE=2025-08-19T16:07:04.408476+00:00
AIRFLOW_CTX_TRY_NUMBER=1
AIRFLOW_CTX_DAG_RUN_ID=manual__2025-08-19T16:07:04.408476+00:00
[2025-08-19T16:07:16.914+0000] {python.py:177} INFO - Done. Returned value was: 6
[2025-08-19T16:07:16.968+0000] {taskinstance.py:1406} INFO - Marking task as SUCCESS. dag_id=my_dag, task_id=training_model_A, execution_date=20250819T160704, start_date=20250819T160716, end_date=20250819T160716
[2025-08-19T16:07:17.018+0000] {local_task_job.py:164} INFO - Task exited with return code 0
[2025-08-19T16:07:17.079+0000] {local_task_job.py:273} INFO - 0 downstream tasks scheduled from follow-on schedule check
