[2025-09-15T05:54:36.263+0000] {taskinstance.py:1083} INFO - Dependencies all met for <TaskInstance: my_dag.print_hello scheduled__2025-09-14T00:00:00+00:00 [queued]>
[2025-09-15T05:54:36.280+0000] {taskinstance.py:1083} INFO - Dependencies all met for <TaskInstance: my_dag.print_hello scheduled__2025-09-14T00:00:00+00:00 [queued]>
[2025-09-15T05:54:36.280+0000] {taskinstance.py:1279} INFO - 
--------------------------------------------------------------------------------
[2025-09-15T05:54:36.280+0000] {taskinstance.py:1280} INFO - Starting attempt 1 of 1
[2025-09-15T05:54:36.280+0000] {taskinstance.py:1281} INFO - 
--------------------------------------------------------------------------------
[2025-09-15T05:54:36.303+0000] {taskinstance.py:1300} INFO - Executing <Task(PythonOperator): print_hello> on 2025-09-14 00:00:00+00:00
[2025-09-15T05:54:36.312+0000] {standard_task_runner.py:55} INFO - Started process 377 to run task
[2025-09-15T05:54:36.319+0000] {standard_task_runner.py:82} INFO - Running: ['***', 'tasks', 'run', 'my_dag', 'print_hello', 'scheduled__2025-09-14T00:00:00+00:00', '--job-id', '39', '--raw', '--subdir', 'DAGS_FOLDER/flow.py', '--cfg-path', '/tmp/tmpm19drqx5']
[2025-09-15T05:54:36.320+0000] {standard_task_runner.py:83} INFO - Job 39: Subtask print_hello
[2025-09-15T05:54:36.521+0000] {task_command.py:388} INFO - Running <TaskInstance: my_dag.print_hello scheduled__2025-09-14T00:00:00+00:00 [running]> on host 8357dedff322
[2025-09-15T05:54:36.682+0000] {taskinstance.py:1509} INFO - Exporting the following env vars:
AIRFLOW_CTX_DAG_OWNER=***
AIRFLOW_CTX_DAG_ID=my_dag
AIRFLOW_CTX_TASK_ID=print_hello
AIRFLOW_CTX_EXECUTION_DATE=2025-09-14T00:00:00+00:00
AIRFLOW_CTX_TRY_NUMBER=1
AIRFLOW_CTX_DAG_RUN_ID=scheduled__2025-09-14T00:00:00+00:00
[2025-09-15T05:54:36.689+0000] {logging_mixin.py:137} INFO - hello world
[2025-09-15T05:54:36.689+0000] {python.py:177} INFO - Done. Returned value was: None
[2025-09-15T05:54:36.722+0000] {taskinstance.py:1323} INFO - Marking task as SUCCESS. dag_id=my_dag, task_id=print_hello, execution_date=20250914T000000, start_date=20250915T055436, end_date=20250915T055436
[2025-09-15T05:54:36.777+0000] {local_task_job.py:208} INFO - Task exited with return code 0
[2025-09-15T05:54:36.815+0000] {taskinstance.py:2578} INFO - 0 downstream tasks scheduled from follow-on schedule check
