[2025-08-20T05:00:00.367+0000] {taskinstance.py:1165} INFO - Dependencies all met for <TaskInstance: my_dag.choose_best_model scheduled__2025-08-19T00:00:00+00:00 [queued]>
[2025-08-20T05:00:00.383+0000] {taskinstance.py:1165} INFO - Dependencies all met for <TaskInstance: my_dag.choose_best_model scheduled__2025-08-19T00:00:00+00:00 [queued]>
[2025-08-20T05:00:00.383+0000] {taskinstance.py:1362} INFO - 
--------------------------------------------------------------------------------
[2025-08-20T05:00:00.383+0000] {taskinstance.py:1363} INFO - Starting attempt 1 of 1
[2025-08-20T05:00:00.383+0000] {taskinstance.py:1364} INFO - 
--------------------------------------------------------------------------------
[2025-08-20T05:00:00.402+0000] {taskinstance.py:1383} INFO - Executing <Task(BranchPythonOperator): choose_best_model> on 2025-08-19 00:00:00+00:00
[2025-08-20T05:00:00.411+0000] {standard_task_runner.py:55} INFO - Started process 101 to run task
[2025-08-20T05:00:00.416+0000] {standard_task_runner.py:82} INFO - Running: ['***', 'tasks', 'run', 'my_dag', 'choose_best_model', 'scheduled__2025-08-19T00:00:00+00:00', '--job-id', '83', '--raw', '--subdir', 'DAGS_FOLDER/flow.py', '--cfg-path', '/tmp/tmpa18nnql6']
[2025-08-20T05:00:00.417+0000] {standard_task_runner.py:83} INFO - Job 83: Subtask choose_best_model
[2025-08-20T05:00:00.557+0000] {task_command.py:376} INFO - Running <TaskInstance: my_dag.choose_best_model scheduled__2025-08-19T00:00:00+00:00 [running]> on host 74a21df92820
[2025-08-20T05:00:00.763+0000] {taskinstance.py:1592} INFO - Exporting the following env vars:
AIRFLOW_CTX_DAG_OWNER=***
AIRFLOW_CTX_DAG_ID=my_dag
AIRFLOW_CTX_TASK_ID=choose_best_model
AIRFLOW_CTX_EXECUTION_DATE=2025-08-19T00:00:00+00:00
AIRFLOW_CTX_TRY_NUMBER=1
AIRFLOW_CTX_DAG_RUN_ID=scheduled__2025-08-19T00:00:00+00:00
[2025-08-20T05:00:00.797+0000] {python.py:177} INFO - Done. Returned value was: inaccurate
[2025-08-20T05:00:00.798+0000] {skipmixin.py:155} INFO - Following branch inaccurate
[2025-08-20T05:00:00.799+0000] {skipmixin.py:190} INFO - Skipping tasks ['accurate']
[2025-08-20T05:00:00.889+0000] {taskinstance.py:1406} INFO - Marking task as SUCCESS. dag_id=my_dag, task_id=choose_best_model, execution_date=20250819T000000, start_date=20250820T050000, end_date=20250820T050000
[2025-08-20T05:00:00.956+0000] {local_task_job.py:164} INFO - Task exited with return code 0
[2025-08-20T05:00:01.044+0000] {local_task_job.py:273} INFO - 1 downstream tasks scheduled from follow-on schedule check
