[2025-09-04T05:30:48.857+0000] {taskinstance.py:1165} INFO - Dependencies all met for <TaskInstance: my_dag.choose_best_model scheduled__2025-09-01T00:00:00+00:00 [queued]>
[2025-09-04T05:30:48.881+0000] {taskinstance.py:1165} INFO - Dependencies all met for <TaskInstance: my_dag.choose_best_model scheduled__2025-09-01T00:00:00+00:00 [queued]>
[2025-09-04T05:30:48.881+0000] {taskinstance.py:1362} INFO - 
--------------------------------------------------------------------------------
[2025-09-04T05:30:48.882+0000] {taskinstance.py:1363} INFO - Starting attempt 1 of 1
[2025-09-04T05:30:48.882+0000] {taskinstance.py:1364} INFO - 
--------------------------------------------------------------------------------
[2025-09-04T05:30:48.902+0000] {taskinstance.py:1383} INFO - Executing <Task(BranchPythonOperator): choose_best_model> on 2025-09-01 00:00:00+00:00
[2025-09-04T05:30:48.914+0000] {standard_task_runner.py:55} INFO - Started process 98 to run task
[2025-09-04T05:30:48.922+0000] {standard_task_runner.py:82} INFO - Running: ['***', 'tasks', 'run', 'my_dag', 'choose_best_model', 'scheduled__2025-09-01T00:00:00+00:00', '--job-id', '188', '--raw', '--subdir', 'DAGS_FOLDER/flow.py', '--cfg-path', '/tmp/tmp_4erugai']
[2025-09-04T05:30:48.923+0000] {standard_task_runner.py:83} INFO - Job 188: Subtask choose_best_model
[2025-09-04T05:30:49.049+0000] {task_command.py:376} INFO - Running <TaskInstance: my_dag.choose_best_model scheduled__2025-09-01T00:00:00+00:00 [running]> on host caf234be515d
[2025-09-04T05:30:49.193+0000] {taskinstance.py:1592} INFO - Exporting the following env vars:
AIRFLOW_CTX_DAG_OWNER=***
AIRFLOW_CTX_DAG_ID=my_dag
AIRFLOW_CTX_TASK_ID=choose_best_model
AIRFLOW_CTX_EXECUTION_DATE=2025-09-01T00:00:00+00:00
AIRFLOW_CTX_TRY_NUMBER=1
AIRFLOW_CTX_DAG_RUN_ID=scheduled__2025-09-01T00:00:00+00:00
[2025-09-04T05:30:49.214+0000] {python.py:177} INFO - Done. Returned value was: inaccurate
[2025-09-04T05:30:49.214+0000] {skipmixin.py:155} INFO - Following branch inaccurate
[2025-09-04T05:30:49.215+0000] {skipmixin.py:190} INFO - Skipping tasks ['accurate']
[2025-09-04T05:30:49.289+0000] {taskinstance.py:1406} INFO - Marking task as SUCCESS. dag_id=my_dag, task_id=choose_best_model, execution_date=20250901T000000, start_date=20250904T053048, end_date=20250904T053049
[2025-09-04T05:30:49.333+0000] {local_task_job.py:164} INFO - Task exited with return code 0
[2025-09-04T05:30:49.377+0000] {local_task_job.py:273} INFO - 1 downstream tasks scheduled from follow-on schedule check
