[2025-09-01T05:03:11.508+0000] {processor.py:154} INFO - Started process (PID=98) to work on /home/airflow/.local/lib/python3.7/site-packages/airflow/example_dags/example_time_delta_sensor_async.py
[2025-09-01T05:03:11.510+0000] {processor.py:756} INFO - Processing file /home/airflow/.local/lib/python3.7/site-packages/airflow/example_dags/example_time_delta_sensor_async.py for tasks to queue
[2025-09-01T05:03:11.511+0000] {logging_mixin.py:120} INFO - [2025-09-01T05:03:11.511+0000] {dagbag.py:537} INFO - Filling up the DagBag from /home/airflow/.local/lib/python3.7/site-packages/airflow/example_dags/example_time_delta_sensor_async.py
[2025-09-01T05:03:11.537+0000] {processor.py:766} INFO - DAG(s) dict_keys(['example_time_delta_sensor_async']) retrieved from /home/airflow/.local/lib/python3.7/site-packages/airflow/example_dags/example_time_delta_sensor_async.py
[2025-09-01T05:03:11.971+0000] {logging_mixin.py:120} INFO - [2025-09-01T05:03:11.971+0000] {dag.py:2585} INFO - Sync 1 DAGs
[2025-09-01T05:03:12.039+0000] {logging_mixin.py:120} INFO - [2025-09-01T05:03:12.039+0000] {dag.py:3340} INFO - Setting next_dagrun for example_time_delta_sensor_async to None, run_after=None
[2025-09-01T05:03:12.110+0000] {processor.py:176} INFO - Processing /home/airflow/.local/lib/python3.7/site-packages/airflow/example_dags/example_time_delta_sensor_async.py took 0.607 seconds
[2025-09-01T05:03:42.258+0000] {processor.py:154} INFO - Started process (PID=175) to work on /home/airflow/.local/lib/python3.7/site-packages/airflow/example_dags/example_time_delta_sensor_async.py
[2025-09-01T05:03:42.260+0000] {processor.py:756} INFO - Processing file /home/airflow/.local/lib/python3.7/site-packages/airflow/example_dags/example_time_delta_sensor_async.py for tasks to queue
[2025-09-01T05:03:42.261+0000] {logging_mixin.py:120} INFO - [2025-09-01T05:03:42.261+0000] {dagbag.py:537} INFO - Filling up the DagBag from /home/airflow/.local/lib/python3.7/site-packages/airflow/example_dags/example_time_delta_sensor_async.py
[2025-09-01T05:03:42.277+0000] {processor.py:766} INFO - DAG(s) dict_keys(['example_time_delta_sensor_async']) retrieved from /home/airflow/.local/lib/python3.7/site-packages/airflow/example_dags/example_time_delta_sensor_async.py
[2025-09-01T05:03:42.508+0000] {logging_mixin.py:120} INFO - [2025-09-01T05:03:42.508+0000] {dag.py:2585} INFO - Sync 1 DAGs
[2025-09-01T05:03:42.540+0000] {logging_mixin.py:120} INFO - [2025-09-01T05:03:42.540+0000] {dag.py:3340} INFO - Setting next_dagrun for example_time_delta_sensor_async to None, run_after=None
[2025-09-01T05:03:42.563+0000] {processor.py:176} INFO - Processing /home/airflow/.local/lib/python3.7/site-packages/airflow/example_dags/example_time_delta_sensor_async.py took 0.308 seconds
[2025-09-01T05:04:16.955+0000] {processor.py:154} INFO - Started process (PID=243) to work on /home/airflow/.local/lib/python3.7/site-packages/airflow/example_dags/example_time_delta_sensor_async.py
[2025-09-01T05:04:16.957+0000] {processor.py:756} INFO - Processing file /home/airflow/.local/lib/python3.7/site-packages/airflow/example_dags/example_time_delta_sensor_async.py for tasks to queue
[2025-09-01T05:04:16.957+0000] {logging_mixin.py:120} INFO - [2025-09-01T05:04:16.957+0000] {dagbag.py:537} INFO - Filling up the DagBag from /home/airflow/.local/lib/python3.7/site-packages/airflow/example_dags/example_time_delta_sensor_async.py
[2025-09-01T05:04:16.979+0000] {processor.py:766} INFO - DAG(s) dict_keys(['example_time_delta_sensor_async']) retrieved from /home/airflow/.local/lib/python3.7/site-packages/airflow/example_dags/example_time_delta_sensor_async.py
[2025-09-01T05:04:17.384+0000] {logging_mixin.py:120} INFO - [2025-09-01T05:04:17.384+0000] {dag.py:2585} INFO - Sync 1 DAGs
[2025-09-01T05:04:17.430+0000] {logging_mixin.py:120} INFO - [2025-09-01T05:04:17.429+0000] {dag.py:3340} INFO - Setting next_dagrun for example_time_delta_sensor_async to None, run_after=None
[2025-09-01T05:04:17.476+0000] {processor.py:176} INFO - Processing /home/airflow/.local/lib/python3.7/site-packages/airflow/example_dags/example_time_delta_sensor_async.py took 0.526 seconds
[2025-09-01T05:04:48.333+0000] {processor.py:154} INFO - Started process (PID=302) to work on /home/airflow/.local/lib/python3.7/site-packages/airflow/example_dags/example_time_delta_sensor_async.py
[2025-09-01T05:04:48.335+0000] {processor.py:756} INFO - Processing file /home/airflow/.local/lib/python3.7/site-packages/airflow/example_dags/example_time_delta_sensor_async.py for tasks to queue
[2025-09-01T05:04:48.335+0000] {logging_mixin.py:120} INFO - [2025-09-01T05:04:48.335+0000] {dagbag.py:537} INFO - Filling up the DagBag from /home/airflow/.local/lib/python3.7/site-packages/airflow/example_dags/example_time_delta_sensor_async.py
[2025-09-01T05:04:48.347+0000] {processor.py:766} INFO - DAG(s) dict_keys(['example_time_delta_sensor_async']) retrieved from /home/airflow/.local/lib/python3.7/site-packages/airflow/example_dags/example_time_delta_sensor_async.py
[2025-09-01T05:04:48.490+0000] {logging_mixin.py:120} INFO - [2025-09-01T05:04:48.490+0000] {dag.py:2585} INFO - Sync 1 DAGs
[2025-09-01T05:04:48.512+0000] {logging_mixin.py:120} INFO - [2025-09-01T05:04:48.512+0000] {dag.py:3340} INFO - Setting next_dagrun for example_time_delta_sensor_async to None, run_after=None
[2025-09-01T05:04:48.530+0000] {processor.py:176} INFO - Processing /home/airflow/.local/lib/python3.7/site-packages/airflow/example_dags/example_time_delta_sensor_async.py took 0.201 seconds
[2025-09-01T05:05:18.683+0000] {processor.py:154} INFO - Started process (PID=370) to work on /home/airflow/.local/lib/python3.7/site-packages/airflow/example_dags/example_time_delta_sensor_async.py
[2025-09-01T05:05:18.684+0000] {processor.py:756} INFO - Processing file /home/airflow/.local/lib/python3.7/site-packages/airflow/example_dags/example_time_delta_sensor_async.py for tasks to queue
[2025-09-01T05:05:18.685+0000] {logging_mixin.py:120} INFO - [2025-09-01T05:05:18.685+0000] {dagbag.py:537} INFO - Filling up the DagBag from /home/airflow/.local/lib/python3.7/site-packages/airflow/example_dags/example_time_delta_sensor_async.py
[2025-09-01T05:05:18.699+0000] {processor.py:766} INFO - DAG(s) dict_keys(['example_time_delta_sensor_async']) retrieved from /home/airflow/.local/lib/python3.7/site-packages/airflow/example_dags/example_time_delta_sensor_async.py
[2025-09-01T05:05:18.850+0000] {logging_mixin.py:120} INFO - [2025-09-01T05:05:18.850+0000] {dag.py:2585} INFO - Sync 1 DAGs
[2025-09-01T05:05:18.874+0000] {logging_mixin.py:120} INFO - [2025-09-01T05:05:18.874+0000] {dag.py:3340} INFO - Setting next_dagrun for example_time_delta_sensor_async to None, run_after=None
[2025-09-01T05:05:18.891+0000] {processor.py:176} INFO - Processing /home/airflow/.local/lib/python3.7/site-packages/airflow/example_dags/example_time_delta_sensor_async.py took 0.212 seconds
[2025-09-01T05:05:49.270+0000] {processor.py:154} INFO - Started process (PID=439) to work on /home/airflow/.local/lib/python3.7/site-packages/airflow/example_dags/example_time_delta_sensor_async.py
[2025-09-01T05:05:49.278+0000] {processor.py:756} INFO - Processing file /home/airflow/.local/lib/python3.7/site-packages/airflow/example_dags/example_time_delta_sensor_async.py for tasks to queue
[2025-09-01T05:05:49.278+0000] {logging_mixin.py:120} INFO - [2025-09-01T05:05:49.278+0000] {dagbag.py:537} INFO - Filling up the DagBag from /home/airflow/.local/lib/python3.7/site-packages/airflow/example_dags/example_time_delta_sensor_async.py
[2025-09-01T05:05:49.289+0000] {processor.py:766} INFO - DAG(s) dict_keys(['example_time_delta_sensor_async']) retrieved from /home/airflow/.local/lib/python3.7/site-packages/airflow/example_dags/example_time_delta_sensor_async.py
[2025-09-01T05:05:49.451+0000] {logging_mixin.py:120} INFO - [2025-09-01T05:05:49.451+0000] {dag.py:2585} INFO - Sync 1 DAGs
[2025-09-01T05:05:49.474+0000] {logging_mixin.py:120} INFO - [2025-09-01T05:05:49.473+0000] {dag.py:3340} INFO - Setting next_dagrun for example_time_delta_sensor_async to None, run_after=None
[2025-09-01T05:05:49.490+0000] {processor.py:176} INFO - Processing /home/airflow/.local/lib/python3.7/site-packages/airflow/example_dags/example_time_delta_sensor_async.py took 0.223 seconds
[2025-09-01T05:06:20.111+0000] {processor.py:154} INFO - Started process (PID=507) to work on /home/airflow/.local/lib/python3.7/site-packages/airflow/example_dags/example_time_delta_sensor_async.py
[2025-09-01T05:06:20.112+0000] {processor.py:756} INFO - Processing file /home/airflow/.local/lib/python3.7/site-packages/airflow/example_dags/example_time_delta_sensor_async.py for tasks to queue
[2025-09-01T05:06:20.113+0000] {logging_mixin.py:120} INFO - [2025-09-01T05:06:20.113+0000] {dagbag.py:537} INFO - Filling up the DagBag from /home/airflow/.local/lib/python3.7/site-packages/airflow/example_dags/example_time_delta_sensor_async.py
[2025-09-01T05:06:20.130+0000] {processor.py:766} INFO - DAG(s) dict_keys(['example_time_delta_sensor_async']) retrieved from /home/airflow/.local/lib/python3.7/site-packages/airflow/example_dags/example_time_delta_sensor_async.py
[2025-09-01T05:06:20.379+0000] {logging_mixin.py:120} INFO - [2025-09-01T05:06:20.379+0000] {dag.py:2585} INFO - Sync 1 DAGs
[2025-09-01T05:06:20.415+0000] {logging_mixin.py:120} INFO - [2025-09-01T05:06:20.415+0000] {dag.py:3340} INFO - Setting next_dagrun for example_time_delta_sensor_async to None, run_after=None
[2025-09-01T05:06:20.436+0000] {processor.py:176} INFO - Processing /home/airflow/.local/lib/python3.7/site-packages/airflow/example_dags/example_time_delta_sensor_async.py took 0.329 seconds
[2025-09-01T05:06:51.751+0000] {processor.py:154} INFO - Started process (PID=565) to work on /home/airflow/.local/lib/python3.7/site-packages/airflow/example_dags/example_time_delta_sensor_async.py
[2025-09-01T05:06:51.752+0000] {processor.py:756} INFO - Processing file /home/airflow/.local/lib/python3.7/site-packages/airflow/example_dags/example_time_delta_sensor_async.py for tasks to queue
[2025-09-01T05:06:51.753+0000] {logging_mixin.py:120} INFO - [2025-09-01T05:06:51.753+0000] {dagbag.py:537} INFO - Filling up the DagBag from /home/airflow/.local/lib/python3.7/site-packages/airflow/example_dags/example_time_delta_sensor_async.py
[2025-09-01T05:06:51.778+0000] {processor.py:766} INFO - DAG(s) dict_keys(['example_time_delta_sensor_async']) retrieved from /home/airflow/.local/lib/python3.7/site-packages/airflow/example_dags/example_time_delta_sensor_async.py
[2025-09-01T05:06:52.037+0000] {logging_mixin.py:120} INFO - [2025-09-01T05:06:52.036+0000] {dag.py:2585} INFO - Sync 1 DAGs
[2025-09-01T05:06:52.066+0000] {logging_mixin.py:120} INFO - [2025-09-01T05:06:52.066+0000] {dag.py:3340} INFO - Setting next_dagrun for example_time_delta_sensor_async to None, run_after=None
[2025-09-01T05:06:52.089+0000] {processor.py:176} INFO - Processing /home/airflow/.local/lib/python3.7/site-packages/airflow/example_dags/example_time_delta_sensor_async.py took 0.344 seconds
[2025-09-01T05:07:23.346+0000] {processor.py:154} INFO - Started process (PID=633) to work on /home/airflow/.local/lib/python3.7/site-packages/airflow/example_dags/example_time_delta_sensor_async.py
[2025-09-01T05:07:23.348+0000] {processor.py:756} INFO - Processing file /home/airflow/.local/lib/python3.7/site-packages/airflow/example_dags/example_time_delta_sensor_async.py for tasks to queue
[2025-09-01T05:07:23.349+0000] {logging_mixin.py:120} INFO - [2025-09-01T05:07:23.349+0000] {dagbag.py:537} INFO - Filling up the DagBag from /home/airflow/.local/lib/python3.7/site-packages/airflow/example_dags/example_time_delta_sensor_async.py
[2025-09-01T05:07:23.373+0000] {processor.py:766} INFO - DAG(s) dict_keys(['example_time_delta_sensor_async']) retrieved from /home/airflow/.local/lib/python3.7/site-packages/airflow/example_dags/example_time_delta_sensor_async.py
[2025-09-01T05:07:23.610+0000] {logging_mixin.py:120} INFO - [2025-09-01T05:07:23.610+0000] {dag.py:2585} INFO - Sync 1 DAGs
[2025-09-01T05:07:23.641+0000] {logging_mixin.py:120} INFO - [2025-09-01T05:07:23.641+0000] {dag.py:3340} INFO - Setting next_dagrun for example_time_delta_sensor_async to None, run_after=None
[2025-09-01T05:07:23.668+0000] {processor.py:176} INFO - Processing /home/airflow/.local/lib/python3.7/site-packages/airflow/example_dags/example_time_delta_sensor_async.py took 0.325 seconds
[2025-09-01T05:07:54.576+0000] {processor.py:154} INFO - Started process (PID=699) to work on /home/airflow/.local/lib/python3.7/site-packages/airflow/example_dags/example_time_delta_sensor_async.py
[2025-09-01T05:07:54.577+0000] {processor.py:756} INFO - Processing file /home/airflow/.local/lib/python3.7/site-packages/airflow/example_dags/example_time_delta_sensor_async.py for tasks to queue
[2025-09-01T05:07:54.578+0000] {logging_mixin.py:120} INFO - [2025-09-01T05:07:54.578+0000] {dagbag.py:537} INFO - Filling up the DagBag from /home/airflow/.local/lib/python3.7/site-packages/airflow/example_dags/example_time_delta_sensor_async.py
[2025-09-01T05:07:54.593+0000] {processor.py:766} INFO - DAG(s) dict_keys(['example_time_delta_sensor_async']) retrieved from /home/airflow/.local/lib/python3.7/site-packages/airflow/example_dags/example_time_delta_sensor_async.py
[2025-09-01T05:07:54.804+0000] {logging_mixin.py:120} INFO - [2025-09-01T05:07:54.803+0000] {dag.py:2585} INFO - Sync 1 DAGs
[2025-09-01T05:07:54.832+0000] {logging_mixin.py:120} INFO - [2025-09-01T05:07:54.832+0000] {dag.py:3340} INFO - Setting next_dagrun for example_time_delta_sensor_async to None, run_after=None
[2025-09-01T05:07:54.866+0000] {processor.py:176} INFO - Processing /home/airflow/.local/lib/python3.7/site-packages/airflow/example_dags/example_time_delta_sensor_async.py took 0.295 seconds
[2025-09-01T05:08:26.237+0000] {processor.py:154} INFO - Started process (PID=758) to work on /home/airflow/.local/lib/python3.7/site-packages/airflow/example_dags/example_time_delta_sensor_async.py
[2025-09-01T05:08:26.238+0000] {processor.py:756} INFO - Processing file /home/airflow/.local/lib/python3.7/site-packages/airflow/example_dags/example_time_delta_sensor_async.py for tasks to queue
[2025-09-01T05:08:26.239+0000] {logging_mixin.py:120} INFO - [2025-09-01T05:08:26.239+0000] {dagbag.py:537} INFO - Filling up the DagBag from /home/airflow/.local/lib/python3.7/site-packages/airflow/example_dags/example_time_delta_sensor_async.py
[2025-09-01T05:08:26.257+0000] {processor.py:766} INFO - DAG(s) dict_keys(['example_time_delta_sensor_async']) retrieved from /home/airflow/.local/lib/python3.7/site-packages/airflow/example_dags/example_time_delta_sensor_async.py
[2025-09-01T05:08:26.575+0000] {logging_mixin.py:120} INFO - [2025-09-01T05:08:26.574+0000] {dag.py:2585} INFO - Sync 1 DAGs
[2025-09-01T05:08:26.614+0000] {logging_mixin.py:120} INFO - [2025-09-01T05:08:26.613+0000] {dag.py:3340} INFO - Setting next_dagrun for example_time_delta_sensor_async to None, run_after=None
[2025-09-01T05:08:26.648+0000] {processor.py:176} INFO - Processing /home/airflow/.local/lib/python3.7/site-packages/airflow/example_dags/example_time_delta_sensor_async.py took 0.416 seconds
[2025-09-01T05:08:56.981+0000] {processor.py:154} INFO - Started process (PID=825) to work on /home/airflow/.local/lib/python3.7/site-packages/airflow/example_dags/example_time_delta_sensor_async.py
[2025-09-01T05:08:56.983+0000] {processor.py:756} INFO - Processing file /home/airflow/.local/lib/python3.7/site-packages/airflow/example_dags/example_time_delta_sensor_async.py for tasks to queue
[2025-09-01T05:08:56.984+0000] {logging_mixin.py:120} INFO - [2025-09-01T05:08:56.984+0000] {dagbag.py:537} INFO - Filling up the DagBag from /home/airflow/.local/lib/python3.7/site-packages/airflow/example_dags/example_time_delta_sensor_async.py
[2025-09-01T05:08:57.000+0000] {processor.py:766} INFO - DAG(s) dict_keys(['example_time_delta_sensor_async']) retrieved from /home/airflow/.local/lib/python3.7/site-packages/airflow/example_dags/example_time_delta_sensor_async.py
[2025-09-01T05:08:57.229+0000] {logging_mixin.py:120} INFO - [2025-09-01T05:08:57.228+0000] {dag.py:2585} INFO - Sync 1 DAGs
[2025-09-01T05:08:57.272+0000] {logging_mixin.py:120} INFO - [2025-09-01T05:08:57.272+0000] {dag.py:3340} INFO - Setting next_dagrun for example_time_delta_sensor_async to None, run_after=None
[2025-09-01T05:08:57.310+0000] {processor.py:176} INFO - Processing /home/airflow/.local/lib/python3.7/site-packages/airflow/example_dags/example_time_delta_sensor_async.py took 0.333 seconds
[2025-09-01T05:09:28.211+0000] {processor.py:154} INFO - Started process (PID=893) to work on /home/airflow/.local/lib/python3.7/site-packages/airflow/example_dags/example_time_delta_sensor_async.py
[2025-09-01T05:09:28.214+0000] {processor.py:756} INFO - Processing file /home/airflow/.local/lib/python3.7/site-packages/airflow/example_dags/example_time_delta_sensor_async.py for tasks to queue
[2025-09-01T05:09:28.215+0000] {logging_mixin.py:120} INFO - [2025-09-01T05:09:28.214+0000] {dagbag.py:537} INFO - Filling up the DagBag from /home/airflow/.local/lib/python3.7/site-packages/airflow/example_dags/example_time_delta_sensor_async.py
[2025-09-01T05:09:28.233+0000] {processor.py:766} INFO - DAG(s) dict_keys(['example_time_delta_sensor_async']) retrieved from /home/airflow/.local/lib/python3.7/site-packages/airflow/example_dags/example_time_delta_sensor_async.py
[2025-09-01T05:09:28.482+0000] {logging_mixin.py:120} INFO - [2025-09-01T05:09:28.482+0000] {dag.py:2585} INFO - Sync 1 DAGs
[2025-09-01T05:09:28.517+0000] {logging_mixin.py:120} INFO - [2025-09-01T05:09:28.517+0000] {dag.py:3340} INFO - Setting next_dagrun for example_time_delta_sensor_async to None, run_after=None
[2025-09-01T05:09:28.545+0000] {processor.py:176} INFO - Processing /home/airflow/.local/lib/python3.7/site-packages/airflow/example_dags/example_time_delta_sensor_async.py took 0.339 seconds
[2025-09-01T05:09:59.143+0000] {processor.py:154} INFO - Started process (PID=952) to work on /home/airflow/.local/lib/python3.7/site-packages/airflow/example_dags/example_time_delta_sensor_async.py
[2025-09-01T05:09:59.145+0000] {processor.py:756} INFO - Processing file /home/airflow/.local/lib/python3.7/site-packages/airflow/example_dags/example_time_delta_sensor_async.py for tasks to queue
[2025-09-01T05:09:59.146+0000] {logging_mixin.py:120} INFO - [2025-09-01T05:09:59.145+0000] {dagbag.py:537} INFO - Filling up the DagBag from /home/airflow/.local/lib/python3.7/site-packages/airflow/example_dags/example_time_delta_sensor_async.py
[2025-09-01T05:09:59.161+0000] {processor.py:766} INFO - DAG(s) dict_keys(['example_time_delta_sensor_async']) retrieved from /home/airflow/.local/lib/python3.7/site-packages/airflow/example_dags/example_time_delta_sensor_async.py
[2025-09-01T05:09:59.370+0000] {logging_mixin.py:120} INFO - [2025-09-01T05:09:59.369+0000] {dag.py:2585} INFO - Sync 1 DAGs
[2025-09-01T05:09:59.398+0000] {logging_mixin.py:120} INFO - [2025-09-01T05:09:59.398+0000] {dag.py:3340} INFO - Setting next_dagrun for example_time_delta_sensor_async to None, run_after=None
[2025-09-01T05:09:59.423+0000] {processor.py:176} INFO - Processing /home/airflow/.local/lib/python3.7/site-packages/airflow/example_dags/example_time_delta_sensor_async.py took 0.286 seconds
[2025-09-01T05:10:31.390+0000] {processor.py:154} INFO - Started process (PID=1021) to work on /home/airflow/.local/lib/python3.7/site-packages/airflow/example_dags/example_time_delta_sensor_async.py
[2025-09-01T05:10:31.396+0000] {processor.py:756} INFO - Processing file /home/airflow/.local/lib/python3.7/site-packages/airflow/example_dags/example_time_delta_sensor_async.py for tasks to queue
[2025-09-01T05:10:31.397+0000] {logging_mixin.py:120} INFO - [2025-09-01T05:10:31.397+0000] {dagbag.py:537} INFO - Filling up the DagBag from /home/airflow/.local/lib/python3.7/site-packages/airflow/example_dags/example_time_delta_sensor_async.py
[2025-09-01T05:10:31.419+0000] {processor.py:766} INFO - DAG(s) dict_keys(['example_time_delta_sensor_async']) retrieved from /home/airflow/.local/lib/python3.7/site-packages/airflow/example_dags/example_time_delta_sensor_async.py
[2025-09-01T05:10:31.641+0000] {logging_mixin.py:120} INFO - [2025-09-01T05:10:31.641+0000] {dag.py:2585} INFO - Sync 1 DAGs
[2025-09-01T05:10:31.676+0000] {logging_mixin.py:120} INFO - [2025-09-01T05:10:31.676+0000] {dag.py:3340} INFO - Setting next_dagrun for example_time_delta_sensor_async to None, run_after=None
[2025-09-01T05:10:31.708+0000] {processor.py:176} INFO - Processing /home/airflow/.local/lib/python3.7/site-packages/airflow/example_dags/example_time_delta_sensor_async.py took 0.323 seconds
[2025-09-01T05:11:03.100+0000] {processor.py:154} INFO - Started process (PID=1088) to work on /home/airflow/.local/lib/python3.7/site-packages/airflow/example_dags/example_time_delta_sensor_async.py
[2025-09-01T05:11:03.101+0000] {processor.py:756} INFO - Processing file /home/airflow/.local/lib/python3.7/site-packages/airflow/example_dags/example_time_delta_sensor_async.py for tasks to queue
[2025-09-01T05:11:03.102+0000] {logging_mixin.py:120} INFO - [2025-09-01T05:11:03.102+0000] {dagbag.py:537} INFO - Filling up the DagBag from /home/airflow/.local/lib/python3.7/site-packages/airflow/example_dags/example_time_delta_sensor_async.py
[2025-09-01T05:11:03.119+0000] {processor.py:766} INFO - DAG(s) dict_keys(['example_time_delta_sensor_async']) retrieved from /home/airflow/.local/lib/python3.7/site-packages/airflow/example_dags/example_time_delta_sensor_async.py
[2025-09-01T05:11:03.438+0000] {logging_mixin.py:120} INFO - [2025-09-01T05:11:03.438+0000] {dag.py:2585} INFO - Sync 1 DAGs
[2025-09-01T05:11:03.482+0000] {logging_mixin.py:120} INFO - [2025-09-01T05:11:03.482+0000] {dag.py:3340} INFO - Setting next_dagrun for example_time_delta_sensor_async to None, run_after=None
[2025-09-01T05:11:03.523+0000] {processor.py:176} INFO - Processing /home/airflow/.local/lib/python3.7/site-packages/airflow/example_dags/example_time_delta_sensor_async.py took 0.427 seconds
[2025-09-01T05:11:34.386+0000] {processor.py:154} INFO - Started process (PID=1157) to work on /home/airflow/.local/lib/python3.7/site-packages/airflow/example_dags/example_time_delta_sensor_async.py
[2025-09-01T05:11:34.387+0000] {processor.py:756} INFO - Processing file /home/airflow/.local/lib/python3.7/site-packages/airflow/example_dags/example_time_delta_sensor_async.py for tasks to queue
[2025-09-01T05:11:34.388+0000] {logging_mixin.py:120} INFO - [2025-09-01T05:11:34.388+0000] {dagbag.py:537} INFO - Filling up the DagBag from /home/airflow/.local/lib/python3.7/site-packages/airflow/example_dags/example_time_delta_sensor_async.py
[2025-09-01T05:11:34.402+0000] {processor.py:766} INFO - DAG(s) dict_keys(['example_time_delta_sensor_async']) retrieved from /home/airflow/.local/lib/python3.7/site-packages/airflow/example_dags/example_time_delta_sensor_async.py
[2025-09-01T05:11:34.577+0000] {logging_mixin.py:120} INFO - [2025-09-01T05:11:34.577+0000] {dag.py:2585} INFO - Sync 1 DAGs
[2025-09-01T05:11:34.615+0000] {logging_mixin.py:120} INFO - [2025-09-01T05:11:34.614+0000] {dag.py:3340} INFO - Setting next_dagrun for example_time_delta_sensor_async to None, run_after=None
[2025-09-01T05:11:34.639+0000] {processor.py:176} INFO - Processing /home/airflow/.local/lib/python3.7/site-packages/airflow/example_dags/example_time_delta_sensor_async.py took 0.257 seconds
[2025-09-01T05:12:05.049+0000] {processor.py:154} INFO - Started process (PID=1216) to work on /home/airflow/.local/lib/python3.7/site-packages/airflow/example_dags/example_time_delta_sensor_async.py
[2025-09-01T05:12:05.050+0000] {processor.py:756} INFO - Processing file /home/airflow/.local/lib/python3.7/site-packages/airflow/example_dags/example_time_delta_sensor_async.py for tasks to queue
[2025-09-01T05:12:05.050+0000] {logging_mixin.py:120} INFO - [2025-09-01T05:12:05.050+0000] {dagbag.py:537} INFO - Filling up the DagBag from /home/airflow/.local/lib/python3.7/site-packages/airflow/example_dags/example_time_delta_sensor_async.py
[2025-09-01T05:12:05.061+0000] {processor.py:766} INFO - DAG(s) dict_keys(['example_time_delta_sensor_async']) retrieved from /home/airflow/.local/lib/python3.7/site-packages/airflow/example_dags/example_time_delta_sensor_async.py
[2025-09-01T05:12:05.211+0000] {logging_mixin.py:120} INFO - [2025-09-01T05:12:05.210+0000] {dag.py:2585} INFO - Sync 1 DAGs
[2025-09-01T05:12:05.232+0000] {logging_mixin.py:120} INFO - [2025-09-01T05:12:05.232+0000] {dag.py:3340} INFO - Setting next_dagrun for example_time_delta_sensor_async to None, run_after=None
[2025-09-01T05:12:05.249+0000] {processor.py:176} INFO - Processing /home/airflow/.local/lib/python3.7/site-packages/airflow/example_dags/example_time_delta_sensor_async.py took 0.203 seconds
[2025-09-01T05:12:37.602+0000] {processor.py:154} INFO - Started process (PID=1284) to work on /home/airflow/.local/lib/python3.7/site-packages/airflow/example_dags/example_time_delta_sensor_async.py
[2025-09-01T05:12:37.604+0000] {processor.py:756} INFO - Processing file /home/airflow/.local/lib/python3.7/site-packages/airflow/example_dags/example_time_delta_sensor_async.py for tasks to queue
[2025-09-01T05:12:37.606+0000] {logging_mixin.py:120} INFO - [2025-09-01T05:12:37.606+0000] {dagbag.py:537} INFO - Filling up the DagBag from /home/airflow/.local/lib/python3.7/site-packages/airflow/example_dags/example_time_delta_sensor_async.py
[2025-09-01T05:12:37.633+0000] {processor.py:766} INFO - DAG(s) dict_keys(['example_time_delta_sensor_async']) retrieved from /home/airflow/.local/lib/python3.7/site-packages/airflow/example_dags/example_time_delta_sensor_async.py
[2025-09-01T05:12:38.031+0000] {logging_mixin.py:120} INFO - [2025-09-01T05:12:38.031+0000] {dag.py:2585} INFO - Sync 1 DAGs
[2025-09-01T05:12:38.068+0000] {logging_mixin.py:120} INFO - [2025-09-01T05:12:38.068+0000] {dag.py:3340} INFO - Setting next_dagrun for example_time_delta_sensor_async to None, run_after=None
[2025-09-01T05:12:38.099+0000] {processor.py:176} INFO - Processing /home/airflow/.local/lib/python3.7/site-packages/airflow/example_dags/example_time_delta_sensor_async.py took 0.502 seconds
[2025-09-01T05:13:10.899+0000] {processor.py:154} INFO - Started process (PID=1352) to work on /home/airflow/.local/lib/python3.7/site-packages/airflow/example_dags/example_time_delta_sensor_async.py
[2025-09-01T05:13:10.901+0000] {processor.py:756} INFO - Processing file /home/airflow/.local/lib/python3.7/site-packages/airflow/example_dags/example_time_delta_sensor_async.py for tasks to queue
[2025-09-01T05:13:10.901+0000] {logging_mixin.py:120} INFO - [2025-09-01T05:13:10.901+0000] {dagbag.py:537} INFO - Filling up the DagBag from /home/airflow/.local/lib/python3.7/site-packages/airflow/example_dags/example_time_delta_sensor_async.py
[2025-09-01T05:13:10.922+0000] {processor.py:766} INFO - DAG(s) dict_keys(['example_time_delta_sensor_async']) retrieved from /home/airflow/.local/lib/python3.7/site-packages/airflow/example_dags/example_time_delta_sensor_async.py
[2025-09-01T05:13:11.202+0000] {logging_mixin.py:120} INFO - [2025-09-01T05:13:11.201+0000] {dag.py:2585} INFO - Sync 1 DAGs
[2025-09-01T05:13:11.235+0000] {logging_mixin.py:120} INFO - [2025-09-01T05:13:11.235+0000] {dag.py:3340} INFO - Setting next_dagrun for example_time_delta_sensor_async to None, run_after=None
[2025-09-01T05:13:11.264+0000] {processor.py:176} INFO - Processing /home/airflow/.local/lib/python3.7/site-packages/airflow/example_dags/example_time_delta_sensor_async.py took 0.370 seconds
[2025-09-01T05:13:42.643+0000] {processor.py:154} INFO - Started process (PID=1420) to work on /home/airflow/.local/lib/python3.7/site-packages/airflow/example_dags/example_time_delta_sensor_async.py
[2025-09-01T05:13:42.645+0000] {processor.py:756} INFO - Processing file /home/airflow/.local/lib/python3.7/site-packages/airflow/example_dags/example_time_delta_sensor_async.py for tasks to queue
[2025-09-01T05:13:42.650+0000] {logging_mixin.py:120} INFO - [2025-09-01T05:13:42.649+0000] {dagbag.py:537} INFO - Filling up the DagBag from /home/airflow/.local/lib/python3.7/site-packages/airflow/example_dags/example_time_delta_sensor_async.py
[2025-09-01T05:13:42.673+0000] {processor.py:766} INFO - DAG(s) dict_keys(['example_time_delta_sensor_async']) retrieved from /home/airflow/.local/lib/python3.7/site-packages/airflow/example_dags/example_time_delta_sensor_async.py
[2025-09-01T05:13:42.989+0000] {logging_mixin.py:120} INFO - [2025-09-01T05:13:42.989+0000] {dag.py:2585} INFO - Sync 1 DAGs
[2025-09-01T05:13:43.040+0000] {logging_mixin.py:120} INFO - [2025-09-01T05:13:43.040+0000] {dag.py:3340} INFO - Setting next_dagrun for example_time_delta_sensor_async to None, run_after=None
[2025-09-01T05:13:43.088+0000] {processor.py:176} INFO - Processing /home/airflow/.local/lib/python3.7/site-packages/airflow/example_dags/example_time_delta_sensor_async.py took 0.452 seconds
[2025-09-01T05:14:16.756+0000] {processor.py:154} INFO - Started process (PID=1479) to work on /home/airflow/.local/lib/python3.7/site-packages/airflow/example_dags/example_time_delta_sensor_async.py
[2025-09-01T05:14:16.758+0000] {processor.py:756} INFO - Processing file /home/airflow/.local/lib/python3.7/site-packages/airflow/example_dags/example_time_delta_sensor_async.py for tasks to queue
[2025-09-01T05:14:16.770+0000] {logging_mixin.py:120} INFO - [2025-09-01T05:14:16.759+0000] {dagbag.py:537} INFO - Filling up the DagBag from /home/airflow/.local/lib/python3.7/site-packages/airflow/example_dags/example_time_delta_sensor_async.py
[2025-09-01T05:14:16.828+0000] {processor.py:766} INFO - DAG(s) dict_keys(['example_time_delta_sensor_async']) retrieved from /home/airflow/.local/lib/python3.7/site-packages/airflow/example_dags/example_time_delta_sensor_async.py
[2025-09-01T05:14:17.352+0000] {logging_mixin.py:120} INFO - [2025-09-01T05:14:17.352+0000] {dag.py:2585} INFO - Sync 1 DAGs
[2025-09-01T05:14:17.402+0000] {logging_mixin.py:120} INFO - [2025-09-01T05:14:17.402+0000] {dag.py:3340} INFO - Setting next_dagrun for example_time_delta_sensor_async to None, run_after=None
[2025-09-01T05:14:17.437+0000] {processor.py:176} INFO - Processing /home/airflow/.local/lib/python3.7/site-packages/airflow/example_dags/example_time_delta_sensor_async.py took 0.711 seconds
[2025-09-01T05:14:51.916+0000] {processor.py:154} INFO - Started process (PID=1547) to work on /home/airflow/.local/lib/python3.7/site-packages/airflow/example_dags/example_time_delta_sensor_async.py
[2025-09-01T05:14:51.918+0000] {processor.py:756} INFO - Processing file /home/airflow/.local/lib/python3.7/site-packages/airflow/example_dags/example_time_delta_sensor_async.py for tasks to queue
[2025-09-01T05:14:51.919+0000] {logging_mixin.py:120} INFO - [2025-09-01T05:14:51.919+0000] {dagbag.py:537} INFO - Filling up the DagBag from /home/airflow/.local/lib/python3.7/site-packages/airflow/example_dags/example_time_delta_sensor_async.py
[2025-09-01T05:14:51.940+0000] {processor.py:766} INFO - DAG(s) dict_keys(['example_time_delta_sensor_async']) retrieved from /home/airflow/.local/lib/python3.7/site-packages/airflow/example_dags/example_time_delta_sensor_async.py
[2025-09-01T05:14:52.317+0000] {logging_mixin.py:120} INFO - [2025-09-01T05:14:52.316+0000] {dag.py:2585} INFO - Sync 1 DAGs
[2025-09-01T05:14:52.373+0000] {logging_mixin.py:120} INFO - [2025-09-01T05:14:52.373+0000] {dag.py:3340} INFO - Setting next_dagrun for example_time_delta_sensor_async to None, run_after=None
[2025-09-01T05:14:52.408+0000] {processor.py:176} INFO - Processing /home/airflow/.local/lib/python3.7/site-packages/airflow/example_dags/example_time_delta_sensor_async.py took 0.497 seconds
[2025-09-01T05:15:28.718+0000] {processor.py:154} INFO - Started process (PID=1606) to work on /home/airflow/.local/lib/python3.7/site-packages/airflow/example_dags/example_time_delta_sensor_async.py
[2025-09-01T05:15:28.720+0000] {processor.py:756} INFO - Processing file /home/airflow/.local/lib/python3.7/site-packages/airflow/example_dags/example_time_delta_sensor_async.py for tasks to queue
[2025-09-01T05:15:28.721+0000] {logging_mixin.py:120} INFO - [2025-09-01T05:15:28.721+0000] {dagbag.py:537} INFO - Filling up the DagBag from /home/airflow/.local/lib/python3.7/site-packages/airflow/example_dags/example_time_delta_sensor_async.py
[2025-09-01T05:15:28.753+0000] {processor.py:766} INFO - DAG(s) dict_keys(['example_time_delta_sensor_async']) retrieved from /home/airflow/.local/lib/python3.7/site-packages/airflow/example_dags/example_time_delta_sensor_async.py
[2025-09-01T05:15:29.377+0000] {logging_mixin.py:120} INFO - [2025-09-01T05:15:29.377+0000] {dag.py:2585} INFO - Sync 1 DAGs
[2025-09-01T05:15:29.478+0000] {logging_mixin.py:120} INFO - [2025-09-01T05:15:29.478+0000] {dag.py:3340} INFO - Setting next_dagrun for example_time_delta_sensor_async to None, run_after=None
[2025-09-01T05:15:29.552+0000] {processor.py:176} INFO - Processing /home/airflow/.local/lib/python3.7/site-packages/airflow/example_dags/example_time_delta_sensor_async.py took 0.844 seconds
[2025-09-01T05:21:27.617+0000] {processor.py:154} INFO - Started process (PID=1674) to work on /home/airflow/.local/lib/python3.7/site-packages/airflow/example_dags/example_time_delta_sensor_async.py
[2025-09-01T05:21:27.620+0000] {processor.py:756} INFO - Processing file /home/airflow/.local/lib/python3.7/site-packages/airflow/example_dags/example_time_delta_sensor_async.py for tasks to queue
[2025-09-01T05:21:27.622+0000] {logging_mixin.py:120} INFO - [2025-09-01T05:21:27.621+0000] {dagbag.py:537} INFO - Filling up the DagBag from /home/airflow/.local/lib/python3.7/site-packages/airflow/example_dags/example_time_delta_sensor_async.py
[2025-09-01T05:21:27.729+0000] {processor.py:766} INFO - DAG(s) dict_keys(['example_time_delta_sensor_async']) retrieved from /home/airflow/.local/lib/python3.7/site-packages/airflow/example_dags/example_time_delta_sensor_async.py
[2025-09-01T05:21:28.817+0000] {logging_mixin.py:120} INFO - [2025-09-01T05:21:28.817+0000] {dag.py:2585} INFO - Sync 1 DAGs
[2025-09-01T05:21:28.876+0000] {logging_mixin.py:120} INFO - [2025-09-01T05:21:28.876+0000] {dag.py:3340} INFO - Setting next_dagrun for example_time_delta_sensor_async to None, run_after=None
[2025-09-01T05:21:28.917+0000] {processor.py:176} INFO - Processing /home/airflow/.local/lib/python3.7/site-packages/airflow/example_dags/example_time_delta_sensor_async.py took 1.312 seconds
