[2025-09-01T05:03:08.356+0000] {processor.py:154} INFO - Started process (PID=78) to work on /home/airflow/.local/lib/python3.7/site-packages/airflow/example_dags/example_complex.py
[2025-09-01T05:03:08.357+0000] {processor.py:756} INFO - Processing file /home/airflow/.local/lib/python3.7/site-packages/airflow/example_dags/example_complex.py for tasks to queue
[2025-09-01T05:03:08.358+0000] {logging_mixin.py:120} INFO - [2025-09-01T05:03:08.358+0000] {dagbag.py:537} INFO - Filling up the DagBag from /home/airflow/.local/lib/python3.7/site-packages/airflow/example_dags/example_complex.py
[2025-09-01T05:03:08.375+0000] {logging_mixin.py:120} INFO - [2025-09-01T05:03:08.375+0000] {taskmixin.py:205} WARNING - Dependency <Task(BashOperator): create_entry_group>, delete_entry_group already registered for DAG: example_complex
[2025-09-01T05:03:08.376+0000] {logging_mixin.py:120} INFO - [2025-09-01T05:03:08.375+0000] {taskmixin.py:205} WARNING - Dependency <Task(BashOperator): delete_entry_group>, create_entry_group already registered for DAG: example_complex
[2025-09-01T05:03:08.376+0000] {logging_mixin.py:120} INFO - [2025-09-01T05:03:08.376+0000] {taskmixin.py:205} WARNING - Dependency <Task(BashOperator): create_entry_gcs>, delete_entry already registered for DAG: example_complex
[2025-09-01T05:03:08.376+0000] {logging_mixin.py:120} INFO - [2025-09-01T05:03:08.376+0000] {taskmixin.py:205} WARNING - Dependency <Task(BashOperator): delete_entry>, create_entry_gcs already registered for DAG: example_complex
[2025-09-01T05:03:08.377+0000] {logging_mixin.py:120} INFO - [2025-09-01T05:03:08.376+0000] {taskmixin.py:205} WARNING - Dependency <Task(BashOperator): create_tag>, delete_tag already registered for DAG: example_complex
[2025-09-01T05:03:08.377+0000] {logging_mixin.py:120} INFO - [2025-09-01T05:03:08.377+0000] {taskmixin.py:205} WARNING - Dependency <Task(BashOperator): delete_tag>, create_tag already registered for DAG: example_complex
[2025-09-01T05:03:08.390+0000] {processor.py:766} INFO - DAG(s) dict_keys(['example_complex']) retrieved from /home/airflow/.local/lib/python3.7/site-packages/airflow/example_dags/example_complex.py
[2025-09-01T05:03:08.444+0000] {logging_mixin.py:120} INFO - [2025-09-01T05:03:08.443+0000] {dag.py:2585} INFO - Sync 1 DAGs
[2025-09-01T05:03:08.474+0000] {logging_mixin.py:120} INFO - [2025-09-01T05:03:08.474+0000] {dag.py:3340} INFO - Setting next_dagrun for example_complex to None, run_after=None
[2025-09-01T05:03:08.501+0000] {processor.py:176} INFO - Processing /home/airflow/.local/lib/python3.7/site-packages/airflow/example_dags/example_complex.py took 0.149 seconds
[2025-09-01T05:03:40.088+0000] {processor.py:154} INFO - Started process (PID=154) to work on /home/airflow/.local/lib/python3.7/site-packages/airflow/example_dags/example_complex.py
[2025-09-01T05:03:40.090+0000] {processor.py:756} INFO - Processing file /home/airflow/.local/lib/python3.7/site-packages/airflow/example_dags/example_complex.py for tasks to queue
[2025-09-01T05:03:40.091+0000] {logging_mixin.py:120} INFO - [2025-09-01T05:03:40.090+0000] {dagbag.py:537} INFO - Filling up the DagBag from /home/airflow/.local/lib/python3.7/site-packages/airflow/example_dags/example_complex.py
[2025-09-01T05:03:40.105+0000] {logging_mixin.py:120} INFO - [2025-09-01T05:03:40.105+0000] {taskmixin.py:205} WARNING - Dependency <Task(BashOperator): create_entry_group>, delete_entry_group already registered for DAG: example_complex
[2025-09-01T05:03:40.105+0000] {logging_mixin.py:120} INFO - [2025-09-01T05:03:40.105+0000] {taskmixin.py:205} WARNING - Dependency <Task(BashOperator): delete_entry_group>, create_entry_group already registered for DAG: example_complex
[2025-09-01T05:03:40.105+0000] {logging_mixin.py:120} INFO - [2025-09-01T05:03:40.105+0000] {taskmixin.py:205} WARNING - Dependency <Task(BashOperator): create_entry_gcs>, delete_entry already registered for DAG: example_complex
[2025-09-01T05:03:40.105+0000] {logging_mixin.py:120} INFO - [2025-09-01T05:03:40.105+0000] {taskmixin.py:205} WARNING - Dependency <Task(BashOperator): delete_entry>, create_entry_gcs already registered for DAG: example_complex
[2025-09-01T05:03:40.106+0000] {logging_mixin.py:120} INFO - [2025-09-01T05:03:40.106+0000] {taskmixin.py:205} WARNING - Dependency <Task(BashOperator): create_tag>, delete_tag already registered for DAG: example_complex
[2025-09-01T05:03:40.106+0000] {logging_mixin.py:120} INFO - [2025-09-01T05:03:40.106+0000] {taskmixin.py:205} WARNING - Dependency <Task(BashOperator): delete_tag>, create_tag already registered for DAG: example_complex
[2025-09-01T05:03:40.113+0000] {processor.py:766} INFO - DAG(s) dict_keys(['example_complex']) retrieved from /home/airflow/.local/lib/python3.7/site-packages/airflow/example_dags/example_complex.py
[2025-09-01T05:03:40.160+0000] {logging_mixin.py:120} INFO - [2025-09-01T05:03:40.160+0000] {dag.py:2585} INFO - Sync 1 DAGs
[2025-09-01T05:03:40.188+0000] {logging_mixin.py:120} INFO - [2025-09-01T05:03:40.187+0000] {dag.py:3340} INFO - Setting next_dagrun for example_complex to None, run_after=None
[2025-09-01T05:03:40.213+0000] {processor.py:176} INFO - Processing /home/airflow/.local/lib/python3.7/site-packages/airflow/example_dags/example_complex.py took 0.128 seconds
[2025-09-01T05:04:13.158+0000] {processor.py:154} INFO - Started process (PID=214) to work on /home/airflow/.local/lib/python3.7/site-packages/airflow/example_dags/example_complex.py
[2025-09-01T05:04:13.160+0000] {processor.py:756} INFO - Processing file /home/airflow/.local/lib/python3.7/site-packages/airflow/example_dags/example_complex.py for tasks to queue
[2025-09-01T05:04:13.161+0000] {logging_mixin.py:120} INFO - [2025-09-01T05:04:13.161+0000] {dagbag.py:537} INFO - Filling up the DagBag from /home/airflow/.local/lib/python3.7/site-packages/airflow/example_dags/example_complex.py
[2025-09-01T05:04:13.182+0000] {logging_mixin.py:120} INFO - [2025-09-01T05:04:13.182+0000] {taskmixin.py:205} WARNING - Dependency <Task(BashOperator): create_entry_group>, delete_entry_group already registered for DAG: example_complex
[2025-09-01T05:04:13.182+0000] {logging_mixin.py:120} INFO - [2025-09-01T05:04:13.182+0000] {taskmixin.py:205} WARNING - Dependency <Task(BashOperator): delete_entry_group>, create_entry_group already registered for DAG: example_complex
[2025-09-01T05:04:13.183+0000] {logging_mixin.py:120} INFO - [2025-09-01T05:04:13.182+0000] {taskmixin.py:205} WARNING - Dependency <Task(BashOperator): create_entry_gcs>, delete_entry already registered for DAG: example_complex
[2025-09-01T05:04:13.183+0000] {logging_mixin.py:120} INFO - [2025-09-01T05:04:13.183+0000] {taskmixin.py:205} WARNING - Dependency <Task(BashOperator): delete_entry>, create_entry_gcs already registered for DAG: example_complex
[2025-09-01T05:04:13.183+0000] {logging_mixin.py:120} INFO - [2025-09-01T05:04:13.183+0000] {taskmixin.py:205} WARNING - Dependency <Task(BashOperator): create_tag>, delete_tag already registered for DAG: example_complex
[2025-09-01T05:04:13.183+0000] {logging_mixin.py:120} INFO - [2025-09-01T05:04:13.183+0000] {taskmixin.py:205} WARNING - Dependency <Task(BashOperator): delete_tag>, create_tag already registered for DAG: example_complex
[2025-09-01T05:04:13.199+0000] {processor.py:766} INFO - DAG(s) dict_keys(['example_complex']) retrieved from /home/airflow/.local/lib/python3.7/site-packages/airflow/example_dags/example_complex.py
[2025-09-01T05:04:13.296+0000] {logging_mixin.py:120} INFO - [2025-09-01T05:04:13.296+0000] {dag.py:2585} INFO - Sync 1 DAGs
[2025-09-01T05:04:13.351+0000] {logging_mixin.py:120} INFO - [2025-09-01T05:04:13.350+0000] {dag.py:3340} INFO - Setting next_dagrun for example_complex to None, run_after=None
[2025-09-01T05:04:13.386+0000] {processor.py:176} INFO - Processing /home/airflow/.local/lib/python3.7/site-packages/airflow/example_dags/example_complex.py took 0.234 seconds
[2025-09-01T05:04:44.370+0000] {processor.py:154} INFO - Started process (PID=282) to work on /home/airflow/.local/lib/python3.7/site-packages/airflow/example_dags/example_complex.py
[2025-09-01T05:04:44.371+0000] {processor.py:756} INFO - Processing file /home/airflow/.local/lib/python3.7/site-packages/airflow/example_dags/example_complex.py for tasks to queue
[2025-09-01T05:04:44.372+0000] {logging_mixin.py:120} INFO - [2025-09-01T05:04:44.372+0000] {dagbag.py:537} INFO - Filling up the DagBag from /home/airflow/.local/lib/python3.7/site-packages/airflow/example_dags/example_complex.py
[2025-09-01T05:04:44.386+0000] {logging_mixin.py:120} INFO - [2025-09-01T05:04:44.385+0000] {taskmixin.py:205} WARNING - Dependency <Task(BashOperator): create_entry_group>, delete_entry_group already registered for DAG: example_complex
[2025-09-01T05:04:44.386+0000] {logging_mixin.py:120} INFO - [2025-09-01T05:04:44.386+0000] {taskmixin.py:205} WARNING - Dependency <Task(BashOperator): delete_entry_group>, create_entry_group already registered for DAG: example_complex
[2025-09-01T05:04:44.386+0000] {logging_mixin.py:120} INFO - [2025-09-01T05:04:44.386+0000] {taskmixin.py:205} WARNING - Dependency <Task(BashOperator): create_entry_gcs>, delete_entry already registered for DAG: example_complex
[2025-09-01T05:04:44.386+0000] {logging_mixin.py:120} INFO - [2025-09-01T05:04:44.386+0000] {taskmixin.py:205} WARNING - Dependency <Task(BashOperator): delete_entry>, create_entry_gcs already registered for DAG: example_complex
[2025-09-01T05:04:44.386+0000] {logging_mixin.py:120} INFO - [2025-09-01T05:04:44.386+0000] {taskmixin.py:205} WARNING - Dependency <Task(BashOperator): create_tag>, delete_tag already registered for DAG: example_complex
[2025-09-01T05:04:44.387+0000] {logging_mixin.py:120} INFO - [2025-09-01T05:04:44.387+0000] {taskmixin.py:205} WARNING - Dependency <Task(BashOperator): delete_tag>, create_tag already registered for DAG: example_complex
[2025-09-01T05:04:44.397+0000] {processor.py:766} INFO - DAG(s) dict_keys(['example_complex']) retrieved from /home/airflow/.local/lib/python3.7/site-packages/airflow/example_dags/example_complex.py
[2025-09-01T05:04:44.483+0000] {logging_mixin.py:120} INFO - [2025-09-01T05:04:44.482+0000] {dag.py:2585} INFO - Sync 1 DAGs
[2025-09-01T05:04:44.516+0000] {logging_mixin.py:120} INFO - [2025-09-01T05:04:44.516+0000] {dag.py:3340} INFO - Setting next_dagrun for example_complex to None, run_after=None
[2025-09-01T05:04:44.543+0000] {processor.py:176} INFO - Processing /home/airflow/.local/lib/python3.7/site-packages/airflow/example_dags/example_complex.py took 0.177 seconds
[2025-09-01T05:05:15.285+0000] {processor.py:154} INFO - Started process (PID=350) to work on /home/airflow/.local/lib/python3.7/site-packages/airflow/example_dags/example_complex.py
[2025-09-01T05:05:15.287+0000] {processor.py:756} INFO - Processing file /home/airflow/.local/lib/python3.7/site-packages/airflow/example_dags/example_complex.py for tasks to queue
[2025-09-01T05:05:15.287+0000] {logging_mixin.py:120} INFO - [2025-09-01T05:05:15.287+0000] {dagbag.py:537} INFO - Filling up the DagBag from /home/airflow/.local/lib/python3.7/site-packages/airflow/example_dags/example_complex.py
[2025-09-01T05:05:15.297+0000] {logging_mixin.py:120} INFO - [2025-09-01T05:05:15.296+0000] {taskmixin.py:205} WARNING - Dependency <Task(BashOperator): create_entry_group>, delete_entry_group already registered for DAG: example_complex
[2025-09-01T05:05:15.297+0000] {logging_mixin.py:120} INFO - [2025-09-01T05:05:15.297+0000] {taskmixin.py:205} WARNING - Dependency <Task(BashOperator): delete_entry_group>, create_entry_group already registered for DAG: example_complex
[2025-09-01T05:05:15.297+0000] {logging_mixin.py:120} INFO - [2025-09-01T05:05:15.297+0000] {taskmixin.py:205} WARNING - Dependency <Task(BashOperator): create_entry_gcs>, delete_entry already registered for DAG: example_complex
[2025-09-01T05:05:15.297+0000] {logging_mixin.py:120} INFO - [2025-09-01T05:05:15.297+0000] {taskmixin.py:205} WARNING - Dependency <Task(BashOperator): delete_entry>, create_entry_gcs already registered for DAG: example_complex
[2025-09-01T05:05:15.297+0000] {logging_mixin.py:120} INFO - [2025-09-01T05:05:15.297+0000] {taskmixin.py:205} WARNING - Dependency <Task(BashOperator): create_tag>, delete_tag already registered for DAG: example_complex
[2025-09-01T05:05:15.297+0000] {logging_mixin.py:120} INFO - [2025-09-01T05:05:15.297+0000] {taskmixin.py:205} WARNING - Dependency <Task(BashOperator): delete_tag>, create_tag already registered for DAG: example_complex
[2025-09-01T05:05:15.309+0000] {processor.py:766} INFO - DAG(s) dict_keys(['example_complex']) retrieved from /home/airflow/.local/lib/python3.7/site-packages/airflow/example_dags/example_complex.py
[2025-09-01T05:05:15.355+0000] {logging_mixin.py:120} INFO - [2025-09-01T05:05:15.355+0000] {dag.py:2585} INFO - Sync 1 DAGs
[2025-09-01T05:05:15.376+0000] {logging_mixin.py:120} INFO - [2025-09-01T05:05:15.376+0000] {dag.py:3340} INFO - Setting next_dagrun for example_complex to None, run_after=None
[2025-09-01T05:05:15.396+0000] {processor.py:176} INFO - Processing /home/airflow/.local/lib/python3.7/site-packages/airflow/example_dags/example_complex.py took 0.113 seconds
[2025-09-01T05:05:46.748+0000] {processor.py:154} INFO - Started process (PID=419) to work on /home/airflow/.local/lib/python3.7/site-packages/airflow/example_dags/example_complex.py
[2025-09-01T05:05:46.749+0000] {processor.py:756} INFO - Processing file /home/airflow/.local/lib/python3.7/site-packages/airflow/example_dags/example_complex.py for tasks to queue
[2025-09-01T05:05:46.750+0000] {logging_mixin.py:120} INFO - [2025-09-01T05:05:46.750+0000] {dagbag.py:537} INFO - Filling up the DagBag from /home/airflow/.local/lib/python3.7/site-packages/airflow/example_dags/example_complex.py
[2025-09-01T05:05:46.770+0000] {logging_mixin.py:120} INFO - [2025-09-01T05:05:46.770+0000] {taskmixin.py:205} WARNING - Dependency <Task(BashOperator): create_entry_group>, delete_entry_group already registered for DAG: example_complex
[2025-09-01T05:05:46.770+0000] {logging_mixin.py:120} INFO - [2025-09-01T05:05:46.770+0000] {taskmixin.py:205} WARNING - Dependency <Task(BashOperator): delete_entry_group>, create_entry_group already registered for DAG: example_complex
[2025-09-01T05:05:46.771+0000] {logging_mixin.py:120} INFO - [2025-09-01T05:05:46.771+0000] {taskmixin.py:205} WARNING - Dependency <Task(BashOperator): create_entry_gcs>, delete_entry already registered for DAG: example_complex
[2025-09-01T05:05:46.771+0000] {logging_mixin.py:120} INFO - [2025-09-01T05:05:46.771+0000] {taskmixin.py:205} WARNING - Dependency <Task(BashOperator): delete_entry>, create_entry_gcs already registered for DAG: example_complex
[2025-09-01T05:05:46.771+0000] {logging_mixin.py:120} INFO - [2025-09-01T05:05:46.771+0000] {taskmixin.py:205} WARNING - Dependency <Task(BashOperator): create_tag>, delete_tag already registered for DAG: example_complex
[2025-09-01T05:05:46.771+0000] {logging_mixin.py:120} INFO - [2025-09-01T05:05:46.771+0000] {taskmixin.py:205} WARNING - Dependency <Task(BashOperator): delete_tag>, create_tag already registered for DAG: example_complex
[2025-09-01T05:05:46.781+0000] {processor.py:766} INFO - DAG(s) dict_keys(['example_complex']) retrieved from /home/airflow/.local/lib/python3.7/site-packages/airflow/example_dags/example_complex.py
[2025-09-01T05:05:46.837+0000] {logging_mixin.py:120} INFO - [2025-09-01T05:05:46.837+0000] {dag.py:2585} INFO - Sync 1 DAGs
[2025-09-01T05:05:46.861+0000] {logging_mixin.py:120} INFO - [2025-09-01T05:05:46.861+0000] {dag.py:3340} INFO - Setting next_dagrun for example_complex to None, run_after=None
[2025-09-01T05:05:46.879+0000] {processor.py:176} INFO - Processing /home/airflow/.local/lib/python3.7/site-packages/airflow/example_dags/example_complex.py took 0.135 seconds
[2025-09-01T05:06:18.178+0000] {processor.py:154} INFO - Started process (PID=478) to work on /home/airflow/.local/lib/python3.7/site-packages/airflow/example_dags/example_complex.py
[2025-09-01T05:06:18.179+0000] {processor.py:756} INFO - Processing file /home/airflow/.local/lib/python3.7/site-packages/airflow/example_dags/example_complex.py for tasks to queue
[2025-09-01T05:06:18.181+0000] {logging_mixin.py:120} INFO - [2025-09-01T05:06:18.180+0000] {dagbag.py:537} INFO - Filling up the DagBag from /home/airflow/.local/lib/python3.7/site-packages/airflow/example_dags/example_complex.py
[2025-09-01T05:06:18.191+0000] {logging_mixin.py:120} INFO - [2025-09-01T05:06:18.191+0000] {taskmixin.py:205} WARNING - Dependency <Task(BashOperator): create_entry_group>, delete_entry_group already registered for DAG: example_complex
[2025-09-01T05:06:18.191+0000] {logging_mixin.py:120} INFO - [2025-09-01T05:06:18.191+0000] {taskmixin.py:205} WARNING - Dependency <Task(BashOperator): delete_entry_group>, create_entry_group already registered for DAG: example_complex
[2025-09-01T05:06:18.191+0000] {logging_mixin.py:120} INFO - [2025-09-01T05:06:18.191+0000] {taskmixin.py:205} WARNING - Dependency <Task(BashOperator): create_entry_gcs>, delete_entry already registered for DAG: example_complex
[2025-09-01T05:06:18.191+0000] {logging_mixin.py:120} INFO - [2025-09-01T05:06:18.191+0000] {taskmixin.py:205} WARNING - Dependency <Task(BashOperator): delete_entry>, create_entry_gcs already registered for DAG: example_complex
[2025-09-01T05:06:18.192+0000] {logging_mixin.py:120} INFO - [2025-09-01T05:06:18.191+0000] {taskmixin.py:205} WARNING - Dependency <Task(BashOperator): create_tag>, delete_tag already registered for DAG: example_complex
[2025-09-01T05:06:18.192+0000] {logging_mixin.py:120} INFO - [2025-09-01T05:06:18.192+0000] {taskmixin.py:205} WARNING - Dependency <Task(BashOperator): delete_tag>, create_tag already registered for DAG: example_complex
[2025-09-01T05:06:18.200+0000] {processor.py:766} INFO - DAG(s) dict_keys(['example_complex']) retrieved from /home/airflow/.local/lib/python3.7/site-packages/airflow/example_dags/example_complex.py
[2025-09-01T05:06:18.242+0000] {logging_mixin.py:120} INFO - [2025-09-01T05:06:18.242+0000] {dag.py:2585} INFO - Sync 1 DAGs
[2025-09-01T05:06:18.260+0000] {logging_mixin.py:120} INFO - [2025-09-01T05:06:18.260+0000] {dag.py:3340} INFO - Setting next_dagrun for example_complex to None, run_after=None
[2025-09-01T05:06:18.276+0000] {processor.py:176} INFO - Processing /home/airflow/.local/lib/python3.7/site-packages/airflow/example_dags/example_complex.py took 0.102 seconds
[2025-09-01T05:06:49.386+0000] {processor.py:154} INFO - Started process (PID=545) to work on /home/airflow/.local/lib/python3.7/site-packages/airflow/example_dags/example_complex.py
[2025-09-01T05:06:49.388+0000] {processor.py:756} INFO - Processing file /home/airflow/.local/lib/python3.7/site-packages/airflow/example_dags/example_complex.py for tasks to queue
[2025-09-01T05:06:49.390+0000] {logging_mixin.py:120} INFO - [2025-09-01T05:06:49.390+0000] {dagbag.py:537} INFO - Filling up the DagBag from /home/airflow/.local/lib/python3.7/site-packages/airflow/example_dags/example_complex.py
[2025-09-01T05:06:49.411+0000] {logging_mixin.py:120} INFO - [2025-09-01T05:06:49.411+0000] {taskmixin.py:205} WARNING - Dependency <Task(BashOperator): create_entry_group>, delete_entry_group already registered for DAG: example_complex
[2025-09-01T05:06:49.412+0000] {logging_mixin.py:120} INFO - [2025-09-01T05:06:49.412+0000] {taskmixin.py:205} WARNING - Dependency <Task(BashOperator): delete_entry_group>, create_entry_group already registered for DAG: example_complex
[2025-09-01T05:06:49.413+0000] {logging_mixin.py:120} INFO - [2025-09-01T05:06:49.413+0000] {taskmixin.py:205} WARNING - Dependency <Task(BashOperator): create_entry_gcs>, delete_entry already registered for DAG: example_complex
[2025-09-01T05:06:49.413+0000] {logging_mixin.py:120} INFO - [2025-09-01T05:06:49.413+0000] {taskmixin.py:205} WARNING - Dependency <Task(BashOperator): delete_entry>, create_entry_gcs already registered for DAG: example_complex
[2025-09-01T05:06:49.414+0000] {logging_mixin.py:120} INFO - [2025-09-01T05:06:49.414+0000] {taskmixin.py:205} WARNING - Dependency <Task(BashOperator): create_tag>, delete_tag already registered for DAG: example_complex
[2025-09-01T05:06:49.414+0000] {logging_mixin.py:120} INFO - [2025-09-01T05:06:49.414+0000] {taskmixin.py:205} WARNING - Dependency <Task(BashOperator): delete_tag>, create_tag already registered for DAG: example_complex
[2025-09-01T05:06:49.431+0000] {processor.py:766} INFO - DAG(s) dict_keys(['example_complex']) retrieved from /home/airflow/.local/lib/python3.7/site-packages/airflow/example_dags/example_complex.py
[2025-09-01T05:06:49.515+0000] {logging_mixin.py:120} INFO - [2025-09-01T05:06:49.515+0000] {dag.py:2585} INFO - Sync 1 DAGs
[2025-09-01T05:06:49.559+0000] {logging_mixin.py:120} INFO - [2025-09-01T05:06:49.558+0000] {dag.py:3340} INFO - Setting next_dagrun for example_complex to None, run_after=None
[2025-09-01T05:06:49.610+0000] {processor.py:176} INFO - Processing /home/airflow/.local/lib/python3.7/site-packages/airflow/example_dags/example_complex.py took 0.230 seconds
[2025-09-01T05:07:21.060+0000] {processor.py:154} INFO - Started process (PID=613) to work on /home/airflow/.local/lib/python3.7/site-packages/airflow/example_dags/example_complex.py
[2025-09-01T05:07:21.062+0000] {processor.py:756} INFO - Processing file /home/airflow/.local/lib/python3.7/site-packages/airflow/example_dags/example_complex.py for tasks to queue
[2025-09-01T05:07:21.064+0000] {logging_mixin.py:120} INFO - [2025-09-01T05:07:21.063+0000] {dagbag.py:537} INFO - Filling up the DagBag from /home/airflow/.local/lib/python3.7/site-packages/airflow/example_dags/example_complex.py
[2025-09-01T05:07:21.078+0000] {logging_mixin.py:120} INFO - [2025-09-01T05:07:21.078+0000] {taskmixin.py:205} WARNING - Dependency <Task(BashOperator): create_entry_group>, delete_entry_group already registered for DAG: example_complex
[2025-09-01T05:07:21.079+0000] {logging_mixin.py:120} INFO - [2025-09-01T05:07:21.078+0000] {taskmixin.py:205} WARNING - Dependency <Task(BashOperator): delete_entry_group>, create_entry_group already registered for DAG: example_complex
[2025-09-01T05:07:21.079+0000] {logging_mixin.py:120} INFO - [2025-09-01T05:07:21.079+0000] {taskmixin.py:205} WARNING - Dependency <Task(BashOperator): create_entry_gcs>, delete_entry already registered for DAG: example_complex
[2025-09-01T05:07:21.079+0000] {logging_mixin.py:120} INFO - [2025-09-01T05:07:21.079+0000] {taskmixin.py:205} WARNING - Dependency <Task(BashOperator): delete_entry>, create_entry_gcs already registered for DAG: example_complex
[2025-09-01T05:07:21.079+0000] {logging_mixin.py:120} INFO - [2025-09-01T05:07:21.079+0000] {taskmixin.py:205} WARNING - Dependency <Task(BashOperator): create_tag>, delete_tag already registered for DAG: example_complex
[2025-09-01T05:07:21.080+0000] {logging_mixin.py:120} INFO - [2025-09-01T05:07:21.080+0000] {taskmixin.py:205} WARNING - Dependency <Task(BashOperator): delete_tag>, create_tag already registered for DAG: example_complex
[2025-09-01T05:07:21.090+0000] {processor.py:766} INFO - DAG(s) dict_keys(['example_complex']) retrieved from /home/airflow/.local/lib/python3.7/site-packages/airflow/example_dags/example_complex.py
[2025-09-01T05:07:21.158+0000] {logging_mixin.py:120} INFO - [2025-09-01T05:07:21.158+0000] {dag.py:2585} INFO - Sync 1 DAGs
[2025-09-01T05:07:21.193+0000] {logging_mixin.py:120} INFO - [2025-09-01T05:07:21.192+0000] {dag.py:3340} INFO - Setting next_dagrun for example_complex to None, run_after=None
[2025-09-01T05:07:21.221+0000] {processor.py:176} INFO - Processing /home/airflow/.local/lib/python3.7/site-packages/airflow/example_dags/example_complex.py took 0.169 seconds
[2025-09-01T05:07:52.120+0000] {processor.py:154} INFO - Started process (PID=671) to work on /home/airflow/.local/lib/python3.7/site-packages/airflow/example_dags/example_complex.py
[2025-09-01T05:07:52.121+0000] {processor.py:756} INFO - Processing file /home/airflow/.local/lib/python3.7/site-packages/airflow/example_dags/example_complex.py for tasks to queue
[2025-09-01T05:07:52.122+0000] {logging_mixin.py:120} INFO - [2025-09-01T05:07:52.122+0000] {dagbag.py:537} INFO - Filling up the DagBag from /home/airflow/.local/lib/python3.7/site-packages/airflow/example_dags/example_complex.py
[2025-09-01T05:07:52.137+0000] {logging_mixin.py:120} INFO - [2025-09-01T05:07:52.137+0000] {taskmixin.py:205} WARNING - Dependency <Task(BashOperator): create_entry_group>, delete_entry_group already registered for DAG: example_complex
[2025-09-01T05:07:52.137+0000] {logging_mixin.py:120} INFO - [2025-09-01T05:07:52.137+0000] {taskmixin.py:205} WARNING - Dependency <Task(BashOperator): delete_entry_group>, create_entry_group already registered for DAG: example_complex
[2025-09-01T05:07:52.137+0000] {logging_mixin.py:120} INFO - [2025-09-01T05:07:52.137+0000] {taskmixin.py:205} WARNING - Dependency <Task(BashOperator): create_entry_gcs>, delete_entry already registered for DAG: example_complex
[2025-09-01T05:07:52.138+0000] {logging_mixin.py:120} INFO - [2025-09-01T05:07:52.138+0000] {taskmixin.py:205} WARNING - Dependency <Task(BashOperator): delete_entry>, create_entry_gcs already registered for DAG: example_complex
[2025-09-01T05:07:52.138+0000] {logging_mixin.py:120} INFO - [2025-09-01T05:07:52.138+0000] {taskmixin.py:205} WARNING - Dependency <Task(BashOperator): create_tag>, delete_tag already registered for DAG: example_complex
[2025-09-01T05:07:52.138+0000] {logging_mixin.py:120} INFO - [2025-09-01T05:07:52.138+0000] {taskmixin.py:205} WARNING - Dependency <Task(BashOperator): delete_tag>, create_tag already registered for DAG: example_complex
[2025-09-01T05:07:52.148+0000] {processor.py:766} INFO - DAG(s) dict_keys(['example_complex']) retrieved from /home/airflow/.local/lib/python3.7/site-packages/airflow/example_dags/example_complex.py
[2025-09-01T05:07:52.227+0000] {logging_mixin.py:120} INFO - [2025-09-01T05:07:52.227+0000] {dag.py:2585} INFO - Sync 1 DAGs
[2025-09-01T05:07:52.269+0000] {logging_mixin.py:120} INFO - [2025-09-01T05:07:52.269+0000] {dag.py:3340} INFO - Setting next_dagrun for example_complex to None, run_after=None
[2025-09-01T05:07:52.304+0000] {processor.py:176} INFO - Processing /home/airflow/.local/lib/python3.7/site-packages/airflow/example_dags/example_complex.py took 0.190 seconds
[2025-09-01T05:08:23.636+0000] {processor.py:154} INFO - Started process (PID=738) to work on /home/airflow/.local/lib/python3.7/site-packages/airflow/example_dags/example_complex.py
[2025-09-01T05:08:23.638+0000] {processor.py:756} INFO - Processing file /home/airflow/.local/lib/python3.7/site-packages/airflow/example_dags/example_complex.py for tasks to queue
[2025-09-01T05:08:23.638+0000] {logging_mixin.py:120} INFO - [2025-09-01T05:08:23.638+0000] {dagbag.py:537} INFO - Filling up the DagBag from /home/airflow/.local/lib/python3.7/site-packages/airflow/example_dags/example_complex.py
[2025-09-01T05:08:23.653+0000] {logging_mixin.py:120} INFO - [2025-09-01T05:08:23.653+0000] {taskmixin.py:205} WARNING - Dependency <Task(BashOperator): create_entry_group>, delete_entry_group already registered for DAG: example_complex
[2025-09-01T05:08:23.654+0000] {logging_mixin.py:120} INFO - [2025-09-01T05:08:23.654+0000] {taskmixin.py:205} WARNING - Dependency <Task(BashOperator): delete_entry_group>, create_entry_group already registered for DAG: example_complex
[2025-09-01T05:08:23.654+0000] {logging_mixin.py:120} INFO - [2025-09-01T05:08:23.654+0000] {taskmixin.py:205} WARNING - Dependency <Task(BashOperator): create_entry_gcs>, delete_entry already registered for DAG: example_complex
[2025-09-01T05:08:23.654+0000] {logging_mixin.py:120} INFO - [2025-09-01T05:08:23.654+0000] {taskmixin.py:205} WARNING - Dependency <Task(BashOperator): delete_entry>, create_entry_gcs already registered for DAG: example_complex
[2025-09-01T05:08:23.654+0000] {logging_mixin.py:120} INFO - [2025-09-01T05:08:23.654+0000] {taskmixin.py:205} WARNING - Dependency <Task(BashOperator): create_tag>, delete_tag already registered for DAG: example_complex
[2025-09-01T05:08:23.654+0000] {logging_mixin.py:120} INFO - [2025-09-01T05:08:23.654+0000] {taskmixin.py:205} WARNING - Dependency <Task(BashOperator): delete_tag>, create_tag already registered for DAG: example_complex
[2025-09-01T05:08:23.665+0000] {processor.py:766} INFO - DAG(s) dict_keys(['example_complex']) retrieved from /home/airflow/.local/lib/python3.7/site-packages/airflow/example_dags/example_complex.py
[2025-09-01T05:08:23.734+0000] {logging_mixin.py:120} INFO - [2025-09-01T05:08:23.734+0000] {dag.py:2585} INFO - Sync 1 DAGs
[2025-09-01T05:08:23.774+0000] {logging_mixin.py:120} INFO - [2025-09-01T05:08:23.773+0000] {dag.py:3340} INFO - Setting next_dagrun for example_complex to None, run_after=None
[2025-09-01T05:08:23.816+0000] {processor.py:176} INFO - Processing /home/airflow/.local/lib/python3.7/site-packages/airflow/example_dags/example_complex.py took 0.186 seconds
[2025-09-01T05:08:54.777+0000] {processor.py:154} INFO - Started process (PID=805) to work on /home/airflow/.local/lib/python3.7/site-packages/airflow/example_dags/example_complex.py
[2025-09-01T05:08:54.779+0000] {processor.py:756} INFO - Processing file /home/airflow/.local/lib/python3.7/site-packages/airflow/example_dags/example_complex.py for tasks to queue
[2025-09-01T05:08:54.780+0000] {logging_mixin.py:120} INFO - [2025-09-01T05:08:54.779+0000] {dagbag.py:537} INFO - Filling up the DagBag from /home/airflow/.local/lib/python3.7/site-packages/airflow/example_dags/example_complex.py
[2025-09-01T05:08:54.797+0000] {logging_mixin.py:120} INFO - [2025-09-01T05:08:54.797+0000] {taskmixin.py:205} WARNING - Dependency <Task(BashOperator): create_entry_group>, delete_entry_group already registered for DAG: example_complex
[2025-09-01T05:08:54.797+0000] {logging_mixin.py:120} INFO - [2025-09-01T05:08:54.797+0000] {taskmixin.py:205} WARNING - Dependency <Task(BashOperator): delete_entry_group>, create_entry_group already registered for DAG: example_complex
[2025-09-01T05:08:54.797+0000] {logging_mixin.py:120} INFO - [2025-09-01T05:08:54.797+0000] {taskmixin.py:205} WARNING - Dependency <Task(BashOperator): create_entry_gcs>, delete_entry already registered for DAG: example_complex
[2025-09-01T05:08:54.797+0000] {logging_mixin.py:120} INFO - [2025-09-01T05:08:54.797+0000] {taskmixin.py:205} WARNING - Dependency <Task(BashOperator): delete_entry>, create_entry_gcs already registered for DAG: example_complex
[2025-09-01T05:08:54.798+0000] {logging_mixin.py:120} INFO - [2025-09-01T05:08:54.798+0000] {taskmixin.py:205} WARNING - Dependency <Task(BashOperator): create_tag>, delete_tag already registered for DAG: example_complex
[2025-09-01T05:08:54.798+0000] {logging_mixin.py:120} INFO - [2025-09-01T05:08:54.798+0000] {taskmixin.py:205} WARNING - Dependency <Task(BashOperator): delete_tag>, create_tag already registered for DAG: example_complex
[2025-09-01T05:08:54.808+0000] {processor.py:766} INFO - DAG(s) dict_keys(['example_complex']) retrieved from /home/airflow/.local/lib/python3.7/site-packages/airflow/example_dags/example_complex.py
[2025-09-01T05:08:54.869+0000] {logging_mixin.py:120} INFO - [2025-09-01T05:08:54.869+0000] {dag.py:2585} INFO - Sync 1 DAGs
[2025-09-01T05:08:54.897+0000] {logging_mixin.py:120} INFO - [2025-09-01T05:08:54.897+0000] {dag.py:3340} INFO - Setting next_dagrun for example_complex to None, run_after=None
[2025-09-01T05:08:54.920+0000] {processor.py:176} INFO - Processing /home/airflow/.local/lib/python3.7/site-packages/airflow/example_dags/example_complex.py took 0.150 seconds
[2025-09-01T05:09:25.811+0000] {processor.py:154} INFO - Started process (PID=864) to work on /home/airflow/.local/lib/python3.7/site-packages/airflow/example_dags/example_complex.py
[2025-09-01T05:09:25.813+0000] {processor.py:756} INFO - Processing file /home/airflow/.local/lib/python3.7/site-packages/airflow/example_dags/example_complex.py for tasks to queue
[2025-09-01T05:09:25.813+0000] {logging_mixin.py:120} INFO - [2025-09-01T05:09:25.813+0000] {dagbag.py:537} INFO - Filling up the DagBag from /home/airflow/.local/lib/python3.7/site-packages/airflow/example_dags/example_complex.py
[2025-09-01T05:09:25.825+0000] {logging_mixin.py:120} INFO - [2025-09-01T05:09:25.825+0000] {taskmixin.py:205} WARNING - Dependency <Task(BashOperator): create_entry_group>, delete_entry_group already registered for DAG: example_complex
[2025-09-01T05:09:25.826+0000] {logging_mixin.py:120} INFO - [2025-09-01T05:09:25.826+0000] {taskmixin.py:205} WARNING - Dependency <Task(BashOperator): delete_entry_group>, create_entry_group already registered for DAG: example_complex
[2025-09-01T05:09:25.826+0000] {logging_mixin.py:120} INFO - [2025-09-01T05:09:25.826+0000] {taskmixin.py:205} WARNING - Dependency <Task(BashOperator): create_entry_gcs>, delete_entry already registered for DAG: example_complex
[2025-09-01T05:09:25.827+0000] {logging_mixin.py:120} INFO - [2025-09-01T05:09:25.827+0000] {taskmixin.py:205} WARNING - Dependency <Task(BashOperator): delete_entry>, create_entry_gcs already registered for DAG: example_complex
[2025-09-01T05:09:25.827+0000] {logging_mixin.py:120} INFO - [2025-09-01T05:09:25.827+0000] {taskmixin.py:205} WARNING - Dependency <Task(BashOperator): create_tag>, delete_tag already registered for DAG: example_complex
[2025-09-01T05:09:25.828+0000] {logging_mixin.py:120} INFO - [2025-09-01T05:09:25.827+0000] {taskmixin.py:205} WARNING - Dependency <Task(BashOperator): delete_tag>, create_tag already registered for DAG: example_complex
[2025-09-01T05:09:25.843+0000] {processor.py:766} INFO - DAG(s) dict_keys(['example_complex']) retrieved from /home/airflow/.local/lib/python3.7/site-packages/airflow/example_dags/example_complex.py
[2025-09-01T05:09:25.911+0000] {logging_mixin.py:120} INFO - [2025-09-01T05:09:25.911+0000] {dag.py:2585} INFO - Sync 1 DAGs
[2025-09-01T05:09:25.948+0000] {logging_mixin.py:120} INFO - [2025-09-01T05:09:25.948+0000] {dag.py:3340} INFO - Setting next_dagrun for example_complex to None, run_after=None
[2025-09-01T05:09:25.974+0000] {processor.py:176} INFO - Processing /home/airflow/.local/lib/python3.7/site-packages/airflow/example_dags/example_complex.py took 0.170 seconds
[2025-09-01T05:09:57.151+0000] {processor.py:154} INFO - Started process (PID=932) to work on /home/airflow/.local/lib/python3.7/site-packages/airflow/example_dags/example_complex.py
[2025-09-01T05:09:57.152+0000] {processor.py:756} INFO - Processing file /home/airflow/.local/lib/python3.7/site-packages/airflow/example_dags/example_complex.py for tasks to queue
[2025-09-01T05:09:57.153+0000] {logging_mixin.py:120} INFO - [2025-09-01T05:09:57.153+0000] {dagbag.py:537} INFO - Filling up the DagBag from /home/airflow/.local/lib/python3.7/site-packages/airflow/example_dags/example_complex.py
[2025-09-01T05:09:57.168+0000] {logging_mixin.py:120} INFO - [2025-09-01T05:09:57.168+0000] {taskmixin.py:205} WARNING - Dependency <Task(BashOperator): create_entry_group>, delete_entry_group already registered for DAG: example_complex
[2025-09-01T05:09:57.168+0000] {logging_mixin.py:120} INFO - [2025-09-01T05:09:57.168+0000] {taskmixin.py:205} WARNING - Dependency <Task(BashOperator): delete_entry_group>, create_entry_group already registered for DAG: example_complex
[2025-09-01T05:09:57.168+0000] {logging_mixin.py:120} INFO - [2025-09-01T05:09:57.168+0000] {taskmixin.py:205} WARNING - Dependency <Task(BashOperator): create_entry_gcs>, delete_entry already registered for DAG: example_complex
[2025-09-01T05:09:57.168+0000] {logging_mixin.py:120} INFO - [2025-09-01T05:09:57.168+0000] {taskmixin.py:205} WARNING - Dependency <Task(BashOperator): delete_entry>, create_entry_gcs already registered for DAG: example_complex
[2025-09-01T05:09:57.169+0000] {logging_mixin.py:120} INFO - [2025-09-01T05:09:57.169+0000] {taskmixin.py:205} WARNING - Dependency <Task(BashOperator): create_tag>, delete_tag already registered for DAG: example_complex
[2025-09-01T05:09:57.169+0000] {logging_mixin.py:120} INFO - [2025-09-01T05:09:57.169+0000] {taskmixin.py:205} WARNING - Dependency <Task(BashOperator): delete_tag>, create_tag already registered for DAG: example_complex
[2025-09-01T05:09:57.179+0000] {processor.py:766} INFO - DAG(s) dict_keys(['example_complex']) retrieved from /home/airflow/.local/lib/python3.7/site-packages/airflow/example_dags/example_complex.py
[2025-09-01T05:09:57.251+0000] {logging_mixin.py:120} INFO - [2025-09-01T05:09:57.250+0000] {dag.py:2585} INFO - Sync 1 DAGs
[2025-09-01T05:09:57.294+0000] {logging_mixin.py:120} INFO - [2025-09-01T05:09:57.293+0000] {dag.py:3340} INFO - Setting next_dagrun for example_complex to None, run_after=None
[2025-09-01T05:09:57.328+0000] {processor.py:176} INFO - Processing /home/airflow/.local/lib/python3.7/site-packages/airflow/example_dags/example_complex.py took 0.183 seconds
[2025-09-01T05:10:28.952+0000] {processor.py:154} INFO - Started process (PID=1000) to work on /home/airflow/.local/lib/python3.7/site-packages/airflow/example_dags/example_complex.py
[2025-09-01T05:10:28.953+0000] {processor.py:756} INFO - Processing file /home/airflow/.local/lib/python3.7/site-packages/airflow/example_dags/example_complex.py for tasks to queue
[2025-09-01T05:10:28.954+0000] {logging_mixin.py:120} INFO - [2025-09-01T05:10:28.954+0000] {dagbag.py:537} INFO - Filling up the DagBag from /home/airflow/.local/lib/python3.7/site-packages/airflow/example_dags/example_complex.py
[2025-09-01T05:10:28.970+0000] {logging_mixin.py:120} INFO - [2025-09-01T05:10:28.970+0000] {taskmixin.py:205} WARNING - Dependency <Task(BashOperator): create_entry_group>, delete_entry_group already registered for DAG: example_complex
[2025-09-01T05:10:28.970+0000] {logging_mixin.py:120} INFO - [2025-09-01T05:10:28.970+0000] {taskmixin.py:205} WARNING - Dependency <Task(BashOperator): delete_entry_group>, create_entry_group already registered for DAG: example_complex
[2025-09-01T05:10:28.970+0000] {logging_mixin.py:120} INFO - [2025-09-01T05:10:28.970+0000] {taskmixin.py:205} WARNING - Dependency <Task(BashOperator): create_entry_gcs>, delete_entry already registered for DAG: example_complex
[2025-09-01T05:10:28.970+0000] {logging_mixin.py:120} INFO - [2025-09-01T05:10:28.970+0000] {taskmixin.py:205} WARNING - Dependency <Task(BashOperator): delete_entry>, create_entry_gcs already registered for DAG: example_complex
[2025-09-01T05:10:28.971+0000] {logging_mixin.py:120} INFO - [2025-09-01T05:10:28.971+0000] {taskmixin.py:205} WARNING - Dependency <Task(BashOperator): create_tag>, delete_tag already registered for DAG: example_complex
[2025-09-01T05:10:28.971+0000] {logging_mixin.py:120} INFO - [2025-09-01T05:10:28.971+0000] {taskmixin.py:205} WARNING - Dependency <Task(BashOperator): delete_tag>, create_tag already registered for DAG: example_complex
[2025-09-01T05:10:28.985+0000] {processor.py:766} INFO - DAG(s) dict_keys(['example_complex']) retrieved from /home/airflow/.local/lib/python3.7/site-packages/airflow/example_dags/example_complex.py
[2025-09-01T05:10:29.065+0000] {logging_mixin.py:120} INFO - [2025-09-01T05:10:29.064+0000] {dag.py:2585} INFO - Sync 1 DAGs
[2025-09-01T05:10:29.107+0000] {logging_mixin.py:120} INFO - [2025-09-01T05:10:29.107+0000] {dag.py:3340} INFO - Setting next_dagrun for example_complex to None, run_after=None
[2025-09-01T05:10:29.136+0000] {processor.py:176} INFO - Processing /home/airflow/.local/lib/python3.7/site-packages/airflow/example_dags/example_complex.py took 0.191 seconds
[2025-09-01T05:11:00.428+0000] {processor.py:154} INFO - Started process (PID=1068) to work on /home/airflow/.local/lib/python3.7/site-packages/airflow/example_dags/example_complex.py
[2025-09-01T05:11:00.430+0000] {processor.py:756} INFO - Processing file /home/airflow/.local/lib/python3.7/site-packages/airflow/example_dags/example_complex.py for tasks to queue
[2025-09-01T05:11:00.431+0000] {logging_mixin.py:120} INFO - [2025-09-01T05:11:00.431+0000] {dagbag.py:537} INFO - Filling up the DagBag from /home/airflow/.local/lib/python3.7/site-packages/airflow/example_dags/example_complex.py
[2025-09-01T05:11:00.450+0000] {logging_mixin.py:120} INFO - [2025-09-01T05:11:00.450+0000] {taskmixin.py:205} WARNING - Dependency <Task(BashOperator): create_entry_group>, delete_entry_group already registered for DAG: example_complex
[2025-09-01T05:11:00.450+0000] {logging_mixin.py:120} INFO - [2025-09-01T05:11:00.450+0000] {taskmixin.py:205} WARNING - Dependency <Task(BashOperator): delete_entry_group>, create_entry_group already registered for DAG: example_complex
[2025-09-01T05:11:00.451+0000] {logging_mixin.py:120} INFO - [2025-09-01T05:11:00.451+0000] {taskmixin.py:205} WARNING - Dependency <Task(BashOperator): create_entry_gcs>, delete_entry already registered for DAG: example_complex
[2025-09-01T05:11:00.451+0000] {logging_mixin.py:120} INFO - [2025-09-01T05:11:00.451+0000] {taskmixin.py:205} WARNING - Dependency <Task(BashOperator): delete_entry>, create_entry_gcs already registered for DAG: example_complex
[2025-09-01T05:11:00.452+0000] {logging_mixin.py:120} INFO - [2025-09-01T05:11:00.451+0000] {taskmixin.py:205} WARNING - Dependency <Task(BashOperator): create_tag>, delete_tag already registered for DAG: example_complex
[2025-09-01T05:11:00.452+0000] {logging_mixin.py:120} INFO - [2025-09-01T05:11:00.452+0000] {taskmixin.py:205} WARNING - Dependency <Task(BashOperator): delete_tag>, create_tag already registered for DAG: example_complex
[2025-09-01T05:11:00.465+0000] {processor.py:766} INFO - DAG(s) dict_keys(['example_complex']) retrieved from /home/airflow/.local/lib/python3.7/site-packages/airflow/example_dags/example_complex.py
[2025-09-01T05:11:00.541+0000] {logging_mixin.py:120} INFO - [2025-09-01T05:11:00.541+0000] {dag.py:2585} INFO - Sync 1 DAGs
[2025-09-01T05:11:00.576+0000] {logging_mixin.py:120} INFO - [2025-09-01T05:11:00.575+0000] {dag.py:3340} INFO - Setting next_dagrun for example_complex to None, run_after=None
[2025-09-01T05:11:00.606+0000] {processor.py:176} INFO - Processing /home/airflow/.local/lib/python3.7/site-packages/airflow/example_dags/example_complex.py took 0.190 seconds
[2025-09-01T05:11:31.717+0000] {processor.py:154} INFO - Started process (PID=1127) to work on /home/airflow/.local/lib/python3.7/site-packages/airflow/example_dags/example_complex.py
[2025-09-01T05:11:31.718+0000] {processor.py:756} INFO - Processing file /home/airflow/.local/lib/python3.7/site-packages/airflow/example_dags/example_complex.py for tasks to queue
[2025-09-01T05:11:31.718+0000] {logging_mixin.py:120} INFO - [2025-09-01T05:11:31.718+0000] {dagbag.py:537} INFO - Filling up the DagBag from /home/airflow/.local/lib/python3.7/site-packages/airflow/example_dags/example_complex.py
[2025-09-01T05:11:31.728+0000] {logging_mixin.py:120} INFO - [2025-09-01T05:11:31.728+0000] {taskmixin.py:205} WARNING - Dependency <Task(BashOperator): create_entry_group>, delete_entry_group already registered for DAG: example_complex
[2025-09-01T05:11:31.728+0000] {logging_mixin.py:120} INFO - [2025-09-01T05:11:31.728+0000] {taskmixin.py:205} WARNING - Dependency <Task(BashOperator): delete_entry_group>, create_entry_group already registered for DAG: example_complex
[2025-09-01T05:11:31.728+0000] {logging_mixin.py:120} INFO - [2025-09-01T05:11:31.728+0000] {taskmixin.py:205} WARNING - Dependency <Task(BashOperator): create_entry_gcs>, delete_entry already registered for DAG: example_complex
[2025-09-01T05:11:31.728+0000] {logging_mixin.py:120} INFO - [2025-09-01T05:11:31.728+0000] {taskmixin.py:205} WARNING - Dependency <Task(BashOperator): delete_entry>, create_entry_gcs already registered for DAG: example_complex
[2025-09-01T05:11:31.728+0000] {logging_mixin.py:120} INFO - [2025-09-01T05:11:31.728+0000] {taskmixin.py:205} WARNING - Dependency <Task(BashOperator): create_tag>, delete_tag already registered for DAG: example_complex
[2025-09-01T05:11:31.728+0000] {logging_mixin.py:120} INFO - [2025-09-01T05:11:31.728+0000] {taskmixin.py:205} WARNING - Dependency <Task(BashOperator): delete_tag>, create_tag already registered for DAG: example_complex
[2025-09-01T05:11:31.735+0000] {processor.py:766} INFO - DAG(s) dict_keys(['example_complex']) retrieved from /home/airflow/.local/lib/python3.7/site-packages/airflow/example_dags/example_complex.py
[2025-09-01T05:11:31.774+0000] {logging_mixin.py:120} INFO - [2025-09-01T05:11:31.773+0000] {dag.py:2585} INFO - Sync 1 DAGs
[2025-09-01T05:11:31.792+0000] {logging_mixin.py:120} INFO - [2025-09-01T05:11:31.792+0000] {dag.py:3340} INFO - Setting next_dagrun for example_complex to None, run_after=None
[2025-09-01T05:11:31.810+0000] {processor.py:176} INFO - Processing /home/airflow/.local/lib/python3.7/site-packages/airflow/example_dags/example_complex.py took 0.097 seconds
[2025-09-01T05:12:03.357+0000] {processor.py:154} INFO - Started process (PID=1195) to work on /home/airflow/.local/lib/python3.7/site-packages/airflow/example_dags/example_complex.py
[2025-09-01T05:12:03.358+0000] {processor.py:756} INFO - Processing file /home/airflow/.local/lib/python3.7/site-packages/airflow/example_dags/example_complex.py for tasks to queue
[2025-09-01T05:12:03.359+0000] {logging_mixin.py:120} INFO - [2025-09-01T05:12:03.358+0000] {dagbag.py:537} INFO - Filling up the DagBag from /home/airflow/.local/lib/python3.7/site-packages/airflow/example_dags/example_complex.py
[2025-09-01T05:12:03.369+0000] {logging_mixin.py:120} INFO - [2025-09-01T05:12:03.369+0000] {taskmixin.py:205} WARNING - Dependency <Task(BashOperator): create_entry_group>, delete_entry_group already registered for DAG: example_complex
[2025-09-01T05:12:03.369+0000] {logging_mixin.py:120} INFO - [2025-09-01T05:12:03.369+0000] {taskmixin.py:205} WARNING - Dependency <Task(BashOperator): delete_entry_group>, create_entry_group already registered for DAG: example_complex
[2025-09-01T05:12:03.369+0000] {logging_mixin.py:120} INFO - [2025-09-01T05:12:03.369+0000] {taskmixin.py:205} WARNING - Dependency <Task(BashOperator): create_entry_gcs>, delete_entry already registered for DAG: example_complex
[2025-09-01T05:12:03.369+0000] {logging_mixin.py:120} INFO - [2025-09-01T05:12:03.369+0000] {taskmixin.py:205} WARNING - Dependency <Task(BashOperator): delete_entry>, create_entry_gcs already registered for DAG: example_complex
[2025-09-01T05:12:03.370+0000] {logging_mixin.py:120} INFO - [2025-09-01T05:12:03.370+0000] {taskmixin.py:205} WARNING - Dependency <Task(BashOperator): create_tag>, delete_tag already registered for DAG: example_complex
[2025-09-01T05:12:03.370+0000] {logging_mixin.py:120} INFO - [2025-09-01T05:12:03.370+0000] {taskmixin.py:205} WARNING - Dependency <Task(BashOperator): delete_tag>, create_tag already registered for DAG: example_complex
[2025-09-01T05:12:03.378+0000] {processor.py:766} INFO - DAG(s) dict_keys(['example_complex']) retrieved from /home/airflow/.local/lib/python3.7/site-packages/airflow/example_dags/example_complex.py
[2025-09-01T05:12:03.421+0000] {logging_mixin.py:120} INFO - [2025-09-01T05:12:03.421+0000] {dag.py:2585} INFO - Sync 1 DAGs
[2025-09-01T05:12:03.452+0000] {logging_mixin.py:120} INFO - [2025-09-01T05:12:03.452+0000] {dag.py:3340} INFO - Setting next_dagrun for example_complex to None, run_after=None
[2025-09-01T05:12:03.478+0000] {processor.py:176} INFO - Processing /home/airflow/.local/lib/python3.7/site-packages/airflow/example_dags/example_complex.py took 0.125 seconds
[2025-09-01T05:12:35.275+0000] {processor.py:154} INFO - Started process (PID=1264) to work on /home/airflow/.local/lib/python3.7/site-packages/airflow/example_dags/example_complex.py
[2025-09-01T05:12:35.276+0000] {processor.py:756} INFO - Processing file /home/airflow/.local/lib/python3.7/site-packages/airflow/example_dags/example_complex.py for tasks to queue
[2025-09-01T05:12:35.277+0000] {logging_mixin.py:120} INFO - [2025-09-01T05:12:35.277+0000] {dagbag.py:537} INFO - Filling up the DagBag from /home/airflow/.local/lib/python3.7/site-packages/airflow/example_dags/example_complex.py
[2025-09-01T05:12:35.291+0000] {logging_mixin.py:120} INFO - [2025-09-01T05:12:35.290+0000] {taskmixin.py:205} WARNING - Dependency <Task(BashOperator): create_entry_group>, delete_entry_group already registered for DAG: example_complex
[2025-09-01T05:12:35.291+0000] {logging_mixin.py:120} INFO - [2025-09-01T05:12:35.291+0000] {taskmixin.py:205} WARNING - Dependency <Task(BashOperator): delete_entry_group>, create_entry_group already registered for DAG: example_complex
[2025-09-01T05:12:35.291+0000] {logging_mixin.py:120} INFO - [2025-09-01T05:12:35.291+0000] {taskmixin.py:205} WARNING - Dependency <Task(BashOperator): create_entry_gcs>, delete_entry already registered for DAG: example_complex
[2025-09-01T05:12:35.291+0000] {logging_mixin.py:120} INFO - [2025-09-01T05:12:35.291+0000] {taskmixin.py:205} WARNING - Dependency <Task(BashOperator): delete_entry>, create_entry_gcs already registered for DAG: example_complex
[2025-09-01T05:12:35.291+0000] {logging_mixin.py:120} INFO - [2025-09-01T05:12:35.291+0000] {taskmixin.py:205} WARNING - Dependency <Task(BashOperator): create_tag>, delete_tag already registered for DAG: example_complex
[2025-09-01T05:12:35.292+0000] {logging_mixin.py:120} INFO - [2025-09-01T05:12:35.292+0000] {taskmixin.py:205} WARNING - Dependency <Task(BashOperator): delete_tag>, create_tag already registered for DAG: example_complex
[2025-09-01T05:12:35.300+0000] {processor.py:766} INFO - DAG(s) dict_keys(['example_complex']) retrieved from /home/airflow/.local/lib/python3.7/site-packages/airflow/example_dags/example_complex.py
[2025-09-01T05:12:35.356+0000] {logging_mixin.py:120} INFO - [2025-09-01T05:12:35.356+0000] {dag.py:2585} INFO - Sync 1 DAGs
[2025-09-01T05:12:35.387+0000] {logging_mixin.py:120} INFO - [2025-09-01T05:12:35.387+0000] {dag.py:3340} INFO - Setting next_dagrun for example_complex to None, run_after=None
[2025-09-01T05:12:35.410+0000] {processor.py:176} INFO - Processing /home/airflow/.local/lib/python3.7/site-packages/airflow/example_dags/example_complex.py took 0.140 seconds
[2025-09-01T05:13:08.107+0000] {processor.py:154} INFO - Started process (PID=1332) to work on /home/airflow/.local/lib/python3.7/site-packages/airflow/example_dags/example_complex.py
[2025-09-01T05:13:08.108+0000] {processor.py:756} INFO - Processing file /home/airflow/.local/lib/python3.7/site-packages/airflow/example_dags/example_complex.py for tasks to queue
[2025-09-01T05:13:08.110+0000] {logging_mixin.py:120} INFO - [2025-09-01T05:13:08.109+0000] {dagbag.py:537} INFO - Filling up the DagBag from /home/airflow/.local/lib/python3.7/site-packages/airflow/example_dags/example_complex.py
[2025-09-01T05:13:08.138+0000] {logging_mixin.py:120} INFO - [2025-09-01T05:13:08.137+0000] {taskmixin.py:205} WARNING - Dependency <Task(BashOperator): create_entry_group>, delete_entry_group already registered for DAG: example_complex
[2025-09-01T05:13:08.138+0000] {logging_mixin.py:120} INFO - [2025-09-01T05:13:08.138+0000] {taskmixin.py:205} WARNING - Dependency <Task(BashOperator): delete_entry_group>, create_entry_group already registered for DAG: example_complex
[2025-09-01T05:13:08.138+0000] {logging_mixin.py:120} INFO - [2025-09-01T05:13:08.138+0000] {taskmixin.py:205} WARNING - Dependency <Task(BashOperator): create_entry_gcs>, delete_entry already registered for DAG: example_complex
[2025-09-01T05:13:08.138+0000] {logging_mixin.py:120} INFO - [2025-09-01T05:13:08.138+0000] {taskmixin.py:205} WARNING - Dependency <Task(BashOperator): delete_entry>, create_entry_gcs already registered for DAG: example_complex
[2025-09-01T05:13:08.139+0000] {logging_mixin.py:120} INFO - [2025-09-01T05:13:08.139+0000] {taskmixin.py:205} WARNING - Dependency <Task(BashOperator): create_tag>, delete_tag already registered for DAG: example_complex
[2025-09-01T05:13:08.139+0000] {logging_mixin.py:120} INFO - [2025-09-01T05:13:08.139+0000] {taskmixin.py:205} WARNING - Dependency <Task(BashOperator): delete_tag>, create_tag already registered for DAG: example_complex
[2025-09-01T05:13:08.151+0000] {processor.py:766} INFO - DAG(s) dict_keys(['example_complex']) retrieved from /home/airflow/.local/lib/python3.7/site-packages/airflow/example_dags/example_complex.py
[2025-09-01T05:13:08.240+0000] {logging_mixin.py:120} INFO - [2025-09-01T05:13:08.239+0000] {dag.py:2585} INFO - Sync 1 DAGs
[2025-09-01T05:13:08.321+0000] {logging_mixin.py:120} INFO - [2025-09-01T05:13:08.320+0000] {dag.py:3340} INFO - Setting next_dagrun for example_complex to None, run_after=None
[2025-09-01T05:13:08.364+0000] {processor.py:176} INFO - Processing /home/airflow/.local/lib/python3.7/site-packages/airflow/example_dags/example_complex.py took 0.268 seconds
[2025-09-01T05:13:39.681+0000] {processor.py:154} INFO - Started process (PID=1400) to work on /home/airflow/.local/lib/python3.7/site-packages/airflow/example_dags/example_complex.py
[2025-09-01T05:13:39.683+0000] {processor.py:756} INFO - Processing file /home/airflow/.local/lib/python3.7/site-packages/airflow/example_dags/example_complex.py for tasks to queue
[2025-09-01T05:13:39.684+0000] {logging_mixin.py:120} INFO - [2025-09-01T05:13:39.684+0000] {dagbag.py:537} INFO - Filling up the DagBag from /home/airflow/.local/lib/python3.7/site-packages/airflow/example_dags/example_complex.py
[2025-09-01T05:13:39.704+0000] {logging_mixin.py:120} INFO - [2025-09-01T05:13:39.704+0000] {taskmixin.py:205} WARNING - Dependency <Task(BashOperator): create_entry_group>, delete_entry_group already registered for DAG: example_complex
[2025-09-01T05:13:39.704+0000] {logging_mixin.py:120} INFO - [2025-09-01T05:13:39.704+0000] {taskmixin.py:205} WARNING - Dependency <Task(BashOperator): delete_entry_group>, create_entry_group already registered for DAG: example_complex
[2025-09-01T05:13:39.704+0000] {logging_mixin.py:120} INFO - [2025-09-01T05:13:39.704+0000] {taskmixin.py:205} WARNING - Dependency <Task(BashOperator): create_entry_gcs>, delete_entry already registered for DAG: example_complex
[2025-09-01T05:13:39.704+0000] {logging_mixin.py:120} INFO - [2025-09-01T05:13:39.704+0000] {taskmixin.py:205} WARNING - Dependency <Task(BashOperator): delete_entry>, create_entry_gcs already registered for DAG: example_complex
[2025-09-01T05:13:39.705+0000] {logging_mixin.py:120} INFO - [2025-09-01T05:13:39.705+0000] {taskmixin.py:205} WARNING - Dependency <Task(BashOperator): create_tag>, delete_tag already registered for DAG: example_complex
[2025-09-01T05:13:39.705+0000] {logging_mixin.py:120} INFO - [2025-09-01T05:13:39.705+0000] {taskmixin.py:205} WARNING - Dependency <Task(BashOperator): delete_tag>, create_tag already registered for DAG: example_complex
[2025-09-01T05:13:39.720+0000] {processor.py:766} INFO - DAG(s) dict_keys(['example_complex']) retrieved from /home/airflow/.local/lib/python3.7/site-packages/airflow/example_dags/example_complex.py
[2025-09-01T05:13:39.812+0000] {logging_mixin.py:120} INFO - [2025-09-01T05:13:39.812+0000] {dag.py:2585} INFO - Sync 1 DAGs
[2025-09-01T05:13:39.859+0000] {logging_mixin.py:120} INFO - [2025-09-01T05:13:39.858+0000] {dag.py:3340} INFO - Setting next_dagrun for example_complex to None, run_after=None
[2025-09-01T05:13:39.897+0000] {processor.py:176} INFO - Processing /home/airflow/.local/lib/python3.7/site-packages/airflow/example_dags/example_complex.py took 0.221 seconds
[2025-09-01T05:14:13.520+0000] {processor.py:154} INFO - Started process (PID=1459) to work on /home/airflow/.local/lib/python3.7/site-packages/airflow/example_dags/example_complex.py
[2025-09-01T05:14:13.532+0000] {processor.py:756} INFO - Processing file /home/airflow/.local/lib/python3.7/site-packages/airflow/example_dags/example_complex.py for tasks to queue
[2025-09-01T05:14:13.534+0000] {logging_mixin.py:120} INFO - [2025-09-01T05:14:13.533+0000] {dagbag.py:537} INFO - Filling up the DagBag from /home/airflow/.local/lib/python3.7/site-packages/airflow/example_dags/example_complex.py
[2025-09-01T05:14:13.590+0000] {logging_mixin.py:120} INFO - [2025-09-01T05:14:13.590+0000] {taskmixin.py:205} WARNING - Dependency <Task(BashOperator): create_entry_group>, delete_entry_group already registered for DAG: example_complex
[2025-09-01T05:14:13.591+0000] {logging_mixin.py:120} INFO - [2025-09-01T05:14:13.591+0000] {taskmixin.py:205} WARNING - Dependency <Task(BashOperator): delete_entry_group>, create_entry_group already registered for DAG: example_complex
[2025-09-01T05:14:13.591+0000] {logging_mixin.py:120} INFO - [2025-09-01T05:14:13.591+0000] {taskmixin.py:205} WARNING - Dependency <Task(BashOperator): create_entry_gcs>, delete_entry already registered for DAG: example_complex
[2025-09-01T05:14:13.592+0000] {logging_mixin.py:120} INFO - [2025-09-01T05:14:13.591+0000] {taskmixin.py:205} WARNING - Dependency <Task(BashOperator): delete_entry>, create_entry_gcs already registered for DAG: example_complex
[2025-09-01T05:14:13.592+0000] {logging_mixin.py:120} INFO - [2025-09-01T05:14:13.592+0000] {taskmixin.py:205} WARNING - Dependency <Task(BashOperator): create_tag>, delete_tag already registered for DAG: example_complex
[2025-09-01T05:14:13.593+0000] {logging_mixin.py:120} INFO - [2025-09-01T05:14:13.593+0000] {taskmixin.py:205} WARNING - Dependency <Task(BashOperator): delete_tag>, create_tag already registered for DAG: example_complex
[2025-09-01T05:14:13.622+0000] {processor.py:766} INFO - DAG(s) dict_keys(['example_complex']) retrieved from /home/airflow/.local/lib/python3.7/site-packages/airflow/example_dags/example_complex.py
[2025-09-01T05:14:13.828+0000] {logging_mixin.py:120} INFO - [2025-09-01T05:14:13.827+0000] {dag.py:2585} INFO - Sync 1 DAGs
[2025-09-01T05:14:13.962+0000] {logging_mixin.py:120} INFO - [2025-09-01T05:14:13.962+0000] {dag.py:3340} INFO - Setting next_dagrun for example_complex to None, run_after=None
[2025-09-01T05:14:14.073+0000] {processor.py:176} INFO - Processing /home/airflow/.local/lib/python3.7/site-packages/airflow/example_dags/example_complex.py took 0.563 seconds
[2025-09-01T05:14:48.428+0000] {processor.py:154} INFO - Started process (PID=1527) to work on /home/airflow/.local/lib/python3.7/site-packages/airflow/example_dags/example_complex.py
[2025-09-01T05:14:48.430+0000] {processor.py:756} INFO - Processing file /home/airflow/.local/lib/python3.7/site-packages/airflow/example_dags/example_complex.py for tasks to queue
[2025-09-01T05:14:48.431+0000] {logging_mixin.py:120} INFO - [2025-09-01T05:14:48.431+0000] {dagbag.py:537} INFO - Filling up the DagBag from /home/airflow/.local/lib/python3.7/site-packages/airflow/example_dags/example_complex.py
[2025-09-01T05:14:48.457+0000] {logging_mixin.py:120} INFO - [2025-09-01T05:14:48.457+0000] {taskmixin.py:205} WARNING - Dependency <Task(BashOperator): create_entry_group>, delete_entry_group already registered for DAG: example_complex
[2025-09-01T05:14:48.457+0000] {logging_mixin.py:120} INFO - [2025-09-01T05:14:48.457+0000] {taskmixin.py:205} WARNING - Dependency <Task(BashOperator): delete_entry_group>, create_entry_group already registered for DAG: example_complex
[2025-09-01T05:14:48.458+0000] {logging_mixin.py:120} INFO - [2025-09-01T05:14:48.458+0000] {taskmixin.py:205} WARNING - Dependency <Task(BashOperator): create_entry_gcs>, delete_entry already registered for DAG: example_complex
[2025-09-01T05:14:48.458+0000] {logging_mixin.py:120} INFO - [2025-09-01T05:14:48.458+0000] {taskmixin.py:205} WARNING - Dependency <Task(BashOperator): delete_entry>, create_entry_gcs already registered for DAG: example_complex
[2025-09-01T05:14:48.459+0000] {logging_mixin.py:120} INFO - [2025-09-01T05:14:48.459+0000] {taskmixin.py:205} WARNING - Dependency <Task(BashOperator): create_tag>, delete_tag already registered for DAG: example_complex
[2025-09-01T05:14:48.459+0000] {logging_mixin.py:120} INFO - [2025-09-01T05:14:48.459+0000] {taskmixin.py:205} WARNING - Dependency <Task(BashOperator): delete_tag>, create_tag already registered for DAG: example_complex
[2025-09-01T05:14:48.475+0000] {processor.py:766} INFO - DAG(s) dict_keys(['example_complex']) retrieved from /home/airflow/.local/lib/python3.7/site-packages/airflow/example_dags/example_complex.py
[2025-09-01T05:14:48.575+0000] {logging_mixin.py:120} INFO - [2025-09-01T05:14:48.575+0000] {dag.py:2585} INFO - Sync 1 DAGs
[2025-09-01T05:14:48.635+0000] {logging_mixin.py:120} INFO - [2025-09-01T05:14:48.635+0000] {dag.py:3340} INFO - Setting next_dagrun for example_complex to None, run_after=None
[2025-09-01T05:14:48.686+0000] {processor.py:176} INFO - Processing /home/airflow/.local/lib/python3.7/site-packages/airflow/example_dags/example_complex.py took 0.264 seconds
[2025-09-01T05:15:23.484+0000] {processor.py:154} INFO - Started process (PID=1586) to work on /home/airflow/.local/lib/python3.7/site-packages/airflow/example_dags/example_complex.py
[2025-09-01T05:15:23.492+0000] {processor.py:756} INFO - Processing file /home/airflow/.local/lib/python3.7/site-packages/airflow/example_dags/example_complex.py for tasks to queue
[2025-09-01T05:15:23.494+0000] {logging_mixin.py:120} INFO - [2025-09-01T05:15:23.493+0000] {dagbag.py:537} INFO - Filling up the DagBag from /home/airflow/.local/lib/python3.7/site-packages/airflow/example_dags/example_complex.py
[2025-09-01T05:15:23.548+0000] {logging_mixin.py:120} INFO - [2025-09-01T05:15:23.545+0000] {taskmixin.py:205} WARNING - Dependency <Task(BashOperator): create_entry_group>, delete_entry_group already registered for DAG: example_complex
[2025-09-01T05:15:23.549+0000] {logging_mixin.py:120} INFO - [2025-09-01T05:15:23.548+0000] {taskmixin.py:205} WARNING - Dependency <Task(BashOperator): delete_entry_group>, create_entry_group already registered for DAG: example_complex
[2025-09-01T05:15:23.550+0000] {logging_mixin.py:120} INFO - [2025-09-01T05:15:23.550+0000] {taskmixin.py:205} WARNING - Dependency <Task(BashOperator): create_entry_gcs>, delete_entry already registered for DAG: example_complex
[2025-09-01T05:15:23.550+0000] {logging_mixin.py:120} INFO - [2025-09-01T05:15:23.550+0000] {taskmixin.py:205} WARNING - Dependency <Task(BashOperator): delete_entry>, create_entry_gcs already registered for DAG: example_complex
[2025-09-01T05:15:23.552+0000] {logging_mixin.py:120} INFO - [2025-09-01T05:15:23.551+0000] {taskmixin.py:205} WARNING - Dependency <Task(BashOperator): create_tag>, delete_tag already registered for DAG: example_complex
[2025-09-01T05:15:23.552+0000] {logging_mixin.py:120} INFO - [2025-09-01T05:15:23.552+0000] {taskmixin.py:205} WARNING - Dependency <Task(BashOperator): delete_tag>, create_tag already registered for DAG: example_complex
[2025-09-01T05:15:23.595+0000] {processor.py:766} INFO - DAG(s) dict_keys(['example_complex']) retrieved from /home/airflow/.local/lib/python3.7/site-packages/airflow/example_dags/example_complex.py
[2025-09-01T05:15:23.750+0000] {logging_mixin.py:120} INFO - [2025-09-01T05:15:23.749+0000] {dag.py:2585} INFO - Sync 1 DAGs
[2025-09-01T05:15:23.852+0000] {logging_mixin.py:120} INFO - [2025-09-01T05:15:23.851+0000] {dag.py:3340} INFO - Setting next_dagrun for example_complex to None, run_after=None
[2025-09-01T05:15:23.924+0000] {processor.py:176} INFO - Processing /home/airflow/.local/lib/python3.7/site-packages/airflow/example_dags/example_complex.py took 0.452 seconds
[2025-09-01T05:15:57.564+0000] {processor.py:154} INFO - Started process (PID=1645) to work on /home/airflow/.local/lib/python3.7/site-packages/airflow/example_dags/example_complex.py
[2025-09-01T05:15:57.570+0000] {processor.py:756} INFO - Processing file /home/airflow/.local/lib/python3.7/site-packages/airflow/example_dags/example_complex.py for tasks to queue
[2025-09-01T05:15:57.577+0000] {logging_mixin.py:120} INFO - [2025-09-01T05:15:57.576+0000] {dagbag.py:537} INFO - Filling up the DagBag from /home/airflow/.local/lib/python3.7/site-packages/airflow/example_dags/example_complex.py
[2025-09-01T05:15:57.631+0000] {logging_mixin.py:120} INFO - [2025-09-01T05:15:57.631+0000] {taskmixin.py:205} WARNING - Dependency <Task(BashOperator): create_entry_group>, delete_entry_group already registered for DAG: example_complex
[2025-09-01T05:15:57.632+0000] {logging_mixin.py:120} INFO - [2025-09-01T05:15:57.632+0000] {taskmixin.py:205} WARNING - Dependency <Task(BashOperator): delete_entry_group>, create_entry_group already registered for DAG: example_complex
[2025-09-01T05:15:57.633+0000] {logging_mixin.py:120} INFO - [2025-09-01T05:15:57.632+0000] {taskmixin.py:205} WARNING - Dependency <Task(BashOperator): create_entry_gcs>, delete_entry already registered for DAG: example_complex
[2025-09-01T05:15:57.633+0000] {logging_mixin.py:120} INFO - [2025-09-01T05:15:57.633+0000] {taskmixin.py:205} WARNING - Dependency <Task(BashOperator): delete_entry>, create_entry_gcs already registered for DAG: example_complex
[2025-09-01T05:15:57.637+0000] {logging_mixin.py:120} INFO - [2025-09-01T05:15:57.636+0000] {taskmixin.py:205} WARNING - Dependency <Task(BashOperator): create_tag>, delete_tag already registered for DAG: example_complex
[2025-09-01T05:15:57.637+0000] {logging_mixin.py:120} INFO - [2025-09-01T05:15:57.637+0000] {taskmixin.py:205} WARNING - Dependency <Task(BashOperator): delete_tag>, create_tag already registered for DAG: example_complex
[2025-09-01T05:15:57.669+0000] {processor.py:766} INFO - DAG(s) dict_keys(['example_complex']) retrieved from /home/airflow/.local/lib/python3.7/site-packages/airflow/example_dags/example_complex.py
[2025-09-01T05:15:58.168+0000] {logging_mixin.py:120} INFO - [2025-09-01T05:15:58.167+0000] {dag.py:2585} INFO - Sync 1 DAGs
[2025-09-01T05:15:58.295+0000] {logging_mixin.py:120} INFO - [2025-09-01T05:15:58.295+0000] {dag.py:3340} INFO - Setting next_dagrun for example_complex to None, run_after=None
[2025-09-01T05:15:58.405+0000] {processor.py:176} INFO - Processing /home/airflow/.local/lib/python3.7/site-packages/airflow/example_dags/example_complex.py took 0.857 seconds
[2025-09-01T05:24:04.637+0000] {processor.py:154} INFO - Started process (PID=1695) to work on /home/airflow/.local/lib/python3.7/site-packages/airflow/example_dags/example_complex.py
[2025-09-01T05:24:04.645+0000] {processor.py:756} INFO - Processing file /home/airflow/.local/lib/python3.7/site-packages/airflow/example_dags/example_complex.py for tasks to queue
[2025-09-01T05:24:04.647+0000] {logging_mixin.py:120} INFO - [2025-09-01T05:24:04.646+0000] {dagbag.py:537} INFO - Filling up the DagBag from /home/airflow/.local/lib/python3.7/site-packages/airflow/example_dags/example_complex.py
[2025-09-01T05:24:04.660+0000] {logging_mixin.py:120} INFO - [2025-09-01T05:24:04.659+0000] {taskmixin.py:205} WARNING - Dependency <Task(BashOperator): create_entry_group>, delete_entry_group already registered for DAG: example_complex
[2025-09-01T05:24:04.660+0000] {logging_mixin.py:120} INFO - [2025-09-01T05:24:04.660+0000] {taskmixin.py:205} WARNING - Dependency <Task(BashOperator): delete_entry_group>, create_entry_group already registered for DAG: example_complex
[2025-09-01T05:24:04.660+0000] {logging_mixin.py:120} INFO - [2025-09-01T05:24:04.660+0000] {taskmixin.py:205} WARNING - Dependency <Task(BashOperator): create_entry_gcs>, delete_entry already registered for DAG: example_complex
[2025-09-01T05:24:04.660+0000] {logging_mixin.py:120} INFO - [2025-09-01T05:24:04.660+0000] {taskmixin.py:205} WARNING - Dependency <Task(BashOperator): delete_entry>, create_entry_gcs already registered for DAG: example_complex
[2025-09-01T05:24:04.660+0000] {logging_mixin.py:120} INFO - [2025-09-01T05:24:04.660+0000] {taskmixin.py:205} WARNING - Dependency <Task(BashOperator): create_tag>, delete_tag already registered for DAG: example_complex
[2025-09-01T05:24:04.660+0000] {logging_mixin.py:120} INFO - [2025-09-01T05:24:04.660+0000] {taskmixin.py:205} WARNING - Dependency <Task(BashOperator): delete_tag>, create_tag already registered for DAG: example_complex
[2025-09-01T05:24:04.669+0000] {processor.py:766} INFO - DAG(s) dict_keys(['example_complex']) retrieved from /home/airflow/.local/lib/python3.7/site-packages/airflow/example_dags/example_complex.py
[2025-09-01T05:24:05.133+0000] {processor.py:179} ERROR - Got an exception! Propagating...
Traceback (most recent call last):
  File "/home/airflow/.local/lib/python3.7/site-packages/sqlalchemy/engine/base.py", line 3243, in _wrap_pool_connect
    return fn()
  File "/home/airflow/.local/lib/python3.7/site-packages/sqlalchemy/pool/base.py", line 310, in connect
    return _ConnectionFairy._checkout(self)
  File "/home/airflow/.local/lib/python3.7/site-packages/sqlalchemy/pool/base.py", line 868, in _checkout
    fairy = _ConnectionRecord.checkout(pool)
  File "/home/airflow/.local/lib/python3.7/site-packages/sqlalchemy/pool/base.py", line 476, in checkout
    rec = pool._do_get()
  File "/home/airflow/.local/lib/python3.7/site-packages/sqlalchemy/pool/impl.py", line 146, in _do_get
    self._dec_overflow()
  File "/home/airflow/.local/lib/python3.7/site-packages/sqlalchemy/util/langhelpers.py", line 72, in __exit__
    with_traceback=exc_tb,
  File "/home/airflow/.local/lib/python3.7/site-packages/sqlalchemy/util/compat.py", line 207, in raise_
    raise exception
  File "/home/airflow/.local/lib/python3.7/site-packages/sqlalchemy/pool/impl.py", line 143, in _do_get
    return self._create_connection()
  File "/home/airflow/.local/lib/python3.7/site-packages/sqlalchemy/pool/base.py", line 256, in _create_connection
    return _ConnectionRecord(self)
  File "/home/airflow/.local/lib/python3.7/site-packages/sqlalchemy/pool/base.py", line 371, in __init__
    self.__connect()
  File "/home/airflow/.local/lib/python3.7/site-packages/sqlalchemy/pool/base.py", line 666, in __connect
    pool.logger.debug("Error on connect(): %s", e)
  File "/home/airflow/.local/lib/python3.7/site-packages/sqlalchemy/util/langhelpers.py", line 72, in __exit__
    with_traceback=exc_tb,
  File "/home/airflow/.local/lib/python3.7/site-packages/sqlalchemy/util/compat.py", line 207, in raise_
    raise exception
  File "/home/airflow/.local/lib/python3.7/site-packages/sqlalchemy/pool/base.py", line 661, in __connect
    self.dbapi_connection = connection = pool._invoke_creator(self)
  File "/home/airflow/.local/lib/python3.7/site-packages/sqlalchemy/engine/create.py", line 590, in connect
    return dialect.connect(*cargs, **cparams)
  File "/home/airflow/.local/lib/python3.7/site-packages/sqlalchemy/engine/default.py", line 584, in connect
    return self.dbapi.connect(*cargs, **cparams)
  File "/home/airflow/.local/lib/python3.7/site-packages/psycopg2/__init__.py", line 122, in connect
    conn = _connect(dsn, connection_factory=connection_factory, **kwasync)
psycopg2.OperationalError: could not translate host name "postgres" to address: Temporary failure in name resolution


The above exception was the direct cause of the following exception:

Traceback (most recent call last):
  File "/home/airflow/.local/lib/python3.7/site-packages/airflow/dag_processing/processor.py", line 175, in _run_file_processor
    _handle_dag_file_processing()
  File "/home/airflow/.local/lib/python3.7/site-packages/airflow/dag_processing/processor.py", line 159, in _handle_dag_file_processing
    callback_requests=callback_requests,
  File "/home/airflow/.local/lib/python3.7/site-packages/airflow/utils/session.py", line 75, in wrapper
    return func(*args, session=session, **kwargs)
  File "/home/airflow/.local/lib/python3.7/site-packages/airflow/dag_processing/processor.py", line 781, in process_file
    dagbag.sync_to_db(processor_subdir=self._dag_directory, session=session)
  File "/home/airflow/.local/lib/python3.7/site-packages/airflow/utils/session.py", line 72, in wrapper
    return func(*args, **kwargs)
  File "/home/airflow/.local/lib/python3.7/site-packages/airflow/models/dagbag.py", line 644, in sync_to_db
    for attempt in run_with_db_retries(logger=self.log):
  File "/home/airflow/.local/lib/python3.7/site-packages/tenacity/__init__.py", line 384, in __iter__
    do = self.iter(retry_state=retry_state)
  File "/home/airflow/.local/lib/python3.7/site-packages/tenacity/__init__.py", line 362, in iter
    raise retry_exc.reraise()
  File "/home/airflow/.local/lib/python3.7/site-packages/tenacity/__init__.py", line 195, in reraise
    raise self.last_attempt.result()
  File "/usr/local/lib/python3.7/concurrent/futures/_base.py", line 428, in result
    return self.__get_result()
  File "/usr/local/lib/python3.7/concurrent/futures/_base.py", line 384, in __get_result
    raise self._exception
  File "/home/airflow/.local/lib/python3.7/site-packages/airflow/models/dagbag.py", line 656, in sync_to_db
    serialize_errors.extend(_serialize_dag_capturing_errors(dag, session))
  File "/home/airflow/.local/lib/python3.7/site-packages/airflow/models/dagbag.py", line 630, in _serialize_dag_capturing_errors
    session=session,
  File "/home/airflow/.local/lib/python3.7/site-packages/airflow/utils/session.py", line 72, in wrapper
    return func(*args, **kwargs)
  File "/home/airflow/.local/lib/python3.7/site-packages/airflow/models/serialized_dag.py", line 150, in write_dag
    (timezone.utcnow() - timedelta(seconds=min_update_interval)) < cls.last_updated,
  File "/home/airflow/.local/lib/python3.7/site-packages/sqlalchemy/orm/query.py", line 2810, in first
    return self.limit(1)._iter().first()
  File "/home/airflow/.local/lib/python3.7/site-packages/sqlalchemy/orm/query.py", line 2897, in _iter
    execution_options={"_sa_orm_load_options": self.load_options},
  File "/home/airflow/.local/lib/python3.7/site-packages/sqlalchemy/orm/session.py", line 1688, in execute
    conn = self._connection_for_bind(bind)
  File "/home/airflow/.local/lib/python3.7/site-packages/sqlalchemy/orm/session.py", line 1530, in _connection_for_bind
    engine, execution_options
  File "/home/airflow/.local/lib/python3.7/site-packages/sqlalchemy/orm/session.py", line 747, in _connection_for_bind
    conn = bind.connect()
  File "/home/airflow/.local/lib/python3.7/site-packages/sqlalchemy/engine/base.py", line 3197, in connect
    return self._connection_cls(self, close_with_result=close_with_result)
  File "/home/airflow/.local/lib/python3.7/site-packages/sqlalchemy/engine/base.py", line 96, in __init__
    else engine.raw_connection()
  File "/home/airflow/.local/lib/python3.7/site-packages/sqlalchemy/engine/base.py", line 3276, in raw_connection
    return self._wrap_pool_connect(self.pool.connect, _connection)
  File "/home/airflow/.local/lib/python3.7/site-packages/sqlalchemy/engine/base.py", line 3247, in _wrap_pool_connect
    e, dialect, self
  File "/home/airflow/.local/lib/python3.7/site-packages/sqlalchemy/engine/base.py", line 2101, in _handle_dbapi_exception_noconnection
    sqlalchemy_exception, with_traceback=exc_info[2], from_=e
  File "/home/airflow/.local/lib/python3.7/site-packages/sqlalchemy/util/compat.py", line 207, in raise_
    raise exception
  File "/home/airflow/.local/lib/python3.7/site-packages/sqlalchemy/engine/base.py", line 3243, in _wrap_pool_connect
    return fn()
  File "/home/airflow/.local/lib/python3.7/site-packages/sqlalchemy/pool/base.py", line 310, in connect
    return _ConnectionFairy._checkout(self)
  File "/home/airflow/.local/lib/python3.7/site-packages/sqlalchemy/pool/base.py", line 868, in _checkout
    fairy = _ConnectionRecord.checkout(pool)
  File "/home/airflow/.local/lib/python3.7/site-packages/sqlalchemy/pool/base.py", line 476, in checkout
    rec = pool._do_get()
  File "/home/airflow/.local/lib/python3.7/site-packages/sqlalchemy/pool/impl.py", line 146, in _do_get
    self._dec_overflow()
  File "/home/airflow/.local/lib/python3.7/site-packages/sqlalchemy/util/langhelpers.py", line 72, in __exit__
    with_traceback=exc_tb,
  File "/home/airflow/.local/lib/python3.7/site-packages/sqlalchemy/util/compat.py", line 207, in raise_
    raise exception
  File "/home/airflow/.local/lib/python3.7/site-packages/sqlalchemy/pool/impl.py", line 143, in _do_get
    return self._create_connection()
  File "/home/airflow/.local/lib/python3.7/site-packages/sqlalchemy/pool/base.py", line 256, in _create_connection
    return _ConnectionRecord(self)
  File "/home/airflow/.local/lib/python3.7/site-packages/sqlalchemy/pool/base.py", line 371, in __init__
    self.__connect()
  File "/home/airflow/.local/lib/python3.7/site-packages/sqlalchemy/pool/base.py", line 666, in __connect
    pool.logger.debug("Error on connect(): %s", e)
  File "/home/airflow/.local/lib/python3.7/site-packages/sqlalchemy/util/langhelpers.py", line 72, in __exit__
    with_traceback=exc_tb,
  File "/home/airflow/.local/lib/python3.7/site-packages/sqlalchemy/util/compat.py", line 207, in raise_
    raise exception
  File "/home/airflow/.local/lib/python3.7/site-packages/sqlalchemy/pool/base.py", line 661, in __connect
    self.dbapi_connection = connection = pool._invoke_creator(self)
  File "/home/airflow/.local/lib/python3.7/site-packages/sqlalchemy/engine/create.py", line 590, in connect
    return dialect.connect(*cargs, **cparams)
  File "/home/airflow/.local/lib/python3.7/site-packages/sqlalchemy/engine/default.py", line 584, in connect
    return self.dbapi.connect(*cargs, **cparams)
  File "/home/airflow/.local/lib/python3.7/site-packages/psycopg2/__init__.py", line 122, in connect
    conn = _connect(dsn, connection_factory=connection_factory, **kwasync)
sqlalchemy.exc.OperationalError: (psycopg2.OperationalError) could not translate host name "postgres" to address: Temporary failure in name resolution

(Background on this error at: https://sqlalche.me/e/14/e3q8)
