[2025-09-01T05:03:08.213+0000] {processor.py:154} INFO - Started process (PID=77) to work on /home/airflow/.local/lib/python3.7/site-packages/airflow/example_dags/example_datasets.py
[2025-09-01T05:03:08.214+0000] {processor.py:756} INFO - Processing file /home/airflow/.local/lib/python3.7/site-packages/airflow/example_dags/example_datasets.py for tasks to queue
[2025-09-01T05:03:08.215+0000] {logging_mixin.py:120} INFO - [2025-09-01T05:03:08.215+0000] {dagbag.py:537} INFO - Filling up the DagBag from /home/airflow/.local/lib/python3.7/site-packages/airflow/example_dags/example_datasets.py
[2025-09-01T05:03:08.246+0000] {processor.py:766} INFO - DAG(s) dict_keys(['dataset_consumes_1_and_2', 'dataset_consumes_unknown_never_scheduled', 'dataset_consumes_1_never_scheduled', 'dataset_produces_2', 'dataset_produces_1', 'dataset_consumes_1']) retrieved from /home/airflow/.local/lib/python3.7/site-packages/airflow/example_dags/example_datasets.py
[2025-09-01T05:03:08.401+0000] {logging_mixin.py:120} INFO - [2025-09-01T05:03:08.401+0000] {dag.py:2585} INFO - Sync 6 DAGs
[2025-09-01T05:03:08.429+0000] {logging_mixin.py:120} INFO - [2025-09-01T05:03:08.429+0000] {dag.py:3340} INFO - Setting next_dagrun for dataset_consumes_1 to None, run_after=None
[2025-09-01T05:03:08.433+0000] {logging_mixin.py:120} INFO - [2025-09-01T05:03:08.433+0000] {dag.py:3340} INFO - Setting next_dagrun for dataset_consumes_1_and_2 to None, run_after=None
[2025-09-01T05:03:08.435+0000] {logging_mixin.py:120} INFO - [2025-09-01T05:03:08.435+0000] {dag.py:3340} INFO - Setting next_dagrun for dataset_consumes_1_never_scheduled to None, run_after=None
[2025-09-01T05:03:08.437+0000] {logging_mixin.py:120} INFO - [2025-09-01T05:03:08.437+0000] {dag.py:3340} INFO - Setting next_dagrun for dataset_consumes_unknown_never_scheduled to None, run_after=None
[2025-09-01T05:03:08.440+0000] {logging_mixin.py:120} INFO - [2025-09-01T05:03:08.440+0000] {dag.py:3340} INFO - Setting next_dagrun for dataset_produces_1 to 2025-08-31T00:00:00+00:00, run_after=2025-09-01T00:00:00+00:00
[2025-09-01T05:03:08.441+0000] {logging_mixin.py:120} INFO - [2025-09-01T05:03:08.441+0000] {dag.py:3340} INFO - Setting next_dagrun for dataset_produces_2 to None, run_after=None
[2025-09-01T05:03:08.480+0000] {processor.py:176} INFO - Processing /home/airflow/.local/lib/python3.7/site-packages/airflow/example_dags/example_datasets.py took 0.272 seconds
[2025-09-01T05:03:39.940+0000] {processor.py:154} INFO - Started process (PID=153) to work on /home/airflow/.local/lib/python3.7/site-packages/airflow/example_dags/example_datasets.py
[2025-09-01T05:03:39.941+0000] {processor.py:756} INFO - Processing file /home/airflow/.local/lib/python3.7/site-packages/airflow/example_dags/example_datasets.py for tasks to queue
[2025-09-01T05:03:39.942+0000] {logging_mixin.py:120} INFO - [2025-09-01T05:03:39.942+0000] {dagbag.py:537} INFO - Filling up the DagBag from /home/airflow/.local/lib/python3.7/site-packages/airflow/example_dags/example_datasets.py
[2025-09-01T05:03:39.963+0000] {processor.py:766} INFO - DAG(s) dict_keys(['dataset_consumes_1_and_2', 'dataset_consumes_1_never_scheduled', 'dataset_produces_1', 'dataset_consumes_1', 'dataset_consumes_unknown_never_scheduled', 'dataset_produces_2']) retrieved from /home/airflow/.local/lib/python3.7/site-packages/airflow/example_dags/example_datasets.py
[2025-09-01T05:03:40.058+0000] {logging_mixin.py:120} INFO - [2025-09-01T05:03:40.057+0000] {dag.py:2585} INFO - Sync 6 DAGs
[2025-09-01T05:03:40.100+0000] {logging_mixin.py:120} INFO - [2025-09-01T05:03:40.100+0000] {dag.py:3340} INFO - Setting next_dagrun for dataset_consumes_1 to None, run_after=None
[2025-09-01T05:03:40.105+0000] {logging_mixin.py:120} INFO - [2025-09-01T05:03:40.105+0000] {dag.py:3340} INFO - Setting next_dagrun for dataset_consumes_1_and_2 to None, run_after=None
[2025-09-01T05:03:40.107+0000] {logging_mixin.py:120} INFO - [2025-09-01T05:03:40.107+0000] {dag.py:3340} INFO - Setting next_dagrun for dataset_consumes_1_never_scheduled to None, run_after=None
[2025-09-01T05:03:40.108+0000] {logging_mixin.py:120} INFO - [2025-09-01T05:03:40.108+0000] {dag.py:3340} INFO - Setting next_dagrun for dataset_consumes_unknown_never_scheduled to None, run_after=None
[2025-09-01T05:03:40.110+0000] {logging_mixin.py:120} INFO - [2025-09-01T05:03:40.110+0000] {dag.py:3340} INFO - Setting next_dagrun for dataset_produces_1 to 2025-08-31T00:00:00+00:00, run_after=2025-09-01T00:00:00+00:00
[2025-09-01T05:03:40.111+0000] {logging_mixin.py:120} INFO - [2025-09-01T05:03:40.111+0000] {dag.py:3340} INFO - Setting next_dagrun for dataset_produces_2 to None, run_after=None
[2025-09-01T05:03:40.146+0000] {processor.py:176} INFO - Processing /home/airflow/.local/lib/python3.7/site-packages/airflow/example_dags/example_datasets.py took 0.210 seconds
[2025-09-01T05:04:13.090+0000] {processor.py:154} INFO - Started process (PID=213) to work on /home/airflow/.local/lib/python3.7/site-packages/airflow/example_dags/example_datasets.py
[2025-09-01T05:04:13.092+0000] {processor.py:756} INFO - Processing file /home/airflow/.local/lib/python3.7/site-packages/airflow/example_dags/example_datasets.py for tasks to queue
[2025-09-01T05:04:13.093+0000] {logging_mixin.py:120} INFO - [2025-09-01T05:04:13.093+0000] {dagbag.py:537} INFO - Filling up the DagBag from /home/airflow/.local/lib/python3.7/site-packages/airflow/example_dags/example_datasets.py
[2025-09-01T05:04:13.120+0000] {processor.py:766} INFO - DAG(s) dict_keys(['dataset_produces_2', 'dataset_produces_1', 'dataset_consumes_1', 'dataset_consumes_unknown_never_scheduled', 'dataset_consumes_1_and_2', 'dataset_consumes_1_never_scheduled']) retrieved from /home/airflow/.local/lib/python3.7/site-packages/airflow/example_dags/example_datasets.py
[2025-09-01T05:04:13.230+0000] {logging_mixin.py:120} INFO - [2025-09-01T05:04:13.229+0000] {dag.py:2585} INFO - Sync 6 DAGs
[2025-09-01T05:04:13.286+0000] {logging_mixin.py:120} INFO - [2025-09-01T05:04:13.285+0000] {dag.py:3340} INFO - Setting next_dagrun for dataset_consumes_1 to None, run_after=None
[2025-09-01T05:04:13.292+0000] {logging_mixin.py:120} INFO - [2025-09-01T05:04:13.292+0000] {dag.py:3340} INFO - Setting next_dagrun for dataset_consumes_1_and_2 to None, run_after=None
[2025-09-01T05:04:13.294+0000] {logging_mixin.py:120} INFO - [2025-09-01T05:04:13.294+0000] {dag.py:3340} INFO - Setting next_dagrun for dataset_consumes_1_never_scheduled to None, run_after=None
[2025-09-01T05:04:13.296+0000] {logging_mixin.py:120} INFO - [2025-09-01T05:04:13.296+0000] {dag.py:3340} INFO - Setting next_dagrun for dataset_consumes_unknown_never_scheduled to None, run_after=None
[2025-09-01T05:04:13.301+0000] {logging_mixin.py:120} INFO - [2025-09-01T05:04:13.301+0000] {dag.py:3340} INFO - Setting next_dagrun for dataset_produces_1 to 2025-08-31T00:00:00+00:00, run_after=2025-09-01T00:00:00+00:00
[2025-09-01T05:04:13.305+0000] {logging_mixin.py:120} INFO - [2025-09-01T05:04:13.304+0000] {dag.py:3340} INFO - Setting next_dagrun for dataset_produces_2 to None, run_after=None
[2025-09-01T05:04:13.365+0000] {processor.py:176} INFO - Processing /home/airflow/.local/lib/python3.7/site-packages/airflow/example_dags/example_datasets.py took 0.281 seconds
[2025-09-01T05:04:44.204+0000] {processor.py:154} INFO - Started process (PID=281) to work on /home/airflow/.local/lib/python3.7/site-packages/airflow/example_dags/example_datasets.py
[2025-09-01T05:04:44.206+0000] {processor.py:756} INFO - Processing file /home/airflow/.local/lib/python3.7/site-packages/airflow/example_dags/example_datasets.py for tasks to queue
[2025-09-01T05:04:44.207+0000] {logging_mixin.py:120} INFO - [2025-09-01T05:04:44.207+0000] {dagbag.py:537} INFO - Filling up the DagBag from /home/airflow/.local/lib/python3.7/site-packages/airflow/example_dags/example_datasets.py
[2025-09-01T05:04:44.233+0000] {processor.py:766} INFO - DAG(s) dict_keys(['dataset_produces_2', 'dataset_consumes_1', 'dataset_produces_1', 'dataset_consumes_unknown_never_scheduled', 'dataset_consumes_1_never_scheduled', 'dataset_consumes_1_and_2']) retrieved from /home/airflow/.local/lib/python3.7/site-packages/airflow/example_dags/example_datasets.py
[2025-09-01T05:04:44.315+0000] {logging_mixin.py:120} INFO - [2025-09-01T05:04:44.315+0000] {dag.py:2585} INFO - Sync 6 DAGs
[2025-09-01T05:04:44.352+0000] {logging_mixin.py:120} INFO - [2025-09-01T05:04:44.351+0000] {dag.py:3340} INFO - Setting next_dagrun for dataset_consumes_1 to None, run_after=None
[2025-09-01T05:04:44.356+0000] {logging_mixin.py:120} INFO - [2025-09-01T05:04:44.356+0000] {dag.py:3340} INFO - Setting next_dagrun for dataset_consumes_1_and_2 to None, run_after=None
[2025-09-01T05:04:44.358+0000] {logging_mixin.py:120} INFO - [2025-09-01T05:04:44.358+0000] {dag.py:3340} INFO - Setting next_dagrun for dataset_consumes_1_never_scheduled to None, run_after=None
[2025-09-01T05:04:44.359+0000] {logging_mixin.py:120} INFO - [2025-09-01T05:04:44.359+0000] {dag.py:3340} INFO - Setting next_dagrun for dataset_consumes_unknown_never_scheduled to None, run_after=None
[2025-09-01T05:04:44.363+0000] {logging_mixin.py:120} INFO - [2025-09-01T05:04:44.363+0000] {dag.py:3340} INFO - Setting next_dagrun for dataset_produces_1 to 2025-08-31T00:00:00+00:00, run_after=2025-09-01T00:00:00+00:00
[2025-09-01T05:04:44.365+0000] {logging_mixin.py:120} INFO - [2025-09-01T05:04:44.365+0000] {dag.py:3340} INFO - Setting next_dagrun for dataset_produces_2 to None, run_after=None
[2025-09-01T05:04:44.401+0000] {processor.py:176} INFO - Processing /home/airflow/.local/lib/python3.7/site-packages/airflow/example_dags/example_datasets.py took 0.202 seconds
[2025-09-01T05:05:15.193+0000] {processor.py:154} INFO - Started process (PID=349) to work on /home/airflow/.local/lib/python3.7/site-packages/airflow/example_dags/example_datasets.py
[2025-09-01T05:05:15.194+0000] {processor.py:756} INFO - Processing file /home/airflow/.local/lib/python3.7/site-packages/airflow/example_dags/example_datasets.py for tasks to queue
[2025-09-01T05:05:15.194+0000] {logging_mixin.py:120} INFO - [2025-09-01T05:05:15.194+0000] {dagbag.py:537} INFO - Filling up the DagBag from /home/airflow/.local/lib/python3.7/site-packages/airflow/example_dags/example_datasets.py
[2025-09-01T05:05:15.212+0000] {processor.py:766} INFO - DAG(s) dict_keys(['dataset_consumes_1', 'dataset_consumes_1_never_scheduled', 'dataset_produces_1', 'dataset_produces_2', 'dataset_consumes_unknown_never_scheduled', 'dataset_consumes_1_and_2']) retrieved from /home/airflow/.local/lib/python3.7/site-packages/airflow/example_dags/example_datasets.py
[2025-09-01T05:05:15.260+0000] {logging_mixin.py:120} INFO - [2025-09-01T05:05:15.260+0000] {dag.py:2585} INFO - Sync 6 DAGs
[2025-09-01T05:05:15.284+0000] {logging_mixin.py:120} INFO - [2025-09-01T05:05:15.284+0000] {dag.py:3340} INFO - Setting next_dagrun for dataset_consumes_1 to None, run_after=None
[2025-09-01T05:05:15.286+0000] {logging_mixin.py:120} INFO - [2025-09-01T05:05:15.286+0000] {dag.py:3340} INFO - Setting next_dagrun for dataset_consumes_1_and_2 to None, run_after=None
[2025-09-01T05:05:15.287+0000] {logging_mixin.py:120} INFO - [2025-09-01T05:05:15.287+0000] {dag.py:3340} INFO - Setting next_dagrun for dataset_consumes_1_never_scheduled to None, run_after=None
[2025-09-01T05:05:15.288+0000] {logging_mixin.py:120} INFO - [2025-09-01T05:05:15.288+0000] {dag.py:3340} INFO - Setting next_dagrun for dataset_consumes_unknown_never_scheduled to None, run_after=None
[2025-09-01T05:05:15.290+0000] {logging_mixin.py:120} INFO - [2025-09-01T05:05:15.290+0000] {dag.py:3340} INFO - Setting next_dagrun for dataset_produces_1 to 2025-08-31T00:00:00+00:00, run_after=2025-09-01T00:00:00+00:00
[2025-09-01T05:05:15.291+0000] {logging_mixin.py:120} INFO - [2025-09-01T05:05:15.291+0000] {dag.py:3340} INFO - Setting next_dagrun for dataset_produces_2 to None, run_after=None
[2025-09-01T05:05:15.325+0000] {processor.py:176} INFO - Processing /home/airflow/.local/lib/python3.7/site-packages/airflow/example_dags/example_datasets.py took 0.136 seconds
[2025-09-01T05:05:46.627+0000] {processor.py:154} INFO - Started process (PID=418) to work on /home/airflow/.local/lib/python3.7/site-packages/airflow/example_dags/example_datasets.py
[2025-09-01T05:05:46.628+0000] {processor.py:756} INFO - Processing file /home/airflow/.local/lib/python3.7/site-packages/airflow/example_dags/example_datasets.py for tasks to queue
[2025-09-01T05:05:46.629+0000] {logging_mixin.py:120} INFO - [2025-09-01T05:05:46.629+0000] {dagbag.py:537} INFO - Filling up the DagBag from /home/airflow/.local/lib/python3.7/site-packages/airflow/example_dags/example_datasets.py
[2025-09-01T05:05:46.651+0000] {processor.py:766} INFO - DAG(s) dict_keys(['dataset_consumes_1_and_2', 'dataset_consumes_unknown_never_scheduled', 'dataset_produces_1', 'dataset_consumes_1_never_scheduled', 'dataset_produces_2', 'dataset_consumes_1']) retrieved from /home/airflow/.local/lib/python3.7/site-packages/airflow/example_dags/example_datasets.py
[2025-09-01T05:05:46.731+0000] {logging_mixin.py:120} INFO - [2025-09-01T05:05:46.731+0000] {dag.py:2585} INFO - Sync 6 DAGs
[2025-09-01T05:05:46.767+0000] {logging_mixin.py:120} INFO - [2025-09-01T05:05:46.767+0000] {dag.py:3340} INFO - Setting next_dagrun for dataset_consumes_1 to None, run_after=None
[2025-09-01T05:05:46.772+0000] {logging_mixin.py:120} INFO - [2025-09-01T05:05:46.772+0000] {dag.py:3340} INFO - Setting next_dagrun for dataset_consumes_1_and_2 to None, run_after=None
[2025-09-01T05:05:46.774+0000] {logging_mixin.py:120} INFO - [2025-09-01T05:05:46.774+0000] {dag.py:3340} INFO - Setting next_dagrun for dataset_consumes_1_never_scheduled to None, run_after=None
[2025-09-01T05:05:46.777+0000] {logging_mixin.py:120} INFO - [2025-09-01T05:05:46.777+0000] {dag.py:3340} INFO - Setting next_dagrun for dataset_consumes_unknown_never_scheduled to None, run_after=None
[2025-09-01T05:05:46.780+0000] {logging_mixin.py:120} INFO - [2025-09-01T05:05:46.780+0000] {dag.py:3340} INFO - Setting next_dagrun for dataset_produces_1 to 2025-08-31T00:00:00+00:00, run_after=2025-09-01T00:00:00+00:00
[2025-09-01T05:05:46.783+0000] {logging_mixin.py:120} INFO - [2025-09-01T05:05:46.783+0000] {dag.py:3340} INFO - Setting next_dagrun for dataset_produces_2 to None, run_after=None
[2025-09-01T05:05:46.823+0000] {processor.py:176} INFO - Processing /home/airflow/.local/lib/python3.7/site-packages/airflow/example_dags/example_datasets.py took 0.200 seconds
[2025-09-01T05:06:18.093+0000] {processor.py:154} INFO - Started process (PID=477) to work on /home/airflow/.local/lib/python3.7/site-packages/airflow/example_dags/example_datasets.py
[2025-09-01T05:06:18.094+0000] {processor.py:756} INFO - Processing file /home/airflow/.local/lib/python3.7/site-packages/airflow/example_dags/example_datasets.py for tasks to queue
[2025-09-01T05:06:18.095+0000] {logging_mixin.py:120} INFO - [2025-09-01T05:06:18.095+0000] {dagbag.py:537} INFO - Filling up the DagBag from /home/airflow/.local/lib/python3.7/site-packages/airflow/example_dags/example_datasets.py
[2025-09-01T05:06:18.111+0000] {processor.py:766} INFO - DAG(s) dict_keys(['dataset_produces_1', 'dataset_consumes_1_never_scheduled', 'dataset_produces_2', 'dataset_consumes_1_and_2', 'dataset_consumes_1', 'dataset_consumes_unknown_never_scheduled']) retrieved from /home/airflow/.local/lib/python3.7/site-packages/airflow/example_dags/example_datasets.py
[2025-09-01T05:06:18.168+0000] {logging_mixin.py:120} INFO - [2025-09-01T05:06:18.167+0000] {dag.py:2585} INFO - Sync 6 DAGs
[2025-09-01T05:06:18.194+0000] {logging_mixin.py:120} INFO - [2025-09-01T05:06:18.194+0000] {dag.py:3340} INFO - Setting next_dagrun for dataset_consumes_1 to None, run_after=None
[2025-09-01T05:06:18.197+0000] {logging_mixin.py:120} INFO - [2025-09-01T05:06:18.197+0000] {dag.py:3340} INFO - Setting next_dagrun for dataset_consumes_1_and_2 to None, run_after=None
[2025-09-01T05:06:18.198+0000] {logging_mixin.py:120} INFO - [2025-09-01T05:06:18.198+0000] {dag.py:3340} INFO - Setting next_dagrun for dataset_consumes_1_never_scheduled to None, run_after=None
[2025-09-01T05:06:18.199+0000] {logging_mixin.py:120} INFO - [2025-09-01T05:06:18.199+0000] {dag.py:3340} INFO - Setting next_dagrun for dataset_consumes_unknown_never_scheduled to None, run_after=None
[2025-09-01T05:06:18.201+0000] {logging_mixin.py:120} INFO - [2025-09-01T05:06:18.201+0000] {dag.py:3340} INFO - Setting next_dagrun for dataset_produces_1 to 2025-08-31T00:00:00+00:00, run_after=2025-09-01T00:00:00+00:00
[2025-09-01T05:06:18.202+0000] {logging_mixin.py:120} INFO - [2025-09-01T05:06:18.202+0000] {dag.py:3340} INFO - Setting next_dagrun for dataset_produces_2 to None, run_after=None
[2025-09-01T05:06:18.226+0000] {processor.py:176} INFO - Processing /home/airflow/.local/lib/python3.7/site-packages/airflow/example_dags/example_datasets.py took 0.136 seconds
[2025-09-01T05:06:49.233+0000] {processor.py:154} INFO - Started process (PID=544) to work on /home/airflow/.local/lib/python3.7/site-packages/airflow/example_dags/example_datasets.py
[2025-09-01T05:06:49.234+0000] {processor.py:756} INFO - Processing file /home/airflow/.local/lib/python3.7/site-packages/airflow/example_dags/example_datasets.py for tasks to queue
[2025-09-01T05:06:49.236+0000] {logging_mixin.py:120} INFO - [2025-09-01T05:06:49.236+0000] {dagbag.py:537} INFO - Filling up the DagBag from /home/airflow/.local/lib/python3.7/site-packages/airflow/example_dags/example_datasets.py
[2025-09-01T05:06:49.266+0000] {processor.py:766} INFO - DAG(s) dict_keys(['dataset_consumes_1', 'dataset_produces_1', 'dataset_consumes_1_never_scheduled', 'dataset_produces_2', 'dataset_consumes_unknown_never_scheduled', 'dataset_consumes_1_and_2']) retrieved from /home/airflow/.local/lib/python3.7/site-packages/airflow/example_dags/example_datasets.py
[2025-09-01T05:06:49.349+0000] {logging_mixin.py:120} INFO - [2025-09-01T05:06:49.349+0000] {dag.py:2585} INFO - Sync 6 DAGs
[2025-09-01T05:06:49.387+0000] {logging_mixin.py:120} INFO - [2025-09-01T05:06:49.387+0000] {dag.py:3340} INFO - Setting next_dagrun for dataset_consumes_1 to None, run_after=None
[2025-09-01T05:06:49.392+0000] {logging_mixin.py:120} INFO - [2025-09-01T05:06:49.392+0000] {dag.py:3340} INFO - Setting next_dagrun for dataset_consumes_1_and_2 to None, run_after=None
[2025-09-01T05:06:49.393+0000] {logging_mixin.py:120} INFO - [2025-09-01T05:06:49.393+0000] {dag.py:3340} INFO - Setting next_dagrun for dataset_consumes_1_never_scheduled to None, run_after=None
[2025-09-01T05:06:49.395+0000] {logging_mixin.py:120} INFO - [2025-09-01T05:06:49.395+0000] {dag.py:3340} INFO - Setting next_dagrun for dataset_consumes_unknown_never_scheduled to None, run_after=None
[2025-09-01T05:06:49.400+0000] {logging_mixin.py:120} INFO - [2025-09-01T05:06:49.399+0000] {dag.py:3340} INFO - Setting next_dagrun for dataset_produces_1 to 2025-08-31T00:00:00+00:00, run_after=2025-09-01T00:00:00+00:00
[2025-09-01T05:06:49.402+0000] {logging_mixin.py:120} INFO - [2025-09-01T05:06:49.402+0000] {dag.py:3340} INFO - Setting next_dagrun for dataset_produces_2 to None, run_after=None
[2025-09-01T05:06:49.455+0000] {processor.py:176} INFO - Processing /home/airflow/.local/lib/python3.7/site-packages/airflow/example_dags/example_datasets.py took 0.227 seconds
[2025-09-01T05:07:20.915+0000] {processor.py:154} INFO - Started process (PID=612) to work on /home/airflow/.local/lib/python3.7/site-packages/airflow/example_dags/example_datasets.py
[2025-09-01T05:07:20.917+0000] {processor.py:756} INFO - Processing file /home/airflow/.local/lib/python3.7/site-packages/airflow/example_dags/example_datasets.py for tasks to queue
[2025-09-01T05:07:20.917+0000] {logging_mixin.py:120} INFO - [2025-09-01T05:07:20.917+0000] {dagbag.py:537} INFO - Filling up the DagBag from /home/airflow/.local/lib/python3.7/site-packages/airflow/example_dags/example_datasets.py
[2025-09-01T05:07:20.946+0000] {processor.py:766} INFO - DAG(s) dict_keys(['dataset_consumes_1', 'dataset_produces_1', 'dataset_consumes_unknown_never_scheduled', 'dataset_consumes_1_never_scheduled', 'dataset_consumes_1_and_2', 'dataset_produces_2']) retrieved from /home/airflow/.local/lib/python3.7/site-packages/airflow/example_dags/example_datasets.py
[2025-09-01T05:07:21.033+0000] {logging_mixin.py:120} INFO - [2025-09-01T05:07:21.033+0000] {dag.py:2585} INFO - Sync 6 DAGs
[2025-09-01T05:07:21.074+0000] {logging_mixin.py:120} INFO - [2025-09-01T05:07:21.074+0000] {dag.py:3340} INFO - Setting next_dagrun for dataset_consumes_1 to None, run_after=None
[2025-09-01T05:07:21.078+0000] {logging_mixin.py:120} INFO - [2025-09-01T05:07:21.078+0000] {dag.py:3340} INFO - Setting next_dagrun for dataset_consumes_1_and_2 to None, run_after=None
[2025-09-01T05:07:21.079+0000] {logging_mixin.py:120} INFO - [2025-09-01T05:07:21.079+0000] {dag.py:3340} INFO - Setting next_dagrun for dataset_consumes_1_never_scheduled to None, run_after=None
[2025-09-01T05:07:21.081+0000] {logging_mixin.py:120} INFO - [2025-09-01T05:07:21.081+0000] {dag.py:3340} INFO - Setting next_dagrun for dataset_consumes_unknown_never_scheduled to None, run_after=None
[2025-09-01T05:07:21.083+0000] {logging_mixin.py:120} INFO - [2025-09-01T05:07:21.083+0000] {dag.py:3340} INFO - Setting next_dagrun for dataset_produces_1 to 2025-08-31T00:00:00+00:00, run_after=2025-09-01T00:00:00+00:00
[2025-09-01T05:07:21.084+0000] {logging_mixin.py:120} INFO - [2025-09-01T05:07:21.084+0000] {dag.py:3340} INFO - Setting next_dagrun for dataset_produces_2 to None, run_after=None
[2025-09-01T05:07:21.123+0000] {processor.py:176} INFO - Processing /home/airflow/.local/lib/python3.7/site-packages/airflow/example_dags/example_datasets.py took 0.212 seconds
[2025-09-01T05:07:51.978+0000] {processor.py:154} INFO - Started process (PID=670) to work on /home/airflow/.local/lib/python3.7/site-packages/airflow/example_dags/example_datasets.py
[2025-09-01T05:07:51.980+0000] {processor.py:756} INFO - Processing file /home/airflow/.local/lib/python3.7/site-packages/airflow/example_dags/example_datasets.py for tasks to queue
[2025-09-01T05:07:51.981+0000] {logging_mixin.py:120} INFO - [2025-09-01T05:07:51.981+0000] {dagbag.py:537} INFO - Filling up the DagBag from /home/airflow/.local/lib/python3.7/site-packages/airflow/example_dags/example_datasets.py
[2025-09-01T05:07:52.006+0000] {processor.py:766} INFO - DAG(s) dict_keys(['dataset_produces_2', 'dataset_consumes_unknown_never_scheduled', 'dataset_consumes_1_never_scheduled', 'dataset_produces_1', 'dataset_consumes_1', 'dataset_consumes_1_and_2']) retrieved from /home/airflow/.local/lib/python3.7/site-packages/airflow/example_dags/example_datasets.py
[2025-09-01T05:07:52.093+0000] {logging_mixin.py:120} INFO - [2025-09-01T05:07:52.093+0000] {dag.py:2585} INFO - Sync 6 DAGs
[2025-09-01T05:07:52.134+0000] {logging_mixin.py:120} INFO - [2025-09-01T05:07:52.133+0000] {dag.py:3340} INFO - Setting next_dagrun for dataset_consumes_1 to None, run_after=None
[2025-09-01T05:07:52.139+0000] {logging_mixin.py:120} INFO - [2025-09-01T05:07:52.139+0000] {dag.py:3340} INFO - Setting next_dagrun for dataset_consumes_1_and_2 to None, run_after=None
[2025-09-01T05:07:52.141+0000] {logging_mixin.py:120} INFO - [2025-09-01T05:07:52.140+0000] {dag.py:3340} INFO - Setting next_dagrun for dataset_consumes_1_never_scheduled to None, run_after=None
[2025-09-01T05:07:52.142+0000] {logging_mixin.py:120} INFO - [2025-09-01T05:07:52.142+0000] {dag.py:3340} INFO - Setting next_dagrun for dataset_consumes_unknown_never_scheduled to None, run_after=None
[2025-09-01T05:07:52.145+0000] {logging_mixin.py:120} INFO - [2025-09-01T05:07:52.145+0000] {dag.py:3340} INFO - Setting next_dagrun for dataset_produces_1 to 2025-08-31T00:00:00+00:00, run_after=2025-09-01T00:00:00+00:00
[2025-09-01T05:07:52.146+0000] {logging_mixin.py:120} INFO - [2025-09-01T05:07:52.146+0000] {dag.py:3340} INFO - Setting next_dagrun for dataset_produces_2 to None, run_after=None
[2025-09-01T05:07:52.196+0000] {processor.py:176} INFO - Processing /home/airflow/.local/lib/python3.7/site-packages/airflow/example_dags/example_datasets.py took 0.223 seconds
[2025-09-01T05:08:23.501+0000] {processor.py:154} INFO - Started process (PID=737) to work on /home/airflow/.local/lib/python3.7/site-packages/airflow/example_dags/example_datasets.py
[2025-09-01T05:08:23.502+0000] {processor.py:756} INFO - Processing file /home/airflow/.local/lib/python3.7/site-packages/airflow/example_dags/example_datasets.py for tasks to queue
[2025-09-01T05:08:23.503+0000] {logging_mixin.py:120} INFO - [2025-09-01T05:08:23.503+0000] {dagbag.py:537} INFO - Filling up the DagBag from /home/airflow/.local/lib/python3.7/site-packages/airflow/example_dags/example_datasets.py
[2025-09-01T05:08:23.528+0000] {processor.py:766} INFO - DAG(s) dict_keys(['dataset_consumes_unknown_never_scheduled', 'dataset_produces_2', 'dataset_produces_1', 'dataset_consumes_1_and_2', 'dataset_consumes_1', 'dataset_consumes_1_never_scheduled']) retrieved from /home/airflow/.local/lib/python3.7/site-packages/airflow/example_dags/example_datasets.py
[2025-09-01T05:08:23.605+0000] {logging_mixin.py:120} INFO - [2025-09-01T05:08:23.605+0000] {dag.py:2585} INFO - Sync 6 DAGs
[2025-09-01T05:08:23.642+0000] {logging_mixin.py:120} INFO - [2025-09-01T05:08:23.642+0000] {dag.py:3340} INFO - Setting next_dagrun for dataset_consumes_1 to None, run_after=None
[2025-09-01T05:08:23.646+0000] {logging_mixin.py:120} INFO - [2025-09-01T05:08:23.646+0000] {dag.py:3340} INFO - Setting next_dagrun for dataset_consumes_1_and_2 to None, run_after=None
[2025-09-01T05:08:23.648+0000] {logging_mixin.py:120} INFO - [2025-09-01T05:08:23.648+0000] {dag.py:3340} INFO - Setting next_dagrun for dataset_consumes_1_never_scheduled to None, run_after=None
[2025-09-01T05:08:23.649+0000] {logging_mixin.py:120} INFO - [2025-09-01T05:08:23.649+0000] {dag.py:3340} INFO - Setting next_dagrun for dataset_consumes_unknown_never_scheduled to None, run_after=None
[2025-09-01T05:08:23.652+0000] {logging_mixin.py:120} INFO - [2025-09-01T05:08:23.652+0000] {dag.py:3340} INFO - Setting next_dagrun for dataset_produces_1 to 2025-08-31T00:00:00+00:00, run_after=2025-09-01T00:00:00+00:00
[2025-09-01T05:08:23.653+0000] {logging_mixin.py:120} INFO - [2025-09-01T05:08:23.653+0000] {dag.py:3340} INFO - Setting next_dagrun for dataset_produces_2 to None, run_after=None
[2025-09-01T05:08:23.688+0000] {processor.py:176} INFO - Processing /home/airflow/.local/lib/python3.7/site-packages/airflow/example_dags/example_datasets.py took 0.192 seconds
[2025-09-01T05:08:54.631+0000] {processor.py:154} INFO - Started process (PID=804) to work on /home/airflow/.local/lib/python3.7/site-packages/airflow/example_dags/example_datasets.py
[2025-09-01T05:08:54.633+0000] {processor.py:756} INFO - Processing file /home/airflow/.local/lib/python3.7/site-packages/airflow/example_dags/example_datasets.py for tasks to queue
[2025-09-01T05:08:54.633+0000] {logging_mixin.py:120} INFO - [2025-09-01T05:08:54.633+0000] {dagbag.py:537} INFO - Filling up the DagBag from /home/airflow/.local/lib/python3.7/site-packages/airflow/example_dags/example_datasets.py
[2025-09-01T05:08:54.659+0000] {processor.py:766} INFO - DAG(s) dict_keys(['dataset_produces_1', 'dataset_consumes_1', 'dataset_consumes_unknown_never_scheduled', 'dataset_produces_2', 'dataset_consumes_1_and_2', 'dataset_consumes_1_never_scheduled']) retrieved from /home/airflow/.local/lib/python3.7/site-packages/airflow/example_dags/example_datasets.py
[2025-09-01T05:08:54.732+0000] {logging_mixin.py:120} INFO - [2025-09-01T05:08:54.732+0000] {dag.py:2585} INFO - Sync 6 DAGs
[2025-09-01T05:08:54.770+0000] {logging_mixin.py:120} INFO - [2025-09-01T05:08:54.770+0000] {dag.py:3340} INFO - Setting next_dagrun for dataset_consumes_1 to None, run_after=None
[2025-09-01T05:08:54.776+0000] {logging_mixin.py:120} INFO - [2025-09-01T05:08:54.776+0000] {dag.py:3340} INFO - Setting next_dagrun for dataset_consumes_1_and_2 to None, run_after=None
[2025-09-01T05:08:54.777+0000] {logging_mixin.py:120} INFO - [2025-09-01T05:08:54.777+0000] {dag.py:3340} INFO - Setting next_dagrun for dataset_consumes_1_never_scheduled to None, run_after=None
[2025-09-01T05:08:54.778+0000] {logging_mixin.py:120} INFO - [2025-09-01T05:08:54.778+0000] {dag.py:3340} INFO - Setting next_dagrun for dataset_consumes_unknown_never_scheduled to None, run_after=None
[2025-09-01T05:08:54.782+0000] {logging_mixin.py:120} INFO - [2025-09-01T05:08:54.782+0000] {dag.py:3340} INFO - Setting next_dagrun for dataset_produces_1 to 2025-08-31T00:00:00+00:00, run_after=2025-09-01T00:00:00+00:00
[2025-09-01T05:08:54.783+0000] {logging_mixin.py:120} INFO - [2025-09-01T05:08:54.783+0000] {dag.py:3340} INFO - Setting next_dagrun for dataset_produces_2 to None, run_after=None
[2025-09-01T05:08:54.817+0000] {processor.py:176} INFO - Processing /home/airflow/.local/lib/python3.7/site-packages/airflow/example_dags/example_datasets.py took 0.190 seconds
[2025-09-01T05:09:25.669+0000] {processor.py:154} INFO - Started process (PID=863) to work on /home/airflow/.local/lib/python3.7/site-packages/airflow/example_dags/example_datasets.py
[2025-09-01T05:09:25.671+0000] {processor.py:756} INFO - Processing file /home/airflow/.local/lib/python3.7/site-packages/airflow/example_dags/example_datasets.py for tasks to queue
[2025-09-01T05:09:25.672+0000] {logging_mixin.py:120} INFO - [2025-09-01T05:09:25.672+0000] {dagbag.py:537} INFO - Filling up the DagBag from /home/airflow/.local/lib/python3.7/site-packages/airflow/example_dags/example_datasets.py
[2025-09-01T05:09:25.696+0000] {processor.py:766} INFO - DAG(s) dict_keys(['dataset_consumes_1_never_scheduled', 'dataset_consumes_1_and_2', 'dataset_consumes_1', 'dataset_consumes_unknown_never_scheduled', 'dataset_produces_2', 'dataset_produces_1']) retrieved from /home/airflow/.local/lib/python3.7/site-packages/airflow/example_dags/example_datasets.py
[2025-09-01T05:09:25.779+0000] {logging_mixin.py:120} INFO - [2025-09-01T05:09:25.778+0000] {dag.py:2585} INFO - Sync 6 DAGs
[2025-09-01T05:09:25.824+0000] {logging_mixin.py:120} INFO - [2025-09-01T05:09:25.823+0000] {dag.py:3340} INFO - Setting next_dagrun for dataset_consumes_1 to None, run_after=None
[2025-09-01T05:09:25.829+0000] {logging_mixin.py:120} INFO - [2025-09-01T05:09:25.829+0000] {dag.py:3340} INFO - Setting next_dagrun for dataset_consumes_1_and_2 to None, run_after=None
[2025-09-01T05:09:25.833+0000] {logging_mixin.py:120} INFO - [2025-09-01T05:09:25.832+0000] {dag.py:3340} INFO - Setting next_dagrun for dataset_consumes_1_never_scheduled to None, run_after=None
[2025-09-01T05:09:25.835+0000] {logging_mixin.py:120} INFO - [2025-09-01T05:09:25.834+0000] {dag.py:3340} INFO - Setting next_dagrun for dataset_consumes_unknown_never_scheduled to None, run_after=None
[2025-09-01T05:09:25.841+0000] {logging_mixin.py:120} INFO - [2025-09-01T05:09:25.841+0000] {dag.py:3340} INFO - Setting next_dagrun for dataset_produces_1 to 2025-08-31T00:00:00+00:00, run_after=2025-09-01T00:00:00+00:00
[2025-09-01T05:09:25.843+0000] {logging_mixin.py:120} INFO - [2025-09-01T05:09:25.843+0000] {dag.py:3340} INFO - Setting next_dagrun for dataset_produces_2 to None, run_after=None
[2025-09-01T05:09:25.883+0000] {processor.py:176} INFO - Processing /home/airflow/.local/lib/python3.7/site-packages/airflow/example_dags/example_datasets.py took 0.219 seconds
[2025-09-01T05:09:56.996+0000] {processor.py:154} INFO - Started process (PID=931) to work on /home/airflow/.local/lib/python3.7/site-packages/airflow/example_dags/example_datasets.py
[2025-09-01T05:09:56.998+0000] {processor.py:756} INFO - Processing file /home/airflow/.local/lib/python3.7/site-packages/airflow/example_dags/example_datasets.py for tasks to queue
[2025-09-01T05:09:56.999+0000] {logging_mixin.py:120} INFO - [2025-09-01T05:09:56.999+0000] {dagbag.py:537} INFO - Filling up the DagBag from /home/airflow/.local/lib/python3.7/site-packages/airflow/example_dags/example_datasets.py
[2025-09-01T05:09:57.024+0000] {processor.py:766} INFO - DAG(s) dict_keys(['dataset_consumes_1', 'dataset_produces_2', 'dataset_consumes_1_and_2', 'dataset_consumes_1_never_scheduled', 'dataset_produces_1', 'dataset_consumes_unknown_never_scheduled']) retrieved from /home/airflow/.local/lib/python3.7/site-packages/airflow/example_dags/example_datasets.py
[2025-09-01T05:09:57.112+0000] {logging_mixin.py:120} INFO - [2025-09-01T05:09:57.111+0000] {dag.py:2585} INFO - Sync 6 DAGs
[2025-09-01T05:09:57.153+0000] {logging_mixin.py:120} INFO - [2025-09-01T05:09:57.153+0000] {dag.py:3340} INFO - Setting next_dagrun for dataset_consumes_1 to None, run_after=None
[2025-09-01T05:09:57.157+0000] {logging_mixin.py:120} INFO - [2025-09-01T05:09:57.157+0000] {dag.py:3340} INFO - Setting next_dagrun for dataset_consumes_1_and_2 to None, run_after=None
[2025-09-01T05:09:57.159+0000] {logging_mixin.py:120} INFO - [2025-09-01T05:09:57.159+0000] {dag.py:3340} INFO - Setting next_dagrun for dataset_consumes_1_never_scheduled to None, run_after=None
[2025-09-01T05:09:57.161+0000] {logging_mixin.py:120} INFO - [2025-09-01T05:09:57.161+0000] {dag.py:3340} INFO - Setting next_dagrun for dataset_consumes_unknown_never_scheduled to None, run_after=None
[2025-09-01T05:09:57.164+0000] {logging_mixin.py:120} INFO - [2025-09-01T05:09:57.164+0000] {dag.py:3340} INFO - Setting next_dagrun for dataset_produces_1 to 2025-08-31T00:00:00+00:00, run_after=2025-09-01T00:00:00+00:00
[2025-09-01T05:09:57.165+0000] {logging_mixin.py:120} INFO - [2025-09-01T05:09:57.165+0000] {dag.py:3340} INFO - Setting next_dagrun for dataset_produces_2 to None, run_after=None
[2025-09-01T05:09:57.208+0000] {processor.py:176} INFO - Processing /home/airflow/.local/lib/python3.7/site-packages/airflow/example_dags/example_datasets.py took 0.217 seconds
[2025-09-01T05:10:28.802+0000] {processor.py:154} INFO - Started process (PID=999) to work on /home/airflow/.local/lib/python3.7/site-packages/airflow/example_dags/example_datasets.py
[2025-09-01T05:10:28.804+0000] {processor.py:756} INFO - Processing file /home/airflow/.local/lib/python3.7/site-packages/airflow/example_dags/example_datasets.py for tasks to queue
[2025-09-01T05:10:28.805+0000] {logging_mixin.py:120} INFO - [2025-09-01T05:10:28.804+0000] {dagbag.py:537} INFO - Filling up the DagBag from /home/airflow/.local/lib/python3.7/site-packages/airflow/example_dags/example_datasets.py
[2025-09-01T05:10:28.827+0000] {processor.py:766} INFO - DAG(s) dict_keys(['dataset_produces_2', 'dataset_consumes_1_and_2', 'dataset_consumes_1', 'dataset_consumes_unknown_never_scheduled', 'dataset_consumes_1_never_scheduled', 'dataset_produces_1']) retrieved from /home/airflow/.local/lib/python3.7/site-packages/airflow/example_dags/example_datasets.py
[2025-09-01T05:10:28.916+0000] {logging_mixin.py:120} INFO - [2025-09-01T05:10:28.916+0000] {dag.py:2585} INFO - Sync 6 DAGs
[2025-09-01T05:10:28.960+0000] {logging_mixin.py:120} INFO - [2025-09-01T05:10:28.960+0000] {dag.py:3340} INFO - Setting next_dagrun for dataset_consumes_1 to None, run_after=None
[2025-09-01T05:10:28.966+0000] {logging_mixin.py:120} INFO - [2025-09-01T05:10:28.966+0000] {dag.py:3340} INFO - Setting next_dagrun for dataset_consumes_1_and_2 to None, run_after=None
[2025-09-01T05:10:28.968+0000] {logging_mixin.py:120} INFO - [2025-09-01T05:10:28.968+0000] {dag.py:3340} INFO - Setting next_dagrun for dataset_consumes_1_never_scheduled to None, run_after=None
[2025-09-01T05:10:28.969+0000] {logging_mixin.py:120} INFO - [2025-09-01T05:10:28.969+0000] {dag.py:3340} INFO - Setting next_dagrun for dataset_consumes_unknown_never_scheduled to None, run_after=None
[2025-09-01T05:10:28.972+0000] {logging_mixin.py:120} INFO - [2025-09-01T05:10:28.972+0000] {dag.py:3340} INFO - Setting next_dagrun for dataset_produces_1 to 2025-08-31T00:00:00+00:00, run_after=2025-09-01T00:00:00+00:00
[2025-09-01T05:10:28.974+0000] {logging_mixin.py:120} INFO - [2025-09-01T05:10:28.974+0000] {dag.py:3340} INFO - Setting next_dagrun for dataset_produces_2 to None, run_after=None
[2025-09-01T05:10:29.026+0000] {processor.py:176} INFO - Processing /home/airflow/.local/lib/python3.7/site-packages/airflow/example_dags/example_datasets.py took 0.228 seconds
[2025-09-01T05:11:00.229+0000] {processor.py:154} INFO - Started process (PID=1067) to work on /home/airflow/.local/lib/python3.7/site-packages/airflow/example_dags/example_datasets.py
[2025-09-01T05:11:00.231+0000] {processor.py:756} INFO - Processing file /home/airflow/.local/lib/python3.7/site-packages/airflow/example_dags/example_datasets.py for tasks to queue
[2025-09-01T05:11:00.231+0000] {logging_mixin.py:120} INFO - [2025-09-01T05:11:00.231+0000] {dagbag.py:537} INFO - Filling up the DagBag from /home/airflow/.local/lib/python3.7/site-packages/airflow/example_dags/example_datasets.py
[2025-09-01T05:11:00.285+0000] {processor.py:766} INFO - DAG(s) dict_keys(['dataset_consumes_unknown_never_scheduled', 'dataset_consumes_1_never_scheduled', 'dataset_consumes_1', 'dataset_produces_1', 'dataset_produces_2', 'dataset_consumes_1_and_2']) retrieved from /home/airflow/.local/lib/python3.7/site-packages/airflow/example_dags/example_datasets.py
[2025-09-01T05:11:00.408+0000] {logging_mixin.py:120} INFO - [2025-09-01T05:11:00.408+0000] {dag.py:2585} INFO - Sync 6 DAGs
[2025-09-01T05:11:00.455+0000] {logging_mixin.py:120} INFO - [2025-09-01T05:11:00.455+0000] {dag.py:3340} INFO - Setting next_dagrun for dataset_consumes_1 to None, run_after=None
[2025-09-01T05:11:00.462+0000] {logging_mixin.py:120} INFO - [2025-09-01T05:11:00.462+0000] {dag.py:3340} INFO - Setting next_dagrun for dataset_consumes_1_and_2 to None, run_after=None
[2025-09-01T05:11:00.465+0000] {logging_mixin.py:120} INFO - [2025-09-01T05:11:00.464+0000] {dag.py:3340} INFO - Setting next_dagrun for dataset_consumes_1_never_scheduled to None, run_after=None
[2025-09-01T05:11:00.466+0000] {logging_mixin.py:120} INFO - [2025-09-01T05:11:00.466+0000] {dag.py:3340} INFO - Setting next_dagrun for dataset_consumes_unknown_never_scheduled to None, run_after=None
[2025-09-01T05:11:00.471+0000] {logging_mixin.py:120} INFO - [2025-09-01T05:11:00.471+0000] {dag.py:3340} INFO - Setting next_dagrun for dataset_produces_1 to 2025-08-31T00:00:00+00:00, run_after=2025-09-01T00:00:00+00:00
[2025-09-01T05:11:00.473+0000] {logging_mixin.py:120} INFO - [2025-09-01T05:11:00.473+0000] {dag.py:3340} INFO - Setting next_dagrun for dataset_produces_2 to None, run_after=None
[2025-09-01T05:11:00.523+0000] {processor.py:176} INFO - Processing /home/airflow/.local/lib/python3.7/site-packages/airflow/example_dags/example_datasets.py took 0.301 seconds
[2025-09-01T05:11:31.642+0000] {processor.py:154} INFO - Started process (PID=1126) to work on /home/airflow/.local/lib/python3.7/site-packages/airflow/example_dags/example_datasets.py
[2025-09-01T05:11:31.643+0000] {processor.py:756} INFO - Processing file /home/airflow/.local/lib/python3.7/site-packages/airflow/example_dags/example_datasets.py for tasks to queue
[2025-09-01T05:11:31.644+0000] {logging_mixin.py:120} INFO - [2025-09-01T05:11:31.644+0000] {dagbag.py:537} INFO - Filling up the DagBag from /home/airflow/.local/lib/python3.7/site-packages/airflow/example_dags/example_datasets.py
[2025-09-01T05:11:31.658+0000] {processor.py:766} INFO - DAG(s) dict_keys(['dataset_consumes_1_never_scheduled', 'dataset_consumes_unknown_never_scheduled', 'dataset_produces_1', 'dataset_consumes_1_and_2', 'dataset_consumes_1', 'dataset_produces_2']) retrieved from /home/airflow/.local/lib/python3.7/site-packages/airflow/example_dags/example_datasets.py
[2025-09-01T05:11:31.705+0000] {logging_mixin.py:120} INFO - [2025-09-01T05:11:31.705+0000] {dag.py:2585} INFO - Sync 6 DAGs
[2025-09-01T05:11:31.728+0000] {logging_mixin.py:120} INFO - [2025-09-01T05:11:31.727+0000] {dag.py:3340} INFO - Setting next_dagrun for dataset_consumes_1 to None, run_after=None
[2025-09-01T05:11:31.730+0000] {logging_mixin.py:120} INFO - [2025-09-01T05:11:31.730+0000] {dag.py:3340} INFO - Setting next_dagrun for dataset_consumes_1_and_2 to None, run_after=None
[2025-09-01T05:11:31.731+0000] {logging_mixin.py:120} INFO - [2025-09-01T05:11:31.731+0000] {dag.py:3340} INFO - Setting next_dagrun for dataset_consumes_1_never_scheduled to None, run_after=None
[2025-09-01T05:11:31.732+0000] {logging_mixin.py:120} INFO - [2025-09-01T05:11:31.732+0000] {dag.py:3340} INFO - Setting next_dagrun for dataset_consumes_unknown_never_scheduled to None, run_after=None
[2025-09-01T05:11:31.734+0000] {logging_mixin.py:120} INFO - [2025-09-01T05:11:31.734+0000] {dag.py:3340} INFO - Setting next_dagrun for dataset_produces_1 to 2025-08-31T00:00:00+00:00, run_after=2025-09-01T00:00:00+00:00
[2025-09-01T05:11:31.735+0000] {logging_mixin.py:120} INFO - [2025-09-01T05:11:31.735+0000] {dag.py:3340} INFO - Setting next_dagrun for dataset_produces_2 to None, run_after=None
[2025-09-01T05:11:31.759+0000] {processor.py:176} INFO - Processing /home/airflow/.local/lib/python3.7/site-packages/airflow/example_dags/example_datasets.py took 0.120 seconds
[2025-09-01T05:12:03.266+0000] {processor.py:154} INFO - Started process (PID=1194) to work on /home/airflow/.local/lib/python3.7/site-packages/airflow/example_dags/example_datasets.py
[2025-09-01T05:12:03.267+0000] {processor.py:756} INFO - Processing file /home/airflow/.local/lib/python3.7/site-packages/airflow/example_dags/example_datasets.py for tasks to queue
[2025-09-01T05:12:03.268+0000] {logging_mixin.py:120} INFO - [2025-09-01T05:12:03.268+0000] {dagbag.py:537} INFO - Filling up the DagBag from /home/airflow/.local/lib/python3.7/site-packages/airflow/example_dags/example_datasets.py
[2025-09-01T05:12:03.286+0000] {processor.py:766} INFO - DAG(s) dict_keys(['dataset_produces_1', 'dataset_consumes_1_never_scheduled', 'dataset_consumes_1', 'dataset_consumes_1_and_2', 'dataset_produces_2', 'dataset_consumes_unknown_never_scheduled']) retrieved from /home/airflow/.local/lib/python3.7/site-packages/airflow/example_dags/example_datasets.py
[2025-09-01T05:12:03.345+0000] {logging_mixin.py:120} INFO - [2025-09-01T05:12:03.345+0000] {dag.py:2585} INFO - Sync 6 DAGs
[2025-09-01T05:12:03.370+0000] {logging_mixin.py:120} INFO - [2025-09-01T05:12:03.370+0000] {dag.py:3340} INFO - Setting next_dagrun for dataset_consumes_1 to None, run_after=None
[2025-09-01T05:12:03.375+0000] {logging_mixin.py:120} INFO - [2025-09-01T05:12:03.375+0000] {dag.py:3340} INFO - Setting next_dagrun for dataset_consumes_1_and_2 to None, run_after=None
[2025-09-01T05:12:03.376+0000] {logging_mixin.py:120} INFO - [2025-09-01T05:12:03.376+0000] {dag.py:3340} INFO - Setting next_dagrun for dataset_consumes_1_never_scheduled to None, run_after=None
[2025-09-01T05:12:03.377+0000] {logging_mixin.py:120} INFO - [2025-09-01T05:12:03.377+0000] {dag.py:3340} INFO - Setting next_dagrun for dataset_consumes_unknown_never_scheduled to None, run_after=None
[2025-09-01T05:12:03.379+0000] {logging_mixin.py:120} INFO - [2025-09-01T05:12:03.379+0000] {dag.py:3340} INFO - Setting next_dagrun for dataset_produces_1 to 2025-08-31T00:00:00+00:00, run_after=2025-09-01T00:00:00+00:00
[2025-09-01T05:12:03.380+0000] {logging_mixin.py:120} INFO - [2025-09-01T05:12:03.380+0000] {dag.py:3340} INFO - Setting next_dagrun for dataset_produces_2 to None, run_after=None
[2025-09-01T05:12:03.403+0000] {processor.py:176} INFO - Processing /home/airflow/.local/lib/python3.7/site-packages/airflow/example_dags/example_datasets.py took 0.141 seconds
[2025-09-01T05:12:35.148+0000] {processor.py:154} INFO - Started process (PID=1263) to work on /home/airflow/.local/lib/python3.7/site-packages/airflow/example_dags/example_datasets.py
[2025-09-01T05:12:35.149+0000] {processor.py:756} INFO - Processing file /home/airflow/.local/lib/python3.7/site-packages/airflow/example_dags/example_datasets.py for tasks to queue
[2025-09-01T05:12:35.150+0000] {logging_mixin.py:120} INFO - [2025-09-01T05:12:35.150+0000] {dagbag.py:537} INFO - Filling up the DagBag from /home/airflow/.local/lib/python3.7/site-packages/airflow/example_dags/example_datasets.py
[2025-09-01T05:12:35.171+0000] {processor.py:766} INFO - DAG(s) dict_keys(['dataset_consumes_1_and_2', 'dataset_consumes_1_never_scheduled', 'dataset_produces_1', 'dataset_produces_2', 'dataset_consumes_1', 'dataset_consumes_unknown_never_scheduled']) retrieved from /home/airflow/.local/lib/python3.7/site-packages/airflow/example_dags/example_datasets.py
[2025-09-01T05:12:35.245+0000] {logging_mixin.py:120} INFO - [2025-09-01T05:12:35.245+0000] {dag.py:2585} INFO - Sync 6 DAGs
[2025-09-01T05:12:35.279+0000] {logging_mixin.py:120} INFO - [2025-09-01T05:12:35.278+0000] {dag.py:3340} INFO - Setting next_dagrun for dataset_consumes_1 to None, run_after=None
[2025-09-01T05:12:35.283+0000] {logging_mixin.py:120} INFO - [2025-09-01T05:12:35.282+0000] {dag.py:3340} INFO - Setting next_dagrun for dataset_consumes_1_and_2 to None, run_after=None
[2025-09-01T05:12:35.284+0000] {logging_mixin.py:120} INFO - [2025-09-01T05:12:35.284+0000] {dag.py:3340} INFO - Setting next_dagrun for dataset_consumes_1_never_scheduled to None, run_after=None
[2025-09-01T05:12:35.285+0000] {logging_mixin.py:120} INFO - [2025-09-01T05:12:35.285+0000] {dag.py:3340} INFO - Setting next_dagrun for dataset_consumes_unknown_never_scheduled to None, run_after=None
[2025-09-01T05:12:35.288+0000] {logging_mixin.py:120} INFO - [2025-09-01T05:12:35.288+0000] {dag.py:3340} INFO - Setting next_dagrun for dataset_produces_1 to 2025-08-31T00:00:00+00:00, run_after=2025-09-01T00:00:00+00:00
[2025-09-01T05:12:35.289+0000] {logging_mixin.py:120} INFO - [2025-09-01T05:12:35.289+0000] {dag.py:3340} INFO - Setting next_dagrun for dataset_produces_2 to None, run_after=None
[2025-09-01T05:12:35.319+0000] {processor.py:176} INFO - Processing /home/airflow/.local/lib/python3.7/site-packages/airflow/example_dags/example_datasets.py took 0.175 seconds
[2025-09-01T05:13:07.916+0000] {processor.py:154} INFO - Started process (PID=1331) to work on /home/airflow/.local/lib/python3.7/site-packages/airflow/example_dags/example_datasets.py
[2025-09-01T05:13:07.918+0000] {processor.py:756} INFO - Processing file /home/airflow/.local/lib/python3.7/site-packages/airflow/example_dags/example_datasets.py for tasks to queue
[2025-09-01T05:13:07.919+0000] {logging_mixin.py:120} INFO - [2025-09-01T05:13:07.919+0000] {dagbag.py:537} INFO - Filling up the DagBag from /home/airflow/.local/lib/python3.7/site-packages/airflow/example_dags/example_datasets.py
[2025-09-01T05:13:07.982+0000] {processor.py:766} INFO - DAG(s) dict_keys(['dataset_consumes_1', 'dataset_consumes_1_and_2', 'dataset_consumes_unknown_never_scheduled', 'dataset_consumes_1_never_scheduled', 'dataset_produces_2', 'dataset_produces_1']) retrieved from /home/airflow/.local/lib/python3.7/site-packages/airflow/example_dags/example_datasets.py
[2025-09-01T05:13:08.116+0000] {logging_mixin.py:120} INFO - [2025-09-01T05:13:08.115+0000] {dag.py:2585} INFO - Sync 6 DAGs
[2025-09-01T05:13:08.166+0000] {logging_mixin.py:120} INFO - [2025-09-01T05:13:08.165+0000] {dag.py:3340} INFO - Setting next_dagrun for dataset_consumes_1 to None, run_after=None
[2025-09-01T05:13:08.171+0000] {logging_mixin.py:120} INFO - [2025-09-01T05:13:08.171+0000] {dag.py:3340} INFO - Setting next_dagrun for dataset_consumes_1_and_2 to None, run_after=None
[2025-09-01T05:13:08.173+0000] {logging_mixin.py:120} INFO - [2025-09-01T05:13:08.173+0000] {dag.py:3340} INFO - Setting next_dagrun for dataset_consumes_1_never_scheduled to None, run_after=None
[2025-09-01T05:13:08.175+0000] {logging_mixin.py:120} INFO - [2025-09-01T05:13:08.175+0000] {dag.py:3340} INFO - Setting next_dagrun for dataset_consumes_unknown_never_scheduled to None, run_after=None
[2025-09-01T05:13:08.180+0000] {logging_mixin.py:120} INFO - [2025-09-01T05:13:08.180+0000] {dag.py:3340} INFO - Setting next_dagrun for dataset_produces_1 to 2025-08-31T00:00:00+00:00, run_after=2025-09-01T00:00:00+00:00
[2025-09-01T05:13:08.182+0000] {logging_mixin.py:120} INFO - [2025-09-01T05:13:08.182+0000] {dag.py:3340} INFO - Setting next_dagrun for dataset_produces_2 to None, run_after=None
[2025-09-01T05:13:08.236+0000] {processor.py:176} INFO - Processing /home/airflow/.local/lib/python3.7/site-packages/airflow/example_dags/example_datasets.py took 0.327 seconds
[2025-09-01T05:13:39.505+0000] {processor.py:154} INFO - Started process (PID=1399) to work on /home/airflow/.local/lib/python3.7/site-packages/airflow/example_dags/example_datasets.py
[2025-09-01T05:13:39.507+0000] {processor.py:756} INFO - Processing file /home/airflow/.local/lib/python3.7/site-packages/airflow/example_dags/example_datasets.py for tasks to queue
[2025-09-01T05:13:39.508+0000] {logging_mixin.py:120} INFO - [2025-09-01T05:13:39.508+0000] {dagbag.py:537} INFO - Filling up the DagBag from /home/airflow/.local/lib/python3.7/site-packages/airflow/example_dags/example_datasets.py
[2025-09-01T05:13:39.544+0000] {processor.py:766} INFO - DAG(s) dict_keys(['dataset_produces_1', 'dataset_consumes_1_and_2', 'dataset_consumes_1', 'dataset_consumes_1_never_scheduled', 'dataset_consumes_unknown_never_scheduled', 'dataset_produces_2']) retrieved from /home/airflow/.local/lib/python3.7/site-packages/airflow/example_dags/example_datasets.py
[2025-09-01T05:13:39.644+0000] {logging_mixin.py:120} INFO - [2025-09-01T05:13:39.644+0000] {dag.py:2585} INFO - Sync 6 DAGs
[2025-09-01T05:13:39.701+0000] {logging_mixin.py:120} INFO - [2025-09-01T05:13:39.700+0000] {dag.py:3340} INFO - Setting next_dagrun for dataset_consumes_1 to None, run_after=None
[2025-09-01T05:13:39.707+0000] {logging_mixin.py:120} INFO - [2025-09-01T05:13:39.707+0000] {dag.py:3340} INFO - Setting next_dagrun for dataset_consumes_1_and_2 to None, run_after=None
[2025-09-01T05:13:39.709+0000] {logging_mixin.py:120} INFO - [2025-09-01T05:13:39.709+0000] {dag.py:3340} INFO - Setting next_dagrun for dataset_consumes_1_never_scheduled to None, run_after=None
[2025-09-01T05:13:39.711+0000] {logging_mixin.py:120} INFO - [2025-09-01T05:13:39.711+0000] {dag.py:3340} INFO - Setting next_dagrun for dataset_consumes_unknown_never_scheduled to None, run_after=None
[2025-09-01T05:13:39.715+0000] {logging_mixin.py:120} INFO - [2025-09-01T05:13:39.714+0000] {dag.py:3340} INFO - Setting next_dagrun for dataset_produces_1 to 2025-08-31T00:00:00+00:00, run_after=2025-09-01T00:00:00+00:00
[2025-09-01T05:13:39.716+0000] {logging_mixin.py:120} INFO - [2025-09-01T05:13:39.716+0000] {dag.py:3340} INFO - Setting next_dagrun for dataset_produces_2 to None, run_after=None
[2025-09-01T05:13:39.770+0000] {processor.py:176} INFO - Processing /home/airflow/.local/lib/python3.7/site-packages/airflow/example_dags/example_datasets.py took 0.272 seconds
[2025-09-01T05:14:13.282+0000] {processor.py:154} INFO - Started process (PID=1458) to work on /home/airflow/.local/lib/python3.7/site-packages/airflow/example_dags/example_datasets.py
[2025-09-01T05:14:13.286+0000] {processor.py:756} INFO - Processing file /home/airflow/.local/lib/python3.7/site-packages/airflow/example_dags/example_datasets.py for tasks to queue
[2025-09-01T05:14:13.288+0000] {logging_mixin.py:120} INFO - [2025-09-01T05:14:13.288+0000] {dagbag.py:537} INFO - Filling up the DagBag from /home/airflow/.local/lib/python3.7/site-packages/airflow/example_dags/example_datasets.py
[2025-09-01T05:14:13.328+0000] {processor.py:766} INFO - DAG(s) dict_keys(['dataset_consumes_1', 'dataset_consumes_1_never_scheduled', 'dataset_produces_2', 'dataset_consumes_1_and_2', 'dataset_consumes_unknown_never_scheduled', 'dataset_produces_1']) retrieved from /home/airflow/.local/lib/python3.7/site-packages/airflow/example_dags/example_datasets.py
[2025-09-01T05:14:13.491+0000] {logging_mixin.py:120} INFO - [2025-09-01T05:14:13.490+0000] {dag.py:2585} INFO - Sync 6 DAGs
[2025-09-01T05:14:13.610+0000] {logging_mixin.py:120} INFO - [2025-09-01T05:14:13.608+0000] {dag.py:3340} INFO - Setting next_dagrun for dataset_consumes_1 to None, run_after=None
[2025-09-01T05:14:13.621+0000] {logging_mixin.py:120} INFO - [2025-09-01T05:14:13.621+0000] {dag.py:3340} INFO - Setting next_dagrun for dataset_consumes_1_and_2 to None, run_after=None
[2025-09-01T05:14:13.626+0000] {logging_mixin.py:120} INFO - [2025-09-01T05:14:13.626+0000] {dag.py:3340} INFO - Setting next_dagrun for dataset_consumes_1_never_scheduled to None, run_after=None
[2025-09-01T05:14:13.629+0000] {logging_mixin.py:120} INFO - [2025-09-01T05:14:13.629+0000] {dag.py:3340} INFO - Setting next_dagrun for dataset_consumes_unknown_never_scheduled to None, run_after=None
[2025-09-01T05:14:13.639+0000] {logging_mixin.py:120} INFO - [2025-09-01T05:14:13.638+0000] {dag.py:3340} INFO - Setting next_dagrun for dataset_produces_1 to 2025-08-31T00:00:00+00:00, run_after=2025-09-01T00:00:00+00:00
[2025-09-01T05:14:13.642+0000] {logging_mixin.py:120} INFO - [2025-09-01T05:14:13.641+0000] {dag.py:3340} INFO - Setting next_dagrun for dataset_produces_2 to None, run_after=None
[2025-09-01T05:14:13.773+0000] {processor.py:176} INFO - Processing /home/airflow/.local/lib/python3.7/site-packages/airflow/example_dags/example_datasets.py took 0.501 seconds
[2025-09-01T05:14:48.161+0000] {processor.py:154} INFO - Started process (PID=1526) to work on /home/airflow/.local/lib/python3.7/site-packages/airflow/example_dags/example_datasets.py
[2025-09-01T05:14:48.163+0000] {processor.py:756} INFO - Processing file /home/airflow/.local/lib/python3.7/site-packages/airflow/example_dags/example_datasets.py for tasks to queue
[2025-09-01T05:14:48.165+0000] {logging_mixin.py:120} INFO - [2025-09-01T05:14:48.165+0000] {dagbag.py:537} INFO - Filling up the DagBag from /home/airflow/.local/lib/python3.7/site-packages/airflow/example_dags/example_datasets.py
[2025-09-01T05:14:48.234+0000] {processor.py:766} INFO - DAG(s) dict_keys(['dataset_consumes_1_and_2', 'dataset_produces_2', 'dataset_produces_1', 'dataset_consumes_1', 'dataset_consumes_unknown_never_scheduled', 'dataset_consumes_1_never_scheduled']) retrieved from /home/airflow/.local/lib/python3.7/site-packages/airflow/example_dags/example_datasets.py
[2025-09-01T05:14:48.379+0000] {logging_mixin.py:120} INFO - [2025-09-01T05:14:48.379+0000] {dag.py:2585} INFO - Sync 6 DAGs
[2025-09-01T05:14:48.436+0000] {logging_mixin.py:120} INFO - [2025-09-01T05:14:48.436+0000] {dag.py:3340} INFO - Setting next_dagrun for dataset_consumes_1 to None, run_after=None
[2025-09-01T05:14:48.443+0000] {logging_mixin.py:120} INFO - [2025-09-01T05:14:48.442+0000] {dag.py:3340} INFO - Setting next_dagrun for dataset_consumes_1_and_2 to None, run_after=None
[2025-09-01T05:14:48.445+0000] {logging_mixin.py:120} INFO - [2025-09-01T05:14:48.445+0000] {dag.py:3340} INFO - Setting next_dagrun for dataset_consumes_1_never_scheduled to None, run_after=None
[2025-09-01T05:14:48.447+0000] {logging_mixin.py:120} INFO - [2025-09-01T05:14:48.447+0000] {dag.py:3340} INFO - Setting next_dagrun for dataset_consumes_unknown_never_scheduled to None, run_after=None
[2025-09-01T05:14:48.452+0000] {logging_mixin.py:120} INFO - [2025-09-01T05:14:48.452+0000] {dag.py:3340} INFO - Setting next_dagrun for dataset_produces_1 to 2025-08-31T00:00:00+00:00, run_after=2025-09-01T00:00:00+00:00
[2025-09-01T05:14:48.455+0000] {logging_mixin.py:120} INFO - [2025-09-01T05:14:48.455+0000] {dag.py:3340} INFO - Setting next_dagrun for dataset_produces_2 to None, run_after=None
[2025-09-01T05:14:48.510+0000] {processor.py:176} INFO - Processing /home/airflow/.local/lib/python3.7/site-packages/airflow/example_dags/example_datasets.py took 0.359 seconds
[2025-09-01T05:15:22.897+0000] {processor.py:154} INFO - Started process (PID=1585) to work on /home/airflow/.local/lib/python3.7/site-packages/airflow/example_dags/example_datasets.py
[2025-09-01T05:15:22.904+0000] {processor.py:756} INFO - Processing file /home/airflow/.local/lib/python3.7/site-packages/airflow/example_dags/example_datasets.py for tasks to queue
[2025-09-01T05:15:22.906+0000] {logging_mixin.py:120} INFO - [2025-09-01T05:15:22.906+0000] {dagbag.py:537} INFO - Filling up the DagBag from /home/airflow/.local/lib/python3.7/site-packages/airflow/example_dags/example_datasets.py
[2025-09-01T05:15:22.975+0000] {processor.py:766} INFO - DAG(s) dict_keys(['dataset_consumes_unknown_never_scheduled', 'dataset_produces_2', 'dataset_produces_1', 'dataset_consumes_1_never_scheduled', 'dataset_consumes_1', 'dataset_consumes_1_and_2']) retrieved from /home/airflow/.local/lib/python3.7/site-packages/airflow/example_dags/example_datasets.py
[2025-09-01T05:15:23.343+0000] {logging_mixin.py:120} INFO - [2025-09-01T05:15:23.343+0000] {dag.py:2585} INFO - Sync 6 DAGs
[2025-09-01T05:15:23.518+0000] {logging_mixin.py:120} INFO - [2025-09-01T05:15:23.517+0000] {dag.py:3340} INFO - Setting next_dagrun for dataset_consumes_1 to None, run_after=None
[2025-09-01T05:15:23.533+0000] {logging_mixin.py:120} INFO - [2025-09-01T05:15:23.532+0000] {dag.py:3340} INFO - Setting next_dagrun for dataset_consumes_1_and_2 to None, run_after=None
[2025-09-01T05:15:23.538+0000] {logging_mixin.py:120} INFO - [2025-09-01T05:15:23.538+0000] {dag.py:3340} INFO - Setting next_dagrun for dataset_consumes_1_never_scheduled to None, run_after=None
[2025-09-01T05:15:23.545+0000] {logging_mixin.py:120} INFO - [2025-09-01T05:15:23.545+0000] {dag.py:3340} INFO - Setting next_dagrun for dataset_consumes_unknown_never_scheduled to None, run_after=None
[2025-09-01T05:15:23.553+0000] {logging_mixin.py:120} INFO - [2025-09-01T05:15:23.553+0000] {dag.py:3340} INFO - Setting next_dagrun for dataset_produces_1 to 2025-08-31T00:00:00+00:00, run_after=2025-09-01T00:00:00+00:00
[2025-09-01T05:15:23.564+0000] {logging_mixin.py:120} INFO - [2025-09-01T05:15:23.562+0000] {dag.py:3340} INFO - Setting next_dagrun for dataset_produces_2 to None, run_after=None
[2025-09-01T05:15:23.697+0000] {processor.py:176} INFO - Processing /home/airflow/.local/lib/python3.7/site-packages/airflow/example_dags/example_datasets.py took 0.810 seconds
[2025-09-01T05:15:56.756+0000] {processor.py:154} INFO - Started process (PID=1644) to work on /home/airflow/.local/lib/python3.7/site-packages/airflow/example_dags/example_datasets.py
[2025-09-01T05:15:56.760+0000] {processor.py:756} INFO - Processing file /home/airflow/.local/lib/python3.7/site-packages/airflow/example_dags/example_datasets.py for tasks to queue
[2025-09-01T05:15:56.762+0000] {logging_mixin.py:120} INFO - [2025-09-01T05:15:56.761+0000] {dagbag.py:537} INFO - Filling up the DagBag from /home/airflow/.local/lib/python3.7/site-packages/airflow/example_dags/example_datasets.py
[2025-09-01T05:15:56.825+0000] {processor.py:766} INFO - DAG(s) dict_keys(['dataset_consumes_1_never_scheduled', 'dataset_consumes_1_and_2', 'dataset_produces_2', 'dataset_consumes_unknown_never_scheduled', 'dataset_produces_1', 'dataset_consumes_1']) retrieved from /home/airflow/.local/lib/python3.7/site-packages/airflow/example_dags/example_datasets.py
[2025-09-01T05:15:57.378+0000] {logging_mixin.py:120} INFO - [2025-09-01T05:15:57.378+0000] {dag.py:2585} INFO - Sync 6 DAGs
[2025-09-01T05:15:57.565+0000] {logging_mixin.py:120} INFO - [2025-09-01T05:15:57.564+0000] {dag.py:3340} INFO - Setting next_dagrun for dataset_consumes_1 to None, run_after=None
[2025-09-01T05:15:57.598+0000] {logging_mixin.py:120} INFO - [2025-09-01T05:15:57.598+0000] {dag.py:3340} INFO - Setting next_dagrun for dataset_consumes_1_and_2 to None, run_after=None
[2025-09-01T05:15:57.603+0000] {logging_mixin.py:120} INFO - [2025-09-01T05:15:57.603+0000] {dag.py:3340} INFO - Setting next_dagrun for dataset_consumes_1_never_scheduled to None, run_after=None
[2025-09-01T05:15:57.606+0000] {logging_mixin.py:120} INFO - [2025-09-01T05:15:57.606+0000] {dag.py:3340} INFO - Setting next_dagrun for dataset_consumes_unknown_never_scheduled to None, run_after=None
[2025-09-01T05:15:57.615+0000] {logging_mixin.py:120} INFO - [2025-09-01T05:15:57.614+0000] {dag.py:3340} INFO - Setting next_dagrun for dataset_produces_1 to 2025-08-31T00:00:00+00:00, run_after=2025-09-01T00:00:00+00:00
[2025-09-01T05:15:57.619+0000] {logging_mixin.py:120} INFO - [2025-09-01T05:15:57.619+0000] {dag.py:3340} INFO - Setting next_dagrun for dataset_produces_2 to None, run_after=None
[2025-09-01T05:15:57.786+0000] {processor.py:176} INFO - Processing /home/airflow/.local/lib/python3.7/site-packages/airflow/example_dags/example_datasets.py took 1.038 seconds
[2025-09-01T05:23:15.321+0000] {processor.py:154} INFO - Started process (PID=1694) to work on /home/airflow/.local/lib/python3.7/site-packages/airflow/example_dags/example_datasets.py
[2025-09-01T05:23:15.323+0000] {processor.py:756} INFO - Processing file /home/airflow/.local/lib/python3.7/site-packages/airflow/example_dags/example_datasets.py for tasks to queue
[2025-09-01T05:23:15.324+0000] {logging_mixin.py:120} INFO - [2025-09-01T05:23:15.324+0000] {dagbag.py:537} INFO - Filling up the DagBag from /home/airflow/.local/lib/python3.7/site-packages/airflow/example_dags/example_datasets.py
[2025-09-01T05:23:15.350+0000] {processor.py:766} INFO - DAG(s) dict_keys(['dataset_consumes_unknown_never_scheduled', 'dataset_produces_2', 'dataset_produces_1', 'dataset_consumes_1_never_scheduled', 'dataset_consumes_1_and_2', 'dataset_consumes_1']) retrieved from /home/airflow/.local/lib/python3.7/site-packages/airflow/example_dags/example_datasets.py
[2025-09-01T05:23:15.678+0000] {processor.py:179} ERROR - Got an exception! Propagating...
Traceback (most recent call last):
  File "/home/airflow/.local/lib/python3.7/site-packages/sqlalchemy/engine/base.py", line 3243, in _wrap_pool_connect
    return fn()
  File "/home/airflow/.local/lib/python3.7/site-packages/sqlalchemy/pool/base.py", line 310, in connect
    return _ConnectionFairy._checkout(self)
  File "/home/airflow/.local/lib/python3.7/site-packages/sqlalchemy/pool/base.py", line 868, in _checkout
    fairy = _ConnectionRecord.checkout(pool)
  File "/home/airflow/.local/lib/python3.7/site-packages/sqlalchemy/pool/base.py", line 476, in checkout
    rec = pool._do_get()
  File "/home/airflow/.local/lib/python3.7/site-packages/sqlalchemy/pool/impl.py", line 146, in _do_get
    self._dec_overflow()
  File "/home/airflow/.local/lib/python3.7/site-packages/sqlalchemy/util/langhelpers.py", line 72, in __exit__
    with_traceback=exc_tb,
  File "/home/airflow/.local/lib/python3.7/site-packages/sqlalchemy/util/compat.py", line 207, in raise_
    raise exception
  File "/home/airflow/.local/lib/python3.7/site-packages/sqlalchemy/pool/impl.py", line 143, in _do_get
    return self._create_connection()
  File "/home/airflow/.local/lib/python3.7/site-packages/sqlalchemy/pool/base.py", line 256, in _create_connection
    return _ConnectionRecord(self)
  File "/home/airflow/.local/lib/python3.7/site-packages/sqlalchemy/pool/base.py", line 371, in __init__
    self.__connect()
  File "/home/airflow/.local/lib/python3.7/site-packages/sqlalchemy/pool/base.py", line 666, in __connect
    pool.logger.debug("Error on connect(): %s", e)
  File "/home/airflow/.local/lib/python3.7/site-packages/sqlalchemy/util/langhelpers.py", line 72, in __exit__
    with_traceback=exc_tb,
  File "/home/airflow/.local/lib/python3.7/site-packages/sqlalchemy/util/compat.py", line 207, in raise_
    raise exception
  File "/home/airflow/.local/lib/python3.7/site-packages/sqlalchemy/pool/base.py", line 661, in __connect
    self.dbapi_connection = connection = pool._invoke_creator(self)
  File "/home/airflow/.local/lib/python3.7/site-packages/sqlalchemy/engine/create.py", line 590, in connect
    return dialect.connect(*cargs, **cparams)
  File "/home/airflow/.local/lib/python3.7/site-packages/sqlalchemy/engine/default.py", line 584, in connect
    return self.dbapi.connect(*cargs, **cparams)
  File "/home/airflow/.local/lib/python3.7/site-packages/psycopg2/__init__.py", line 122, in connect
    conn = _connect(dsn, connection_factory=connection_factory, **kwasync)
psycopg2.OperationalError: could not translate host name "postgres" to address: Temporary failure in name resolution


The above exception was the direct cause of the following exception:

Traceback (most recent call last):
  File "/home/airflow/.local/lib/python3.7/site-packages/airflow/dag_processing/processor.py", line 175, in _run_file_processor
    _handle_dag_file_processing()
  File "/home/airflow/.local/lib/python3.7/site-packages/airflow/dag_processing/processor.py", line 159, in _handle_dag_file_processing
    callback_requests=callback_requests,
  File "/home/airflow/.local/lib/python3.7/site-packages/airflow/utils/session.py", line 75, in wrapper
    return func(*args, session=session, **kwargs)
  File "/home/airflow/.local/lib/python3.7/site-packages/airflow/dag_processing/processor.py", line 781, in process_file
    dagbag.sync_to_db(processor_subdir=self._dag_directory, session=session)
  File "/home/airflow/.local/lib/python3.7/site-packages/airflow/utils/session.py", line 72, in wrapper
    return func(*args, **kwargs)
  File "/home/airflow/.local/lib/python3.7/site-packages/airflow/models/dagbag.py", line 644, in sync_to_db
    for attempt in run_with_db_retries(logger=self.log):
  File "/home/airflow/.local/lib/python3.7/site-packages/tenacity/__init__.py", line 384, in __iter__
    do = self.iter(retry_state=retry_state)
  File "/home/airflow/.local/lib/python3.7/site-packages/tenacity/__init__.py", line 362, in iter
    raise retry_exc.reraise()
  File "/home/airflow/.local/lib/python3.7/site-packages/tenacity/__init__.py", line 195, in reraise
    raise self.last_attempt.result()
  File "/usr/local/lib/python3.7/concurrent/futures/_base.py", line 428, in result
    return self.__get_result()
  File "/usr/local/lib/python3.7/concurrent/futures/_base.py", line 384, in __get_result
    raise self._exception
  File "/home/airflow/.local/lib/python3.7/site-packages/airflow/models/dagbag.py", line 656, in sync_to_db
    serialize_errors.extend(_serialize_dag_capturing_errors(dag, session))
  File "/home/airflow/.local/lib/python3.7/site-packages/airflow/models/dagbag.py", line 630, in _serialize_dag_capturing_errors
    session=session,
  File "/home/airflow/.local/lib/python3.7/site-packages/airflow/utils/session.py", line 72, in wrapper
    return func(*args, **kwargs)
  File "/home/airflow/.local/lib/python3.7/site-packages/airflow/models/serialized_dag.py", line 150, in write_dag
    (timezone.utcnow() - timedelta(seconds=min_update_interval)) < cls.last_updated,
  File "/home/airflow/.local/lib/python3.7/site-packages/sqlalchemy/orm/query.py", line 2810, in first
    return self.limit(1)._iter().first()
  File "/home/airflow/.local/lib/python3.7/site-packages/sqlalchemy/orm/query.py", line 2897, in _iter
    execution_options={"_sa_orm_load_options": self.load_options},
  File "/home/airflow/.local/lib/python3.7/site-packages/sqlalchemy/orm/session.py", line 1688, in execute
    conn = self._connection_for_bind(bind)
  File "/home/airflow/.local/lib/python3.7/site-packages/sqlalchemy/orm/session.py", line 1530, in _connection_for_bind
    engine, execution_options
  File "/home/airflow/.local/lib/python3.7/site-packages/sqlalchemy/orm/session.py", line 747, in _connection_for_bind
    conn = bind.connect()
  File "/home/airflow/.local/lib/python3.7/site-packages/sqlalchemy/engine/base.py", line 3197, in connect
    return self._connection_cls(self, close_with_result=close_with_result)
  File "/home/airflow/.local/lib/python3.7/site-packages/sqlalchemy/engine/base.py", line 96, in __init__
    else engine.raw_connection()
  File "/home/airflow/.local/lib/python3.7/site-packages/sqlalchemy/engine/base.py", line 3276, in raw_connection
    return self._wrap_pool_connect(self.pool.connect, _connection)
  File "/home/airflow/.local/lib/python3.7/site-packages/sqlalchemy/engine/base.py", line 3247, in _wrap_pool_connect
    e, dialect, self
  File "/home/airflow/.local/lib/python3.7/site-packages/sqlalchemy/engine/base.py", line 2101, in _handle_dbapi_exception_noconnection
    sqlalchemy_exception, with_traceback=exc_info[2], from_=e
  File "/home/airflow/.local/lib/python3.7/site-packages/sqlalchemy/util/compat.py", line 207, in raise_
    raise exception
  File "/home/airflow/.local/lib/python3.7/site-packages/sqlalchemy/engine/base.py", line 3243, in _wrap_pool_connect
    return fn()
  File "/home/airflow/.local/lib/python3.7/site-packages/sqlalchemy/pool/base.py", line 310, in connect
    return _ConnectionFairy._checkout(self)
  File "/home/airflow/.local/lib/python3.7/site-packages/sqlalchemy/pool/base.py", line 868, in _checkout
    fairy = _ConnectionRecord.checkout(pool)
  File "/home/airflow/.local/lib/python3.7/site-packages/sqlalchemy/pool/base.py", line 476, in checkout
    rec = pool._do_get()
  File "/home/airflow/.local/lib/python3.7/site-packages/sqlalchemy/pool/impl.py", line 146, in _do_get
    self._dec_overflow()
  File "/home/airflow/.local/lib/python3.7/site-packages/sqlalchemy/util/langhelpers.py", line 72, in __exit__
    with_traceback=exc_tb,
  File "/home/airflow/.local/lib/python3.7/site-packages/sqlalchemy/util/compat.py", line 207, in raise_
    raise exception
  File "/home/airflow/.local/lib/python3.7/site-packages/sqlalchemy/pool/impl.py", line 143, in _do_get
    return self._create_connection()
  File "/home/airflow/.local/lib/python3.7/site-packages/sqlalchemy/pool/base.py", line 256, in _create_connection
    return _ConnectionRecord(self)
  File "/home/airflow/.local/lib/python3.7/site-packages/sqlalchemy/pool/base.py", line 371, in __init__
    self.__connect()
  File "/home/airflow/.local/lib/python3.7/site-packages/sqlalchemy/pool/base.py", line 666, in __connect
    pool.logger.debug("Error on connect(): %s", e)
  File "/home/airflow/.local/lib/python3.7/site-packages/sqlalchemy/util/langhelpers.py", line 72, in __exit__
    with_traceback=exc_tb,
  File "/home/airflow/.local/lib/python3.7/site-packages/sqlalchemy/util/compat.py", line 207, in raise_
    raise exception
  File "/home/airflow/.local/lib/python3.7/site-packages/sqlalchemy/pool/base.py", line 661, in __connect
    self.dbapi_connection = connection = pool._invoke_creator(self)
  File "/home/airflow/.local/lib/python3.7/site-packages/sqlalchemy/engine/create.py", line 590, in connect
    return dialect.connect(*cargs, **cparams)
  File "/home/airflow/.local/lib/python3.7/site-packages/sqlalchemy/engine/default.py", line 584, in connect
    return self.dbapi.connect(*cargs, **cparams)
  File "/home/airflow/.local/lib/python3.7/site-packages/psycopg2/__init__.py", line 122, in connect
    conn = _connect(dsn, connection_factory=connection_factory, **kwasync)
sqlalchemy.exc.OperationalError: (psycopg2.OperationalError) could not translate host name "postgres" to address: Temporary failure in name resolution

(Background on this error at: https://sqlalche.me/e/14/e3q8)
[2025-09-01T05:32:28.635+0000] {processor.py:154} INFO - Started process (PID=1718) to work on /home/airflow/.local/lib/python3.7/site-packages/airflow/example_dags/example_datasets.py
[2025-09-01T05:32:28.636+0000] {processor.py:756} INFO - Processing file /home/airflow/.local/lib/python3.7/site-packages/airflow/example_dags/example_datasets.py for tasks to queue
[2025-09-01T05:32:28.637+0000] {logging_mixin.py:120} INFO - [2025-09-01T05:32:28.637+0000] {dagbag.py:537} INFO - Filling up the DagBag from /home/airflow/.local/lib/python3.7/site-packages/airflow/example_dags/example_datasets.py
[2025-09-01T05:32:28.657+0000] {processor.py:766} INFO - DAG(s) dict_keys(['dataset_consumes_1', 'dataset_produces_1', 'dataset_consumes_unknown_never_scheduled', 'dataset_consumes_1_never_scheduled', 'dataset_produces_2', 'dataset_consumes_1_and_2']) retrieved from /home/airflow/.local/lib/python3.7/site-packages/airflow/example_dags/example_datasets.py
[2025-09-01T05:32:29.281+0000] {processor.py:179} ERROR - Got an exception! Propagating...
Traceback (most recent call last):
  File "/home/airflow/.local/lib/python3.7/site-packages/sqlalchemy/engine/base.py", line 3243, in _wrap_pool_connect
    return fn()
  File "/home/airflow/.local/lib/python3.7/site-packages/sqlalchemy/pool/base.py", line 310, in connect
    return _ConnectionFairy._checkout(self)
  File "/home/airflow/.local/lib/python3.7/site-packages/sqlalchemy/pool/base.py", line 868, in _checkout
    fairy = _ConnectionRecord.checkout(pool)
  File "/home/airflow/.local/lib/python3.7/site-packages/sqlalchemy/pool/base.py", line 476, in checkout
    rec = pool._do_get()
  File "/home/airflow/.local/lib/python3.7/site-packages/sqlalchemy/pool/impl.py", line 146, in _do_get
    self._dec_overflow()
  File "/home/airflow/.local/lib/python3.7/site-packages/sqlalchemy/util/langhelpers.py", line 72, in __exit__
    with_traceback=exc_tb,
  File "/home/airflow/.local/lib/python3.7/site-packages/sqlalchemy/util/compat.py", line 207, in raise_
    raise exception
  File "/home/airflow/.local/lib/python3.7/site-packages/sqlalchemy/pool/impl.py", line 143, in _do_get
    return self._create_connection()
  File "/home/airflow/.local/lib/python3.7/site-packages/sqlalchemy/pool/base.py", line 256, in _create_connection
    return _ConnectionRecord(self)
  File "/home/airflow/.local/lib/python3.7/site-packages/sqlalchemy/pool/base.py", line 371, in __init__
    self.__connect()
  File "/home/airflow/.local/lib/python3.7/site-packages/sqlalchemy/pool/base.py", line 666, in __connect
    pool.logger.debug("Error on connect(): %s", e)
  File "/home/airflow/.local/lib/python3.7/site-packages/sqlalchemy/util/langhelpers.py", line 72, in __exit__
    with_traceback=exc_tb,
  File "/home/airflow/.local/lib/python3.7/site-packages/sqlalchemy/util/compat.py", line 207, in raise_
    raise exception
  File "/home/airflow/.local/lib/python3.7/site-packages/sqlalchemy/pool/base.py", line 661, in __connect
    self.dbapi_connection = connection = pool._invoke_creator(self)
  File "/home/airflow/.local/lib/python3.7/site-packages/sqlalchemy/engine/create.py", line 590, in connect
    return dialect.connect(*cargs, **cparams)
  File "/home/airflow/.local/lib/python3.7/site-packages/sqlalchemy/engine/default.py", line 584, in connect
    return self.dbapi.connect(*cargs, **cparams)
  File "/home/airflow/.local/lib/python3.7/site-packages/psycopg2/__init__.py", line 122, in connect
    conn = _connect(dsn, connection_factory=connection_factory, **kwasync)
psycopg2.OperationalError: could not translate host name "postgres" to address: Temporary failure in name resolution


The above exception was the direct cause of the following exception:

Traceback (most recent call last):
  File "/home/airflow/.local/lib/python3.7/site-packages/airflow/dag_processing/processor.py", line 175, in _run_file_processor
    _handle_dag_file_processing()
  File "/home/airflow/.local/lib/python3.7/site-packages/airflow/dag_processing/processor.py", line 159, in _handle_dag_file_processing
    callback_requests=callback_requests,
  File "/home/airflow/.local/lib/python3.7/site-packages/airflow/utils/session.py", line 75, in wrapper
    return func(*args, session=session, **kwargs)
  File "/home/airflow/.local/lib/python3.7/site-packages/airflow/dag_processing/processor.py", line 781, in process_file
    dagbag.sync_to_db(processor_subdir=self._dag_directory, session=session)
  File "/home/airflow/.local/lib/python3.7/site-packages/airflow/utils/session.py", line 72, in wrapper
    return func(*args, **kwargs)
  File "/home/airflow/.local/lib/python3.7/site-packages/airflow/models/dagbag.py", line 644, in sync_to_db
    for attempt in run_with_db_retries(logger=self.log):
  File "/home/airflow/.local/lib/python3.7/site-packages/tenacity/__init__.py", line 384, in __iter__
    do = self.iter(retry_state=retry_state)
  File "/home/airflow/.local/lib/python3.7/site-packages/tenacity/__init__.py", line 362, in iter
    raise retry_exc.reraise()
  File "/home/airflow/.local/lib/python3.7/site-packages/tenacity/__init__.py", line 195, in reraise
    raise self.last_attempt.result()
  File "/usr/local/lib/python3.7/concurrent/futures/_base.py", line 428, in result
    return self.__get_result()
  File "/usr/local/lib/python3.7/concurrent/futures/_base.py", line 384, in __get_result
    raise self._exception
  File "/home/airflow/.local/lib/python3.7/site-packages/airflow/models/dagbag.py", line 656, in sync_to_db
    serialize_errors.extend(_serialize_dag_capturing_errors(dag, session))
  File "/home/airflow/.local/lib/python3.7/site-packages/airflow/models/dagbag.py", line 630, in _serialize_dag_capturing_errors
    session=session,
  File "/home/airflow/.local/lib/python3.7/site-packages/airflow/utils/session.py", line 72, in wrapper
    return func(*args, **kwargs)
  File "/home/airflow/.local/lib/python3.7/site-packages/airflow/models/serialized_dag.py", line 150, in write_dag
    (timezone.utcnow() - timedelta(seconds=min_update_interval)) < cls.last_updated,
  File "/home/airflow/.local/lib/python3.7/site-packages/sqlalchemy/orm/query.py", line 2810, in first
    return self.limit(1)._iter().first()
  File "/home/airflow/.local/lib/python3.7/site-packages/sqlalchemy/orm/query.py", line 2897, in _iter
    execution_options={"_sa_orm_load_options": self.load_options},
  File "/home/airflow/.local/lib/python3.7/site-packages/sqlalchemy/orm/session.py", line 1688, in execute
    conn = self._connection_for_bind(bind)
  File "/home/airflow/.local/lib/python3.7/site-packages/sqlalchemy/orm/session.py", line 1530, in _connection_for_bind
    engine, execution_options
  File "/home/airflow/.local/lib/python3.7/site-packages/sqlalchemy/orm/session.py", line 747, in _connection_for_bind
    conn = bind.connect()
  File "/home/airflow/.local/lib/python3.7/site-packages/sqlalchemy/engine/base.py", line 3197, in connect
    return self._connection_cls(self, close_with_result=close_with_result)
  File "/home/airflow/.local/lib/python3.7/site-packages/sqlalchemy/engine/base.py", line 96, in __init__
    else engine.raw_connection()
  File "/home/airflow/.local/lib/python3.7/site-packages/sqlalchemy/engine/base.py", line 3276, in raw_connection
    return self._wrap_pool_connect(self.pool.connect, _connection)
  File "/home/airflow/.local/lib/python3.7/site-packages/sqlalchemy/engine/base.py", line 3247, in _wrap_pool_connect
    e, dialect, self
  File "/home/airflow/.local/lib/python3.7/site-packages/sqlalchemy/engine/base.py", line 2101, in _handle_dbapi_exception_noconnection
    sqlalchemy_exception, with_traceback=exc_info[2], from_=e
  File "/home/airflow/.local/lib/python3.7/site-packages/sqlalchemy/util/compat.py", line 207, in raise_
    raise exception
  File "/home/airflow/.local/lib/python3.7/site-packages/sqlalchemy/engine/base.py", line 3243, in _wrap_pool_connect
    return fn()
  File "/home/airflow/.local/lib/python3.7/site-packages/sqlalchemy/pool/base.py", line 310, in connect
    return _ConnectionFairy._checkout(self)
  File "/home/airflow/.local/lib/python3.7/site-packages/sqlalchemy/pool/base.py", line 868, in _checkout
    fairy = _ConnectionRecord.checkout(pool)
  File "/home/airflow/.local/lib/python3.7/site-packages/sqlalchemy/pool/base.py", line 476, in checkout
    rec = pool._do_get()
  File "/home/airflow/.local/lib/python3.7/site-packages/sqlalchemy/pool/impl.py", line 146, in _do_get
    self._dec_overflow()
  File "/home/airflow/.local/lib/python3.7/site-packages/sqlalchemy/util/langhelpers.py", line 72, in __exit__
    with_traceback=exc_tb,
  File "/home/airflow/.local/lib/python3.7/site-packages/sqlalchemy/util/compat.py", line 207, in raise_
    raise exception
  File "/home/airflow/.local/lib/python3.7/site-packages/sqlalchemy/pool/impl.py", line 143, in _do_get
    return self._create_connection()
  File "/home/airflow/.local/lib/python3.7/site-packages/sqlalchemy/pool/base.py", line 256, in _create_connection
    return _ConnectionRecord(self)
  File "/home/airflow/.local/lib/python3.7/site-packages/sqlalchemy/pool/base.py", line 371, in __init__
    self.__connect()
  File "/home/airflow/.local/lib/python3.7/site-packages/sqlalchemy/pool/base.py", line 666, in __connect
    pool.logger.debug("Error on connect(): %s", e)
  File "/home/airflow/.local/lib/python3.7/site-packages/sqlalchemy/util/langhelpers.py", line 72, in __exit__
    with_traceback=exc_tb,
  File "/home/airflow/.local/lib/python3.7/site-packages/sqlalchemy/util/compat.py", line 207, in raise_
    raise exception
  File "/home/airflow/.local/lib/python3.7/site-packages/sqlalchemy/pool/base.py", line 661, in __connect
    self.dbapi_connection = connection = pool._invoke_creator(self)
  File "/home/airflow/.local/lib/python3.7/site-packages/sqlalchemy/engine/create.py", line 590, in connect
    return dialect.connect(*cargs, **cparams)
  File "/home/airflow/.local/lib/python3.7/site-packages/sqlalchemy/engine/default.py", line 584, in connect
    return self.dbapi.connect(*cargs, **cparams)
  File "/home/airflow/.local/lib/python3.7/site-packages/psycopg2/__init__.py", line 122, in connect
    conn = _connect(dsn, connection_factory=connection_factory, **kwasync)
sqlalchemy.exc.OperationalError: (psycopg2.OperationalError) could not translate host name "postgres" to address: Temporary failure in name resolution

(Background on this error at: https://sqlalche.me/e/14/e3q8)
