[2025-09-01T05:03:11.576+0000] {processor.py:154} INFO - Started process (PID=99) to work on /home/airflow/.local/lib/python3.7/site-packages/airflow/example_dags/example_trigger_target_dag.py
[2025-09-01T05:03:11.578+0000] {processor.py:756} INFO - Processing file /home/airflow/.local/lib/python3.7/site-packages/airflow/example_dags/example_trigger_target_dag.py for tasks to queue
[2025-09-01T05:03:11.579+0000] {logging_mixin.py:120} INFO - [2025-09-01T05:03:11.578+0000] {dagbag.py:537} INFO - Filling up the DagBag from /home/airflow/.local/lib/python3.7/site-packages/airflow/example_dags/example_trigger_target_dag.py
[2025-09-01T05:03:11.663+0000] {processor.py:766} INFO - DAG(s) dict_keys(['example_trigger_target_dag']) retrieved from /home/airflow/.local/lib/python3.7/site-packages/airflow/example_dags/example_trigger_target_dag.py
[2025-09-01T05:03:11.820+0000] {logging_mixin.py:120} INFO - [2025-09-01T05:03:11.820+0000] {dag.py:2585} INFO - Sync 1 DAGs
[2025-09-01T05:03:11.895+0000] {logging_mixin.py:120} INFO - [2025-09-01T05:03:11.895+0000] {dag.py:3340} INFO - Setting next_dagrun for example_trigger_target_dag to None, run_after=None
[2025-09-01T05:03:11.945+0000] {processor.py:176} INFO - Processing /home/airflow/.local/lib/python3.7/site-packages/airflow/example_dags/example_trigger_target_dag.py took 0.378 seconds
[2025-09-01T05:03:42.043+0000] {processor.py:154} INFO - Started process (PID=174) to work on /home/airflow/.local/lib/python3.7/site-packages/airflow/example_dags/example_trigger_target_dag.py
[2025-09-01T05:03:42.044+0000] {processor.py:756} INFO - Processing file /home/airflow/.local/lib/python3.7/site-packages/airflow/example_dags/example_trigger_target_dag.py for tasks to queue
[2025-09-01T05:03:42.045+0000] {logging_mixin.py:120} INFO - [2025-09-01T05:03:42.045+0000] {dagbag.py:537} INFO - Filling up the DagBag from /home/airflow/.local/lib/python3.7/site-packages/airflow/example_dags/example_trigger_target_dag.py
[2025-09-01T05:03:42.076+0000] {processor.py:766} INFO - DAG(s) dict_keys(['example_trigger_target_dag']) retrieved from /home/airflow/.local/lib/python3.7/site-packages/airflow/example_dags/example_trigger_target_dag.py
[2025-09-01T05:03:42.156+0000] {logging_mixin.py:120} INFO - [2025-09-01T05:03:42.156+0000] {dag.py:2585} INFO - Sync 1 DAGs
[2025-09-01T05:03:42.197+0000] {logging_mixin.py:120} INFO - [2025-09-01T05:03:42.197+0000] {dag.py:3340} INFO - Setting next_dagrun for example_trigger_target_dag to None, run_after=None
[2025-09-01T05:03:42.228+0000] {processor.py:176} INFO - Processing /home/airflow/.local/lib/python3.7/site-packages/airflow/example_dags/example_trigger_target_dag.py took 0.190 seconds
[2025-09-01T05:04:17.198+0000] {processor.py:154} INFO - Started process (PID=244) to work on /home/airflow/.local/lib/python3.7/site-packages/airflow/example_dags/example_trigger_target_dag.py
[2025-09-01T05:04:17.200+0000] {processor.py:756} INFO - Processing file /home/airflow/.local/lib/python3.7/site-packages/airflow/example_dags/example_trigger_target_dag.py for tasks to queue
[2025-09-01T05:04:17.202+0000] {logging_mixin.py:120} INFO - [2025-09-01T05:04:17.201+0000] {dagbag.py:537} INFO - Filling up the DagBag from /home/airflow/.local/lib/python3.7/site-packages/airflow/example_dags/example_trigger_target_dag.py
[2025-09-01T05:04:17.257+0000] {processor.py:766} INFO - DAG(s) dict_keys(['example_trigger_target_dag']) retrieved from /home/airflow/.local/lib/python3.7/site-packages/airflow/example_dags/example_trigger_target_dag.py
[2025-09-01T05:04:17.351+0000] {logging_mixin.py:120} INFO - [2025-09-01T05:04:17.351+0000] {dag.py:2585} INFO - Sync 1 DAGs
[2025-09-01T05:04:17.402+0000] {logging_mixin.py:120} INFO - [2025-09-01T05:04:17.402+0000] {dag.py:3340} INFO - Setting next_dagrun for example_trigger_target_dag to None, run_after=None
[2025-09-01T05:04:17.436+0000] {processor.py:176} INFO - Processing /home/airflow/.local/lib/python3.7/site-packages/airflow/example_dags/example_trigger_target_dag.py took 0.246 seconds
[2025-09-01T05:04:48.339+0000] {processor.py:154} INFO - Started process (PID=303) to work on /home/airflow/.local/lib/python3.7/site-packages/airflow/example_dags/example_trigger_target_dag.py
[2025-09-01T05:04:48.340+0000] {processor.py:756} INFO - Processing file /home/airflow/.local/lib/python3.7/site-packages/airflow/example_dags/example_trigger_target_dag.py for tasks to queue
[2025-09-01T05:04:48.341+0000] {logging_mixin.py:120} INFO - [2025-09-01T05:04:48.341+0000] {dagbag.py:537} INFO - Filling up the DagBag from /home/airflow/.local/lib/python3.7/site-packages/airflow/example_dags/example_trigger_target_dag.py
[2025-09-01T05:04:48.358+0000] {processor.py:766} INFO - DAG(s) dict_keys(['example_trigger_target_dag']) retrieved from /home/airflow/.local/lib/python3.7/site-packages/airflow/example_dags/example_trigger_target_dag.py
[2025-09-01T05:04:48.397+0000] {logging_mixin.py:120} INFO - [2025-09-01T05:04:48.397+0000] {dag.py:2585} INFO - Sync 1 DAGs
[2025-09-01T05:04:48.415+0000] {logging_mixin.py:120} INFO - [2025-09-01T05:04:48.415+0000] {dag.py:3340} INFO - Setting next_dagrun for example_trigger_target_dag to None, run_after=None
[2025-09-01T05:04:48.433+0000] {processor.py:176} INFO - Processing /home/airflow/.local/lib/python3.7/site-packages/airflow/example_dags/example_trigger_target_dag.py took 0.097 seconds
[2025-09-01T05:05:18.692+0000] {processor.py:154} INFO - Started process (PID=371) to work on /home/airflow/.local/lib/python3.7/site-packages/airflow/example_dags/example_trigger_target_dag.py
[2025-09-01T05:05:18.693+0000] {processor.py:756} INFO - Processing file /home/airflow/.local/lib/python3.7/site-packages/airflow/example_dags/example_trigger_target_dag.py for tasks to queue
[2025-09-01T05:05:18.693+0000] {logging_mixin.py:120} INFO - [2025-09-01T05:05:18.693+0000] {dagbag.py:537} INFO - Filling up the DagBag from /home/airflow/.local/lib/python3.7/site-packages/airflow/example_dags/example_trigger_target_dag.py
[2025-09-01T05:05:18.714+0000] {processor.py:766} INFO - DAG(s) dict_keys(['example_trigger_target_dag']) retrieved from /home/airflow/.local/lib/python3.7/site-packages/airflow/example_dags/example_trigger_target_dag.py
[2025-09-01T05:05:18.751+0000] {logging_mixin.py:120} INFO - [2025-09-01T05:05:18.751+0000] {dag.py:2585} INFO - Sync 1 DAGs
[2025-09-01T05:05:18.771+0000] {logging_mixin.py:120} INFO - [2025-09-01T05:05:18.771+0000] {dag.py:3340} INFO - Setting next_dagrun for example_trigger_target_dag to None, run_after=None
[2025-09-01T05:05:18.786+0000] {processor.py:176} INFO - Processing /home/airflow/.local/lib/python3.7/site-packages/airflow/example_dags/example_trigger_target_dag.py took 0.097 seconds
[2025-09-01T05:05:49.277+0000] {processor.py:154} INFO - Started process (PID=440) to work on /home/airflow/.local/lib/python3.7/site-packages/airflow/example_dags/example_trigger_target_dag.py
[2025-09-01T05:05:49.278+0000] {processor.py:756} INFO - Processing file /home/airflow/.local/lib/python3.7/site-packages/airflow/example_dags/example_trigger_target_dag.py for tasks to queue
[2025-09-01T05:05:49.279+0000] {logging_mixin.py:120} INFO - [2025-09-01T05:05:49.279+0000] {dagbag.py:537} INFO - Filling up the DagBag from /home/airflow/.local/lib/python3.7/site-packages/airflow/example_dags/example_trigger_target_dag.py
[2025-09-01T05:05:49.297+0000] {processor.py:766} INFO - DAG(s) dict_keys(['example_trigger_target_dag']) retrieved from /home/airflow/.local/lib/python3.7/site-packages/airflow/example_dags/example_trigger_target_dag.py
[2025-09-01T05:05:49.338+0000] {logging_mixin.py:120} INFO - [2025-09-01T05:05:49.337+0000] {dag.py:2585} INFO - Sync 1 DAGs
[2025-09-01T05:05:49.358+0000] {logging_mixin.py:120} INFO - [2025-09-01T05:05:49.358+0000] {dag.py:3340} INFO - Setting next_dagrun for example_trigger_target_dag to None, run_after=None
[2025-09-01T05:05:49.377+0000] {processor.py:176} INFO - Processing /home/airflow/.local/lib/python3.7/site-packages/airflow/example_dags/example_trigger_target_dag.py took 0.104 seconds
[2025-09-01T05:06:20.118+0000] {processor.py:154} INFO - Started process (PID=508) to work on /home/airflow/.local/lib/python3.7/site-packages/airflow/example_dags/example_trigger_target_dag.py
[2025-09-01T05:06:20.119+0000] {processor.py:756} INFO - Processing file /home/airflow/.local/lib/python3.7/site-packages/airflow/example_dags/example_trigger_target_dag.py for tasks to queue
[2025-09-01T05:06:20.120+0000] {logging_mixin.py:120} INFO - [2025-09-01T05:06:20.120+0000] {dagbag.py:537} INFO - Filling up the DagBag from /home/airflow/.local/lib/python3.7/site-packages/airflow/example_dags/example_trigger_target_dag.py
[2025-09-01T05:06:20.149+0000] {processor.py:766} INFO - DAG(s) dict_keys(['example_trigger_target_dag']) retrieved from /home/airflow/.local/lib/python3.7/site-packages/airflow/example_dags/example_trigger_target_dag.py
[2025-09-01T05:06:20.212+0000] {logging_mixin.py:120} INFO - [2025-09-01T05:06:20.212+0000] {dag.py:2585} INFO - Sync 1 DAGs
[2025-09-01T05:06:20.253+0000] {logging_mixin.py:120} INFO - [2025-09-01T05:06:20.252+0000] {dag.py:3340} INFO - Setting next_dagrun for example_trigger_target_dag to None, run_after=None
[2025-09-01T05:06:20.296+0000] {processor.py:176} INFO - Processing /home/airflow/.local/lib/python3.7/site-packages/airflow/example_dags/example_trigger_target_dag.py took 0.183 seconds
[2025-09-01T05:06:51.780+0000] {processor.py:154} INFO - Started process (PID=566) to work on /home/airflow/.local/lib/python3.7/site-packages/airflow/example_dags/example_trigger_target_dag.py
[2025-09-01T05:06:51.782+0000] {processor.py:756} INFO - Processing file /home/airflow/.local/lib/python3.7/site-packages/airflow/example_dags/example_trigger_target_dag.py for tasks to queue
[2025-09-01T05:06:51.783+0000] {logging_mixin.py:120} INFO - [2025-09-01T05:06:51.783+0000] {dagbag.py:537} INFO - Filling up the DagBag from /home/airflow/.local/lib/python3.7/site-packages/airflow/example_dags/example_trigger_target_dag.py
[2025-09-01T05:06:51.819+0000] {processor.py:766} INFO - DAG(s) dict_keys(['example_trigger_target_dag']) retrieved from /home/airflow/.local/lib/python3.7/site-packages/airflow/example_dags/example_trigger_target_dag.py
[2025-09-01T05:06:51.881+0000] {logging_mixin.py:120} INFO - [2025-09-01T05:06:51.880+0000] {dag.py:2585} INFO - Sync 1 DAGs
[2025-09-01T05:06:51.909+0000] {logging_mixin.py:120} INFO - [2025-09-01T05:06:51.908+0000] {dag.py:3340} INFO - Setting next_dagrun for example_trigger_target_dag to None, run_after=None
[2025-09-01T05:06:51.935+0000] {processor.py:176} INFO - Processing /home/airflow/.local/lib/python3.7/site-packages/airflow/example_dags/example_trigger_target_dag.py took 0.161 seconds
[2025-09-01T05:07:23.373+0000] {processor.py:154} INFO - Started process (PID=634) to work on /home/airflow/.local/lib/python3.7/site-packages/airflow/example_dags/example_trigger_target_dag.py
[2025-09-01T05:07:23.375+0000] {processor.py:756} INFO - Processing file /home/airflow/.local/lib/python3.7/site-packages/airflow/example_dags/example_trigger_target_dag.py for tasks to queue
[2025-09-01T05:07:23.377+0000] {logging_mixin.py:120} INFO - [2025-09-01T05:07:23.376+0000] {dagbag.py:537} INFO - Filling up the DagBag from /home/airflow/.local/lib/python3.7/site-packages/airflow/example_dags/example_trigger_target_dag.py
[2025-09-01T05:07:23.417+0000] {processor.py:766} INFO - DAG(s) dict_keys(['example_trigger_target_dag']) retrieved from /home/airflow/.local/lib/python3.7/site-packages/airflow/example_dags/example_trigger_target_dag.py
[2025-09-01T05:07:23.491+0000] {logging_mixin.py:120} INFO - [2025-09-01T05:07:23.491+0000] {dag.py:2585} INFO - Sync 1 DAGs
[2025-09-01T05:07:23.526+0000] {logging_mixin.py:120} INFO - [2025-09-01T05:07:23.526+0000] {dag.py:3340} INFO - Setting next_dagrun for example_trigger_target_dag to None, run_after=None
[2025-09-01T05:07:23.550+0000] {processor.py:176} INFO - Processing /home/airflow/.local/lib/python3.7/site-packages/airflow/example_dags/example_trigger_target_dag.py took 0.183 seconds
[2025-09-01T05:07:54.901+0000] {processor.py:154} INFO - Started process (PID=700) to work on /home/airflow/.local/lib/python3.7/site-packages/airflow/example_dags/example_trigger_target_dag.py
[2025-09-01T05:07:54.903+0000] {processor.py:756} INFO - Processing file /home/airflow/.local/lib/python3.7/site-packages/airflow/example_dags/example_trigger_target_dag.py for tasks to queue
[2025-09-01T05:07:54.904+0000] {logging_mixin.py:120} INFO - [2025-09-01T05:07:54.904+0000] {dagbag.py:537} INFO - Filling up the DagBag from /home/airflow/.local/lib/python3.7/site-packages/airflow/example_dags/example_trigger_target_dag.py
[2025-09-01T05:07:54.932+0000] {processor.py:766} INFO - DAG(s) dict_keys(['example_trigger_target_dag']) retrieved from /home/airflow/.local/lib/python3.7/site-packages/airflow/example_dags/example_trigger_target_dag.py
[2025-09-01T05:07:54.995+0000] {logging_mixin.py:120} INFO - [2025-09-01T05:07:54.995+0000] {dag.py:2585} INFO - Sync 1 DAGs
[2025-09-01T05:07:55.028+0000] {logging_mixin.py:120} INFO - [2025-09-01T05:07:55.027+0000] {dag.py:3340} INFO - Setting next_dagrun for example_trigger_target_dag to None, run_after=None
[2025-09-01T05:07:55.072+0000] {processor.py:176} INFO - Processing /home/airflow/.local/lib/python3.7/site-packages/airflow/example_dags/example_trigger_target_dag.py took 0.176 seconds
[2025-09-01T05:08:26.263+0000] {processor.py:154} INFO - Started process (PID=759) to work on /home/airflow/.local/lib/python3.7/site-packages/airflow/example_dags/example_trigger_target_dag.py
[2025-09-01T05:08:26.265+0000] {processor.py:756} INFO - Processing file /home/airflow/.local/lib/python3.7/site-packages/airflow/example_dags/example_trigger_target_dag.py for tasks to queue
[2025-09-01T05:08:26.266+0000] {logging_mixin.py:120} INFO - [2025-09-01T05:08:26.266+0000] {dagbag.py:537} INFO - Filling up the DagBag from /home/airflow/.local/lib/python3.7/site-packages/airflow/example_dags/example_trigger_target_dag.py
[2025-09-01T05:08:26.299+0000] {processor.py:766} INFO - DAG(s) dict_keys(['example_trigger_target_dag']) retrieved from /home/airflow/.local/lib/python3.7/site-packages/airflow/example_dags/example_trigger_target_dag.py
[2025-09-01T05:08:26.370+0000] {logging_mixin.py:120} INFO - [2025-09-01T05:08:26.370+0000] {dag.py:2585} INFO - Sync 1 DAGs
[2025-09-01T05:08:26.421+0000] {logging_mixin.py:120} INFO - [2025-09-01T05:08:26.421+0000] {dag.py:3340} INFO - Setting next_dagrun for example_trigger_target_dag to None, run_after=None
[2025-09-01T05:08:26.457+0000] {processor.py:176} INFO - Processing /home/airflow/.local/lib/python3.7/site-packages/airflow/example_dags/example_trigger_target_dag.py took 0.199 seconds
[2025-09-01T05:08:56.992+0000] {processor.py:154} INFO - Started process (PID=826) to work on /home/airflow/.local/lib/python3.7/site-packages/airflow/example_dags/example_trigger_target_dag.py
[2025-09-01T05:08:56.993+0000] {processor.py:756} INFO - Processing file /home/airflow/.local/lib/python3.7/site-packages/airflow/example_dags/example_trigger_target_dag.py for tasks to queue
[2025-09-01T05:08:56.994+0000] {logging_mixin.py:120} INFO - [2025-09-01T05:08:56.994+0000] {dagbag.py:537} INFO - Filling up the DagBag from /home/airflow/.local/lib/python3.7/site-packages/airflow/example_dags/example_trigger_target_dag.py
[2025-09-01T05:08:57.018+0000] {processor.py:766} INFO - DAG(s) dict_keys(['example_trigger_target_dag']) retrieved from /home/airflow/.local/lib/python3.7/site-packages/airflow/example_dags/example_trigger_target_dag.py
[2025-09-01T05:08:57.076+0000] {logging_mixin.py:120} INFO - [2025-09-01T05:08:57.076+0000] {dag.py:2585} INFO - Sync 1 DAGs
[2025-09-01T05:08:57.107+0000] {logging_mixin.py:120} INFO - [2025-09-01T05:08:57.107+0000] {dag.py:3340} INFO - Setting next_dagrun for example_trigger_target_dag to None, run_after=None
[2025-09-01T05:08:57.142+0000] {processor.py:176} INFO - Processing /home/airflow/.local/lib/python3.7/site-packages/airflow/example_dags/example_trigger_target_dag.py took 0.155 seconds
[2025-09-01T05:09:28.243+0000] {processor.py:154} INFO - Started process (PID=894) to work on /home/airflow/.local/lib/python3.7/site-packages/airflow/example_dags/example_trigger_target_dag.py
[2025-09-01T05:09:28.244+0000] {processor.py:756} INFO - Processing file /home/airflow/.local/lib/python3.7/site-packages/airflow/example_dags/example_trigger_target_dag.py for tasks to queue
[2025-09-01T05:09:28.245+0000] {logging_mixin.py:120} INFO - [2025-09-01T05:09:28.245+0000] {dagbag.py:537} INFO - Filling up the DagBag from /home/airflow/.local/lib/python3.7/site-packages/airflow/example_dags/example_trigger_target_dag.py
[2025-09-01T05:09:28.272+0000] {processor.py:766} INFO - DAG(s) dict_keys(['example_trigger_target_dag']) retrieved from /home/airflow/.local/lib/python3.7/site-packages/airflow/example_dags/example_trigger_target_dag.py
[2025-09-01T05:09:28.343+0000] {logging_mixin.py:120} INFO - [2025-09-01T05:09:28.343+0000] {dag.py:2585} INFO - Sync 1 DAGs
[2025-09-01T05:09:28.384+0000] {logging_mixin.py:120} INFO - [2025-09-01T05:09:28.384+0000] {dag.py:3340} INFO - Setting next_dagrun for example_trigger_target_dag to None, run_after=None
[2025-09-01T05:09:28.417+0000] {processor.py:176} INFO - Processing /home/airflow/.local/lib/python3.7/site-packages/airflow/example_dags/example_trigger_target_dag.py took 0.180 seconds
[2025-09-01T05:09:59.171+0000] {processor.py:154} INFO - Started process (PID=953) to work on /home/airflow/.local/lib/python3.7/site-packages/airflow/example_dags/example_trigger_target_dag.py
[2025-09-01T05:09:59.172+0000] {processor.py:756} INFO - Processing file /home/airflow/.local/lib/python3.7/site-packages/airflow/example_dags/example_trigger_target_dag.py for tasks to queue
[2025-09-01T05:09:59.173+0000] {logging_mixin.py:120} INFO - [2025-09-01T05:09:59.173+0000] {dagbag.py:537} INFO - Filling up the DagBag from /home/airflow/.local/lib/python3.7/site-packages/airflow/example_dags/example_trigger_target_dag.py
[2025-09-01T05:09:59.201+0000] {processor.py:766} INFO - DAG(s) dict_keys(['example_trigger_target_dag']) retrieved from /home/airflow/.local/lib/python3.7/site-packages/airflow/example_dags/example_trigger_target_dag.py
[2025-09-01T05:09:59.259+0000] {logging_mixin.py:120} INFO - [2025-09-01T05:09:59.259+0000] {dag.py:2585} INFO - Sync 1 DAGs
[2025-09-01T05:09:59.288+0000] {logging_mixin.py:120} INFO - [2025-09-01T05:09:59.288+0000] {dag.py:3340} INFO - Setting next_dagrun for example_trigger_target_dag to None, run_after=None
[2025-09-01T05:09:59.309+0000] {processor.py:176} INFO - Processing /home/airflow/.local/lib/python3.7/site-packages/airflow/example_dags/example_trigger_target_dag.py took 0.142 seconds
[2025-09-01T05:10:31.196+0000] {processor.py:154} INFO - Started process (PID=1020) to work on /home/airflow/.local/lib/python3.7/site-packages/airflow/example_dags/example_trigger_target_dag.py
[2025-09-01T05:10:31.198+0000] {processor.py:756} INFO - Processing file /home/airflow/.local/lib/python3.7/site-packages/airflow/example_dags/example_trigger_target_dag.py for tasks to queue
[2025-09-01T05:10:31.199+0000] {logging_mixin.py:120} INFO - [2025-09-01T05:10:31.198+0000] {dagbag.py:537} INFO - Filling up the DagBag from /home/airflow/.local/lib/python3.7/site-packages/airflow/example_dags/example_trigger_target_dag.py
[2025-09-01T05:10:31.225+0000] {processor.py:766} INFO - DAG(s) dict_keys(['example_trigger_target_dag']) retrieved from /home/airflow/.local/lib/python3.7/site-packages/airflow/example_dags/example_trigger_target_dag.py
[2025-09-01T05:10:31.291+0000] {logging_mixin.py:120} INFO - [2025-09-01T05:10:31.290+0000] {dag.py:2585} INFO - Sync 1 DAGs
[2025-09-01T05:10:31.326+0000] {logging_mixin.py:120} INFO - [2025-09-01T05:10:31.325+0000] {dag.py:3340} INFO - Setting next_dagrun for example_trigger_target_dag to None, run_after=None
[2025-09-01T05:10:31.358+0000] {processor.py:176} INFO - Processing /home/airflow/.local/lib/python3.7/site-packages/airflow/example_dags/example_trigger_target_dag.py took 0.165 seconds
[2025-09-01T05:11:03.120+0000] {processor.py:154} INFO - Started process (PID=1089) to work on /home/airflow/.local/lib/python3.7/site-packages/airflow/example_dags/example_trigger_target_dag.py
[2025-09-01T05:11:03.121+0000] {processor.py:756} INFO - Processing file /home/airflow/.local/lib/python3.7/site-packages/airflow/example_dags/example_trigger_target_dag.py for tasks to queue
[2025-09-01T05:11:03.122+0000] {logging_mixin.py:120} INFO - [2025-09-01T05:11:03.122+0000] {dagbag.py:537} INFO - Filling up the DagBag from /home/airflow/.local/lib/python3.7/site-packages/airflow/example_dags/example_trigger_target_dag.py
[2025-09-01T05:11:03.151+0000] {processor.py:766} INFO - DAG(s) dict_keys(['example_trigger_target_dag']) retrieved from /home/airflow/.local/lib/python3.7/site-packages/airflow/example_dags/example_trigger_target_dag.py
[2025-09-01T05:11:03.208+0000] {logging_mixin.py:120} INFO - [2025-09-01T05:11:03.207+0000] {dag.py:2585} INFO - Sync 1 DAGs
[2025-09-01T05:11:03.259+0000] {logging_mixin.py:120} INFO - [2025-09-01T05:11:03.258+0000] {dag.py:3340} INFO - Setting next_dagrun for example_trigger_target_dag to None, run_after=None
[2025-09-01T05:11:03.295+0000] {processor.py:176} INFO - Processing /home/airflow/.local/lib/python3.7/site-packages/airflow/example_dags/example_trigger_target_dag.py took 0.179 seconds
[2025-09-01T05:11:33.376+0000] {processor.py:154} INFO - Started process (PID=1153) to work on /home/airflow/.local/lib/python3.7/site-packages/airflow/example_dags/example_trigger_target_dag.py
[2025-09-01T05:11:33.378+0000] {processor.py:756} INFO - Processing file /home/airflow/.local/lib/python3.7/site-packages/airflow/example_dags/example_trigger_target_dag.py for tasks to queue
[2025-09-01T05:11:33.378+0000] {logging_mixin.py:120} INFO - [2025-09-01T05:11:33.378+0000] {dagbag.py:537} INFO - Filling up the DagBag from /home/airflow/.local/lib/python3.7/site-packages/airflow/example_dags/example_trigger_target_dag.py
[2025-09-01T05:11:33.406+0000] {processor.py:766} INFO - DAG(s) dict_keys(['example_trigger_target_dag']) retrieved from /home/airflow/.local/lib/python3.7/site-packages/airflow/example_dags/example_trigger_target_dag.py
[2025-09-01T05:11:33.461+0000] {logging_mixin.py:120} INFO - [2025-09-01T05:11:33.461+0000] {dag.py:2585} INFO - Sync 1 DAGs
[2025-09-01T05:11:33.500+0000] {logging_mixin.py:120} INFO - [2025-09-01T05:11:33.500+0000] {dag.py:3340} INFO - Setting next_dagrun for example_trigger_target_dag to None, run_after=None
[2025-09-01T05:11:33.528+0000] {processor.py:176} INFO - Processing /home/airflow/.local/lib/python3.7/site-packages/airflow/example_dags/example_trigger_target_dag.py took 0.156 seconds
[2025-09-01T05:12:05.025+0000] {processor.py:154} INFO - Started process (PID=1215) to work on /home/airflow/.local/lib/python3.7/site-packages/airflow/example_dags/example_trigger_target_dag.py
[2025-09-01T05:12:05.026+0000] {processor.py:756} INFO - Processing file /home/airflow/.local/lib/python3.7/site-packages/airflow/example_dags/example_trigger_target_dag.py for tasks to queue
[2025-09-01T05:12:05.026+0000] {logging_mixin.py:120} INFO - [2025-09-01T05:12:05.026+0000] {dagbag.py:537} INFO - Filling up the DagBag from /home/airflow/.local/lib/python3.7/site-packages/airflow/example_dags/example_trigger_target_dag.py
[2025-09-01T05:12:05.046+0000] {processor.py:766} INFO - DAG(s) dict_keys(['example_trigger_target_dag']) retrieved from /home/airflow/.local/lib/python3.7/site-packages/airflow/example_dags/example_trigger_target_dag.py
[2025-09-01T05:12:05.084+0000] {logging_mixin.py:120} INFO - [2025-09-01T05:12:05.084+0000] {dag.py:2585} INFO - Sync 1 DAGs
[2025-09-01T05:12:05.105+0000] {logging_mixin.py:120} INFO - [2025-09-01T05:12:05.105+0000] {dag.py:3340} INFO - Setting next_dagrun for example_trigger_target_dag to None, run_after=None
[2025-09-01T05:12:05.123+0000] {processor.py:176} INFO - Processing /home/airflow/.local/lib/python3.7/site-packages/airflow/example_dags/example_trigger_target_dag.py took 0.101 seconds
[2025-09-01T05:12:37.891+0000] {processor.py:154} INFO - Started process (PID=1285) to work on /home/airflow/.local/lib/python3.7/site-packages/airflow/example_dags/example_trigger_target_dag.py
[2025-09-01T05:12:37.894+0000] {processor.py:756} INFO - Processing file /home/airflow/.local/lib/python3.7/site-packages/airflow/example_dags/example_trigger_target_dag.py for tasks to queue
[2025-09-01T05:12:37.896+0000] {logging_mixin.py:120} INFO - [2025-09-01T05:12:37.896+0000] {dagbag.py:537} INFO - Filling up the DagBag from /home/airflow/.local/lib/python3.7/site-packages/airflow/example_dags/example_trigger_target_dag.py
[2025-09-01T05:12:37.943+0000] {processor.py:766} INFO - DAG(s) dict_keys(['example_trigger_target_dag']) retrieved from /home/airflow/.local/lib/python3.7/site-packages/airflow/example_dags/example_trigger_target_dag.py
[2025-09-01T05:12:38.033+0000] {logging_mixin.py:120} INFO - [2025-09-01T05:12:38.032+0000] {dag.py:2585} INFO - Sync 1 DAGs
[2025-09-01T05:12:38.068+0000] {logging_mixin.py:120} INFO - [2025-09-01T05:12:38.068+0000] {dag.py:3340} INFO - Setting next_dagrun for example_trigger_target_dag to None, run_after=None
[2025-09-01T05:12:38.098+0000] {processor.py:176} INFO - Processing /home/airflow/.local/lib/python3.7/site-packages/airflow/example_dags/example_trigger_target_dag.py took 0.215 seconds
[2025-09-01T05:13:10.921+0000] {processor.py:154} INFO - Started process (PID=1353) to work on /home/airflow/.local/lib/python3.7/site-packages/airflow/example_dags/example_trigger_target_dag.py
[2025-09-01T05:13:10.923+0000] {processor.py:756} INFO - Processing file /home/airflow/.local/lib/python3.7/site-packages/airflow/example_dags/example_trigger_target_dag.py for tasks to queue
[2025-09-01T05:13:10.924+0000] {logging_mixin.py:120} INFO - [2025-09-01T05:13:10.924+0000] {dagbag.py:537} INFO - Filling up the DagBag from /home/airflow/.local/lib/python3.7/site-packages/airflow/example_dags/example_trigger_target_dag.py
[2025-09-01T05:13:10.954+0000] {processor.py:766} INFO - DAG(s) dict_keys(['example_trigger_target_dag']) retrieved from /home/airflow/.local/lib/python3.7/site-packages/airflow/example_dags/example_trigger_target_dag.py
[2025-09-01T05:13:11.016+0000] {logging_mixin.py:120} INFO - [2025-09-01T05:13:11.016+0000] {dag.py:2585} INFO - Sync 1 DAGs
[2025-09-01T05:13:11.052+0000] {logging_mixin.py:120} INFO - [2025-09-01T05:13:11.052+0000] {dag.py:3340} INFO - Setting next_dagrun for example_trigger_target_dag to None, run_after=None
[2025-09-01T05:13:11.095+0000] {processor.py:176} INFO - Processing /home/airflow/.local/lib/python3.7/site-packages/airflow/example_dags/example_trigger_target_dag.py took 0.180 seconds
[2025-09-01T05:13:42.712+0000] {processor.py:154} INFO - Started process (PID=1421) to work on /home/airflow/.local/lib/python3.7/site-packages/airflow/example_dags/example_trigger_target_dag.py
[2025-09-01T05:13:42.714+0000] {processor.py:756} INFO - Processing file /home/airflow/.local/lib/python3.7/site-packages/airflow/example_dags/example_trigger_target_dag.py for tasks to queue
[2025-09-01T05:13:42.715+0000] {logging_mixin.py:120} INFO - [2025-09-01T05:13:42.715+0000] {dagbag.py:537} INFO - Filling up the DagBag from /home/airflow/.local/lib/python3.7/site-packages/airflow/example_dags/example_trigger_target_dag.py
[2025-09-01T05:13:42.750+0000] {processor.py:766} INFO - DAG(s) dict_keys(['example_trigger_target_dag']) retrieved from /home/airflow/.local/lib/python3.7/site-packages/airflow/example_dags/example_trigger_target_dag.py
[2025-09-01T05:13:42.819+0000] {logging_mixin.py:120} INFO - [2025-09-01T05:13:42.818+0000] {dag.py:2585} INFO - Sync 1 DAGs
[2025-09-01T05:13:42.860+0000] {logging_mixin.py:120} INFO - [2025-09-01T05:13:42.860+0000] {dag.py:3340} INFO - Setting next_dagrun for example_trigger_target_dag to None, run_after=None
[2025-09-01T05:13:42.898+0000] {processor.py:176} INFO - Processing /home/airflow/.local/lib/python3.7/site-packages/airflow/example_dags/example_trigger_target_dag.py took 0.191 seconds
[2025-09-01T05:14:17.050+0000] {processor.py:154} INFO - Started process (PID=1480) to work on /home/airflow/.local/lib/python3.7/site-packages/airflow/example_dags/example_trigger_target_dag.py
[2025-09-01T05:14:17.054+0000] {processor.py:756} INFO - Processing file /home/airflow/.local/lib/python3.7/site-packages/airflow/example_dags/example_trigger_target_dag.py for tasks to queue
[2025-09-01T05:14:17.056+0000] {logging_mixin.py:120} INFO - [2025-09-01T05:14:17.055+0000] {dagbag.py:537} INFO - Filling up the DagBag from /home/airflow/.local/lib/python3.7/site-packages/airflow/example_dags/example_trigger_target_dag.py
[2025-09-01T05:14:17.122+0000] {processor.py:766} INFO - DAG(s) dict_keys(['example_trigger_target_dag']) retrieved from /home/airflow/.local/lib/python3.7/site-packages/airflow/example_dags/example_trigger_target_dag.py
[2025-09-01T05:14:17.205+0000] {logging_mixin.py:120} INFO - [2025-09-01T05:14:17.205+0000] {dag.py:2585} INFO - Sync 1 DAGs
[2025-09-01T05:14:17.301+0000] {logging_mixin.py:120} INFO - [2025-09-01T05:14:17.300+0000] {dag.py:3340} INFO - Setting next_dagrun for example_trigger_target_dag to None, run_after=None
[2025-09-01T05:14:17.340+0000] {processor.py:176} INFO - Processing /home/airflow/.local/lib/python3.7/site-packages/airflow/example_dags/example_trigger_target_dag.py took 0.299 seconds
[2025-09-01T05:14:52.142+0000] {processor.py:154} INFO - Started process (PID=1548) to work on /home/airflow/.local/lib/python3.7/site-packages/airflow/example_dags/example_trigger_target_dag.py
[2025-09-01T05:14:52.144+0000] {processor.py:756} INFO - Processing file /home/airflow/.local/lib/python3.7/site-packages/airflow/example_dags/example_trigger_target_dag.py for tasks to queue
[2025-09-01T05:14:52.146+0000] {logging_mixin.py:120} INFO - [2025-09-01T05:14:52.145+0000] {dagbag.py:537} INFO - Filling up the DagBag from /home/airflow/.local/lib/python3.7/site-packages/airflow/example_dags/example_trigger_target_dag.py
[2025-09-01T05:14:52.212+0000] {processor.py:766} INFO - DAG(s) dict_keys(['example_trigger_target_dag']) retrieved from /home/airflow/.local/lib/python3.7/site-packages/airflow/example_dags/example_trigger_target_dag.py
[2025-09-01T05:14:52.294+0000] {logging_mixin.py:120} INFO - [2025-09-01T05:14:52.294+0000] {dag.py:2585} INFO - Sync 1 DAGs
[2025-09-01T05:14:52.356+0000] {logging_mixin.py:120} INFO - [2025-09-01T05:14:52.355+0000] {dag.py:3340} INFO - Setting next_dagrun for example_trigger_target_dag to None, run_after=None
[2025-09-01T05:14:52.393+0000] {processor.py:176} INFO - Processing /home/airflow/.local/lib/python3.7/site-packages/airflow/example_dags/example_trigger_target_dag.py took 0.260 seconds
[2025-09-01T05:15:28.912+0000] {processor.py:154} INFO - Started process (PID=1607) to work on /home/airflow/.local/lib/python3.7/site-packages/airflow/example_dags/example_trigger_target_dag.py
[2025-09-01T05:15:28.915+0000] {processor.py:756} INFO - Processing file /home/airflow/.local/lib/python3.7/site-packages/airflow/example_dags/example_trigger_target_dag.py for tasks to queue
[2025-09-01T05:15:28.917+0000] {logging_mixin.py:120} INFO - [2025-09-01T05:15:28.916+0000] {dagbag.py:537} INFO - Filling up the DagBag from /home/airflow/.local/lib/python3.7/site-packages/airflow/example_dags/example_trigger_target_dag.py
[2025-09-01T05:15:28.986+0000] {processor.py:766} INFO - DAG(s) dict_keys(['example_trigger_target_dag']) retrieved from /home/airflow/.local/lib/python3.7/site-packages/airflow/example_dags/example_trigger_target_dag.py
[2025-09-01T05:15:29.101+0000] {logging_mixin.py:120} INFO - [2025-09-01T05:15:29.101+0000] {dag.py:2585} INFO - Sync 1 DAGs
[2025-09-01T05:15:29.200+0000] {logging_mixin.py:120} INFO - [2025-09-01T05:15:29.199+0000] {dag.py:3340} INFO - Setting next_dagrun for example_trigger_target_dag to None, run_after=None
[2025-09-01T05:15:29.267+0000] {processor.py:176} INFO - Processing /home/airflow/.local/lib/python3.7/site-packages/airflow/example_dags/example_trigger_target_dag.py took 0.365 seconds
[2025-09-01T05:21:28.075+0000] {processor.py:154} INFO - Started process (PID=1675) to work on /home/airflow/.local/lib/python3.7/site-packages/airflow/example_dags/example_trigger_target_dag.py
[2025-09-01T05:21:28.077+0000] {processor.py:756} INFO - Processing file /home/airflow/.local/lib/python3.7/site-packages/airflow/example_dags/example_trigger_target_dag.py for tasks to queue
[2025-09-01T05:21:28.079+0000] {logging_mixin.py:120} INFO - [2025-09-01T05:21:28.078+0000] {dagbag.py:537} INFO - Filling up the DagBag from /home/airflow/.local/lib/python3.7/site-packages/airflow/example_dags/example_trigger_target_dag.py
[2025-09-01T05:21:28.174+0000] {processor.py:766} INFO - DAG(s) dict_keys(['example_trigger_target_dag']) retrieved from /home/airflow/.local/lib/python3.7/site-packages/airflow/example_dags/example_trigger_target_dag.py
[2025-09-01T05:21:28.334+0000] {logging_mixin.py:120} INFO - [2025-09-01T05:21:28.334+0000] {dag.py:2585} INFO - Sync 1 DAGs
[2025-09-01T05:21:28.415+0000] {logging_mixin.py:120} INFO - [2025-09-01T05:21:28.415+0000] {dag.py:3340} INFO - Setting next_dagrun for example_trigger_target_dag to None, run_after=None
[2025-09-01T05:21:28.473+0000] {processor.py:176} INFO - Processing /home/airflow/.local/lib/python3.7/site-packages/airflow/example_dags/example_trigger_target_dag.py took 0.407 seconds
