[2025-09-01T05:03:13.373+0000] {processor.py:154} INFO - Started process (PID=105) to work on /home/airflow/.local/lib/python3.7/site-packages/airflow/example_dags/example_sla_dag.py
[2025-09-01T05:03:13.374+0000] {processor.py:756} INFO - Processing file /home/airflow/.local/lib/python3.7/site-packages/airflow/example_dags/example_sla_dag.py for tasks to queue
[2025-09-01T05:03:13.375+0000] {logging_mixin.py:120} INFO - [2025-09-01T05:03:13.375+0000] {dagbag.py:537} INFO - Filling up the DagBag from /home/airflow/.local/lib/python3.7/site-packages/airflow/example_dags/example_sla_dag.py
[2025-09-01T05:03:13.468+0000] {processor.py:766} INFO - DAG(s) dict_keys(['example_sla_dag']) retrieved from /home/airflow/.local/lib/python3.7/site-packages/airflow/example_dags/example_sla_dag.py
[2025-09-01T05:03:13.656+0000] {logging_mixin.py:120} INFO - [2025-09-01T05:03:13.656+0000] {dag.py:2585} INFO - Sync 1 DAGs
[2025-09-01T05:03:13.744+0000] {logging_mixin.py:120} INFO - [2025-09-01T05:03:13.744+0000] {dag.py:3340} INFO - Setting next_dagrun for example_sla_dag to 2025-09-01T05:00:00+00:00, run_after=2025-09-01T05:02:00+00:00
[2025-09-01T05:03:13.836+0000] {processor.py:176} INFO - Processing /home/airflow/.local/lib/python3.7/site-packages/airflow/example_dags/example_sla_dag.py took 0.469 seconds
[2025-09-01T05:03:43.940+0000] {processor.py:154} INFO - Started process (PID=181) to work on /home/airflow/.local/lib/python3.7/site-packages/airflow/example_dags/example_sla_dag.py
[2025-09-01T05:03:43.942+0000] {processor.py:756} INFO - Processing file /home/airflow/.local/lib/python3.7/site-packages/airflow/example_dags/example_sla_dag.py for tasks to queue
[2025-09-01T05:03:43.944+0000] {logging_mixin.py:120} INFO - [2025-09-01T05:03:43.944+0000] {dagbag.py:537} INFO - Filling up the DagBag from /home/airflow/.local/lib/python3.7/site-packages/airflow/example_dags/example_sla_dag.py
[2025-09-01T05:03:43.971+0000] {processor.py:766} INFO - DAG(s) dict_keys(['example_sla_dag']) retrieved from /home/airflow/.local/lib/python3.7/site-packages/airflow/example_dags/example_sla_dag.py
[2025-09-01T05:03:44.016+0000] {logging_mixin.py:120} INFO - [2025-09-01T05:03:44.016+0000] {dag.py:2585} INFO - Sync 1 DAGs
[2025-09-01T05:03:44.062+0000] {logging_mixin.py:120} INFO - [2025-09-01T05:03:44.062+0000] {dag.py:3340} INFO - Setting next_dagrun for example_sla_dag to 2025-09-01T05:00:00+00:00, run_after=2025-09-01T05:02:00+00:00
[2025-09-01T05:03:44.098+0000] {processor.py:176} INFO - Processing /home/airflow/.local/lib/python3.7/site-packages/airflow/example_dags/example_sla_dag.py took 0.163 seconds
[2025-09-01T05:04:18.253+0000] {processor.py:154} INFO - Started process (PID=250) to work on /home/airflow/.local/lib/python3.7/site-packages/airflow/example_dags/example_sla_dag.py
[2025-09-01T05:04:18.255+0000] {processor.py:756} INFO - Processing file /home/airflow/.local/lib/python3.7/site-packages/airflow/example_dags/example_sla_dag.py for tasks to queue
[2025-09-01T05:04:18.256+0000] {logging_mixin.py:120} INFO - [2025-09-01T05:04:18.256+0000] {dagbag.py:537} INFO - Filling up the DagBag from /home/airflow/.local/lib/python3.7/site-packages/airflow/example_dags/example_sla_dag.py
[2025-09-01T05:04:18.293+0000] {processor.py:766} INFO - DAG(s) dict_keys(['example_sla_dag']) retrieved from /home/airflow/.local/lib/python3.7/site-packages/airflow/example_dags/example_sla_dag.py
[2025-09-01T05:04:18.373+0000] {logging_mixin.py:120} INFO - [2025-09-01T05:04:18.373+0000] {dag.py:2585} INFO - Sync 1 DAGs
[2025-09-01T05:04:18.441+0000] {logging_mixin.py:120} INFO - [2025-09-01T05:04:18.441+0000] {dag.py:3340} INFO - Setting next_dagrun for example_sla_dag to 2025-09-01T05:02:00+00:00, run_after=2025-09-01T05:04:00+00:00
[2025-09-01T05:04:18.482+0000] {processor.py:176} INFO - Processing /home/airflow/.local/lib/python3.7/site-packages/airflow/example_dags/example_sla_dag.py took 0.238 seconds
[2025-09-01T05:04:48.807+0000] {processor.py:154} INFO - Started process (PID=309) to work on /home/airflow/.local/lib/python3.7/site-packages/airflow/example_dags/example_sla_dag.py
[2025-09-01T05:04:48.808+0000] {processor.py:756} INFO - Processing file /home/airflow/.local/lib/python3.7/site-packages/airflow/example_dags/example_sla_dag.py for tasks to queue
[2025-09-01T05:04:48.809+0000] {logging_mixin.py:120} INFO - [2025-09-01T05:04:48.809+0000] {dagbag.py:537} INFO - Filling up the DagBag from /home/airflow/.local/lib/python3.7/site-packages/airflow/example_dags/example_sla_dag.py
[2025-09-01T05:04:48.833+0000] {processor.py:766} INFO - DAG(s) dict_keys(['example_sla_dag']) retrieved from /home/airflow/.local/lib/python3.7/site-packages/airflow/example_dags/example_sla_dag.py
[2025-09-01T05:04:48.869+0000] {logging_mixin.py:120} INFO - [2025-09-01T05:04:48.869+0000] {dag.py:2585} INFO - Sync 1 DAGs
[2025-09-01T05:04:48.894+0000] {logging_mixin.py:120} INFO - [2025-09-01T05:04:48.894+0000] {dag.py:3340} INFO - Setting next_dagrun for example_sla_dag to 2025-09-01T05:02:00+00:00, run_after=2025-09-01T05:04:00+00:00
[2025-09-01T05:04:48.910+0000] {processor.py:176} INFO - Processing /home/airflow/.local/lib/python3.7/site-packages/airflow/example_dags/example_sla_dag.py took 0.108 seconds
[2025-09-01T05:05:19.178+0000] {processor.py:154} INFO - Started process (PID=377) to work on /home/airflow/.local/lib/python3.7/site-packages/airflow/example_dags/example_sla_dag.py
[2025-09-01T05:05:19.179+0000] {processor.py:756} INFO - Processing file /home/airflow/.local/lib/python3.7/site-packages/airflow/example_dags/example_sla_dag.py for tasks to queue
[2025-09-01T05:05:19.179+0000] {logging_mixin.py:120} INFO - [2025-09-01T05:05:19.179+0000] {dagbag.py:537} INFO - Filling up the DagBag from /home/airflow/.local/lib/python3.7/site-packages/airflow/example_dags/example_sla_dag.py
[2025-09-01T05:05:19.199+0000] {processor.py:766} INFO - DAG(s) dict_keys(['example_sla_dag']) retrieved from /home/airflow/.local/lib/python3.7/site-packages/airflow/example_dags/example_sla_dag.py
[2025-09-01T05:05:19.240+0000] {logging_mixin.py:120} INFO - [2025-09-01T05:05:19.239+0000] {dag.py:2585} INFO - Sync 1 DAGs
[2025-09-01T05:05:19.269+0000] {logging_mixin.py:120} INFO - [2025-09-01T05:05:19.269+0000] {dag.py:3340} INFO - Setting next_dagrun for example_sla_dag to 2025-09-01T05:02:00+00:00, run_after=2025-09-01T05:04:00+00:00
[2025-09-01T05:05:19.288+0000] {processor.py:176} INFO - Processing /home/airflow/.local/lib/python3.7/site-packages/airflow/example_dags/example_sla_dag.py took 0.115 seconds
[2025-09-01T05:05:49.778+0000] {processor.py:154} INFO - Started process (PID=446) to work on /home/airflow/.local/lib/python3.7/site-packages/airflow/example_dags/example_sla_dag.py
[2025-09-01T05:05:49.779+0000] {processor.py:756} INFO - Processing file /home/airflow/.local/lib/python3.7/site-packages/airflow/example_dags/example_sla_dag.py for tasks to queue
[2025-09-01T05:05:49.780+0000] {logging_mixin.py:120} INFO - [2025-09-01T05:05:49.780+0000] {dagbag.py:537} INFO - Filling up the DagBag from /home/airflow/.local/lib/python3.7/site-packages/airflow/example_dags/example_sla_dag.py
[2025-09-01T05:05:49.802+0000] {processor.py:766} INFO - DAG(s) dict_keys(['example_sla_dag']) retrieved from /home/airflow/.local/lib/python3.7/site-packages/airflow/example_dags/example_sla_dag.py
[2025-09-01T05:05:49.839+0000] {logging_mixin.py:120} INFO - [2025-09-01T05:05:49.838+0000] {dag.py:2585} INFO - Sync 1 DAGs
[2025-09-01T05:05:49.873+0000] {logging_mixin.py:120} INFO - [2025-09-01T05:05:49.873+0000] {dag.py:3340} INFO - Setting next_dagrun for example_sla_dag to 2025-09-01T05:02:00+00:00, run_after=2025-09-01T05:04:00+00:00
[2025-09-01T05:05:49.910+0000] {processor.py:176} INFO - Processing /home/airflow/.local/lib/python3.7/site-packages/airflow/example_dags/example_sla_dag.py took 0.135 seconds
[2025-09-01T05:06:20.736+0000] {processor.py:154} INFO - Started process (PID=514) to work on /home/airflow/.local/lib/python3.7/site-packages/airflow/example_dags/example_sla_dag.py
[2025-09-01T05:06:20.737+0000] {processor.py:756} INFO - Processing file /home/airflow/.local/lib/python3.7/site-packages/airflow/example_dags/example_sla_dag.py for tasks to queue
[2025-09-01T05:06:20.738+0000] {logging_mixin.py:120} INFO - [2025-09-01T05:06:20.738+0000] {dagbag.py:537} INFO - Filling up the DagBag from /home/airflow/.local/lib/python3.7/site-packages/airflow/example_dags/example_sla_dag.py
[2025-09-01T05:06:20.757+0000] {processor.py:766} INFO - DAG(s) dict_keys(['example_sla_dag']) retrieved from /home/airflow/.local/lib/python3.7/site-packages/airflow/example_dags/example_sla_dag.py
[2025-09-01T05:06:20.796+0000] {logging_mixin.py:120} INFO - [2025-09-01T05:06:20.795+0000] {dag.py:2585} INFO - Sync 1 DAGs
[2025-09-01T05:06:20.818+0000] {logging_mixin.py:120} INFO - [2025-09-01T05:06:20.818+0000] {dag.py:3340} INFO - Setting next_dagrun for example_sla_dag to 2025-09-01T05:04:00+00:00, run_after=2025-09-01T05:06:00+00:00
[2025-09-01T05:06:20.836+0000] {processor.py:176} INFO - Processing /home/airflow/.local/lib/python3.7/site-packages/airflow/example_dags/example_sla_dag.py took 0.103 seconds
[2025-09-01T05:06:52.495+0000] {processor.py:154} INFO - Started process (PID=572) to work on /home/airflow/.local/lib/python3.7/site-packages/airflow/example_dags/example_sla_dag.py
[2025-09-01T05:06:52.496+0000] {processor.py:756} INFO - Processing file /home/airflow/.local/lib/python3.7/site-packages/airflow/example_dags/example_sla_dag.py for tasks to queue
[2025-09-01T05:06:52.497+0000] {logging_mixin.py:120} INFO - [2025-09-01T05:06:52.497+0000] {dagbag.py:537} INFO - Filling up the DagBag from /home/airflow/.local/lib/python3.7/site-packages/airflow/example_dags/example_sla_dag.py
[2025-09-01T05:06:52.544+0000] {processor.py:766} INFO - DAG(s) dict_keys(['example_sla_dag']) retrieved from /home/airflow/.local/lib/python3.7/site-packages/airflow/example_dags/example_sla_dag.py
[2025-09-01T05:06:52.617+0000] {logging_mixin.py:120} INFO - [2025-09-01T05:06:52.617+0000] {dag.py:2585} INFO - Sync 1 DAGs
[2025-09-01T05:06:52.665+0000] {logging_mixin.py:120} INFO - [2025-09-01T05:06:52.665+0000] {dag.py:3340} INFO - Setting next_dagrun for example_sla_dag to 2025-09-01T05:04:00+00:00, run_after=2025-09-01T05:06:00+00:00
[2025-09-01T05:06:52.697+0000] {processor.py:176} INFO - Processing /home/airflow/.local/lib/python3.7/site-packages/airflow/example_dags/example_sla_dag.py took 0.206 seconds
[2025-09-01T05:07:24.193+0000] {processor.py:154} INFO - Started process (PID=640) to work on /home/airflow/.local/lib/python3.7/site-packages/airflow/example_dags/example_sla_dag.py
[2025-09-01T05:07:24.195+0000] {processor.py:756} INFO - Processing file /home/airflow/.local/lib/python3.7/site-packages/airflow/example_dags/example_sla_dag.py for tasks to queue
[2025-09-01T05:07:24.196+0000] {logging_mixin.py:120} INFO - [2025-09-01T05:07:24.196+0000] {dagbag.py:537} INFO - Filling up the DagBag from /home/airflow/.local/lib/python3.7/site-packages/airflow/example_dags/example_sla_dag.py
[2025-09-01T05:07:24.222+0000] {processor.py:766} INFO - DAG(s) dict_keys(['example_sla_dag']) retrieved from /home/airflow/.local/lib/python3.7/site-packages/airflow/example_dags/example_sla_dag.py
[2025-09-01T05:07:24.282+0000] {logging_mixin.py:120} INFO - [2025-09-01T05:07:24.282+0000] {dag.py:2585} INFO - Sync 1 DAGs
[2025-09-01T05:07:24.321+0000] {logging_mixin.py:120} INFO - [2025-09-01T05:07:24.321+0000] {dag.py:3340} INFO - Setting next_dagrun for example_sla_dag to 2025-09-01T05:04:00+00:00, run_after=2025-09-01T05:06:00+00:00
[2025-09-01T05:07:24.351+0000] {processor.py:176} INFO - Processing /home/airflow/.local/lib/python3.7/site-packages/airflow/example_dags/example_sla_dag.py took 0.163 seconds
[2025-09-01T05:07:55.531+0000] {processor.py:154} INFO - Started process (PID=706) to work on /home/airflow/.local/lib/python3.7/site-packages/airflow/example_dags/example_sla_dag.py
[2025-09-01T05:07:55.533+0000] {processor.py:756} INFO - Processing file /home/airflow/.local/lib/python3.7/site-packages/airflow/example_dags/example_sla_dag.py for tasks to queue
[2025-09-01T05:07:55.534+0000] {logging_mixin.py:120} INFO - [2025-09-01T05:07:55.534+0000] {dagbag.py:537} INFO - Filling up the DagBag from /home/airflow/.local/lib/python3.7/site-packages/airflow/example_dags/example_sla_dag.py
[2025-09-01T05:07:55.562+0000] {processor.py:766} INFO - DAG(s) dict_keys(['example_sla_dag']) retrieved from /home/airflow/.local/lib/python3.7/site-packages/airflow/example_dags/example_sla_dag.py
[2025-09-01T05:07:55.618+0000] {logging_mixin.py:120} INFO - [2025-09-01T05:07:55.618+0000] {dag.py:2585} INFO - Sync 1 DAGs
[2025-09-01T05:07:55.653+0000] {logging_mixin.py:120} INFO - [2025-09-01T05:07:55.653+0000] {dag.py:3340} INFO - Setting next_dagrun for example_sla_dag to 2025-09-01T05:04:00+00:00, run_after=2025-09-01T05:06:00+00:00
[2025-09-01T05:07:55.678+0000] {processor.py:176} INFO - Processing /home/airflow/.local/lib/python3.7/site-packages/airflow/example_dags/example_sla_dag.py took 0.153 seconds
[2025-09-01T05:08:27.298+0000] {processor.py:154} INFO - Started process (PID=772) to work on /home/airflow/.local/lib/python3.7/site-packages/airflow/example_dags/example_sla_dag.py
[2025-09-01T05:08:27.299+0000] {processor.py:756} INFO - Processing file /home/airflow/.local/lib/python3.7/site-packages/airflow/example_dags/example_sla_dag.py for tasks to queue
[2025-09-01T05:08:27.300+0000] {logging_mixin.py:120} INFO - [2025-09-01T05:08:27.300+0000] {dagbag.py:537} INFO - Filling up the DagBag from /home/airflow/.local/lib/python3.7/site-packages/airflow/example_dags/example_sla_dag.py
[2025-09-01T05:08:27.343+0000] {processor.py:766} INFO - DAG(s) dict_keys(['example_sla_dag']) retrieved from /home/airflow/.local/lib/python3.7/site-packages/airflow/example_dags/example_sla_dag.py
[2025-09-01T05:08:27.433+0000] {logging_mixin.py:120} INFO - [2025-09-01T05:08:27.433+0000] {dag.py:2585} INFO - Sync 1 DAGs
[2025-09-01T05:08:27.488+0000] {logging_mixin.py:120} INFO - [2025-09-01T05:08:27.488+0000] {dag.py:3340} INFO - Setting next_dagrun for example_sla_dag to 2025-09-01T05:06:00+00:00, run_after=2025-09-01T05:08:00+00:00
[2025-09-01T05:08:27.537+0000] {processor.py:176} INFO - Processing /home/airflow/.local/lib/python3.7/site-packages/airflow/example_dags/example_sla_dag.py took 0.246 seconds
[2025-09-01T05:08:57.763+0000] {processor.py:154} INFO - Started process (PID=832) to work on /home/airflow/.local/lib/python3.7/site-packages/airflow/example_dags/example_sla_dag.py
[2025-09-01T05:08:57.764+0000] {processor.py:756} INFO - Processing file /home/airflow/.local/lib/python3.7/site-packages/airflow/example_dags/example_sla_dag.py for tasks to queue
[2025-09-01T05:08:57.765+0000] {logging_mixin.py:120} INFO - [2025-09-01T05:08:57.765+0000] {dagbag.py:537} INFO - Filling up the DagBag from /home/airflow/.local/lib/python3.7/site-packages/airflow/example_dags/example_sla_dag.py
[2025-09-01T05:08:57.797+0000] {processor.py:766} INFO - DAG(s) dict_keys(['example_sla_dag']) retrieved from /home/airflow/.local/lib/python3.7/site-packages/airflow/example_dags/example_sla_dag.py
[2025-09-01T05:08:57.855+0000] {logging_mixin.py:120} INFO - [2025-09-01T05:08:57.855+0000] {dag.py:2585} INFO - Sync 1 DAGs
[2025-09-01T05:08:57.892+0000] {logging_mixin.py:120} INFO - [2025-09-01T05:08:57.892+0000] {dag.py:3340} INFO - Setting next_dagrun for example_sla_dag to 2025-09-01T05:06:00+00:00, run_after=2025-09-01T05:08:00+00:00
[2025-09-01T05:08:57.921+0000] {processor.py:176} INFO - Processing /home/airflow/.local/lib/python3.7/site-packages/airflow/example_dags/example_sla_dag.py took 0.164 seconds
[2025-09-01T05:09:29.030+0000] {processor.py:154} INFO - Started process (PID=900) to work on /home/airflow/.local/lib/python3.7/site-packages/airflow/example_dags/example_sla_dag.py
[2025-09-01T05:09:29.032+0000] {processor.py:756} INFO - Processing file /home/airflow/.local/lib/python3.7/site-packages/airflow/example_dags/example_sla_dag.py for tasks to queue
[2025-09-01T05:09:29.033+0000] {logging_mixin.py:120} INFO - [2025-09-01T05:09:29.033+0000] {dagbag.py:537} INFO - Filling up the DagBag from /home/airflow/.local/lib/python3.7/site-packages/airflow/example_dags/example_sla_dag.py
[2025-09-01T05:09:29.077+0000] {processor.py:766} INFO - DAG(s) dict_keys(['example_sla_dag']) retrieved from /home/airflow/.local/lib/python3.7/site-packages/airflow/example_dags/example_sla_dag.py
[2025-09-01T05:09:29.141+0000] {logging_mixin.py:120} INFO - [2025-09-01T05:09:29.140+0000] {dag.py:2585} INFO - Sync 1 DAGs
[2025-09-01T05:09:29.185+0000] {logging_mixin.py:120} INFO - [2025-09-01T05:09:29.184+0000] {dag.py:3340} INFO - Setting next_dagrun for example_sla_dag to 2025-09-01T05:06:00+00:00, run_after=2025-09-01T05:08:00+00:00
[2025-09-01T05:09:29.213+0000] {processor.py:176} INFO - Processing /home/airflow/.local/lib/python3.7/site-packages/airflow/example_dags/example_sla_dag.py took 0.187 seconds
[2025-09-01T05:09:59.895+0000] {processor.py:154} INFO - Started process (PID=959) to work on /home/airflow/.local/lib/python3.7/site-packages/airflow/example_dags/example_sla_dag.py
[2025-09-01T05:09:59.896+0000] {processor.py:756} INFO - Processing file /home/airflow/.local/lib/python3.7/site-packages/airflow/example_dags/example_sla_dag.py for tasks to queue
[2025-09-01T05:09:59.897+0000] {logging_mixin.py:120} INFO - [2025-09-01T05:09:59.896+0000] {dagbag.py:537} INFO - Filling up the DagBag from /home/airflow/.local/lib/python3.7/site-packages/airflow/example_dags/example_sla_dag.py
[2025-09-01T05:09:59.927+0000] {processor.py:766} INFO - DAG(s) dict_keys(['example_sla_dag']) retrieved from /home/airflow/.local/lib/python3.7/site-packages/airflow/example_dags/example_sla_dag.py
[2025-09-01T05:09:59.988+0000] {logging_mixin.py:120} INFO - [2025-09-01T05:09:59.988+0000] {dag.py:2585} INFO - Sync 1 DAGs
[2025-09-01T05:10:00.024+0000] {logging_mixin.py:120} INFO - [2025-09-01T05:10:00.024+0000] {dag.py:3340} INFO - Setting next_dagrun for example_sla_dag to 2025-09-01T05:08:00+00:00, run_after=2025-09-01T05:10:00+00:00
[2025-09-01T05:10:00.052+0000] {processor.py:176} INFO - Processing /home/airflow/.local/lib/python3.7/site-packages/airflow/example_dags/example_sla_dag.py took 0.161 seconds
[2025-09-01T05:10:32.148+0000] {processor.py:154} INFO - Started process (PID=1027) to work on /home/airflow/.local/lib/python3.7/site-packages/airflow/example_dags/example_sla_dag.py
[2025-09-01T05:10:32.150+0000] {processor.py:756} INFO - Processing file /home/airflow/.local/lib/python3.7/site-packages/airflow/example_dags/example_sla_dag.py for tasks to queue
[2025-09-01T05:10:32.151+0000] {logging_mixin.py:120} INFO - [2025-09-01T05:10:32.151+0000] {dagbag.py:537} INFO - Filling up the DagBag from /home/airflow/.local/lib/python3.7/site-packages/airflow/example_dags/example_sla_dag.py
[2025-09-01T05:10:32.188+0000] {processor.py:766} INFO - DAG(s) dict_keys(['example_sla_dag']) retrieved from /home/airflow/.local/lib/python3.7/site-packages/airflow/example_dags/example_sla_dag.py
[2025-09-01T05:10:32.252+0000] {logging_mixin.py:120} INFO - [2025-09-01T05:10:32.251+0000] {dag.py:2585} INFO - Sync 1 DAGs
[2025-09-01T05:10:32.292+0000] {logging_mixin.py:120} INFO - [2025-09-01T05:10:32.292+0000] {dag.py:3340} INFO - Setting next_dagrun for example_sla_dag to 2025-09-01T05:08:00+00:00, run_after=2025-09-01T05:10:00+00:00
[2025-09-01T05:10:32.318+0000] {processor.py:176} INFO - Processing /home/airflow/.local/lib/python3.7/site-packages/airflow/example_dags/example_sla_dag.py took 0.176 seconds
[2025-09-01T05:11:04.112+0000] {processor.py:154} INFO - Started process (PID=1095) to work on /home/airflow/.local/lib/python3.7/site-packages/airflow/example_dags/example_sla_dag.py
[2025-09-01T05:11:04.114+0000] {processor.py:756} INFO - Processing file /home/airflow/.local/lib/python3.7/site-packages/airflow/example_dags/example_sla_dag.py for tasks to queue
[2025-09-01T05:11:04.115+0000] {logging_mixin.py:120} INFO - [2025-09-01T05:11:04.115+0000] {dagbag.py:537} INFO - Filling up the DagBag from /home/airflow/.local/lib/python3.7/site-packages/airflow/example_dags/example_sla_dag.py
[2025-09-01T05:11:04.143+0000] {processor.py:766} INFO - DAG(s) dict_keys(['example_sla_dag']) retrieved from /home/airflow/.local/lib/python3.7/site-packages/airflow/example_dags/example_sla_dag.py
[2025-09-01T05:11:04.201+0000] {logging_mixin.py:120} INFO - [2025-09-01T05:11:04.201+0000] {dag.py:2585} INFO - Sync 1 DAGs
[2025-09-01T05:11:04.247+0000] {logging_mixin.py:120} INFO - [2025-09-01T05:11:04.246+0000] {dag.py:3340} INFO - Setting next_dagrun for example_sla_dag to 2025-09-01T05:08:00+00:00, run_after=2025-09-01T05:10:00+00:00
[2025-09-01T05:11:04.276+0000] {processor.py:176} INFO - Processing /home/airflow/.local/lib/python3.7/site-packages/airflow/example_dags/example_sla_dag.py took 0.168 seconds
[2025-09-01T05:11:34.906+0000] {processor.py:154} INFO - Started process (PID=1163) to work on /home/airflow/.local/lib/python3.7/site-packages/airflow/example_dags/example_sla_dag.py
[2025-09-01T05:11:34.907+0000] {processor.py:756} INFO - Processing file /home/airflow/.local/lib/python3.7/site-packages/airflow/example_dags/example_sla_dag.py for tasks to queue
[2025-09-01T05:11:34.908+0000] {logging_mixin.py:120} INFO - [2025-09-01T05:11:34.907+0000] {dagbag.py:537} INFO - Filling up the DagBag from /home/airflow/.local/lib/python3.7/site-packages/airflow/example_dags/example_sla_dag.py
[2025-09-01T05:11:34.926+0000] {processor.py:766} INFO - DAG(s) dict_keys(['example_sla_dag']) retrieved from /home/airflow/.local/lib/python3.7/site-packages/airflow/example_dags/example_sla_dag.py
[2025-09-01T05:11:34.963+0000] {logging_mixin.py:120} INFO - [2025-09-01T05:11:34.963+0000] {dag.py:2585} INFO - Sync 1 DAGs
[2025-09-01T05:11:34.989+0000] {logging_mixin.py:120} INFO - [2025-09-01T05:11:34.989+0000] {dag.py:3340} INFO - Setting next_dagrun for example_sla_dag to 2025-09-01T05:08:00+00:00, run_after=2025-09-01T05:10:00+00:00
[2025-09-01T05:11:35.005+0000] {processor.py:176} INFO - Processing /home/airflow/.local/lib/python3.7/site-packages/airflow/example_dags/example_sla_dag.py took 0.102 seconds
[2025-09-01T05:12:05.624+0000] {processor.py:154} INFO - Started process (PID=1222) to work on /home/airflow/.local/lib/python3.7/site-packages/airflow/example_dags/example_sla_dag.py
[2025-09-01T05:12:05.625+0000] {processor.py:756} INFO - Processing file /home/airflow/.local/lib/python3.7/site-packages/airflow/example_dags/example_sla_dag.py for tasks to queue
[2025-09-01T05:12:05.626+0000] {logging_mixin.py:120} INFO - [2025-09-01T05:12:05.626+0000] {dagbag.py:537} INFO - Filling up the DagBag from /home/airflow/.local/lib/python3.7/site-packages/airflow/example_dags/example_sla_dag.py
[2025-09-01T05:12:05.648+0000] {processor.py:766} INFO - DAG(s) dict_keys(['example_sla_dag']) retrieved from /home/airflow/.local/lib/python3.7/site-packages/airflow/example_dags/example_sla_dag.py
[2025-09-01T05:12:05.684+0000] {logging_mixin.py:120} INFO - [2025-09-01T05:12:05.684+0000] {dag.py:2585} INFO - Sync 1 DAGs
[2025-09-01T05:12:05.709+0000] {logging_mixin.py:120} INFO - [2025-09-01T05:12:05.709+0000] {dag.py:3340} INFO - Setting next_dagrun for example_sla_dag to 2025-09-01T05:10:00+00:00, run_after=2025-09-01T05:12:00+00:00
[2025-09-01T05:12:05.726+0000] {processor.py:176} INFO - Processing /home/airflow/.local/lib/python3.7/site-packages/airflow/example_dags/example_sla_dag.py took 0.104 seconds
[2025-09-01T05:12:38.883+0000] {processor.py:154} INFO - Started process (PID=1291) to work on /home/airflow/.local/lib/python3.7/site-packages/airflow/example_dags/example_sla_dag.py
[2025-09-01T05:12:38.885+0000] {processor.py:756} INFO - Processing file /home/airflow/.local/lib/python3.7/site-packages/airflow/example_dags/example_sla_dag.py for tasks to queue
[2025-09-01T05:12:38.887+0000] {logging_mixin.py:120} INFO - [2025-09-01T05:12:38.886+0000] {dagbag.py:537} INFO - Filling up the DagBag from /home/airflow/.local/lib/python3.7/site-packages/airflow/example_dags/example_sla_dag.py
[2025-09-01T05:12:38.941+0000] {processor.py:766} INFO - DAG(s) dict_keys(['example_sla_dag']) retrieved from /home/airflow/.local/lib/python3.7/site-packages/airflow/example_dags/example_sla_dag.py
[2025-09-01T05:12:39.026+0000] {logging_mixin.py:120} INFO - [2025-09-01T05:12:39.025+0000] {dag.py:2585} INFO - Sync 1 DAGs
[2025-09-01T05:12:39.087+0000] {logging_mixin.py:120} INFO - [2025-09-01T05:12:39.087+0000] {dag.py:3340} INFO - Setting next_dagrun for example_sla_dag to 2025-09-01T05:10:00+00:00, run_after=2025-09-01T05:12:00+00:00
[2025-09-01T05:12:39.133+0000] {processor.py:176} INFO - Processing /home/airflow/.local/lib/python3.7/site-packages/airflow/example_dags/example_sla_dag.py took 0.261 seconds
[2025-09-01T05:13:11.775+0000] {processor.py:154} INFO - Started process (PID=1359) to work on /home/airflow/.local/lib/python3.7/site-packages/airflow/example_dags/example_sla_dag.py
[2025-09-01T05:13:11.776+0000] {processor.py:756} INFO - Processing file /home/airflow/.local/lib/python3.7/site-packages/airflow/example_dags/example_sla_dag.py for tasks to queue
[2025-09-01T05:13:11.777+0000] {logging_mixin.py:120} INFO - [2025-09-01T05:13:11.777+0000] {dagbag.py:537} INFO - Filling up the DagBag from /home/airflow/.local/lib/python3.7/site-packages/airflow/example_dags/example_sla_dag.py
[2025-09-01T05:13:11.806+0000] {processor.py:766} INFO - DAG(s) dict_keys(['example_sla_dag']) retrieved from /home/airflow/.local/lib/python3.7/site-packages/airflow/example_dags/example_sla_dag.py
[2025-09-01T05:13:11.858+0000] {logging_mixin.py:120} INFO - [2025-09-01T05:13:11.857+0000] {dag.py:2585} INFO - Sync 1 DAGs
[2025-09-01T05:13:11.894+0000] {logging_mixin.py:120} INFO - [2025-09-01T05:13:11.893+0000] {dag.py:3340} INFO - Setting next_dagrun for example_sla_dag to 2025-09-01T05:10:00+00:00, run_after=2025-09-01T05:12:00+00:00
[2025-09-01T05:13:11.916+0000] {processor.py:176} INFO - Processing /home/airflow/.local/lib/python3.7/site-packages/airflow/example_dags/example_sla_dag.py took 0.152 seconds
[2025-09-01T05:13:43.726+0000] {processor.py:154} INFO - Started process (PID=1427) to work on /home/airflow/.local/lib/python3.7/site-packages/airflow/example_dags/example_sla_dag.py
[2025-09-01T05:13:43.730+0000] {processor.py:756} INFO - Processing file /home/airflow/.local/lib/python3.7/site-packages/airflow/example_dags/example_sla_dag.py for tasks to queue
[2025-09-01T05:13:43.732+0000] {logging_mixin.py:120} INFO - [2025-09-01T05:13:43.731+0000] {dagbag.py:537} INFO - Filling up the DagBag from /home/airflow/.local/lib/python3.7/site-packages/airflow/example_dags/example_sla_dag.py
[2025-09-01T05:13:43.785+0000] {processor.py:766} INFO - DAG(s) dict_keys(['example_sla_dag']) retrieved from /home/airflow/.local/lib/python3.7/site-packages/airflow/example_dags/example_sla_dag.py
[2025-09-01T05:13:43.863+0000] {logging_mixin.py:120} INFO - [2025-09-01T05:13:43.863+0000] {dag.py:2585} INFO - Sync 1 DAGs
[2025-09-01T05:13:43.910+0000] {logging_mixin.py:120} INFO - [2025-09-01T05:13:43.910+0000] {dag.py:3340} INFO - Setting next_dagrun for example_sla_dag to 2025-09-01T05:10:00+00:00, run_after=2025-09-01T05:12:00+00:00
[2025-09-01T05:13:43.947+0000] {processor.py:176} INFO - Processing /home/airflow/.local/lib/python3.7/site-packages/airflow/example_dags/example_sla_dag.py took 0.229 seconds
[2025-09-01T05:14:18.333+0000] {processor.py:154} INFO - Started process (PID=1493) to work on /home/airflow/.local/lib/python3.7/site-packages/airflow/example_dags/example_sla_dag.py
[2025-09-01T05:14:18.335+0000] {processor.py:756} INFO - Processing file /home/airflow/.local/lib/python3.7/site-packages/airflow/example_dags/example_sla_dag.py for tasks to queue
[2025-09-01T05:14:18.337+0000] {logging_mixin.py:120} INFO - [2025-09-01T05:14:18.336+0000] {dagbag.py:537} INFO - Filling up the DagBag from /home/airflow/.local/lib/python3.7/site-packages/airflow/example_dags/example_sla_dag.py
[2025-09-01T05:14:18.386+0000] {processor.py:766} INFO - DAG(s) dict_keys(['example_sla_dag']) retrieved from /home/airflow/.local/lib/python3.7/site-packages/airflow/example_dags/example_sla_dag.py
[2025-09-01T05:14:18.482+0000] {logging_mixin.py:120} INFO - [2025-09-01T05:14:18.481+0000] {dag.py:2585} INFO - Sync 1 DAGs
[2025-09-01T05:14:18.572+0000] {logging_mixin.py:120} INFO - [2025-09-01T05:14:18.571+0000] {dag.py:3340} INFO - Setting next_dagrun for example_sla_dag to 2025-09-01T05:12:00+00:00, run_after=2025-09-01T05:14:00+00:00
[2025-09-01T05:14:18.629+0000] {processor.py:176} INFO - Processing /home/airflow/.local/lib/python3.7/site-packages/airflow/example_dags/example_sla_dag.py took 0.303 seconds
[2025-09-01T05:14:53.132+0000] {processor.py:154} INFO - Started process (PID=1554) to work on /home/airflow/.local/lib/python3.7/site-packages/airflow/example_dags/example_sla_dag.py
[2025-09-01T05:14:53.134+0000] {processor.py:756} INFO - Processing file /home/airflow/.local/lib/python3.7/site-packages/airflow/example_dags/example_sla_dag.py for tasks to queue
[2025-09-01T05:14:53.135+0000] {logging_mixin.py:120} INFO - [2025-09-01T05:14:53.135+0000] {dagbag.py:537} INFO - Filling up the DagBag from /home/airflow/.local/lib/python3.7/site-packages/airflow/example_dags/example_sla_dag.py
[2025-09-01T05:14:53.169+0000] {processor.py:766} INFO - DAG(s) dict_keys(['example_sla_dag']) retrieved from /home/airflow/.local/lib/python3.7/site-packages/airflow/example_dags/example_sla_dag.py
[2025-09-01T05:14:53.232+0000] {logging_mixin.py:120} INFO - [2025-09-01T05:14:53.232+0000] {dag.py:2585} INFO - Sync 1 DAGs
[2025-09-01T05:14:53.276+0000] {logging_mixin.py:120} INFO - [2025-09-01T05:14:53.276+0000] {dag.py:3340} INFO - Setting next_dagrun for example_sla_dag to 2025-09-01T05:12:00+00:00, run_after=2025-09-01T05:14:00+00:00
[2025-09-01T05:14:53.303+0000] {processor.py:176} INFO - Processing /home/airflow/.local/lib/python3.7/site-packages/airflow/example_dags/example_sla_dag.py took 0.176 seconds
[2025-09-01T05:15:31.160+0000] {processor.py:154} INFO - Started process (PID=1622) to work on /home/airflow/.local/lib/python3.7/site-packages/airflow/example_dags/example_sla_dag.py
[2025-09-01T05:15:31.164+0000] {processor.py:756} INFO - Processing file /home/airflow/.local/lib/python3.7/site-packages/airflow/example_dags/example_sla_dag.py for tasks to queue
[2025-09-01T05:15:31.165+0000] {logging_mixin.py:120} INFO - [2025-09-01T05:15:31.165+0000] {dagbag.py:537} INFO - Filling up the DagBag from /home/airflow/.local/lib/python3.7/site-packages/airflow/example_dags/example_sla_dag.py
[2025-09-01T05:15:31.228+0000] {processor.py:766} INFO - DAG(s) dict_keys(['example_sla_dag']) retrieved from /home/airflow/.local/lib/python3.7/site-packages/airflow/example_dags/example_sla_dag.py
[2025-09-01T05:15:31.551+0000] {logging_mixin.py:120} INFO - [2025-09-01T05:15:31.551+0000] {dag.py:2585} INFO - Sync 1 DAGs
[2025-09-01T05:15:31.664+0000] {logging_mixin.py:120} INFO - [2025-09-01T05:15:31.664+0000] {dag.py:3340} INFO - Setting next_dagrun for example_sla_dag to 2025-09-01T05:12:00+00:00, run_after=2025-09-01T05:14:00+00:00
[2025-09-01T05:15:31.739+0000] {processor.py:176} INFO - Processing /home/airflow/.local/lib/python3.7/site-packages/airflow/example_dags/example_sla_dag.py took 0.593 seconds
[2025-09-01T05:21:30.775+0000] {processor.py:154} INFO - Started process (PID=1681) to work on /home/airflow/.local/lib/python3.7/site-packages/airflow/example_dags/example_sla_dag.py
[2025-09-01T05:21:30.777+0000] {processor.py:756} INFO - Processing file /home/airflow/.local/lib/python3.7/site-packages/airflow/example_dags/example_sla_dag.py for tasks to queue
[2025-09-01T05:21:30.780+0000] {logging_mixin.py:120} INFO - [2025-09-01T05:21:30.780+0000] {dagbag.py:537} INFO - Filling up the DagBag from /home/airflow/.local/lib/python3.7/site-packages/airflow/example_dags/example_sla_dag.py
[2025-09-01T05:21:30.815+0000] {processor.py:766} INFO - DAG(s) dict_keys(['example_sla_dag']) retrieved from /home/airflow/.local/lib/python3.7/site-packages/airflow/example_dags/example_sla_dag.py
[2025-09-01T05:21:32.030+0000] {processor.py:179} ERROR - Got an exception! Propagating...
Traceback (most recent call last):
  File "/home/airflow/.local/lib/python3.7/site-packages/sqlalchemy/engine/base.py", line 3243, in _wrap_pool_connect
    return fn()
  File "/home/airflow/.local/lib/python3.7/site-packages/sqlalchemy/pool/base.py", line 310, in connect
    return _ConnectionFairy._checkout(self)
  File "/home/airflow/.local/lib/python3.7/site-packages/sqlalchemy/pool/base.py", line 868, in _checkout
    fairy = _ConnectionRecord.checkout(pool)
  File "/home/airflow/.local/lib/python3.7/site-packages/sqlalchemy/pool/base.py", line 476, in checkout
    rec = pool._do_get()
  File "/home/airflow/.local/lib/python3.7/site-packages/sqlalchemy/pool/impl.py", line 146, in _do_get
    self._dec_overflow()
  File "/home/airflow/.local/lib/python3.7/site-packages/sqlalchemy/util/langhelpers.py", line 72, in __exit__
    with_traceback=exc_tb,
  File "/home/airflow/.local/lib/python3.7/site-packages/sqlalchemy/util/compat.py", line 207, in raise_
    raise exception
  File "/home/airflow/.local/lib/python3.7/site-packages/sqlalchemy/pool/impl.py", line 143, in _do_get
    return self._create_connection()
  File "/home/airflow/.local/lib/python3.7/site-packages/sqlalchemy/pool/base.py", line 256, in _create_connection
    return _ConnectionRecord(self)
  File "/home/airflow/.local/lib/python3.7/site-packages/sqlalchemy/pool/base.py", line 371, in __init__
    self.__connect()
  File "/home/airflow/.local/lib/python3.7/site-packages/sqlalchemy/pool/base.py", line 666, in __connect
    pool.logger.debug("Error on connect(): %s", e)
  File "/home/airflow/.local/lib/python3.7/site-packages/sqlalchemy/util/langhelpers.py", line 72, in __exit__
    with_traceback=exc_tb,
  File "/home/airflow/.local/lib/python3.7/site-packages/sqlalchemy/util/compat.py", line 207, in raise_
    raise exception
  File "/home/airflow/.local/lib/python3.7/site-packages/sqlalchemy/pool/base.py", line 661, in __connect
    self.dbapi_connection = connection = pool._invoke_creator(self)
  File "/home/airflow/.local/lib/python3.7/site-packages/sqlalchemy/engine/create.py", line 590, in connect
    return dialect.connect(*cargs, **cparams)
  File "/home/airflow/.local/lib/python3.7/site-packages/sqlalchemy/engine/default.py", line 584, in connect
    return self.dbapi.connect(*cargs, **cparams)
  File "/home/airflow/.local/lib/python3.7/site-packages/psycopg2/__init__.py", line 122, in connect
    conn = _connect(dsn, connection_factory=connection_factory, **kwasync)
psycopg2.OperationalError: could not translate host name "postgres" to address: Temporary failure in name resolution


The above exception was the direct cause of the following exception:

Traceback (most recent call last):
  File "/home/airflow/.local/lib/python3.7/site-packages/airflow/dag_processing/processor.py", line 175, in _run_file_processor
    _handle_dag_file_processing()
  File "/home/airflow/.local/lib/python3.7/site-packages/airflow/dag_processing/processor.py", line 159, in _handle_dag_file_processing
    callback_requests=callback_requests,
  File "/home/airflow/.local/lib/python3.7/site-packages/airflow/utils/session.py", line 75, in wrapper
    return func(*args, session=session, **kwargs)
  File "/home/airflow/.local/lib/python3.7/site-packages/airflow/dag_processing/processor.py", line 781, in process_file
    dagbag.sync_to_db(processor_subdir=self._dag_directory, session=session)
  File "/home/airflow/.local/lib/python3.7/site-packages/airflow/utils/session.py", line 72, in wrapper
    return func(*args, **kwargs)
  File "/home/airflow/.local/lib/python3.7/site-packages/airflow/models/dagbag.py", line 644, in sync_to_db
    for attempt in run_with_db_retries(logger=self.log):
  File "/home/airflow/.local/lib/python3.7/site-packages/tenacity/__init__.py", line 384, in __iter__
    do = self.iter(retry_state=retry_state)
  File "/home/airflow/.local/lib/python3.7/site-packages/tenacity/__init__.py", line 362, in iter
    raise retry_exc.reraise()
  File "/home/airflow/.local/lib/python3.7/site-packages/tenacity/__init__.py", line 195, in reraise
    raise self.last_attempt.result()
  File "/usr/local/lib/python3.7/concurrent/futures/_base.py", line 428, in result
    return self.__get_result()
  File "/usr/local/lib/python3.7/concurrent/futures/_base.py", line 384, in __get_result
    raise self._exception
  File "/home/airflow/.local/lib/python3.7/site-packages/airflow/models/dagbag.py", line 656, in sync_to_db
    serialize_errors.extend(_serialize_dag_capturing_errors(dag, session))
  File "/home/airflow/.local/lib/python3.7/site-packages/airflow/models/dagbag.py", line 630, in _serialize_dag_capturing_errors
    session=session,
  File "/home/airflow/.local/lib/python3.7/site-packages/airflow/utils/session.py", line 72, in wrapper
    return func(*args, **kwargs)
  File "/home/airflow/.local/lib/python3.7/site-packages/airflow/models/serialized_dag.py", line 150, in write_dag
    (timezone.utcnow() - timedelta(seconds=min_update_interval)) < cls.last_updated,
  File "/home/airflow/.local/lib/python3.7/site-packages/sqlalchemy/orm/query.py", line 2810, in first
    return self.limit(1)._iter().first()
  File "/home/airflow/.local/lib/python3.7/site-packages/sqlalchemy/orm/query.py", line 2897, in _iter
    execution_options={"_sa_orm_load_options": self.load_options},
  File "/home/airflow/.local/lib/python3.7/site-packages/sqlalchemy/orm/session.py", line 1688, in execute
    conn = self._connection_for_bind(bind)
  File "/home/airflow/.local/lib/python3.7/site-packages/sqlalchemy/orm/session.py", line 1530, in _connection_for_bind
    engine, execution_options
  File "/home/airflow/.local/lib/python3.7/site-packages/sqlalchemy/orm/session.py", line 747, in _connection_for_bind
    conn = bind.connect()
  File "/home/airflow/.local/lib/python3.7/site-packages/sqlalchemy/engine/base.py", line 3197, in connect
    return self._connection_cls(self, close_with_result=close_with_result)
  File "/home/airflow/.local/lib/python3.7/site-packages/sqlalchemy/engine/base.py", line 96, in __init__
    else engine.raw_connection()
  File "/home/airflow/.local/lib/python3.7/site-packages/sqlalchemy/engine/base.py", line 3276, in raw_connection
    return self._wrap_pool_connect(self.pool.connect, _connection)
  File "/home/airflow/.local/lib/python3.7/site-packages/sqlalchemy/engine/base.py", line 3247, in _wrap_pool_connect
    e, dialect, self
  File "/home/airflow/.local/lib/python3.7/site-packages/sqlalchemy/engine/base.py", line 2101, in _handle_dbapi_exception_noconnection
    sqlalchemy_exception, with_traceback=exc_info[2], from_=e
  File "/home/airflow/.local/lib/python3.7/site-packages/sqlalchemy/util/compat.py", line 207, in raise_
    raise exception
  File "/home/airflow/.local/lib/python3.7/site-packages/sqlalchemy/engine/base.py", line 3243, in _wrap_pool_connect
    return fn()
  File "/home/airflow/.local/lib/python3.7/site-packages/sqlalchemy/pool/base.py", line 310, in connect
    return _ConnectionFairy._checkout(self)
  File "/home/airflow/.local/lib/python3.7/site-packages/sqlalchemy/pool/base.py", line 868, in _checkout
    fairy = _ConnectionRecord.checkout(pool)
  File "/home/airflow/.local/lib/python3.7/site-packages/sqlalchemy/pool/base.py", line 476, in checkout
    rec = pool._do_get()
  File "/home/airflow/.local/lib/python3.7/site-packages/sqlalchemy/pool/impl.py", line 146, in _do_get
    self._dec_overflow()
  File "/home/airflow/.local/lib/python3.7/site-packages/sqlalchemy/util/langhelpers.py", line 72, in __exit__
    with_traceback=exc_tb,
  File "/home/airflow/.local/lib/python3.7/site-packages/sqlalchemy/util/compat.py", line 207, in raise_
    raise exception
  File "/home/airflow/.local/lib/python3.7/site-packages/sqlalchemy/pool/impl.py", line 143, in _do_get
    return self._create_connection()
  File "/home/airflow/.local/lib/python3.7/site-packages/sqlalchemy/pool/base.py", line 256, in _create_connection
    return _ConnectionRecord(self)
  File "/home/airflow/.local/lib/python3.7/site-packages/sqlalchemy/pool/base.py", line 371, in __init__
    self.__connect()
  File "/home/airflow/.local/lib/python3.7/site-packages/sqlalchemy/pool/base.py", line 666, in __connect
    pool.logger.debug("Error on connect(): %s", e)
  File "/home/airflow/.local/lib/python3.7/site-packages/sqlalchemy/util/langhelpers.py", line 72, in __exit__
    with_traceback=exc_tb,
  File "/home/airflow/.local/lib/python3.7/site-packages/sqlalchemy/util/compat.py", line 207, in raise_
    raise exception
  File "/home/airflow/.local/lib/python3.7/site-packages/sqlalchemy/pool/base.py", line 661, in __connect
    self.dbapi_connection = connection = pool._invoke_creator(self)
  File "/home/airflow/.local/lib/python3.7/site-packages/sqlalchemy/engine/create.py", line 590, in connect
    return dialect.connect(*cargs, **cparams)
  File "/home/airflow/.local/lib/python3.7/site-packages/sqlalchemy/engine/default.py", line 584, in connect
    return self.dbapi.connect(*cargs, **cparams)
  File "/home/airflow/.local/lib/python3.7/site-packages/psycopg2/__init__.py", line 122, in connect
    conn = _connect(dsn, connection_factory=connection_factory, **kwasync)
sqlalchemy.exc.OperationalError: (psycopg2.OperationalError) could not translate host name "postgres" to address: Temporary failure in name resolution

(Background on this error at: https://sqlalche.me/e/14/e3q8)
