[2025-09-01T05:03:10.138+0000] {processor.py:154} INFO - Started process (PID=90) to work on /home/airflow/.local/lib/python3.7/site-packages/airflow/example_dags/example_xcomargs.py
[2025-09-01T05:03:10.139+0000] {processor.py:756} INFO - Processing file /home/airflow/.local/lib/python3.7/site-packages/airflow/example_dags/example_xcomargs.py for tasks to queue
[2025-09-01T05:03:10.140+0000] {logging_mixin.py:120} INFO - [2025-09-01T05:03:10.140+0000] {dagbag.py:537} INFO - Filling up the DagBag from /home/airflow/.local/lib/python3.7/site-packages/airflow/example_dags/example_xcomargs.py
[2025-09-01T05:03:10.183+0000] {processor.py:766} INFO - DAG(s) dict_keys(['example_xcom_args_with_operators', 'example_xcom_args']) retrieved from /home/airflow/.local/lib/python3.7/site-packages/airflow/example_dags/example_xcomargs.py
[2025-09-01T05:03:10.303+0000] {logging_mixin.py:120} INFO - [2025-09-01T05:03:10.303+0000] {dag.py:2585} INFO - Sync 2 DAGs
[2025-09-01T05:03:10.359+0000] {logging_mixin.py:120} INFO - [2025-09-01T05:03:10.359+0000] {dag.py:3340} INFO - Setting next_dagrun for example_xcom_args to None, run_after=None
[2025-09-01T05:03:10.365+0000] {logging_mixin.py:120} INFO - [2025-09-01T05:03:10.365+0000] {dag.py:3340} INFO - Setting next_dagrun for example_xcom_args_with_operators to None, run_after=None
[2025-09-01T05:03:10.395+0000] {processor.py:176} INFO - Processing /home/airflow/.local/lib/python3.7/site-packages/airflow/example_dags/example_xcomargs.py took 0.262 seconds
[2025-09-01T05:03:41.283+0000] {processor.py:154} INFO - Started process (PID=166) to work on /home/airflow/.local/lib/python3.7/site-packages/airflow/example_dags/example_xcomargs.py
[2025-09-01T05:03:41.285+0000] {processor.py:756} INFO - Processing file /home/airflow/.local/lib/python3.7/site-packages/airflow/example_dags/example_xcomargs.py for tasks to queue
[2025-09-01T05:03:41.286+0000] {logging_mixin.py:120} INFO - [2025-09-01T05:03:41.286+0000] {dagbag.py:537} INFO - Filling up the DagBag from /home/airflow/.local/lib/python3.7/site-packages/airflow/example_dags/example_xcomargs.py
[2025-09-01T05:03:41.317+0000] {processor.py:766} INFO - DAG(s) dict_keys(['example_xcom_args_with_operators', 'example_xcom_args']) retrieved from /home/airflow/.local/lib/python3.7/site-packages/airflow/example_dags/example_xcomargs.py
[2025-09-01T05:03:41.365+0000] {logging_mixin.py:120} INFO - [2025-09-01T05:03:41.364+0000] {dag.py:2585} INFO - Sync 2 DAGs
[2025-09-01T05:03:41.396+0000] {logging_mixin.py:120} INFO - [2025-09-01T05:03:41.396+0000] {dag.py:3340} INFO - Setting next_dagrun for example_xcom_args to None, run_after=None
[2025-09-01T05:03:41.399+0000] {logging_mixin.py:120} INFO - [2025-09-01T05:03:41.399+0000] {dag.py:3340} INFO - Setting next_dagrun for example_xcom_args_with_operators to None, run_after=None
[2025-09-01T05:03:41.427+0000] {processor.py:176} INFO - Processing /home/airflow/.local/lib/python3.7/site-packages/airflow/example_dags/example_xcomargs.py took 0.148 seconds
[2025-09-01T05:04:15.219+0000] {processor.py:154} INFO - Started process (PID=233) to work on /home/airflow/.local/lib/python3.7/site-packages/airflow/example_dags/example_xcomargs.py
[2025-09-01T05:04:15.222+0000] {processor.py:756} INFO - Processing file /home/airflow/.local/lib/python3.7/site-packages/airflow/example_dags/example_xcomargs.py for tasks to queue
[2025-09-01T05:04:15.223+0000] {logging_mixin.py:120} INFO - [2025-09-01T05:04:15.223+0000] {dagbag.py:537} INFO - Filling up the DagBag from /home/airflow/.local/lib/python3.7/site-packages/airflow/example_dags/example_xcomargs.py
[2025-09-01T05:04:15.276+0000] {processor.py:766} INFO - DAG(s) dict_keys(['example_xcom_args_with_operators', 'example_xcom_args']) retrieved from /home/airflow/.local/lib/python3.7/site-packages/airflow/example_dags/example_xcomargs.py
[2025-09-01T05:04:15.402+0000] {logging_mixin.py:120} INFO - [2025-09-01T05:04:15.401+0000] {dag.py:2585} INFO - Sync 2 DAGs
[2025-09-01T05:04:15.456+0000] {logging_mixin.py:120} INFO - [2025-09-01T05:04:15.455+0000] {dag.py:3340} INFO - Setting next_dagrun for example_xcom_args to None, run_after=None
[2025-09-01T05:04:15.465+0000] {logging_mixin.py:120} INFO - [2025-09-01T05:04:15.465+0000] {dag.py:3340} INFO - Setting next_dagrun for example_xcom_args_with_operators to None, run_after=None
[2025-09-01T05:04:15.502+0000] {processor.py:176} INFO - Processing /home/airflow/.local/lib/python3.7/site-packages/airflow/example_dags/example_xcomargs.py took 0.291 seconds
[2025-09-01T05:04:45.627+0000] {processor.py:154} INFO - Started process (PID=294) to work on /home/airflow/.local/lib/python3.7/site-packages/airflow/example_dags/example_xcomargs.py
[2025-09-01T05:04:45.629+0000] {processor.py:756} INFO - Processing file /home/airflow/.local/lib/python3.7/site-packages/airflow/example_dags/example_xcomargs.py for tasks to queue
[2025-09-01T05:04:45.630+0000] {logging_mixin.py:120} INFO - [2025-09-01T05:04:45.630+0000] {dagbag.py:537} INFO - Filling up the DagBag from /home/airflow/.local/lib/python3.7/site-packages/airflow/example_dags/example_xcomargs.py
[2025-09-01T05:04:45.656+0000] {processor.py:766} INFO - DAG(s) dict_keys(['example_xcom_args_with_operators', 'example_xcom_args']) retrieved from /home/airflow/.local/lib/python3.7/site-packages/airflow/example_dags/example_xcomargs.py
[2025-09-01T05:04:45.708+0000] {logging_mixin.py:120} INFO - [2025-09-01T05:04:45.708+0000] {dag.py:2585} INFO - Sync 2 DAGs
[2025-09-01T05:04:45.746+0000] {logging_mixin.py:120} INFO - [2025-09-01T05:04:45.746+0000] {dag.py:3340} INFO - Setting next_dagrun for example_xcom_args to None, run_after=None
[2025-09-01T05:04:45.754+0000] {logging_mixin.py:120} INFO - [2025-09-01T05:04:45.754+0000] {dag.py:3340} INFO - Setting next_dagrun for example_xcom_args_with_operators to None, run_after=None
[2025-09-01T05:04:45.780+0000] {processor.py:176} INFO - Processing /home/airflow/.local/lib/python3.7/site-packages/airflow/example_dags/example_xcomargs.py took 0.158 seconds
[2025-09-01T05:05:16.164+0000] {processor.py:154} INFO - Started process (PID=362) to work on /home/airflow/.local/lib/python3.7/site-packages/airflow/example_dags/example_xcomargs.py
[2025-09-01T05:05:16.166+0000] {processor.py:756} INFO - Processing file /home/airflow/.local/lib/python3.7/site-packages/airflow/example_dags/example_xcomargs.py for tasks to queue
[2025-09-01T05:05:16.166+0000] {logging_mixin.py:120} INFO - [2025-09-01T05:05:16.166+0000] {dagbag.py:537} INFO - Filling up the DagBag from /home/airflow/.local/lib/python3.7/site-packages/airflow/example_dags/example_xcomargs.py
[2025-09-01T05:05:16.185+0000] {processor.py:766} INFO - DAG(s) dict_keys(['example_xcom_args', 'example_xcom_args_with_operators']) retrieved from /home/airflow/.local/lib/python3.7/site-packages/airflow/example_dags/example_xcomargs.py
[2025-09-01T05:05:16.225+0000] {logging_mixin.py:120} INFO - [2025-09-01T05:05:16.225+0000] {dag.py:2585} INFO - Sync 2 DAGs
[2025-09-01T05:05:16.249+0000] {logging_mixin.py:120} INFO - [2025-09-01T05:05:16.248+0000] {dag.py:3340} INFO - Setting next_dagrun for example_xcom_args to None, run_after=None
[2025-09-01T05:05:16.252+0000] {logging_mixin.py:120} INFO - [2025-09-01T05:05:16.251+0000] {dag.py:3340} INFO - Setting next_dagrun for example_xcom_args_with_operators to None, run_after=None
[2025-09-01T05:05:16.267+0000] {processor.py:176} INFO - Processing /home/airflow/.local/lib/python3.7/site-packages/airflow/example_dags/example_xcomargs.py took 0.107 seconds
[2025-09-01T05:05:47.617+0000] {processor.py:154} INFO - Started process (PID=431) to work on /home/airflow/.local/lib/python3.7/site-packages/airflow/example_dags/example_xcomargs.py
[2025-09-01T05:05:47.619+0000] {processor.py:756} INFO - Processing file /home/airflow/.local/lib/python3.7/site-packages/airflow/example_dags/example_xcomargs.py for tasks to queue
[2025-09-01T05:05:47.620+0000] {logging_mixin.py:120} INFO - [2025-09-01T05:05:47.620+0000] {dagbag.py:537} INFO - Filling up the DagBag from /home/airflow/.local/lib/python3.7/site-packages/airflow/example_dags/example_xcomargs.py
[2025-09-01T05:05:47.645+0000] {processor.py:766} INFO - DAG(s) dict_keys(['example_xcom_args_with_operators', 'example_xcom_args']) retrieved from /home/airflow/.local/lib/python3.7/site-packages/airflow/example_dags/example_xcomargs.py
[2025-09-01T05:05:47.691+0000] {logging_mixin.py:120} INFO - [2025-09-01T05:05:47.691+0000] {dag.py:2585} INFO - Sync 2 DAGs
[2025-09-01T05:05:47.713+0000] {logging_mixin.py:120} INFO - [2025-09-01T05:05:47.713+0000] {dag.py:3340} INFO - Setting next_dagrun for example_xcom_args to None, run_after=None
[2025-09-01T05:05:47.716+0000] {logging_mixin.py:120} INFO - [2025-09-01T05:05:47.716+0000] {dag.py:3340} INFO - Setting next_dagrun for example_xcom_args_with_operators to None, run_after=None
[2025-09-01T05:05:47.734+0000] {processor.py:176} INFO - Processing /home/airflow/.local/lib/python3.7/site-packages/airflow/example_dags/example_xcomargs.py took 0.121 seconds
[2025-09-01T05:06:18.977+0000] {processor.py:154} INFO - Started process (PID=490) to work on /home/airflow/.local/lib/python3.7/site-packages/airflow/example_dags/example_xcomargs.py
[2025-09-01T05:06:18.978+0000] {processor.py:756} INFO - Processing file /home/airflow/.local/lib/python3.7/site-packages/airflow/example_dags/example_xcomargs.py for tasks to queue
[2025-09-01T05:06:18.978+0000] {logging_mixin.py:120} INFO - [2025-09-01T05:06:18.978+0000] {dagbag.py:537} INFO - Filling up the DagBag from /home/airflow/.local/lib/python3.7/site-packages/airflow/example_dags/example_xcomargs.py
[2025-09-01T05:06:18.997+0000] {processor.py:766} INFO - DAG(s) dict_keys(['example_xcom_args', 'example_xcom_args_with_operators']) retrieved from /home/airflow/.local/lib/python3.7/site-packages/airflow/example_dags/example_xcomargs.py
[2025-09-01T05:06:19.047+0000] {logging_mixin.py:120} INFO - [2025-09-01T05:06:19.046+0000] {dag.py:2585} INFO - Sync 2 DAGs
[2025-09-01T05:06:19.072+0000] {logging_mixin.py:120} INFO - [2025-09-01T05:06:19.072+0000] {dag.py:3340} INFO - Setting next_dagrun for example_xcom_args to None, run_after=None
[2025-09-01T05:06:19.075+0000] {logging_mixin.py:120} INFO - [2025-09-01T05:06:19.075+0000] {dag.py:3340} INFO - Setting next_dagrun for example_xcom_args_with_operators to None, run_after=None
[2025-09-01T05:06:19.097+0000] {processor.py:176} INFO - Processing /home/airflow/.local/lib/python3.7/site-packages/airflow/example_dags/example_xcomargs.py took 0.123 seconds
[2025-09-01T05:06:50.813+0000] {processor.py:154} INFO - Started process (PID=557) to work on /home/airflow/.local/lib/python3.7/site-packages/airflow/example_dags/example_xcomargs.py
[2025-09-01T05:06:50.815+0000] {processor.py:756} INFO - Processing file /home/airflow/.local/lib/python3.7/site-packages/airflow/example_dags/example_xcomargs.py for tasks to queue
[2025-09-01T05:06:50.816+0000] {logging_mixin.py:120} INFO - [2025-09-01T05:06:50.815+0000] {dagbag.py:537} INFO - Filling up the DagBag from /home/airflow/.local/lib/python3.7/site-packages/airflow/example_dags/example_xcomargs.py
[2025-09-01T05:06:50.844+0000] {processor.py:766} INFO - DAG(s) dict_keys(['example_xcom_args', 'example_xcom_args_with_operators']) retrieved from /home/airflow/.local/lib/python3.7/site-packages/airflow/example_dags/example_xcomargs.py
[2025-09-01T05:06:50.900+0000] {logging_mixin.py:120} INFO - [2025-09-01T05:06:50.900+0000] {dag.py:2585} INFO - Sync 2 DAGs
[2025-09-01T05:06:50.935+0000] {logging_mixin.py:120} INFO - [2025-09-01T05:06:50.934+0000] {dag.py:3340} INFO - Setting next_dagrun for example_xcom_args to None, run_after=None
[2025-09-01T05:06:50.940+0000] {logging_mixin.py:120} INFO - [2025-09-01T05:06:50.940+0000] {dag.py:3340} INFO - Setting next_dagrun for example_xcom_args_with_operators to None, run_after=None
[2025-09-01T05:06:50.967+0000] {processor.py:176} INFO - Processing /home/airflow/.local/lib/python3.7/site-packages/airflow/example_dags/example_xcomargs.py took 0.158 seconds
[2025-09-01T05:07:22.298+0000] {processor.py:154} INFO - Started process (PID=625) to work on /home/airflow/.local/lib/python3.7/site-packages/airflow/example_dags/example_xcomargs.py
[2025-09-01T05:07:22.300+0000] {processor.py:756} INFO - Processing file /home/airflow/.local/lib/python3.7/site-packages/airflow/example_dags/example_xcomargs.py for tasks to queue
[2025-09-01T05:07:22.301+0000] {logging_mixin.py:120} INFO - [2025-09-01T05:07:22.301+0000] {dagbag.py:537} INFO - Filling up the DagBag from /home/airflow/.local/lib/python3.7/site-packages/airflow/example_dags/example_xcomargs.py
[2025-09-01T05:07:22.334+0000] {processor.py:766} INFO - DAG(s) dict_keys(['example_xcom_args', 'example_xcom_args_with_operators']) retrieved from /home/airflow/.local/lib/python3.7/site-packages/airflow/example_dags/example_xcomargs.py
[2025-09-01T05:07:22.408+0000] {logging_mixin.py:120} INFO - [2025-09-01T05:07:22.407+0000] {dag.py:2585} INFO - Sync 2 DAGs
[2025-09-01T05:07:22.448+0000] {logging_mixin.py:120} INFO - [2025-09-01T05:07:22.448+0000] {dag.py:3340} INFO - Setting next_dagrun for example_xcom_args to None, run_after=None
[2025-09-01T05:07:22.455+0000] {logging_mixin.py:120} INFO - [2025-09-01T05:07:22.454+0000] {dag.py:3340} INFO - Setting next_dagrun for example_xcom_args_with_operators to None, run_after=None
[2025-09-01T05:07:22.488+0000] {processor.py:176} INFO - Processing /home/airflow/.local/lib/python3.7/site-packages/airflow/example_dags/example_xcomargs.py took 0.194 seconds
[2025-09-01T05:07:53.547+0000] {processor.py:154} INFO - Started process (PID=691) to work on /home/airflow/.local/lib/python3.7/site-packages/airflow/example_dags/example_xcomargs.py
[2025-09-01T05:07:53.549+0000] {processor.py:756} INFO - Processing file /home/airflow/.local/lib/python3.7/site-packages/airflow/example_dags/example_xcomargs.py for tasks to queue
[2025-09-01T05:07:53.550+0000] {logging_mixin.py:120} INFO - [2025-09-01T05:07:53.550+0000] {dagbag.py:537} INFO - Filling up the DagBag from /home/airflow/.local/lib/python3.7/site-packages/airflow/example_dags/example_xcomargs.py
[2025-09-01T05:07:53.584+0000] {processor.py:766} INFO - DAG(s) dict_keys(['example_xcom_args', 'example_xcom_args_with_operators']) retrieved from /home/airflow/.local/lib/python3.7/site-packages/airflow/example_dags/example_xcomargs.py
[2025-09-01T05:07:53.658+0000] {logging_mixin.py:120} INFO - [2025-09-01T05:07:53.658+0000] {dag.py:2585} INFO - Sync 2 DAGs
[2025-09-01T05:07:53.699+0000] {logging_mixin.py:120} INFO - [2025-09-01T05:07:53.698+0000] {dag.py:3340} INFO - Setting next_dagrun for example_xcom_args to None, run_after=None
[2025-09-01T05:07:53.705+0000] {logging_mixin.py:120} INFO - [2025-09-01T05:07:53.704+0000] {dag.py:3340} INFO - Setting next_dagrun for example_xcom_args_with_operators to None, run_after=None
[2025-09-01T05:07:53.739+0000] {processor.py:176} INFO - Processing /home/airflow/.local/lib/python3.7/site-packages/airflow/example_dags/example_xcomargs.py took 0.199 seconds
[2025-09-01T05:08:24.928+0000] {processor.py:154} INFO - Started process (PID=750) to work on /home/airflow/.local/lib/python3.7/site-packages/airflow/example_dags/example_xcomargs.py
[2025-09-01T05:08:24.930+0000] {processor.py:756} INFO - Processing file /home/airflow/.local/lib/python3.7/site-packages/airflow/example_dags/example_xcomargs.py for tasks to queue
[2025-09-01T05:08:24.931+0000] {logging_mixin.py:120} INFO - [2025-09-01T05:08:24.931+0000] {dagbag.py:537} INFO - Filling up the DagBag from /home/airflow/.local/lib/python3.7/site-packages/airflow/example_dags/example_xcomargs.py
[2025-09-01T05:08:24.962+0000] {processor.py:766} INFO - DAG(s) dict_keys(['example_xcom_args_with_operators', 'example_xcom_args']) retrieved from /home/airflow/.local/lib/python3.7/site-packages/airflow/example_dags/example_xcomargs.py
[2025-09-01T05:08:25.059+0000] {logging_mixin.py:120} INFO - [2025-09-01T05:08:25.059+0000] {dag.py:2585} INFO - Sync 2 DAGs
[2025-09-01T05:08:25.101+0000] {logging_mixin.py:120} INFO - [2025-09-01T05:08:25.101+0000] {dag.py:3340} INFO - Setting next_dagrun for example_xcom_args to None, run_after=None
[2025-09-01T05:08:25.107+0000] {logging_mixin.py:120} INFO - [2025-09-01T05:08:25.107+0000] {dag.py:3340} INFO - Setting next_dagrun for example_xcom_args_with_operators to None, run_after=None
[2025-09-01T05:08:25.138+0000] {processor.py:176} INFO - Processing /home/airflow/.local/lib/python3.7/site-packages/airflow/example_dags/example_xcomargs.py took 0.218 seconds
[2025-09-01T05:08:55.973+0000] {processor.py:154} INFO - Started process (PID=817) to work on /home/airflow/.local/lib/python3.7/site-packages/airflow/example_dags/example_xcomargs.py
[2025-09-01T05:08:55.975+0000] {processor.py:756} INFO - Processing file /home/airflow/.local/lib/python3.7/site-packages/airflow/example_dags/example_xcomargs.py for tasks to queue
[2025-09-01T05:08:55.975+0000] {logging_mixin.py:120} INFO - [2025-09-01T05:08:55.975+0000] {dagbag.py:537} INFO - Filling up the DagBag from /home/airflow/.local/lib/python3.7/site-packages/airflow/example_dags/example_xcomargs.py
[2025-09-01T05:08:56.004+0000] {processor.py:766} INFO - DAG(s) dict_keys(['example_xcom_args', 'example_xcom_args_with_operators']) retrieved from /home/airflow/.local/lib/python3.7/site-packages/airflow/example_dags/example_xcomargs.py
[2025-09-01T05:08:56.072+0000] {logging_mixin.py:120} INFO - [2025-09-01T05:08:56.072+0000] {dag.py:2585} INFO - Sync 2 DAGs
[2025-09-01T05:08:56.110+0000] {logging_mixin.py:120} INFO - [2025-09-01T05:08:56.109+0000] {dag.py:3340} INFO - Setting next_dagrun for example_xcom_args to None, run_after=None
[2025-09-01T05:08:56.116+0000] {logging_mixin.py:120} INFO - [2025-09-01T05:08:56.116+0000] {dag.py:3340} INFO - Setting next_dagrun for example_xcom_args_with_operators to None, run_after=None
[2025-09-01T05:08:56.170+0000] {processor.py:176} INFO - Processing /home/airflow/.local/lib/python3.7/site-packages/airflow/example_dags/example_xcomargs.py took 0.203 seconds
[2025-09-01T05:09:27.248+0000] {processor.py:154} INFO - Started process (PID=885) to work on /home/airflow/.local/lib/python3.7/site-packages/airflow/example_dags/example_xcomargs.py
[2025-09-01T05:09:27.250+0000] {processor.py:756} INFO - Processing file /home/airflow/.local/lib/python3.7/site-packages/airflow/example_dags/example_xcomargs.py for tasks to queue
[2025-09-01T05:09:27.251+0000] {logging_mixin.py:120} INFO - [2025-09-01T05:09:27.251+0000] {dagbag.py:537} INFO - Filling up the DagBag from /home/airflow/.local/lib/python3.7/site-packages/airflow/example_dags/example_xcomargs.py
[2025-09-01T05:09:27.284+0000] {processor.py:766} INFO - DAG(s) dict_keys(['example_xcom_args', 'example_xcom_args_with_operators']) retrieved from /home/airflow/.local/lib/python3.7/site-packages/airflow/example_dags/example_xcomargs.py
[2025-09-01T05:09:27.353+0000] {logging_mixin.py:120} INFO - [2025-09-01T05:09:27.352+0000] {dag.py:2585} INFO - Sync 2 DAGs
[2025-09-01T05:09:27.389+0000] {logging_mixin.py:120} INFO - [2025-09-01T05:09:27.389+0000] {dag.py:3340} INFO - Setting next_dagrun for example_xcom_args to None, run_after=None
[2025-09-01T05:09:27.393+0000] {logging_mixin.py:120} INFO - [2025-09-01T05:09:27.393+0000] {dag.py:3340} INFO - Setting next_dagrun for example_xcom_args_with_operators to None, run_after=None
[2025-09-01T05:09:27.417+0000] {processor.py:176} INFO - Processing /home/airflow/.local/lib/python3.7/site-packages/airflow/example_dags/example_xcomargs.py took 0.174 seconds
[2025-09-01T05:09:58.261+0000] {processor.py:154} INFO - Started process (PID=944) to work on /home/airflow/.local/lib/python3.7/site-packages/airflow/example_dags/example_xcomargs.py
[2025-09-01T05:09:58.263+0000] {processor.py:756} INFO - Processing file /home/airflow/.local/lib/python3.7/site-packages/airflow/example_dags/example_xcomargs.py for tasks to queue
[2025-09-01T05:09:58.263+0000] {logging_mixin.py:120} INFO - [2025-09-01T05:09:58.263+0000] {dagbag.py:537} INFO - Filling up the DagBag from /home/airflow/.local/lib/python3.7/site-packages/airflow/example_dags/example_xcomargs.py
[2025-09-01T05:09:58.296+0000] {processor.py:766} INFO - DAG(s) dict_keys(['example_xcom_args', 'example_xcom_args_with_operators']) retrieved from /home/airflow/.local/lib/python3.7/site-packages/airflow/example_dags/example_xcomargs.py
[2025-09-01T05:09:58.369+0000] {logging_mixin.py:120} INFO - [2025-09-01T05:09:58.369+0000] {dag.py:2585} INFO - Sync 2 DAGs
[2025-09-01T05:09:58.407+0000] {logging_mixin.py:120} INFO - [2025-09-01T05:09:58.407+0000] {dag.py:3340} INFO - Setting next_dagrun for example_xcom_args to None, run_after=None
[2025-09-01T05:09:58.411+0000] {logging_mixin.py:120} INFO - [2025-09-01T05:09:58.410+0000] {dag.py:3340} INFO - Setting next_dagrun for example_xcom_args_with_operators to None, run_after=None
[2025-09-01T05:09:58.435+0000] {processor.py:176} INFO - Processing /home/airflow/.local/lib/python3.7/site-packages/airflow/example_dags/example_xcomargs.py took 0.178 seconds
[2025-09-01T05:10:30.259+0000] {processor.py:154} INFO - Started process (PID=1012) to work on /home/airflow/.local/lib/python3.7/site-packages/airflow/example_dags/example_xcomargs.py
[2025-09-01T05:10:30.261+0000] {processor.py:756} INFO - Processing file /home/airflow/.local/lib/python3.7/site-packages/airflow/example_dags/example_xcomargs.py for tasks to queue
[2025-09-01T05:10:30.263+0000] {logging_mixin.py:120} INFO - [2025-09-01T05:10:30.262+0000] {dagbag.py:537} INFO - Filling up the DagBag from /home/airflow/.local/lib/python3.7/site-packages/airflow/example_dags/example_xcomargs.py
[2025-09-01T05:10:30.294+0000] {processor.py:766} INFO - DAG(s) dict_keys(['example_xcom_args_with_operators', 'example_xcom_args']) retrieved from /home/airflow/.local/lib/python3.7/site-packages/airflow/example_dags/example_xcomargs.py
[2025-09-01T05:10:30.363+0000] {logging_mixin.py:120} INFO - [2025-09-01T05:10:30.363+0000] {dag.py:2585} INFO - Sync 2 DAGs
[2025-09-01T05:10:30.404+0000] {logging_mixin.py:120} INFO - [2025-09-01T05:10:30.404+0000] {dag.py:3340} INFO - Setting next_dagrun for example_xcom_args to None, run_after=None
[2025-09-01T05:10:30.410+0000] {logging_mixin.py:120} INFO - [2025-09-01T05:10:30.409+0000] {dag.py:3340} INFO - Setting next_dagrun for example_xcom_args_with_operators to None, run_after=None
[2025-09-01T05:10:30.437+0000] {processor.py:176} INFO - Processing /home/airflow/.local/lib/python3.7/site-packages/airflow/example_dags/example_xcomargs.py took 0.184 seconds
[2025-09-01T05:11:02.197+0000] {processor.py:154} INFO - Started process (PID=1080) to work on /home/airflow/.local/lib/python3.7/site-packages/airflow/example_dags/example_xcomargs.py
[2025-09-01T05:11:02.198+0000] {processor.py:756} INFO - Processing file /home/airflow/.local/lib/python3.7/site-packages/airflow/example_dags/example_xcomargs.py for tasks to queue
[2025-09-01T05:11:02.199+0000] {logging_mixin.py:120} INFO - [2025-09-01T05:11:02.199+0000] {dagbag.py:537} INFO - Filling up the DagBag from /home/airflow/.local/lib/python3.7/site-packages/airflow/example_dags/example_xcomargs.py
[2025-09-01T05:11:02.235+0000] {processor.py:766} INFO - DAG(s) dict_keys(['example_xcom_args_with_operators', 'example_xcom_args']) retrieved from /home/airflow/.local/lib/python3.7/site-packages/airflow/example_dags/example_xcomargs.py
[2025-09-01T05:11:02.308+0000] {logging_mixin.py:120} INFO - [2025-09-01T05:11:02.307+0000] {dag.py:2585} INFO - Sync 2 DAGs
[2025-09-01T05:11:02.345+0000] {logging_mixin.py:120} INFO - [2025-09-01T05:11:02.345+0000] {dag.py:3340} INFO - Setting next_dagrun for example_xcom_args to None, run_after=None
[2025-09-01T05:11:02.352+0000] {logging_mixin.py:120} INFO - [2025-09-01T05:11:02.351+0000] {dag.py:3340} INFO - Setting next_dagrun for example_xcom_args_with_operators to None, run_after=None
[2025-09-01T05:11:02.379+0000] {processor.py:176} INFO - Processing /home/airflow/.local/lib/python3.7/site-packages/airflow/example_dags/example_xcomargs.py took 0.188 seconds
[2025-09-01T05:11:32.599+0000] {processor.py:154} INFO - Started process (PID=1139) to work on /home/airflow/.local/lib/python3.7/site-packages/airflow/example_dags/example_xcomargs.py
[2025-09-01T05:11:32.600+0000] {processor.py:756} INFO - Processing file /home/airflow/.local/lib/python3.7/site-packages/airflow/example_dags/example_xcomargs.py for tasks to queue
[2025-09-01T05:11:32.601+0000] {logging_mixin.py:120} INFO - [2025-09-01T05:11:32.601+0000] {dagbag.py:537} INFO - Filling up the DagBag from /home/airflow/.local/lib/python3.7/site-packages/airflow/example_dags/example_xcomargs.py
[2025-09-01T05:11:32.624+0000] {processor.py:766} INFO - DAG(s) dict_keys(['example_xcom_args_with_operators', 'example_xcom_args']) retrieved from /home/airflow/.local/lib/python3.7/site-packages/airflow/example_dags/example_xcomargs.py
[2025-09-01T05:11:32.674+0000] {logging_mixin.py:120} INFO - [2025-09-01T05:11:32.674+0000] {dag.py:2585} INFO - Sync 2 DAGs
[2025-09-01T05:11:32.700+0000] {logging_mixin.py:120} INFO - [2025-09-01T05:11:32.699+0000] {dag.py:3340} INFO - Setting next_dagrun for example_xcom_args to None, run_after=None
[2025-09-01T05:11:32.703+0000] {logging_mixin.py:120} INFO - [2025-09-01T05:11:32.703+0000] {dag.py:3340} INFO - Setting next_dagrun for example_xcom_args_with_operators to None, run_after=None
[2025-09-01T05:11:32.720+0000] {processor.py:176} INFO - Processing /home/airflow/.local/lib/python3.7/site-packages/airflow/example_dags/example_xcomargs.py took 0.124 seconds
[2025-09-01T05:12:04.381+0000] {processor.py:154} INFO - Started process (PID=1207) to work on /home/airflow/.local/lib/python3.7/site-packages/airflow/example_dags/example_xcomargs.py
[2025-09-01T05:12:04.383+0000] {processor.py:756} INFO - Processing file /home/airflow/.local/lib/python3.7/site-packages/airflow/example_dags/example_xcomargs.py for tasks to queue
[2025-09-01T05:12:04.384+0000] {logging_mixin.py:120} INFO - [2025-09-01T05:12:04.384+0000] {dagbag.py:537} INFO - Filling up the DagBag from /home/airflow/.local/lib/python3.7/site-packages/airflow/example_dags/example_xcomargs.py
[2025-09-01T05:12:04.407+0000] {processor.py:766} INFO - DAG(s) dict_keys(['example_xcom_args_with_operators', 'example_xcom_args']) retrieved from /home/airflow/.local/lib/python3.7/site-packages/airflow/example_dags/example_xcomargs.py
[2025-09-01T05:12:04.453+0000] {logging_mixin.py:120} INFO - [2025-09-01T05:12:04.453+0000] {dag.py:2585} INFO - Sync 2 DAGs
[2025-09-01T05:12:04.477+0000] {logging_mixin.py:120} INFO - [2025-09-01T05:12:04.477+0000] {dag.py:3340} INFO - Setting next_dagrun for example_xcom_args to None, run_after=None
[2025-09-01T05:12:04.481+0000] {logging_mixin.py:120} INFO - [2025-09-01T05:12:04.481+0000] {dag.py:3340} INFO - Setting next_dagrun for example_xcom_args_with_operators to None, run_after=None
[2025-09-01T05:12:04.495+0000] {processor.py:176} INFO - Processing /home/airflow/.local/lib/python3.7/site-packages/airflow/example_dags/example_xcomargs.py took 0.118 seconds
[2025-09-01T05:12:36.558+0000] {processor.py:154} INFO - Started process (PID=1276) to work on /home/airflow/.local/lib/python3.7/site-packages/airflow/example_dags/example_xcomargs.py
[2025-09-01T05:12:36.560+0000] {processor.py:756} INFO - Processing file /home/airflow/.local/lib/python3.7/site-packages/airflow/example_dags/example_xcomargs.py for tasks to queue
[2025-09-01T05:12:36.561+0000] {logging_mixin.py:120} INFO - [2025-09-01T05:12:36.560+0000] {dagbag.py:537} INFO - Filling up the DagBag from /home/airflow/.local/lib/python3.7/site-packages/airflow/example_dags/example_xcomargs.py
[2025-09-01T05:12:36.595+0000] {processor.py:766} INFO - DAG(s) dict_keys(['example_xcom_args', 'example_xcom_args_with_operators']) retrieved from /home/airflow/.local/lib/python3.7/site-packages/airflow/example_dags/example_xcomargs.py
[2025-09-01T05:12:36.665+0000] {logging_mixin.py:120} INFO - [2025-09-01T05:12:36.665+0000] {dag.py:2585} INFO - Sync 2 DAGs
[2025-09-01T05:12:36.700+0000] {logging_mixin.py:120} INFO - [2025-09-01T05:12:36.700+0000] {dag.py:3340} INFO - Setting next_dagrun for example_xcom_args to None, run_after=None
[2025-09-01T05:12:36.705+0000] {logging_mixin.py:120} INFO - [2025-09-01T05:12:36.705+0000] {dag.py:3340} INFO - Setting next_dagrun for example_xcom_args_with_operators to None, run_after=None
[2025-09-01T05:12:36.731+0000] {processor.py:176} INFO - Processing /home/airflow/.local/lib/python3.7/site-packages/airflow/example_dags/example_xcomargs.py took 0.178 seconds
[2025-09-01T05:13:09.832+0000] {processor.py:154} INFO - Started process (PID=1344) to work on /home/airflow/.local/lib/python3.7/site-packages/airflow/example_dags/example_xcomargs.py
[2025-09-01T05:13:09.834+0000] {processor.py:756} INFO - Processing file /home/airflow/.local/lib/python3.7/site-packages/airflow/example_dags/example_xcomargs.py for tasks to queue
[2025-09-01T05:13:09.835+0000] {logging_mixin.py:120} INFO - [2025-09-01T05:13:09.835+0000] {dagbag.py:537} INFO - Filling up the DagBag from /home/airflow/.local/lib/python3.7/site-packages/airflow/example_dags/example_xcomargs.py
[2025-09-01T05:13:09.873+0000] {processor.py:766} INFO - DAG(s) dict_keys(['example_xcom_args_with_operators', 'example_xcom_args']) retrieved from /home/airflow/.local/lib/python3.7/site-packages/airflow/example_dags/example_xcomargs.py
[2025-09-01T05:13:09.941+0000] {logging_mixin.py:120} INFO - [2025-09-01T05:13:09.941+0000] {dag.py:2585} INFO - Sync 2 DAGs
[2025-09-01T05:13:09.979+0000] {logging_mixin.py:120} INFO - [2025-09-01T05:13:09.979+0000] {dag.py:3340} INFO - Setting next_dagrun for example_xcom_args to None, run_after=None
[2025-09-01T05:13:09.983+0000] {logging_mixin.py:120} INFO - [2025-09-01T05:13:09.983+0000] {dag.py:3340} INFO - Setting next_dagrun for example_xcom_args_with_operators to None, run_after=None
[2025-09-01T05:13:10.009+0000] {processor.py:176} INFO - Processing /home/airflow/.local/lib/python3.7/site-packages/airflow/example_dags/example_xcomargs.py took 0.183 seconds
[2025-09-01T05:13:41.497+0000] {processor.py:154} INFO - Started process (PID=1412) to work on /home/airflow/.local/lib/python3.7/site-packages/airflow/example_dags/example_xcomargs.py
[2025-09-01T05:13:41.498+0000] {processor.py:756} INFO - Processing file /home/airflow/.local/lib/python3.7/site-packages/airflow/example_dags/example_xcomargs.py for tasks to queue
[2025-09-01T05:13:41.499+0000] {logging_mixin.py:120} INFO - [2025-09-01T05:13:41.499+0000] {dagbag.py:537} INFO - Filling up the DagBag from /home/airflow/.local/lib/python3.7/site-packages/airflow/example_dags/example_xcomargs.py
[2025-09-01T05:13:41.535+0000] {processor.py:766} INFO - DAG(s) dict_keys(['example_xcom_args', 'example_xcom_args_with_operators']) retrieved from /home/airflow/.local/lib/python3.7/site-packages/airflow/example_dags/example_xcomargs.py
[2025-09-01T05:13:41.601+0000] {logging_mixin.py:120} INFO - [2025-09-01T05:13:41.601+0000] {dag.py:2585} INFO - Sync 2 DAGs
[2025-09-01T05:13:41.635+0000] {logging_mixin.py:120} INFO - [2025-09-01T05:13:41.635+0000] {dag.py:3340} INFO - Setting next_dagrun for example_xcom_args to None, run_after=None
[2025-09-01T05:13:41.639+0000] {logging_mixin.py:120} INFO - [2025-09-01T05:13:41.639+0000] {dag.py:3340} INFO - Setting next_dagrun for example_xcom_args_with_operators to None, run_after=None
[2025-09-01T05:13:41.664+0000] {processor.py:176} INFO - Processing /home/airflow/.local/lib/python3.7/site-packages/airflow/example_dags/example_xcomargs.py took 0.175 seconds
[2025-09-01T05:14:15.689+0000] {processor.py:154} INFO - Started process (PID=1471) to work on /home/airflow/.local/lib/python3.7/site-packages/airflow/example_dags/example_xcomargs.py
[2025-09-01T05:14:15.690+0000] {processor.py:756} INFO - Processing file /home/airflow/.local/lib/python3.7/site-packages/airflow/example_dags/example_xcomargs.py for tasks to queue
[2025-09-01T05:14:15.691+0000] {logging_mixin.py:120} INFO - [2025-09-01T05:14:15.691+0000] {dagbag.py:537} INFO - Filling up the DagBag from /home/airflow/.local/lib/python3.7/site-packages/airflow/example_dags/example_xcomargs.py
[2025-09-01T05:14:15.734+0000] {processor.py:766} INFO - DAG(s) dict_keys(['example_xcom_args', 'example_xcom_args_with_operators']) retrieved from /home/airflow/.local/lib/python3.7/site-packages/airflow/example_dags/example_xcomargs.py
[2025-09-01T05:14:15.811+0000] {logging_mixin.py:120} INFO - [2025-09-01T05:14:15.811+0000] {dag.py:2585} INFO - Sync 2 DAGs
[2025-09-01T05:14:15.854+0000] {logging_mixin.py:120} INFO - [2025-09-01T05:14:15.854+0000] {dag.py:3340} INFO - Setting next_dagrun for example_xcom_args to None, run_after=None
[2025-09-01T05:14:15.860+0000] {logging_mixin.py:120} INFO - [2025-09-01T05:14:15.860+0000] {dag.py:3340} INFO - Setting next_dagrun for example_xcom_args_with_operators to None, run_after=None
[2025-09-01T05:14:15.887+0000] {processor.py:176} INFO - Processing /home/airflow/.local/lib/python3.7/site-packages/airflow/example_dags/example_xcomargs.py took 0.205 seconds
[2025-09-01T05:14:50.738+0000] {processor.py:154} INFO - Started process (PID=1539) to work on /home/airflow/.local/lib/python3.7/site-packages/airflow/example_dags/example_xcomargs.py
[2025-09-01T05:14:50.742+0000] {processor.py:756} INFO - Processing file /home/airflow/.local/lib/python3.7/site-packages/airflow/example_dags/example_xcomargs.py for tasks to queue
[2025-09-01T05:14:50.743+0000] {logging_mixin.py:120} INFO - [2025-09-01T05:14:50.743+0000] {dagbag.py:537} INFO - Filling up the DagBag from /home/airflow/.local/lib/python3.7/site-packages/airflow/example_dags/example_xcomargs.py
[2025-09-01T05:14:50.792+0000] {processor.py:766} INFO - DAG(s) dict_keys(['example_xcom_args', 'example_xcom_args_with_operators']) retrieved from /home/airflow/.local/lib/python3.7/site-packages/airflow/example_dags/example_xcomargs.py
[2025-09-01T05:14:50.880+0000] {logging_mixin.py:120} INFO - [2025-09-01T05:14:50.880+0000] {dag.py:2585} INFO - Sync 2 DAGs
[2025-09-01T05:14:50.925+0000] {logging_mixin.py:120} INFO - [2025-09-01T05:14:50.924+0000] {dag.py:3340} INFO - Setting next_dagrun for example_xcom_args to None, run_after=None
[2025-09-01T05:14:50.929+0000] {logging_mixin.py:120} INFO - [2025-09-01T05:14:50.929+0000] {dag.py:3340} INFO - Setting next_dagrun for example_xcom_args_with_operators to None, run_after=None
[2025-09-01T05:14:50.959+0000] {processor.py:176} INFO - Processing /home/airflow/.local/lib/python3.7/site-packages/airflow/example_dags/example_xcomargs.py took 0.234 seconds
[2025-09-01T05:15:26.358+0000] {processor.py:154} INFO - Started process (PID=1598) to work on /home/airflow/.local/lib/python3.7/site-packages/airflow/example_dags/example_xcomargs.py
[2025-09-01T05:15:26.367+0000] {processor.py:756} INFO - Processing file /home/airflow/.local/lib/python3.7/site-packages/airflow/example_dags/example_xcomargs.py for tasks to queue
[2025-09-01T05:15:26.370+0000] {logging_mixin.py:120} INFO - [2025-09-01T05:15:26.370+0000] {dagbag.py:537} INFO - Filling up the DagBag from /home/airflow/.local/lib/python3.7/site-packages/airflow/example_dags/example_xcomargs.py
[2025-09-01T05:15:26.451+0000] {processor.py:766} INFO - DAG(s) dict_keys(['example_xcom_args', 'example_xcom_args_with_operators']) retrieved from /home/airflow/.local/lib/python3.7/site-packages/airflow/example_dags/example_xcomargs.py
[2025-09-01T05:15:26.630+0000] {logging_mixin.py:120} INFO - [2025-09-01T05:15:26.629+0000] {dag.py:2585} INFO - Sync 2 DAGs
[2025-09-01T05:15:26.742+0000] {logging_mixin.py:120} INFO - [2025-09-01T05:15:26.741+0000] {dag.py:3340} INFO - Setting next_dagrun for example_xcom_args to None, run_after=None
[2025-09-01T05:15:26.750+0000] {logging_mixin.py:120} INFO - [2025-09-01T05:15:26.749+0000] {dag.py:3340} INFO - Setting next_dagrun for example_xcom_args_with_operators to None, run_after=None
[2025-09-01T05:15:26.803+0000] {processor.py:176} INFO - Processing /home/airflow/.local/lib/python3.7/site-packages/airflow/example_dags/example_xcomargs.py took 0.462 seconds
[2025-09-01T05:16:04.846+0000] {processor.py:154} INFO - Started process (PID=1666) to work on /home/airflow/.local/lib/python3.7/site-packages/airflow/example_dags/example_xcomargs.py
[2025-09-01T05:16:04.857+0000] {processor.py:756} INFO - Processing file /home/airflow/.local/lib/python3.7/site-packages/airflow/example_dags/example_xcomargs.py for tasks to queue
[2025-09-01T05:16:04.859+0000] {logging_mixin.py:120} INFO - [2025-09-01T05:16:04.858+0000] {dagbag.py:537} INFO - Filling up the DagBag from /home/airflow/.local/lib/python3.7/site-packages/airflow/example_dags/example_xcomargs.py
[2025-09-01T05:16:05.140+0000] {processor.py:766} INFO - DAG(s) dict_keys(['example_xcom_args', 'example_xcom_args_with_operators']) retrieved from /home/airflow/.local/lib/python3.7/site-packages/airflow/example_dags/example_xcomargs.py
[2025-09-01T05:16:05.682+0000] {logging_mixin.py:120} INFO - [2025-09-01T05:16:05.681+0000] {dag.py:2585} INFO - Sync 2 DAGs
[2025-09-01T05:16:05.854+0000] {logging_mixin.py:120} INFO - [2025-09-01T05:16:05.854+0000] {dag.py:3340} INFO - Setting next_dagrun for example_xcom_args to None, run_after=None
[2025-09-01T05:16:05.934+0000] {logging_mixin.py:120} INFO - [2025-09-01T05:16:05.934+0000] {dag.py:3340} INFO - Setting next_dagrun for example_xcom_args_with_operators to None, run_after=None
[2025-09-01T05:16:06.190+0000] {processor.py:176} INFO - Processing /home/airflow/.local/lib/python3.7/site-packages/airflow/example_dags/example_xcomargs.py took 1.383 seconds
[2025-09-01T05:29:06.381+0000] {processor.py:154} INFO - Started process (PID=1707) to work on /home/airflow/.local/lib/python3.7/site-packages/airflow/example_dags/example_xcomargs.py
[2025-09-01T05:29:06.383+0000] {processor.py:756} INFO - Processing file /home/airflow/.local/lib/python3.7/site-packages/airflow/example_dags/example_xcomargs.py for tasks to queue
[2025-09-01T05:29:06.384+0000] {logging_mixin.py:120} INFO - [2025-09-01T05:29:06.384+0000] {dagbag.py:537} INFO - Filling up the DagBag from /home/airflow/.local/lib/python3.7/site-packages/airflow/example_dags/example_xcomargs.py
[2025-09-01T05:29:06.407+0000] {processor.py:766} INFO - DAG(s) dict_keys(['example_xcom_args', 'example_xcom_args_with_operators']) retrieved from /home/airflow/.local/lib/python3.7/site-packages/airflow/example_dags/example_xcomargs.py
[2025-09-01T05:29:06.961+0000] {processor.py:179} ERROR - Got an exception! Propagating...
Traceback (most recent call last):
  File "/home/airflow/.local/lib/python3.7/site-packages/sqlalchemy/engine/base.py", line 3243, in _wrap_pool_connect
    return fn()
  File "/home/airflow/.local/lib/python3.7/site-packages/sqlalchemy/pool/base.py", line 310, in connect
    return _ConnectionFairy._checkout(self)
  File "/home/airflow/.local/lib/python3.7/site-packages/sqlalchemy/pool/base.py", line 868, in _checkout
    fairy = _ConnectionRecord.checkout(pool)
  File "/home/airflow/.local/lib/python3.7/site-packages/sqlalchemy/pool/base.py", line 476, in checkout
    rec = pool._do_get()
  File "/home/airflow/.local/lib/python3.7/site-packages/sqlalchemy/pool/impl.py", line 146, in _do_get
    self._dec_overflow()
  File "/home/airflow/.local/lib/python3.7/site-packages/sqlalchemy/util/langhelpers.py", line 72, in __exit__
    with_traceback=exc_tb,
  File "/home/airflow/.local/lib/python3.7/site-packages/sqlalchemy/util/compat.py", line 207, in raise_
    raise exception
  File "/home/airflow/.local/lib/python3.7/site-packages/sqlalchemy/pool/impl.py", line 143, in _do_get
    return self._create_connection()
  File "/home/airflow/.local/lib/python3.7/site-packages/sqlalchemy/pool/base.py", line 256, in _create_connection
    return _ConnectionRecord(self)
  File "/home/airflow/.local/lib/python3.7/site-packages/sqlalchemy/pool/base.py", line 371, in __init__
    self.__connect()
  File "/home/airflow/.local/lib/python3.7/site-packages/sqlalchemy/pool/base.py", line 666, in __connect
    pool.logger.debug("Error on connect(): %s", e)
  File "/home/airflow/.local/lib/python3.7/site-packages/sqlalchemy/util/langhelpers.py", line 72, in __exit__
    with_traceback=exc_tb,
  File "/home/airflow/.local/lib/python3.7/site-packages/sqlalchemy/util/compat.py", line 207, in raise_
    raise exception
  File "/home/airflow/.local/lib/python3.7/site-packages/sqlalchemy/pool/base.py", line 661, in __connect
    self.dbapi_connection = connection = pool._invoke_creator(self)
  File "/home/airflow/.local/lib/python3.7/site-packages/sqlalchemy/engine/create.py", line 590, in connect
    return dialect.connect(*cargs, **cparams)
  File "/home/airflow/.local/lib/python3.7/site-packages/sqlalchemy/engine/default.py", line 584, in connect
    return self.dbapi.connect(*cargs, **cparams)
  File "/home/airflow/.local/lib/python3.7/site-packages/psycopg2/__init__.py", line 122, in connect
    conn = _connect(dsn, connection_factory=connection_factory, **kwasync)
psycopg2.OperationalError: could not translate host name "postgres" to address: Temporary failure in name resolution


The above exception was the direct cause of the following exception:

Traceback (most recent call last):
  File "/home/airflow/.local/lib/python3.7/site-packages/airflow/dag_processing/processor.py", line 175, in _run_file_processor
    _handle_dag_file_processing()
  File "/home/airflow/.local/lib/python3.7/site-packages/airflow/dag_processing/processor.py", line 159, in _handle_dag_file_processing
    callback_requests=callback_requests,
  File "/home/airflow/.local/lib/python3.7/site-packages/airflow/utils/session.py", line 75, in wrapper
    return func(*args, session=session, **kwargs)
  File "/home/airflow/.local/lib/python3.7/site-packages/airflow/dag_processing/processor.py", line 781, in process_file
    dagbag.sync_to_db(processor_subdir=self._dag_directory, session=session)
  File "/home/airflow/.local/lib/python3.7/site-packages/airflow/utils/session.py", line 72, in wrapper
    return func(*args, **kwargs)
  File "/home/airflow/.local/lib/python3.7/site-packages/airflow/models/dagbag.py", line 644, in sync_to_db
    for attempt in run_with_db_retries(logger=self.log):
  File "/home/airflow/.local/lib/python3.7/site-packages/tenacity/__init__.py", line 384, in __iter__
    do = self.iter(retry_state=retry_state)
  File "/home/airflow/.local/lib/python3.7/site-packages/tenacity/__init__.py", line 362, in iter
    raise retry_exc.reraise()
  File "/home/airflow/.local/lib/python3.7/site-packages/tenacity/__init__.py", line 195, in reraise
    raise self.last_attempt.result()
  File "/usr/local/lib/python3.7/concurrent/futures/_base.py", line 428, in result
    return self.__get_result()
  File "/usr/local/lib/python3.7/concurrent/futures/_base.py", line 384, in __get_result
    raise self._exception
  File "/home/airflow/.local/lib/python3.7/site-packages/airflow/models/dagbag.py", line 656, in sync_to_db
    serialize_errors.extend(_serialize_dag_capturing_errors(dag, session))
  File "/home/airflow/.local/lib/python3.7/site-packages/airflow/models/dagbag.py", line 630, in _serialize_dag_capturing_errors
    session=session,
  File "/home/airflow/.local/lib/python3.7/site-packages/airflow/utils/session.py", line 72, in wrapper
    return func(*args, **kwargs)
  File "/home/airflow/.local/lib/python3.7/site-packages/airflow/models/serialized_dag.py", line 150, in write_dag
    (timezone.utcnow() - timedelta(seconds=min_update_interval)) < cls.last_updated,
  File "/home/airflow/.local/lib/python3.7/site-packages/sqlalchemy/orm/query.py", line 2810, in first
    return self.limit(1)._iter().first()
  File "/home/airflow/.local/lib/python3.7/site-packages/sqlalchemy/orm/query.py", line 2897, in _iter
    execution_options={"_sa_orm_load_options": self.load_options},
  File "/home/airflow/.local/lib/python3.7/site-packages/sqlalchemy/orm/session.py", line 1688, in execute
    conn = self._connection_for_bind(bind)
  File "/home/airflow/.local/lib/python3.7/site-packages/sqlalchemy/orm/session.py", line 1530, in _connection_for_bind
    engine, execution_options
  File "/home/airflow/.local/lib/python3.7/site-packages/sqlalchemy/orm/session.py", line 747, in _connection_for_bind
    conn = bind.connect()
  File "/home/airflow/.local/lib/python3.7/site-packages/sqlalchemy/engine/base.py", line 3197, in connect
    return self._connection_cls(self, close_with_result=close_with_result)
  File "/home/airflow/.local/lib/python3.7/site-packages/sqlalchemy/engine/base.py", line 96, in __init__
    else engine.raw_connection()
  File "/home/airflow/.local/lib/python3.7/site-packages/sqlalchemy/engine/base.py", line 3276, in raw_connection
    return self._wrap_pool_connect(self.pool.connect, _connection)
  File "/home/airflow/.local/lib/python3.7/site-packages/sqlalchemy/engine/base.py", line 3247, in _wrap_pool_connect
    e, dialect, self
  File "/home/airflow/.local/lib/python3.7/site-packages/sqlalchemy/engine/base.py", line 2101, in _handle_dbapi_exception_noconnection
    sqlalchemy_exception, with_traceback=exc_info[2], from_=e
  File "/home/airflow/.local/lib/python3.7/site-packages/sqlalchemy/util/compat.py", line 207, in raise_
    raise exception
  File "/home/airflow/.local/lib/python3.7/site-packages/sqlalchemy/engine/base.py", line 3243, in _wrap_pool_connect
    return fn()
  File "/home/airflow/.local/lib/python3.7/site-packages/sqlalchemy/pool/base.py", line 310, in connect
    return _ConnectionFairy._checkout(self)
  File "/home/airflow/.local/lib/python3.7/site-packages/sqlalchemy/pool/base.py", line 868, in _checkout
    fairy = _ConnectionRecord.checkout(pool)
  File "/home/airflow/.local/lib/python3.7/site-packages/sqlalchemy/pool/base.py", line 476, in checkout
    rec = pool._do_get()
  File "/home/airflow/.local/lib/python3.7/site-packages/sqlalchemy/pool/impl.py", line 146, in _do_get
    self._dec_overflow()
  File "/home/airflow/.local/lib/python3.7/site-packages/sqlalchemy/util/langhelpers.py", line 72, in __exit__
    with_traceback=exc_tb,
  File "/home/airflow/.local/lib/python3.7/site-packages/sqlalchemy/util/compat.py", line 207, in raise_
    raise exception
  File "/home/airflow/.local/lib/python3.7/site-packages/sqlalchemy/pool/impl.py", line 143, in _do_get
    return self._create_connection()
  File "/home/airflow/.local/lib/python3.7/site-packages/sqlalchemy/pool/base.py", line 256, in _create_connection
    return _ConnectionRecord(self)
  File "/home/airflow/.local/lib/python3.7/site-packages/sqlalchemy/pool/base.py", line 371, in __init__
    self.__connect()
  File "/home/airflow/.local/lib/python3.7/site-packages/sqlalchemy/pool/base.py", line 666, in __connect
    pool.logger.debug("Error on connect(): %s", e)
  File "/home/airflow/.local/lib/python3.7/site-packages/sqlalchemy/util/langhelpers.py", line 72, in __exit__
    with_traceback=exc_tb,
  File "/home/airflow/.local/lib/python3.7/site-packages/sqlalchemy/util/compat.py", line 207, in raise_
    raise exception
  File "/home/airflow/.local/lib/python3.7/site-packages/sqlalchemy/pool/base.py", line 661, in __connect
    self.dbapi_connection = connection = pool._invoke_creator(self)
  File "/home/airflow/.local/lib/python3.7/site-packages/sqlalchemy/engine/create.py", line 590, in connect
    return dialect.connect(*cargs, **cparams)
  File "/home/airflow/.local/lib/python3.7/site-packages/sqlalchemy/engine/default.py", line 584, in connect
    return self.dbapi.connect(*cargs, **cparams)
  File "/home/airflow/.local/lib/python3.7/site-packages/psycopg2/__init__.py", line 122, in connect
    conn = _connect(dsn, connection_factory=connection_factory, **kwasync)
sqlalchemy.exc.OperationalError: (psycopg2.OperationalError) could not translate host name "postgres" to address: Temporary failure in name resolution

(Background on this error at: https://sqlalche.me/e/14/e3q8)
