[2025-09-01T05:03:09.502+0000] {processor.py:154} INFO - Started process (PID=87) to work on /home/airflow/.local/lib/python3.7/site-packages/airflow/example_dags/example_branch_datetime_operator.py
[2025-09-01T05:03:09.510+0000] {processor.py:756} INFO - Processing file /home/airflow/.local/lib/python3.7/site-packages/airflow/example_dags/example_branch_datetime_operator.py for tasks to queue
[2025-09-01T05:03:09.511+0000] {logging_mixin.py:120} INFO - [2025-09-01T05:03:09.511+0000] {dagbag.py:537} INFO - Filling up the DagBag from /home/airflow/.local/lib/python3.7/site-packages/airflow/example_dags/example_branch_datetime_operator.py
[2025-09-01T05:03:09.560+0000] {processor.py:766} INFO - DAG(s) dict_keys(['example_branch_datetime_operator_3', 'example_branch_datetime_operator', 'example_branch_datetime_operator_2']) retrieved from /home/airflow/.local/lib/python3.7/site-packages/airflow/example_dags/example_branch_datetime_operator.py
[2025-09-01T05:03:09.687+0000] {logging_mixin.py:120} INFO - [2025-09-01T05:03:09.687+0000] {dag.py:2585} INFO - Sync 3 DAGs
[2025-09-01T05:03:09.759+0000] {logging_mixin.py:120} INFO - [2025-09-01T05:03:09.759+0000] {dag.py:3340} INFO - Setting next_dagrun for example_branch_datetime_operator to 2025-08-31T00:00:00+00:00, run_after=2025-09-01T00:00:00+00:00
[2025-09-01T05:03:09.771+0000] {logging_mixin.py:120} INFO - [2025-09-01T05:03:09.771+0000] {dag.py:3340} INFO - Setting next_dagrun for example_branch_datetime_operator_2 to 2025-08-31T00:00:00+00:00, run_after=2025-09-01T00:00:00+00:00
[2025-09-01T05:03:09.775+0000] {logging_mixin.py:120} INFO - [2025-09-01T05:03:09.775+0000] {dag.py:3340} INFO - Setting next_dagrun for example_branch_datetime_operator_3 to 2025-08-31T00:00:00+00:00, run_after=2025-09-01T00:00:00+00:00
[2025-09-01T05:03:09.809+0000] {processor.py:176} INFO - Processing /home/airflow/.local/lib/python3.7/site-packages/airflow/example_dags/example_branch_datetime_operator.py took 0.321 seconds
[2025-09-01T05:03:41.040+0000] {processor.py:154} INFO - Started process (PID=163) to work on /home/airflow/.local/lib/python3.7/site-packages/airflow/example_dags/example_branch_datetime_operator.py
[2025-09-01T05:03:41.041+0000] {processor.py:756} INFO - Processing file /home/airflow/.local/lib/python3.7/site-packages/airflow/example_dags/example_branch_datetime_operator.py for tasks to queue
[2025-09-01T05:03:41.042+0000] {logging_mixin.py:120} INFO - [2025-09-01T05:03:41.042+0000] {dagbag.py:537} INFO - Filling up the DagBag from /home/airflow/.local/lib/python3.7/site-packages/airflow/example_dags/example_branch_datetime_operator.py
[2025-09-01T05:03:41.069+0000] {processor.py:766} INFO - DAG(s) dict_keys(['example_branch_datetime_operator_2', 'example_branch_datetime_operator', 'example_branch_datetime_operator_3']) retrieved from /home/airflow/.local/lib/python3.7/site-packages/airflow/example_dags/example_branch_datetime_operator.py
[2025-09-01T05:03:41.136+0000] {logging_mixin.py:120} INFO - [2025-09-01T05:03:41.135+0000] {dag.py:2585} INFO - Sync 3 DAGs
[2025-09-01T05:03:41.183+0000] {logging_mixin.py:120} INFO - [2025-09-01T05:03:41.182+0000] {dag.py:3340} INFO - Setting next_dagrun for example_branch_datetime_operator to 2025-08-31T00:00:00+00:00, run_after=2025-09-01T00:00:00+00:00
[2025-09-01T05:03:41.189+0000] {logging_mixin.py:120} INFO - [2025-09-01T05:03:41.188+0000] {dag.py:3340} INFO - Setting next_dagrun for example_branch_datetime_operator_2 to 2025-08-31T00:00:00+00:00, run_after=2025-09-01T00:00:00+00:00
[2025-09-01T05:03:41.192+0000] {logging_mixin.py:120} INFO - [2025-09-01T05:03:41.192+0000] {dag.py:3340} INFO - Setting next_dagrun for example_branch_datetime_operator_3 to 2025-08-31T00:00:00+00:00, run_after=2025-09-01T00:00:00+00:00
[2025-09-01T05:03:41.226+0000] {processor.py:176} INFO - Processing /home/airflow/.local/lib/python3.7/site-packages/airflow/example_dags/example_branch_datetime_operator.py took 0.189 seconds
[2025-09-01T05:04:14.761+0000] {processor.py:154} INFO - Started process (PID=230) to work on /home/airflow/.local/lib/python3.7/site-packages/airflow/example_dags/example_branch_datetime_operator.py
[2025-09-01T05:04:14.764+0000] {processor.py:756} INFO - Processing file /home/airflow/.local/lib/python3.7/site-packages/airflow/example_dags/example_branch_datetime_operator.py for tasks to queue
[2025-09-01T05:04:14.766+0000] {logging_mixin.py:120} INFO - [2025-09-01T05:04:14.766+0000] {dagbag.py:537} INFO - Filling up the DagBag from /home/airflow/.local/lib/python3.7/site-packages/airflow/example_dags/example_branch_datetime_operator.py
[2025-09-01T05:04:14.817+0000] {processor.py:766} INFO - DAG(s) dict_keys(['example_branch_datetime_operator_2', 'example_branch_datetime_operator_3', 'example_branch_datetime_operator']) retrieved from /home/airflow/.local/lib/python3.7/site-packages/airflow/example_dags/example_branch_datetime_operator.py
[2025-09-01T05:04:14.933+0000] {logging_mixin.py:120} INFO - [2025-09-01T05:04:14.932+0000] {dag.py:2585} INFO - Sync 3 DAGs
[2025-09-01T05:04:14.990+0000] {logging_mixin.py:120} INFO - [2025-09-01T05:04:14.990+0000] {dag.py:3340} INFO - Setting next_dagrun for example_branch_datetime_operator to 2025-08-31T00:00:00+00:00, run_after=2025-09-01T00:00:00+00:00
[2025-09-01T05:04:15.000+0000] {logging_mixin.py:120} INFO - [2025-09-01T05:04:15.000+0000] {dag.py:3340} INFO - Setting next_dagrun for example_branch_datetime_operator_2 to 2025-08-31T00:00:00+00:00, run_after=2025-09-01T00:00:00+00:00
[2025-09-01T05:04:15.013+0000] {logging_mixin.py:120} INFO - [2025-09-01T05:04:15.012+0000] {dag.py:3340} INFO - Setting next_dagrun for example_branch_datetime_operator_3 to 2025-08-31T00:00:00+00:00, run_after=2025-09-01T00:00:00+00:00
[2025-09-01T05:04:15.068+0000] {processor.py:176} INFO - Processing /home/airflow/.local/lib/python3.7/site-packages/airflow/example_dags/example_branch_datetime_operator.py took 0.314 seconds
[2025-09-01T05:04:45.287+0000] {processor.py:154} INFO - Started process (PID=291) to work on /home/airflow/.local/lib/python3.7/site-packages/airflow/example_dags/example_branch_datetime_operator.py
[2025-09-01T05:04:45.289+0000] {processor.py:756} INFO - Processing file /home/airflow/.local/lib/python3.7/site-packages/airflow/example_dags/example_branch_datetime_operator.py for tasks to queue
[2025-09-01T05:04:45.290+0000] {logging_mixin.py:120} INFO - [2025-09-01T05:04:45.289+0000] {dagbag.py:537} INFO - Filling up the DagBag from /home/airflow/.local/lib/python3.7/site-packages/airflow/example_dags/example_branch_datetime_operator.py
[2025-09-01T05:04:45.328+0000] {processor.py:766} INFO - DAG(s) dict_keys(['example_branch_datetime_operator_2', 'example_branch_datetime_operator', 'example_branch_datetime_operator_3']) retrieved from /home/airflow/.local/lib/python3.7/site-packages/airflow/example_dags/example_branch_datetime_operator.py
[2025-09-01T05:04:45.387+0000] {logging_mixin.py:120} INFO - [2025-09-01T05:04:45.387+0000] {dag.py:2585} INFO - Sync 3 DAGs
[2025-09-01T05:04:45.418+0000] {logging_mixin.py:120} INFO - [2025-09-01T05:04:45.417+0000] {dag.py:3340} INFO - Setting next_dagrun for example_branch_datetime_operator to 2025-08-31T00:00:00+00:00, run_after=2025-09-01T00:00:00+00:00
[2025-09-01T05:04:45.424+0000] {logging_mixin.py:120} INFO - [2025-09-01T05:04:45.424+0000] {dag.py:3340} INFO - Setting next_dagrun for example_branch_datetime_operator_2 to 2025-08-31T00:00:00+00:00, run_after=2025-09-01T00:00:00+00:00
[2025-09-01T05:04:45.427+0000] {logging_mixin.py:120} INFO - [2025-09-01T05:04:45.427+0000] {dag.py:3340} INFO - Setting next_dagrun for example_branch_datetime_operator_3 to 2025-08-31T00:00:00+00:00, run_after=2025-09-01T00:00:00+00:00
[2025-09-01T05:04:45.453+0000] {processor.py:176} INFO - Processing /home/airflow/.local/lib/python3.7/site-packages/airflow/example_dags/example_branch_datetime_operator.py took 0.171 seconds
[2025-09-01T05:05:15.884+0000] {processor.py:154} INFO - Started process (PID=359) to work on /home/airflow/.local/lib/python3.7/site-packages/airflow/example_dags/example_branch_datetime_operator.py
[2025-09-01T05:05:15.886+0000] {processor.py:756} INFO - Processing file /home/airflow/.local/lib/python3.7/site-packages/airflow/example_dags/example_branch_datetime_operator.py for tasks to queue
[2025-09-01T05:05:15.886+0000] {logging_mixin.py:120} INFO - [2025-09-01T05:05:15.886+0000] {dagbag.py:537} INFO - Filling up the DagBag from /home/airflow/.local/lib/python3.7/site-packages/airflow/example_dags/example_branch_datetime_operator.py
[2025-09-01T05:05:15.905+0000] {processor.py:766} INFO - DAG(s) dict_keys(['example_branch_datetime_operator', 'example_branch_datetime_operator_3', 'example_branch_datetime_operator_2']) retrieved from /home/airflow/.local/lib/python3.7/site-packages/airflow/example_dags/example_branch_datetime_operator.py
[2025-09-01T05:05:15.963+0000] {logging_mixin.py:120} INFO - [2025-09-01T05:05:15.963+0000] {dag.py:2585} INFO - Sync 3 DAGs
[2025-09-01T05:05:15.985+0000] {logging_mixin.py:120} INFO - [2025-09-01T05:05:15.984+0000] {dag.py:3340} INFO - Setting next_dagrun for example_branch_datetime_operator to 2025-08-31T00:00:00+00:00, run_after=2025-09-01T00:00:00+00:00
[2025-09-01T05:05:15.989+0000] {logging_mixin.py:120} INFO - [2025-09-01T05:05:15.989+0000] {dag.py:3340} INFO - Setting next_dagrun for example_branch_datetime_operator_2 to 2025-08-31T00:00:00+00:00, run_after=2025-09-01T00:00:00+00:00
[2025-09-01T05:05:15.992+0000] {logging_mixin.py:120} INFO - [2025-09-01T05:05:15.991+0000] {dag.py:3340} INFO - Setting next_dagrun for example_branch_datetime_operator_3 to 2025-08-31T00:00:00+00:00, run_after=2025-09-01T00:00:00+00:00
[2025-09-01T05:05:16.009+0000] {processor.py:176} INFO - Processing /home/airflow/.local/lib/python3.7/site-packages/airflow/example_dags/example_branch_datetime_operator.py took 0.128 seconds
[2025-09-01T05:05:47.445+0000] {processor.py:154} INFO - Started process (PID=428) to work on /home/airflow/.local/lib/python3.7/site-packages/airflow/example_dags/example_branch_datetime_operator.py
[2025-09-01T05:05:47.446+0000] {processor.py:756} INFO - Processing file /home/airflow/.local/lib/python3.7/site-packages/airflow/example_dags/example_branch_datetime_operator.py for tasks to queue
[2025-09-01T05:05:47.446+0000] {logging_mixin.py:120} INFO - [2025-09-01T05:05:47.446+0000] {dagbag.py:537} INFO - Filling up the DagBag from /home/airflow/.local/lib/python3.7/site-packages/airflow/example_dags/example_branch_datetime_operator.py
[2025-09-01T05:05:47.470+0000] {processor.py:766} INFO - DAG(s) dict_keys(['example_branch_datetime_operator_2', 'example_branch_datetime_operator', 'example_branch_datetime_operator_3']) retrieved from /home/airflow/.local/lib/python3.7/site-packages/airflow/example_dags/example_branch_datetime_operator.py
[2025-09-01T05:05:47.516+0000] {logging_mixin.py:120} INFO - [2025-09-01T05:05:47.516+0000] {dag.py:2585} INFO - Sync 3 DAGs
[2025-09-01T05:05:47.544+0000] {logging_mixin.py:120} INFO - [2025-09-01T05:05:47.544+0000] {dag.py:3340} INFO - Setting next_dagrun for example_branch_datetime_operator to 2025-08-31T00:00:00+00:00, run_after=2025-09-01T00:00:00+00:00
[2025-09-01T05:05:47.550+0000] {logging_mixin.py:120} INFO - [2025-09-01T05:05:47.549+0000] {dag.py:3340} INFO - Setting next_dagrun for example_branch_datetime_operator_2 to 2025-08-31T00:00:00+00:00, run_after=2025-09-01T00:00:00+00:00
[2025-09-01T05:05:47.552+0000] {logging_mixin.py:120} INFO - [2025-09-01T05:05:47.552+0000] {dag.py:3340} INFO - Setting next_dagrun for example_branch_datetime_operator_3 to 2025-08-31T00:00:00+00:00, run_after=2025-09-01T00:00:00+00:00
[2025-09-01T05:05:47.571+0000] {processor.py:176} INFO - Processing /home/airflow/.local/lib/python3.7/site-packages/airflow/example_dags/example_branch_datetime_operator.py took 0.130 seconds
[2025-09-01T05:06:18.742+0000] {processor.py:154} INFO - Started process (PID=487) to work on /home/airflow/.local/lib/python3.7/site-packages/airflow/example_dags/example_branch_datetime_operator.py
[2025-09-01T05:06:18.743+0000] {processor.py:756} INFO - Processing file /home/airflow/.local/lib/python3.7/site-packages/airflow/example_dags/example_branch_datetime_operator.py for tasks to queue
[2025-09-01T05:06:18.744+0000] {logging_mixin.py:120} INFO - [2025-09-01T05:06:18.744+0000] {dagbag.py:537} INFO - Filling up the DagBag from /home/airflow/.local/lib/python3.7/site-packages/airflow/example_dags/example_branch_datetime_operator.py
[2025-09-01T05:06:18.767+0000] {processor.py:766} INFO - DAG(s) dict_keys(['example_branch_datetime_operator', 'example_branch_datetime_operator_2', 'example_branch_datetime_operator_3']) retrieved from /home/airflow/.local/lib/python3.7/site-packages/airflow/example_dags/example_branch_datetime_operator.py
[2025-09-01T05:06:18.806+0000] {logging_mixin.py:120} INFO - [2025-09-01T05:06:18.806+0000] {dag.py:2585} INFO - Sync 3 DAGs
[2025-09-01T05:06:18.830+0000] {logging_mixin.py:120} INFO - [2025-09-01T05:06:18.829+0000] {dag.py:3340} INFO - Setting next_dagrun for example_branch_datetime_operator to 2025-08-31T00:00:00+00:00, run_after=2025-09-01T00:00:00+00:00
[2025-09-01T05:06:18.834+0000] {logging_mixin.py:120} INFO - [2025-09-01T05:06:18.834+0000] {dag.py:3340} INFO - Setting next_dagrun for example_branch_datetime_operator_2 to 2025-08-31T00:00:00+00:00, run_after=2025-09-01T00:00:00+00:00
[2025-09-01T05:06:18.837+0000] {logging_mixin.py:120} INFO - [2025-09-01T05:06:18.836+0000] {dag.py:3340} INFO - Setting next_dagrun for example_branch_datetime_operator_3 to 2025-08-31T00:00:00+00:00, run_after=2025-09-01T00:00:00+00:00
[2025-09-01T05:06:18.855+0000] {processor.py:176} INFO - Processing /home/airflow/.local/lib/python3.7/site-packages/airflow/example_dags/example_branch_datetime_operator.py took 0.117 seconds
[2025-09-01T05:06:50.485+0000] {processor.py:154} INFO - Started process (PID=554) to work on /home/airflow/.local/lib/python3.7/site-packages/airflow/example_dags/example_branch_datetime_operator.py
[2025-09-01T05:06:50.487+0000] {processor.py:756} INFO - Processing file /home/airflow/.local/lib/python3.7/site-packages/airflow/example_dags/example_branch_datetime_operator.py for tasks to queue
[2025-09-01T05:06:50.487+0000] {logging_mixin.py:120} INFO - [2025-09-01T05:06:50.487+0000] {dagbag.py:537} INFO - Filling up the DagBag from /home/airflow/.local/lib/python3.7/site-packages/airflow/example_dags/example_branch_datetime_operator.py
[2025-09-01T05:06:50.510+0000] {processor.py:766} INFO - DAG(s) dict_keys(['example_branch_datetime_operator_2', 'example_branch_datetime_operator_3', 'example_branch_datetime_operator']) retrieved from /home/airflow/.local/lib/python3.7/site-packages/airflow/example_dags/example_branch_datetime_operator.py
[2025-09-01T05:06:50.574+0000] {logging_mixin.py:120} INFO - [2025-09-01T05:06:50.573+0000] {dag.py:2585} INFO - Sync 3 DAGs
[2025-09-01T05:06:50.609+0000] {logging_mixin.py:120} INFO - [2025-09-01T05:06:50.609+0000] {dag.py:3340} INFO - Setting next_dagrun for example_branch_datetime_operator to 2025-08-31T00:00:00+00:00, run_after=2025-09-01T00:00:00+00:00
[2025-09-01T05:06:50.614+0000] {logging_mixin.py:120} INFO - [2025-09-01T05:06:50.614+0000] {dag.py:3340} INFO - Setting next_dagrun for example_branch_datetime_operator_2 to 2025-08-31T00:00:00+00:00, run_after=2025-09-01T00:00:00+00:00
[2025-09-01T05:06:50.617+0000] {logging_mixin.py:120} INFO - [2025-09-01T05:06:50.617+0000] {dag.py:3340} INFO - Setting next_dagrun for example_branch_datetime_operator_3 to 2025-08-31T00:00:00+00:00, run_after=2025-09-01T00:00:00+00:00
[2025-09-01T05:06:50.640+0000] {processor.py:176} INFO - Processing /home/airflow/.local/lib/python3.7/site-packages/airflow/example_dags/example_branch_datetime_operator.py took 0.159 seconds
[2025-09-01T05:07:22.044+0000] {processor.py:154} INFO - Started process (PID=622) to work on /home/airflow/.local/lib/python3.7/site-packages/airflow/example_dags/example_branch_datetime_operator.py
[2025-09-01T05:07:22.046+0000] {processor.py:756} INFO - Processing file /home/airflow/.local/lib/python3.7/site-packages/airflow/example_dags/example_branch_datetime_operator.py for tasks to queue
[2025-09-01T05:07:22.047+0000] {logging_mixin.py:120} INFO - [2025-09-01T05:07:22.047+0000] {dagbag.py:537} INFO - Filling up the DagBag from /home/airflow/.local/lib/python3.7/site-packages/airflow/example_dags/example_branch_datetime_operator.py
[2025-09-01T05:07:22.079+0000] {processor.py:766} INFO - DAG(s) dict_keys(['example_branch_datetime_operator_3', 'example_branch_datetime_operator', 'example_branch_datetime_operator_2']) retrieved from /home/airflow/.local/lib/python3.7/site-packages/airflow/example_dags/example_branch_datetime_operator.py
[2025-09-01T05:07:22.165+0000] {logging_mixin.py:120} INFO - [2025-09-01T05:07:22.164+0000] {dag.py:2585} INFO - Sync 3 DAGs
[2025-09-01T05:07:22.215+0000] {logging_mixin.py:120} INFO - [2025-09-01T05:07:22.214+0000] {dag.py:3340} INFO - Setting next_dagrun for example_branch_datetime_operator to 2025-08-31T00:00:00+00:00, run_after=2025-09-01T00:00:00+00:00
[2025-09-01T05:07:22.225+0000] {logging_mixin.py:120} INFO - [2025-09-01T05:07:22.224+0000] {dag.py:3340} INFO - Setting next_dagrun for example_branch_datetime_operator_2 to 2025-08-31T00:00:00+00:00, run_after=2025-09-01T00:00:00+00:00
[2025-09-01T05:07:22.230+0000] {logging_mixin.py:120} INFO - [2025-09-01T05:07:22.230+0000] {dag.py:3340} INFO - Setting next_dagrun for example_branch_datetime_operator_3 to 2025-08-31T00:00:00+00:00, run_after=2025-09-01T00:00:00+00:00
[2025-09-01T05:07:22.262+0000] {processor.py:176} INFO - Processing /home/airflow/.local/lib/python3.7/site-packages/airflow/example_dags/example_branch_datetime_operator.py took 0.224 seconds
[2025-09-01T05:07:53.100+0000] {processor.py:154} INFO - Started process (PID=688) to work on /home/airflow/.local/lib/python3.7/site-packages/airflow/example_dags/example_branch_datetime_operator.py
[2025-09-01T05:07:53.102+0000] {processor.py:756} INFO - Processing file /home/airflow/.local/lib/python3.7/site-packages/airflow/example_dags/example_branch_datetime_operator.py for tasks to queue
[2025-09-01T05:07:53.103+0000] {logging_mixin.py:120} INFO - [2025-09-01T05:07:53.103+0000] {dagbag.py:537} INFO - Filling up the DagBag from /home/airflow/.local/lib/python3.7/site-packages/airflow/example_dags/example_branch_datetime_operator.py
[2025-09-01T05:07:53.129+0000] {processor.py:766} INFO - DAG(s) dict_keys(['example_branch_datetime_operator_3', 'example_branch_datetime_operator', 'example_branch_datetime_operator_2']) retrieved from /home/airflow/.local/lib/python3.7/site-packages/airflow/example_dags/example_branch_datetime_operator.py
[2025-09-01T05:07:53.203+0000] {logging_mixin.py:120} INFO - [2025-09-01T05:07:53.203+0000] {dag.py:2585} INFO - Sync 3 DAGs
[2025-09-01T05:07:53.238+0000] {logging_mixin.py:120} INFO - [2025-09-01T05:07:53.238+0000] {dag.py:3340} INFO - Setting next_dagrun for example_branch_datetime_operator to 2025-08-31T00:00:00+00:00, run_after=2025-09-01T00:00:00+00:00
[2025-09-01T05:07:53.245+0000] {logging_mixin.py:120} INFO - [2025-09-01T05:07:53.245+0000] {dag.py:3340} INFO - Setting next_dagrun for example_branch_datetime_operator_2 to 2025-08-31T00:00:00+00:00, run_after=2025-09-01T00:00:00+00:00
[2025-09-01T05:07:53.248+0000] {logging_mixin.py:120} INFO - [2025-09-01T05:07:53.248+0000] {dag.py:3340} INFO - Setting next_dagrun for example_branch_datetime_operator_3 to 2025-08-31T00:00:00+00:00, run_after=2025-09-01T00:00:00+00:00
[2025-09-01T05:07:53.274+0000] {processor.py:176} INFO - Processing /home/airflow/.local/lib/python3.7/site-packages/airflow/example_dags/example_branch_datetime_operator.py took 0.180 seconds
[2025-09-01T05:08:24.689+0000] {processor.py:154} INFO - Started process (PID=747) to work on /home/airflow/.local/lib/python3.7/site-packages/airflow/example_dags/example_branch_datetime_operator.py
[2025-09-01T05:08:24.692+0000] {processor.py:756} INFO - Processing file /home/airflow/.local/lib/python3.7/site-packages/airflow/example_dags/example_branch_datetime_operator.py for tasks to queue
[2025-09-01T05:08:24.694+0000] {logging_mixin.py:120} INFO - [2025-09-01T05:08:24.694+0000] {dagbag.py:537} INFO - Filling up the DagBag from /home/airflow/.local/lib/python3.7/site-packages/airflow/example_dags/example_branch_datetime_operator.py
[2025-09-01T05:08:24.721+0000] {processor.py:766} INFO - DAG(s) dict_keys(['example_branch_datetime_operator', 'example_branch_datetime_operator_3', 'example_branch_datetime_operator_2']) retrieved from /home/airflow/.local/lib/python3.7/site-packages/airflow/example_dags/example_branch_datetime_operator.py
[2025-09-01T05:08:24.800+0000] {logging_mixin.py:120} INFO - [2025-09-01T05:08:24.800+0000] {dag.py:2585} INFO - Sync 3 DAGs
[2025-09-01T05:08:24.849+0000] {logging_mixin.py:120} INFO - [2025-09-01T05:08:24.849+0000] {dag.py:3340} INFO - Setting next_dagrun for example_branch_datetime_operator to 2025-08-31T00:00:00+00:00, run_after=2025-09-01T00:00:00+00:00
[2025-09-01T05:08:24.855+0000] {logging_mixin.py:120} INFO - [2025-09-01T05:08:24.855+0000] {dag.py:3340} INFO - Setting next_dagrun for example_branch_datetime_operator_2 to 2025-08-31T00:00:00+00:00, run_after=2025-09-01T00:00:00+00:00
[2025-09-01T05:08:24.859+0000] {logging_mixin.py:120} INFO - [2025-09-01T05:08:24.859+0000] {dag.py:3340} INFO - Setting next_dagrun for example_branch_datetime_operator_3 to 2025-08-31T00:00:00+00:00, run_after=2025-09-01T00:00:00+00:00
[2025-09-01T05:08:24.887+0000] {processor.py:176} INFO - Processing /home/airflow/.local/lib/python3.7/site-packages/airflow/example_dags/example_branch_datetime_operator.py took 0.203 seconds
[2025-09-01T05:08:55.654+0000] {processor.py:154} INFO - Started process (PID=814) to work on /home/airflow/.local/lib/python3.7/site-packages/airflow/example_dags/example_branch_datetime_operator.py
[2025-09-01T05:08:55.655+0000] {processor.py:756} INFO - Processing file /home/airflow/.local/lib/python3.7/site-packages/airflow/example_dags/example_branch_datetime_operator.py for tasks to queue
[2025-09-01T05:08:55.656+0000] {logging_mixin.py:120} INFO - [2025-09-01T05:08:55.655+0000] {dagbag.py:537} INFO - Filling up the DagBag from /home/airflow/.local/lib/python3.7/site-packages/airflow/example_dags/example_branch_datetime_operator.py
[2025-09-01T05:08:55.676+0000] {processor.py:766} INFO - DAG(s) dict_keys(['example_branch_datetime_operator_3', 'example_branch_datetime_operator', 'example_branch_datetime_operator_2']) retrieved from /home/airflow/.local/lib/python3.7/site-packages/airflow/example_dags/example_branch_datetime_operator.py
[2025-09-01T05:08:55.733+0000] {logging_mixin.py:120} INFO - [2025-09-01T05:08:55.733+0000] {dag.py:2585} INFO - Sync 3 DAGs
[2025-09-01T05:08:55.760+0000] {logging_mixin.py:120} INFO - [2025-09-01T05:08:55.760+0000] {dag.py:3340} INFO - Setting next_dagrun for example_branch_datetime_operator to 2025-08-31T00:00:00+00:00, run_after=2025-09-01T00:00:00+00:00
[2025-09-01T05:08:55.765+0000] {logging_mixin.py:120} INFO - [2025-09-01T05:08:55.765+0000] {dag.py:3340} INFO - Setting next_dagrun for example_branch_datetime_operator_2 to 2025-08-31T00:00:00+00:00, run_after=2025-09-01T00:00:00+00:00
[2025-09-01T05:08:55.767+0000] {logging_mixin.py:120} INFO - [2025-09-01T05:08:55.767+0000] {dag.py:3340} INFO - Setting next_dagrun for example_branch_datetime_operator_3 to 2025-08-31T00:00:00+00:00, run_after=2025-09-01T00:00:00+00:00
[2025-09-01T05:08:55.786+0000] {processor.py:176} INFO - Processing /home/airflow/.local/lib/python3.7/site-packages/airflow/example_dags/example_branch_datetime_operator.py took 0.137 seconds
[2025-09-01T05:09:26.845+0000] {processor.py:154} INFO - Started process (PID=882) to work on /home/airflow/.local/lib/python3.7/site-packages/airflow/example_dags/example_branch_datetime_operator.py
[2025-09-01T05:09:26.847+0000] {processor.py:756} INFO - Processing file /home/airflow/.local/lib/python3.7/site-packages/airflow/example_dags/example_branch_datetime_operator.py for tasks to queue
[2025-09-01T05:09:26.849+0000] {logging_mixin.py:120} INFO - [2025-09-01T05:09:26.848+0000] {dagbag.py:537} INFO - Filling up the DagBag from /home/airflow/.local/lib/python3.7/site-packages/airflow/example_dags/example_branch_datetime_operator.py
[2025-09-01T05:09:26.879+0000] {processor.py:766} INFO - DAG(s) dict_keys(['example_branch_datetime_operator_2', 'example_branch_datetime_operator', 'example_branch_datetime_operator_3']) retrieved from /home/airflow/.local/lib/python3.7/site-packages/airflow/example_dags/example_branch_datetime_operator.py
[2025-09-01T05:09:26.957+0000] {logging_mixin.py:120} INFO - [2025-09-01T05:09:26.957+0000] {dag.py:2585} INFO - Sync 3 DAGs
[2025-09-01T05:09:26.997+0000] {logging_mixin.py:120} INFO - [2025-09-01T05:09:26.996+0000] {dag.py:3340} INFO - Setting next_dagrun for example_branch_datetime_operator to 2025-08-31T00:00:00+00:00, run_after=2025-09-01T00:00:00+00:00
[2025-09-01T05:09:27.003+0000] {logging_mixin.py:120} INFO - [2025-09-01T05:09:27.003+0000] {dag.py:3340} INFO - Setting next_dagrun for example_branch_datetime_operator_2 to 2025-08-31T00:00:00+00:00, run_after=2025-09-01T00:00:00+00:00
[2025-09-01T05:09:27.005+0000] {logging_mixin.py:120} INFO - [2025-09-01T05:09:27.005+0000] {dag.py:3340} INFO - Setting next_dagrun for example_branch_datetime_operator_3 to 2025-08-31T00:00:00+00:00, run_after=2025-09-01T00:00:00+00:00
[2025-09-01T05:09:27.033+0000] {processor.py:176} INFO - Processing /home/airflow/.local/lib/python3.7/site-packages/airflow/example_dags/example_branch_datetime_operator.py took 0.192 seconds
[2025-09-01T05:09:58.072+0000] {processor.py:154} INFO - Started process (PID=941) to work on /home/airflow/.local/lib/python3.7/site-packages/airflow/example_dags/example_branch_datetime_operator.py
[2025-09-01T05:09:58.074+0000] {processor.py:756} INFO - Processing file /home/airflow/.local/lib/python3.7/site-packages/airflow/example_dags/example_branch_datetime_operator.py for tasks to queue
[2025-09-01T05:09:58.075+0000] {logging_mixin.py:120} INFO - [2025-09-01T05:09:58.074+0000] {dagbag.py:537} INFO - Filling up the DagBag from /home/airflow/.local/lib/python3.7/site-packages/airflow/example_dags/example_branch_datetime_operator.py
[2025-09-01T05:09:58.101+0000] {processor.py:766} INFO - DAG(s) dict_keys(['example_branch_datetime_operator_3', 'example_branch_datetime_operator', 'example_branch_datetime_operator_2']) retrieved from /home/airflow/.local/lib/python3.7/site-packages/airflow/example_dags/example_branch_datetime_operator.py
[2025-09-01T05:09:58.165+0000] {logging_mixin.py:120} INFO - [2025-09-01T05:09:58.165+0000] {dag.py:2585} INFO - Sync 3 DAGs
[2025-09-01T05:09:58.200+0000] {logging_mixin.py:120} INFO - [2025-09-01T05:09:58.200+0000] {dag.py:3340} INFO - Setting next_dagrun for example_branch_datetime_operator to 2025-08-31T00:00:00+00:00, run_after=2025-09-01T00:00:00+00:00
[2025-09-01T05:09:58.207+0000] {logging_mixin.py:120} INFO - [2025-09-01T05:09:58.206+0000] {dag.py:3340} INFO - Setting next_dagrun for example_branch_datetime_operator_2 to 2025-08-31T00:00:00+00:00, run_after=2025-09-01T00:00:00+00:00
[2025-09-01T05:09:58.210+0000] {logging_mixin.py:120} INFO - [2025-09-01T05:09:58.210+0000] {dag.py:3340} INFO - Setting next_dagrun for example_branch_datetime_operator_3 to 2025-08-31T00:00:00+00:00, run_after=2025-09-01T00:00:00+00:00
[2025-09-01T05:09:58.231+0000] {processor.py:176} INFO - Processing /home/airflow/.local/lib/python3.7/site-packages/airflow/example_dags/example_branch_datetime_operator.py took 0.166 seconds
[2025-09-01T05:10:29.844+0000] {processor.py:154} INFO - Started process (PID=1009) to work on /home/airflow/.local/lib/python3.7/site-packages/airflow/example_dags/example_branch_datetime_operator.py
[2025-09-01T05:10:29.846+0000] {processor.py:756} INFO - Processing file /home/airflow/.local/lib/python3.7/site-packages/airflow/example_dags/example_branch_datetime_operator.py for tasks to queue
[2025-09-01T05:10:29.847+0000] {logging_mixin.py:120} INFO - [2025-09-01T05:10:29.846+0000] {dagbag.py:537} INFO - Filling up the DagBag from /home/airflow/.local/lib/python3.7/site-packages/airflow/example_dags/example_branch_datetime_operator.py
[2025-09-01T05:10:29.898+0000] {processor.py:766} INFO - DAG(s) dict_keys(['example_branch_datetime_operator', 'example_branch_datetime_operator_2', 'example_branch_datetime_operator_3']) retrieved from /home/airflow/.local/lib/python3.7/site-packages/airflow/example_dags/example_branch_datetime_operator.py
[2025-09-01T05:10:29.984+0000] {logging_mixin.py:120} INFO - [2025-09-01T05:10:29.983+0000] {dag.py:2585} INFO - Sync 3 DAGs
[2025-09-01T05:10:30.021+0000] {logging_mixin.py:120} INFO - [2025-09-01T05:10:30.021+0000] {dag.py:3340} INFO - Setting next_dagrun for example_branch_datetime_operator to 2025-08-31T00:00:00+00:00, run_after=2025-09-01T00:00:00+00:00
[2025-09-01T05:10:30.034+0000] {logging_mixin.py:120} INFO - [2025-09-01T05:10:30.034+0000] {dag.py:3340} INFO - Setting next_dagrun for example_branch_datetime_operator_2 to 2025-08-31T00:00:00+00:00, run_after=2025-09-01T00:00:00+00:00
[2025-09-01T05:10:30.039+0000] {logging_mixin.py:120} INFO - [2025-09-01T05:10:30.038+0000] {dag.py:3340} INFO - Setting next_dagrun for example_branch_datetime_operator_3 to 2025-08-31T00:00:00+00:00, run_after=2025-09-01T00:00:00+00:00
[2025-09-01T05:10:30.068+0000] {processor.py:176} INFO - Processing /home/airflow/.local/lib/python3.7/site-packages/airflow/example_dags/example_branch_datetime_operator.py took 0.228 seconds
[2025-09-01T05:11:01.458+0000] {processor.py:154} INFO - Started process (PID=1077) to work on /home/airflow/.local/lib/python3.7/site-packages/airflow/example_dags/example_branch_datetime_operator.py
[2025-09-01T05:11:01.460+0000] {processor.py:756} INFO - Processing file /home/airflow/.local/lib/python3.7/site-packages/airflow/example_dags/example_branch_datetime_operator.py for tasks to queue
[2025-09-01T05:11:01.462+0000] {logging_mixin.py:120} INFO - [2025-09-01T05:11:01.461+0000] {dagbag.py:537} INFO - Filling up the DagBag from /home/airflow/.local/lib/python3.7/site-packages/airflow/example_dags/example_branch_datetime_operator.py
[2025-09-01T05:11:01.499+0000] {processor.py:766} INFO - DAG(s) dict_keys(['example_branch_datetime_operator_2', 'example_branch_datetime_operator', 'example_branch_datetime_operator_3']) retrieved from /home/airflow/.local/lib/python3.7/site-packages/airflow/example_dags/example_branch_datetime_operator.py
[2025-09-01T05:11:01.603+0000] {logging_mixin.py:120} INFO - [2025-09-01T05:11:01.603+0000] {dag.py:2585} INFO - Sync 3 DAGs
[2025-09-01T05:11:01.683+0000] {logging_mixin.py:120} INFO - [2025-09-01T05:11:01.683+0000] {dag.py:3340} INFO - Setting next_dagrun for example_branch_datetime_operator to 2025-08-31T00:00:00+00:00, run_after=2025-09-01T00:00:00+00:00
[2025-09-01T05:11:01.692+0000] {logging_mixin.py:120} INFO - [2025-09-01T05:11:01.692+0000] {dag.py:3340} INFO - Setting next_dagrun for example_branch_datetime_operator_2 to 2025-08-31T00:00:00+00:00, run_after=2025-09-01T00:00:00+00:00
[2025-09-01T05:11:01.697+0000] {logging_mixin.py:120} INFO - [2025-09-01T05:11:01.697+0000] {dag.py:3340} INFO - Setting next_dagrun for example_branch_datetime_operator_3 to 2025-08-31T00:00:00+00:00, run_after=2025-09-01T00:00:00+00:00
[2025-09-01T05:11:01.735+0000] {processor.py:176} INFO - Processing /home/airflow/.local/lib/python3.7/site-packages/airflow/example_dags/example_branch_datetime_operator.py took 0.282 seconds
[2025-09-01T05:11:32.317+0000] {processor.py:154} INFO - Started process (PID=1136) to work on /home/airflow/.local/lib/python3.7/site-packages/airflow/example_dags/example_branch_datetime_operator.py
[2025-09-01T05:11:32.318+0000] {processor.py:756} INFO - Processing file /home/airflow/.local/lib/python3.7/site-packages/airflow/example_dags/example_branch_datetime_operator.py for tasks to queue
[2025-09-01T05:11:32.319+0000] {logging_mixin.py:120} INFO - [2025-09-01T05:11:32.319+0000] {dagbag.py:537} INFO - Filling up the DagBag from /home/airflow/.local/lib/python3.7/site-packages/airflow/example_dags/example_branch_datetime_operator.py
[2025-09-01T05:11:32.344+0000] {processor.py:766} INFO - DAG(s) dict_keys(['example_branch_datetime_operator', 'example_branch_datetime_operator_2', 'example_branch_datetime_operator_3']) retrieved from /home/airflow/.local/lib/python3.7/site-packages/airflow/example_dags/example_branch_datetime_operator.py
[2025-09-01T05:11:32.388+0000] {logging_mixin.py:120} INFO - [2025-09-01T05:11:32.388+0000] {dag.py:2585} INFO - Sync 3 DAGs
[2025-09-01T05:11:32.414+0000] {logging_mixin.py:120} INFO - [2025-09-01T05:11:32.414+0000] {dag.py:3340} INFO - Setting next_dagrun for example_branch_datetime_operator to 2025-08-31T00:00:00+00:00, run_after=2025-09-01T00:00:00+00:00
[2025-09-01T05:11:32.421+0000] {logging_mixin.py:120} INFO - [2025-09-01T05:11:32.421+0000] {dag.py:3340} INFO - Setting next_dagrun for example_branch_datetime_operator_2 to 2025-08-31T00:00:00+00:00, run_after=2025-09-01T00:00:00+00:00
[2025-09-01T05:11:32.424+0000] {logging_mixin.py:120} INFO - [2025-09-01T05:11:32.424+0000] {dag.py:3340} INFO - Setting next_dagrun for example_branch_datetime_operator_3 to 2025-08-31T00:00:00+00:00, run_after=2025-09-01T00:00:00+00:00
[2025-09-01T05:11:32.446+0000] {processor.py:176} INFO - Processing /home/airflow/.local/lib/python3.7/site-packages/airflow/example_dags/example_branch_datetime_operator.py took 0.132 seconds
[2025-09-01T05:12:04.085+0000] {processor.py:154} INFO - Started process (PID=1204) to work on /home/airflow/.local/lib/python3.7/site-packages/airflow/example_dags/example_branch_datetime_operator.py
[2025-09-01T05:12:04.086+0000] {processor.py:756} INFO - Processing file /home/airflow/.local/lib/python3.7/site-packages/airflow/example_dags/example_branch_datetime_operator.py for tasks to queue
[2025-09-01T05:12:04.087+0000] {logging_mixin.py:120} INFO - [2025-09-01T05:12:04.087+0000] {dagbag.py:537} INFO - Filling up the DagBag from /home/airflow/.local/lib/python3.7/site-packages/airflow/example_dags/example_branch_datetime_operator.py
[2025-09-01T05:12:04.110+0000] {processor.py:766} INFO - DAG(s) dict_keys(['example_branch_datetime_operator_2', 'example_branch_datetime_operator', 'example_branch_datetime_operator_3']) retrieved from /home/airflow/.local/lib/python3.7/site-packages/airflow/example_dags/example_branch_datetime_operator.py
[2025-09-01T05:12:04.177+0000] {logging_mixin.py:120} INFO - [2025-09-01T05:12:04.177+0000] {dag.py:2585} INFO - Sync 3 DAGs
[2025-09-01T05:12:04.203+0000] {logging_mixin.py:120} INFO - [2025-09-01T05:12:04.203+0000] {dag.py:3340} INFO - Setting next_dagrun for example_branch_datetime_operator to 2025-08-31T00:00:00+00:00, run_after=2025-09-01T00:00:00+00:00
[2025-09-01T05:12:04.209+0000] {logging_mixin.py:120} INFO - [2025-09-01T05:12:04.208+0000] {dag.py:3340} INFO - Setting next_dagrun for example_branch_datetime_operator_2 to 2025-08-31T00:00:00+00:00, run_after=2025-09-01T00:00:00+00:00
[2025-09-01T05:12:04.212+0000] {logging_mixin.py:120} INFO - [2025-09-01T05:12:04.212+0000] {dag.py:3340} INFO - Setting next_dagrun for example_branch_datetime_operator_3 to 2025-08-31T00:00:00+00:00, run_after=2025-09-01T00:00:00+00:00
[2025-09-01T05:12:04.230+0000] {processor.py:176} INFO - Processing /home/airflow/.local/lib/python3.7/site-packages/airflow/example_dags/example_branch_datetime_operator.py took 0.150 seconds
[2025-09-01T05:12:36.325+0000] {processor.py:154} INFO - Started process (PID=1273) to work on /home/airflow/.local/lib/python3.7/site-packages/airflow/example_dags/example_branch_datetime_operator.py
[2025-09-01T05:12:36.328+0000] {processor.py:756} INFO - Processing file /home/airflow/.local/lib/python3.7/site-packages/airflow/example_dags/example_branch_datetime_operator.py for tasks to queue
[2025-09-01T05:12:36.330+0000] {logging_mixin.py:120} INFO - [2025-09-01T05:12:36.329+0000] {dagbag.py:537} INFO - Filling up the DagBag from /home/airflow/.local/lib/python3.7/site-packages/airflow/example_dags/example_branch_datetime_operator.py
[2025-09-01T05:12:36.353+0000] {processor.py:766} INFO - DAG(s) dict_keys(['example_branch_datetime_operator_2', 'example_branch_datetime_operator', 'example_branch_datetime_operator_3']) retrieved from /home/airflow/.local/lib/python3.7/site-packages/airflow/example_dags/example_branch_datetime_operator.py
[2025-09-01T05:12:36.419+0000] {logging_mixin.py:120} INFO - [2025-09-01T05:12:36.419+0000] {dag.py:2585} INFO - Sync 3 DAGs
[2025-09-01T05:12:36.462+0000] {logging_mixin.py:120} INFO - [2025-09-01T05:12:36.461+0000] {dag.py:3340} INFO - Setting next_dagrun for example_branch_datetime_operator to 2025-08-31T00:00:00+00:00, run_after=2025-09-01T00:00:00+00:00
[2025-09-01T05:12:36.470+0000] {logging_mixin.py:120} INFO - [2025-09-01T05:12:36.470+0000] {dag.py:3340} INFO - Setting next_dagrun for example_branch_datetime_operator_2 to 2025-08-31T00:00:00+00:00, run_after=2025-09-01T00:00:00+00:00
[2025-09-01T05:12:36.473+0000] {logging_mixin.py:120} INFO - [2025-09-01T05:12:36.473+0000] {dag.py:3340} INFO - Setting next_dagrun for example_branch_datetime_operator_3 to 2025-08-31T00:00:00+00:00, run_after=2025-09-01T00:00:00+00:00
[2025-09-01T05:12:36.514+0000] {processor.py:176} INFO - Processing /home/airflow/.local/lib/python3.7/site-packages/airflow/example_dags/example_branch_datetime_operator.py took 0.195 seconds
[2025-09-01T05:13:09.433+0000] {processor.py:154} INFO - Started process (PID=1341) to work on /home/airflow/.local/lib/python3.7/site-packages/airflow/example_dags/example_branch_datetime_operator.py
[2025-09-01T05:13:09.434+0000] {processor.py:756} INFO - Processing file /home/airflow/.local/lib/python3.7/site-packages/airflow/example_dags/example_branch_datetime_operator.py for tasks to queue
[2025-09-01T05:13:09.437+0000] {logging_mixin.py:120} INFO - [2025-09-01T05:13:09.436+0000] {dagbag.py:537} INFO - Filling up the DagBag from /home/airflow/.local/lib/python3.7/site-packages/airflow/example_dags/example_branch_datetime_operator.py
[2025-09-01T05:13:09.491+0000] {processor.py:766} INFO - DAG(s) dict_keys(['example_branch_datetime_operator', 'example_branch_datetime_operator_2', 'example_branch_datetime_operator_3']) retrieved from /home/airflow/.local/lib/python3.7/site-packages/airflow/example_dags/example_branch_datetime_operator.py
[2025-09-01T05:13:09.647+0000] {logging_mixin.py:120} INFO - [2025-09-01T05:13:09.646+0000] {dag.py:2585} INFO - Sync 3 DAGs
[2025-09-01T05:13:09.706+0000] {logging_mixin.py:120} INFO - [2025-09-01T05:13:09.706+0000] {dag.py:3340} INFO - Setting next_dagrun for example_branch_datetime_operator to 2025-08-31T00:00:00+00:00, run_after=2025-09-01T00:00:00+00:00
[2025-09-01T05:13:09.717+0000] {logging_mixin.py:120} INFO - [2025-09-01T05:13:09.717+0000] {dag.py:3340} INFO - Setting next_dagrun for example_branch_datetime_operator_2 to 2025-08-31T00:00:00+00:00, run_after=2025-09-01T00:00:00+00:00
[2025-09-01T05:13:09.726+0000] {logging_mixin.py:120} INFO - [2025-09-01T05:13:09.726+0000] {dag.py:3340} INFO - Setting next_dagrun for example_branch_datetime_operator_3 to 2025-08-31T00:00:00+00:00, run_after=2025-09-01T00:00:00+00:00
[2025-09-01T05:13:09.759+0000] {processor.py:176} INFO - Processing /home/airflow/.local/lib/python3.7/site-packages/airflow/example_dags/example_branch_datetime_operator.py took 0.333 seconds
[2025-09-01T05:13:40.993+0000] {processor.py:154} INFO - Started process (PID=1409) to work on /home/airflow/.local/lib/python3.7/site-packages/airflow/example_dags/example_branch_datetime_operator.py
[2025-09-01T05:13:40.995+0000] {processor.py:756} INFO - Processing file /home/airflow/.local/lib/python3.7/site-packages/airflow/example_dags/example_branch_datetime_operator.py for tasks to queue
[2025-09-01T05:13:40.997+0000] {logging_mixin.py:120} INFO - [2025-09-01T05:13:40.996+0000] {dagbag.py:537} INFO - Filling up the DagBag from /home/airflow/.local/lib/python3.7/site-packages/airflow/example_dags/example_branch_datetime_operator.py
[2025-09-01T05:13:41.033+0000] {processor.py:766} INFO - DAG(s) dict_keys(['example_branch_datetime_operator_3', 'example_branch_datetime_operator_2', 'example_branch_datetime_operator']) retrieved from /home/airflow/.local/lib/python3.7/site-packages/airflow/example_dags/example_branch_datetime_operator.py
[2025-09-01T05:13:41.124+0000] {logging_mixin.py:120} INFO - [2025-09-01T05:13:41.124+0000] {dag.py:2585} INFO - Sync 3 DAGs
[2025-09-01T05:13:41.190+0000] {logging_mixin.py:120} INFO - [2025-09-01T05:13:41.189+0000] {dag.py:3340} INFO - Setting next_dagrun for example_branch_datetime_operator to 2025-08-31T00:00:00+00:00, run_after=2025-09-01T00:00:00+00:00
[2025-09-01T05:13:41.199+0000] {logging_mixin.py:120} INFO - [2025-09-01T05:13:41.199+0000] {dag.py:3340} INFO - Setting next_dagrun for example_branch_datetime_operator_2 to 2025-08-31T00:00:00+00:00, run_after=2025-09-01T00:00:00+00:00
[2025-09-01T05:13:41.206+0000] {logging_mixin.py:120} INFO - [2025-09-01T05:13:41.206+0000] {dag.py:3340} INFO - Setting next_dagrun for example_branch_datetime_operator_3 to 2025-08-31T00:00:00+00:00, run_after=2025-09-01T00:00:00+00:00
[2025-09-01T05:13:41.245+0000] {processor.py:176} INFO - Processing /home/airflow/.local/lib/python3.7/site-packages/airflow/example_dags/example_branch_datetime_operator.py took 0.259 seconds
[2025-09-01T05:14:15.285+0000] {processor.py:154} INFO - Started process (PID=1468) to work on /home/airflow/.local/lib/python3.7/site-packages/airflow/example_dags/example_branch_datetime_operator.py
[2025-09-01T05:14:15.287+0000] {processor.py:756} INFO - Processing file /home/airflow/.local/lib/python3.7/site-packages/airflow/example_dags/example_branch_datetime_operator.py for tasks to queue
[2025-09-01T05:14:15.288+0000] {logging_mixin.py:120} INFO - [2025-09-01T05:14:15.287+0000] {dagbag.py:537} INFO - Filling up the DagBag from /home/airflow/.local/lib/python3.7/site-packages/airflow/example_dags/example_branch_datetime_operator.py
[2025-09-01T05:14:15.318+0000] {processor.py:766} INFO - DAG(s) dict_keys(['example_branch_datetime_operator_3', 'example_branch_datetime_operator', 'example_branch_datetime_operator_2']) retrieved from /home/airflow/.local/lib/python3.7/site-packages/airflow/example_dags/example_branch_datetime_operator.py
[2025-09-01T05:14:15.399+0000] {logging_mixin.py:120} INFO - [2025-09-01T05:14:15.398+0000] {dag.py:2585} INFO - Sync 3 DAGs
[2025-09-01T05:14:15.442+0000] {logging_mixin.py:120} INFO - [2025-09-01T05:14:15.442+0000] {dag.py:3340} INFO - Setting next_dagrun for example_branch_datetime_operator to 2025-08-31T00:00:00+00:00, run_after=2025-09-01T00:00:00+00:00
[2025-09-01T05:14:15.449+0000] {logging_mixin.py:120} INFO - [2025-09-01T05:14:15.449+0000] {dag.py:3340} INFO - Setting next_dagrun for example_branch_datetime_operator_2 to 2025-08-31T00:00:00+00:00, run_after=2025-09-01T00:00:00+00:00
[2025-09-01T05:14:15.454+0000] {logging_mixin.py:120} INFO - [2025-09-01T05:14:15.454+0000] {dag.py:3340} INFO - Setting next_dagrun for example_branch_datetime_operator_3 to 2025-08-31T00:00:00+00:00, run_after=2025-09-01T00:00:00+00:00
[2025-09-01T05:14:15.482+0000] {processor.py:176} INFO - Processing /home/airflow/.local/lib/python3.7/site-packages/airflow/example_dags/example_branch_datetime_operator.py took 0.201 seconds
[2025-09-01T05:14:50.033+0000] {processor.py:154} INFO - Started process (PID=1536) to work on /home/airflow/.local/lib/python3.7/site-packages/airflow/example_dags/example_branch_datetime_operator.py
[2025-09-01T05:14:50.036+0000] {processor.py:756} INFO - Processing file /home/airflow/.local/lib/python3.7/site-packages/airflow/example_dags/example_branch_datetime_operator.py for tasks to queue
[2025-09-01T05:14:50.037+0000] {logging_mixin.py:120} INFO - [2025-09-01T05:14:50.037+0000] {dagbag.py:537} INFO - Filling up the DagBag from /home/airflow/.local/lib/python3.7/site-packages/airflow/example_dags/example_branch_datetime_operator.py
[2025-09-01T05:14:50.095+0000] {processor.py:766} INFO - DAG(s) dict_keys(['example_branch_datetime_operator', 'example_branch_datetime_operator_3', 'example_branch_datetime_operator_2']) retrieved from /home/airflow/.local/lib/python3.7/site-packages/airflow/example_dags/example_branch_datetime_operator.py
[2025-09-01T05:14:50.213+0000] {logging_mixin.py:120} INFO - [2025-09-01T05:14:50.212+0000] {dag.py:2585} INFO - Sync 3 DAGs
[2025-09-01T05:14:50.278+0000] {logging_mixin.py:120} INFO - [2025-09-01T05:14:50.277+0000] {dag.py:3340} INFO - Setting next_dagrun for example_branch_datetime_operator to 2025-08-31T00:00:00+00:00, run_after=2025-09-01T00:00:00+00:00
[2025-09-01T05:14:50.289+0000] {logging_mixin.py:120} INFO - [2025-09-01T05:14:50.288+0000] {dag.py:3340} INFO - Setting next_dagrun for example_branch_datetime_operator_2 to 2025-08-31T00:00:00+00:00, run_after=2025-09-01T00:00:00+00:00
[2025-09-01T05:14:50.294+0000] {logging_mixin.py:120} INFO - [2025-09-01T05:14:50.294+0000] {dag.py:3340} INFO - Setting next_dagrun for example_branch_datetime_operator_3 to 2025-08-31T00:00:00+00:00, run_after=2025-09-01T00:00:00+00:00
[2025-09-01T05:14:50.369+0000] {processor.py:176} INFO - Processing /home/airflow/.local/lib/python3.7/site-packages/airflow/example_dags/example_branch_datetime_operator.py took 0.343 seconds
[2025-09-01T05:15:25.811+0000] {processor.py:154} INFO - Started process (PID=1595) to work on /home/airflow/.local/lib/python3.7/site-packages/airflow/example_dags/example_branch_datetime_operator.py
[2025-09-01T05:15:25.815+0000] {processor.py:756} INFO - Processing file /home/airflow/.local/lib/python3.7/site-packages/airflow/example_dags/example_branch_datetime_operator.py for tasks to queue
[2025-09-01T05:15:25.816+0000] {logging_mixin.py:120} INFO - [2025-09-01T05:15:25.816+0000] {dagbag.py:537} INFO - Filling up the DagBag from /home/airflow/.local/lib/python3.7/site-packages/airflow/example_dags/example_branch_datetime_operator.py
[2025-09-01T05:15:25.882+0000] {processor.py:766} INFO - DAG(s) dict_keys(['example_branch_datetime_operator_2', 'example_branch_datetime_operator', 'example_branch_datetime_operator_3']) retrieved from /home/airflow/.local/lib/python3.7/site-packages/airflow/example_dags/example_branch_datetime_operator.py
[2025-09-01T05:15:26.025+0000] {logging_mixin.py:120} INFO - [2025-09-01T05:15:26.025+0000] {dag.py:2585} INFO - Sync 3 DAGs
[2025-09-01T05:15:26.107+0000] {logging_mixin.py:120} INFO - [2025-09-01T05:15:26.107+0000] {dag.py:3340} INFO - Setting next_dagrun for example_branch_datetime_operator to 2025-08-31T00:00:00+00:00, run_after=2025-09-01T00:00:00+00:00
[2025-09-01T05:15:26.145+0000] {logging_mixin.py:120} INFO - [2025-09-01T05:15:26.144+0000] {dag.py:3340} INFO - Setting next_dagrun for example_branch_datetime_operator_2 to 2025-08-31T00:00:00+00:00, run_after=2025-09-01T00:00:00+00:00
[2025-09-01T05:15:26.165+0000] {logging_mixin.py:120} INFO - [2025-09-01T05:15:26.164+0000] {dag.py:3340} INFO - Setting next_dagrun for example_branch_datetime_operator_3 to 2025-08-31T00:00:00+00:00, run_after=2025-09-01T00:00:00+00:00
[2025-09-01T05:15:26.273+0000] {processor.py:176} INFO - Processing /home/airflow/.local/lib/python3.7/site-packages/airflow/example_dags/example_branch_datetime_operator.py took 0.479 seconds
[2025-09-01T05:16:03.039+0000] {processor.py:154} INFO - Started process (PID=1663) to work on /home/airflow/.local/lib/python3.7/site-packages/airflow/example_dags/example_branch_datetime_operator.py
[2025-09-01T05:16:03.053+0000] {processor.py:756} INFO - Processing file /home/airflow/.local/lib/python3.7/site-packages/airflow/example_dags/example_branch_datetime_operator.py for tasks to queue
[2025-09-01T05:16:03.055+0000] {logging_mixin.py:120} INFO - [2025-09-01T05:16:03.055+0000] {dagbag.py:537} INFO - Filling up the DagBag from /home/airflow/.local/lib/python3.7/site-packages/airflow/example_dags/example_branch_datetime_operator.py
[2025-09-01T05:16:03.307+0000] {processor.py:766} INFO - DAG(s) dict_keys(['example_branch_datetime_operator_3', 'example_branch_datetime_operator', 'example_branch_datetime_operator_2']) retrieved from /home/airflow/.local/lib/python3.7/site-packages/airflow/example_dags/example_branch_datetime_operator.py
[2025-09-01T05:16:03.962+0000] {logging_mixin.py:120} INFO - [2025-09-01T05:16:03.961+0000] {dag.py:2585} INFO - Sync 3 DAGs
[2025-09-01T05:16:04.408+0000] {logging_mixin.py:120} INFO - [2025-09-01T05:16:04.407+0000] {dag.py:3340} INFO - Setting next_dagrun for example_branch_datetime_operator to 2025-08-31T00:00:00+00:00, run_after=2025-09-01T00:00:00+00:00
[2025-09-01T05:16:04.432+0000] {logging_mixin.py:120} INFO - [2025-09-01T05:16:04.432+0000] {dag.py:3340} INFO - Setting next_dagrun for example_branch_datetime_operator_2 to 2025-08-31T00:00:00+00:00, run_after=2025-09-01T00:00:00+00:00
[2025-09-01T05:16:04.459+0000] {logging_mixin.py:120} INFO - [2025-09-01T05:16:04.459+0000] {dag.py:3340} INFO - Setting next_dagrun for example_branch_datetime_operator_3 to 2025-08-31T00:00:00+00:00, run_after=2025-09-01T00:00:00+00:00
[2025-09-01T05:16:04.703+0000] {processor.py:176} INFO - Processing /home/airflow/.local/lib/python3.7/site-packages/airflow/example_dags/example_branch_datetime_operator.py took 1.695 seconds
[2025-09-01T05:27:26.766+0000] {processor.py:154} INFO - Started process (PID=1704) to work on /home/airflow/.local/lib/python3.7/site-packages/airflow/example_dags/example_branch_datetime_operator.py
[2025-09-01T05:27:26.768+0000] {processor.py:756} INFO - Processing file /home/airflow/.local/lib/python3.7/site-packages/airflow/example_dags/example_branch_datetime_operator.py for tasks to queue
[2025-09-01T05:27:26.769+0000] {logging_mixin.py:120} INFO - [2025-09-01T05:27:26.769+0000] {dagbag.py:537} INFO - Filling up the DagBag from /home/airflow/.local/lib/python3.7/site-packages/airflow/example_dags/example_branch_datetime_operator.py
[2025-09-01T05:27:26.786+0000] {processor.py:766} INFO - DAG(s) dict_keys(['example_branch_datetime_operator_3', 'example_branch_datetime_operator_2', 'example_branch_datetime_operator']) retrieved from /home/airflow/.local/lib/python3.7/site-packages/airflow/example_dags/example_branch_datetime_operator.py
[2025-09-01T05:27:27.446+0000] {processor.py:179} ERROR - Got an exception! Propagating...
Traceback (most recent call last):
  File "/home/airflow/.local/lib/python3.7/site-packages/sqlalchemy/engine/base.py", line 3243, in _wrap_pool_connect
    return fn()
  File "/home/airflow/.local/lib/python3.7/site-packages/sqlalchemy/pool/base.py", line 310, in connect
    return _ConnectionFairy._checkout(self)
  File "/home/airflow/.local/lib/python3.7/site-packages/sqlalchemy/pool/base.py", line 868, in _checkout
    fairy = _ConnectionRecord.checkout(pool)
  File "/home/airflow/.local/lib/python3.7/site-packages/sqlalchemy/pool/base.py", line 476, in checkout
    rec = pool._do_get()
  File "/home/airflow/.local/lib/python3.7/site-packages/sqlalchemy/pool/impl.py", line 146, in _do_get
    self._dec_overflow()
  File "/home/airflow/.local/lib/python3.7/site-packages/sqlalchemy/util/langhelpers.py", line 72, in __exit__
    with_traceback=exc_tb,
  File "/home/airflow/.local/lib/python3.7/site-packages/sqlalchemy/util/compat.py", line 207, in raise_
    raise exception
  File "/home/airflow/.local/lib/python3.7/site-packages/sqlalchemy/pool/impl.py", line 143, in _do_get
    return self._create_connection()
  File "/home/airflow/.local/lib/python3.7/site-packages/sqlalchemy/pool/base.py", line 256, in _create_connection
    return _ConnectionRecord(self)
  File "/home/airflow/.local/lib/python3.7/site-packages/sqlalchemy/pool/base.py", line 371, in __init__
    self.__connect()
  File "/home/airflow/.local/lib/python3.7/site-packages/sqlalchemy/pool/base.py", line 666, in __connect
    pool.logger.debug("Error on connect(): %s", e)
  File "/home/airflow/.local/lib/python3.7/site-packages/sqlalchemy/util/langhelpers.py", line 72, in __exit__
    with_traceback=exc_tb,
  File "/home/airflow/.local/lib/python3.7/site-packages/sqlalchemy/util/compat.py", line 207, in raise_
    raise exception
  File "/home/airflow/.local/lib/python3.7/site-packages/sqlalchemy/pool/base.py", line 661, in __connect
    self.dbapi_connection = connection = pool._invoke_creator(self)
  File "/home/airflow/.local/lib/python3.7/site-packages/sqlalchemy/engine/create.py", line 590, in connect
    return dialect.connect(*cargs, **cparams)
  File "/home/airflow/.local/lib/python3.7/site-packages/sqlalchemy/engine/default.py", line 584, in connect
    return self.dbapi.connect(*cargs, **cparams)
  File "/home/airflow/.local/lib/python3.7/site-packages/psycopg2/__init__.py", line 122, in connect
    conn = _connect(dsn, connection_factory=connection_factory, **kwasync)
psycopg2.OperationalError: could not translate host name "postgres" to address: Temporary failure in name resolution


The above exception was the direct cause of the following exception:

Traceback (most recent call last):
  File "/home/airflow/.local/lib/python3.7/site-packages/airflow/dag_processing/processor.py", line 175, in _run_file_processor
    _handle_dag_file_processing()
  File "/home/airflow/.local/lib/python3.7/site-packages/airflow/dag_processing/processor.py", line 159, in _handle_dag_file_processing
    callback_requests=callback_requests,
  File "/home/airflow/.local/lib/python3.7/site-packages/airflow/utils/session.py", line 75, in wrapper
    return func(*args, session=session, **kwargs)
  File "/home/airflow/.local/lib/python3.7/site-packages/airflow/dag_processing/processor.py", line 781, in process_file
    dagbag.sync_to_db(processor_subdir=self._dag_directory, session=session)
  File "/home/airflow/.local/lib/python3.7/site-packages/airflow/utils/session.py", line 72, in wrapper
    return func(*args, **kwargs)
  File "/home/airflow/.local/lib/python3.7/site-packages/airflow/models/dagbag.py", line 644, in sync_to_db
    for attempt in run_with_db_retries(logger=self.log):
  File "/home/airflow/.local/lib/python3.7/site-packages/tenacity/__init__.py", line 384, in __iter__
    do = self.iter(retry_state=retry_state)
  File "/home/airflow/.local/lib/python3.7/site-packages/tenacity/__init__.py", line 362, in iter
    raise retry_exc.reraise()
  File "/home/airflow/.local/lib/python3.7/site-packages/tenacity/__init__.py", line 195, in reraise
    raise self.last_attempt.result()
  File "/usr/local/lib/python3.7/concurrent/futures/_base.py", line 428, in result
    return self.__get_result()
  File "/usr/local/lib/python3.7/concurrent/futures/_base.py", line 384, in __get_result
    raise self._exception
  File "/home/airflow/.local/lib/python3.7/site-packages/airflow/models/dagbag.py", line 656, in sync_to_db
    serialize_errors.extend(_serialize_dag_capturing_errors(dag, session))
  File "/home/airflow/.local/lib/python3.7/site-packages/airflow/models/dagbag.py", line 630, in _serialize_dag_capturing_errors
    session=session,
  File "/home/airflow/.local/lib/python3.7/site-packages/airflow/utils/session.py", line 72, in wrapper
    return func(*args, **kwargs)
  File "/home/airflow/.local/lib/python3.7/site-packages/airflow/models/serialized_dag.py", line 150, in write_dag
    (timezone.utcnow() - timedelta(seconds=min_update_interval)) < cls.last_updated,
  File "/home/airflow/.local/lib/python3.7/site-packages/sqlalchemy/orm/query.py", line 2810, in first
    return self.limit(1)._iter().first()
  File "/home/airflow/.local/lib/python3.7/site-packages/sqlalchemy/orm/query.py", line 2897, in _iter
    execution_options={"_sa_orm_load_options": self.load_options},
  File "/home/airflow/.local/lib/python3.7/site-packages/sqlalchemy/orm/session.py", line 1688, in execute
    conn = self._connection_for_bind(bind)
  File "/home/airflow/.local/lib/python3.7/site-packages/sqlalchemy/orm/session.py", line 1530, in _connection_for_bind
    engine, execution_options
  File "/home/airflow/.local/lib/python3.7/site-packages/sqlalchemy/orm/session.py", line 747, in _connection_for_bind
    conn = bind.connect()
  File "/home/airflow/.local/lib/python3.7/site-packages/sqlalchemy/engine/base.py", line 3197, in connect
    return self._connection_cls(self, close_with_result=close_with_result)
  File "/home/airflow/.local/lib/python3.7/site-packages/sqlalchemy/engine/base.py", line 96, in __init__
    else engine.raw_connection()
  File "/home/airflow/.local/lib/python3.7/site-packages/sqlalchemy/engine/base.py", line 3276, in raw_connection
    return self._wrap_pool_connect(self.pool.connect, _connection)
  File "/home/airflow/.local/lib/python3.7/site-packages/sqlalchemy/engine/base.py", line 3247, in _wrap_pool_connect
    e, dialect, self
  File "/home/airflow/.local/lib/python3.7/site-packages/sqlalchemy/engine/base.py", line 2101, in _handle_dbapi_exception_noconnection
    sqlalchemy_exception, with_traceback=exc_info[2], from_=e
  File "/home/airflow/.local/lib/python3.7/site-packages/sqlalchemy/util/compat.py", line 207, in raise_
    raise exception
  File "/home/airflow/.local/lib/python3.7/site-packages/sqlalchemy/engine/base.py", line 3243, in _wrap_pool_connect
    return fn()
  File "/home/airflow/.local/lib/python3.7/site-packages/sqlalchemy/pool/base.py", line 310, in connect
    return _ConnectionFairy._checkout(self)
  File "/home/airflow/.local/lib/python3.7/site-packages/sqlalchemy/pool/base.py", line 868, in _checkout
    fairy = _ConnectionRecord.checkout(pool)
  File "/home/airflow/.local/lib/python3.7/site-packages/sqlalchemy/pool/base.py", line 476, in checkout
    rec = pool._do_get()
  File "/home/airflow/.local/lib/python3.7/site-packages/sqlalchemy/pool/impl.py", line 146, in _do_get
    self._dec_overflow()
  File "/home/airflow/.local/lib/python3.7/site-packages/sqlalchemy/util/langhelpers.py", line 72, in __exit__
    with_traceback=exc_tb,
  File "/home/airflow/.local/lib/python3.7/site-packages/sqlalchemy/util/compat.py", line 207, in raise_
    raise exception
  File "/home/airflow/.local/lib/python3.7/site-packages/sqlalchemy/pool/impl.py", line 143, in _do_get
    return self._create_connection()
  File "/home/airflow/.local/lib/python3.7/site-packages/sqlalchemy/pool/base.py", line 256, in _create_connection
    return _ConnectionRecord(self)
  File "/home/airflow/.local/lib/python3.7/site-packages/sqlalchemy/pool/base.py", line 371, in __init__
    self.__connect()
  File "/home/airflow/.local/lib/python3.7/site-packages/sqlalchemy/pool/base.py", line 666, in __connect
    pool.logger.debug("Error on connect(): %s", e)
  File "/home/airflow/.local/lib/python3.7/site-packages/sqlalchemy/util/langhelpers.py", line 72, in __exit__
    with_traceback=exc_tb,
  File "/home/airflow/.local/lib/python3.7/site-packages/sqlalchemy/util/compat.py", line 207, in raise_
    raise exception
  File "/home/airflow/.local/lib/python3.7/site-packages/sqlalchemy/pool/base.py", line 661, in __connect
    self.dbapi_connection = connection = pool._invoke_creator(self)
  File "/home/airflow/.local/lib/python3.7/site-packages/sqlalchemy/engine/create.py", line 590, in connect
    return dialect.connect(*cargs, **cparams)
  File "/home/airflow/.local/lib/python3.7/site-packages/sqlalchemy/engine/default.py", line 584, in connect
    return self.dbapi.connect(*cargs, **cparams)
  File "/home/airflow/.local/lib/python3.7/site-packages/psycopg2/__init__.py", line 122, in connect
    conn = _connect(dsn, connection_factory=connection_factory, **kwasync)
sqlalchemy.exc.OperationalError: (psycopg2.OperationalError) could not translate host name "postgres" to address: Temporary failure in name resolution

(Background on this error at: https://sqlalche.me/e/14/e3q8)
