[2025-09-01T05:03:14.462+0000] {processor.py:154} INFO - Started process (PID=109) to work on /home/airflow/.local/lib/python3.7/site-packages/airflow/example_dags/example_python_operator.py
[2025-09-01T05:03:14.464+0000] {processor.py:756} INFO - Processing file /home/airflow/.local/lib/python3.7/site-packages/airflow/example_dags/example_python_operator.py for tasks to queue
[2025-09-01T05:03:14.464+0000] {logging_mixin.py:120} INFO - [2025-09-01T05:03:14.464+0000] {dagbag.py:537} INFO - Filling up the DagBag from /home/airflow/.local/lib/python3.7/site-packages/airflow/example_dags/example_python_operator.py
[2025-09-01T05:03:14.497+0000] {logging_mixin.py:120} INFO - [2025-09-01T05:03:14.496+0000] {taskmixin.py:205} WARNING - Dependency <Task(_PythonDecoratedOperator): print_the_context>, log_sql_query already registered for DAG: example_python_operator
[2025-09-01T05:03:14.497+0000] {logging_mixin.py:120} INFO - [2025-09-01T05:03:14.497+0000] {taskmixin.py:205} WARNING - Dependency <Task(_PythonDecoratedOperator): log_sql_query>, print_the_context already registered for DAG: example_python_operator
[2025-09-01T05:03:14.498+0000] {logging_mixin.py:120} INFO - [2025-09-01T05:03:14.498+0000] {taskmixin.py:205} WARNING - Dependency <Task(_PythonDecoratedOperator): print_the_context>, log_sql_query already registered for DAG: example_python_operator
[2025-09-01T05:03:14.498+0000] {logging_mixin.py:120} INFO - [2025-09-01T05:03:14.498+0000] {taskmixin.py:205} WARNING - Dependency <Task(_PythonDecoratedOperator): log_sql_query>, print_the_context already registered for DAG: example_python_operator
[2025-09-01T05:03:14.499+0000] {logging_mixin.py:120} INFO - [2025-09-01T05:03:14.499+0000] {taskmixin.py:205} WARNING - Dependency <Task(_PythonDecoratedOperator): print_the_context>, log_sql_query already registered for DAG: example_python_operator
[2025-09-01T05:03:14.500+0000] {logging_mixin.py:120} INFO - [2025-09-01T05:03:14.500+0000] {taskmixin.py:205} WARNING - Dependency <Task(_PythonDecoratedOperator): log_sql_query>, print_the_context already registered for DAG: example_python_operator
[2025-09-01T05:03:14.501+0000] {logging_mixin.py:120} INFO - [2025-09-01T05:03:14.501+0000] {taskmixin.py:205} WARNING - Dependency <Task(_PythonDecoratedOperator): print_the_context>, log_sql_query already registered for DAG: example_python_operator
[2025-09-01T05:03:14.501+0000] {logging_mixin.py:120} INFO - [2025-09-01T05:03:14.501+0000] {taskmixin.py:205} WARNING - Dependency <Task(_PythonDecoratedOperator): log_sql_query>, print_the_context already registered for DAG: example_python_operator
[2025-09-01T05:03:14.513+0000] {processor.py:766} INFO - DAG(s) dict_keys(['example_python_operator']) retrieved from /home/airflow/.local/lib/python3.7/site-packages/airflow/example_dags/example_python_operator.py
[2025-09-01T05:03:14.572+0000] {logging_mixin.py:120} INFO - [2025-09-01T05:03:14.572+0000] {dag.py:2585} INFO - Sync 1 DAGs
[2025-09-01T05:03:14.611+0000] {logging_mixin.py:120} INFO - [2025-09-01T05:03:14.611+0000] {dag.py:3340} INFO - Setting next_dagrun for example_python_operator to None, run_after=None
[2025-09-01T05:03:14.645+0000] {processor.py:176} INFO - Processing /home/airflow/.local/lib/python3.7/site-packages/airflow/example_dags/example_python_operator.py took 0.190 seconds
[2025-09-01T05:03:45.266+0000] {processor.py:154} INFO - Started process (PID=185) to work on /home/airflow/.local/lib/python3.7/site-packages/airflow/example_dags/example_python_operator.py
[2025-09-01T05:03:45.267+0000] {processor.py:756} INFO - Processing file /home/airflow/.local/lib/python3.7/site-packages/airflow/example_dags/example_python_operator.py for tasks to queue
[2025-09-01T05:03:45.268+0000] {logging_mixin.py:120} INFO - [2025-09-01T05:03:45.268+0000] {dagbag.py:537} INFO - Filling up the DagBag from /home/airflow/.local/lib/python3.7/site-packages/airflow/example_dags/example_python_operator.py
[2025-09-01T05:03:45.285+0000] {logging_mixin.py:120} INFO - [2025-09-01T05:03:45.285+0000] {taskmixin.py:205} WARNING - Dependency <Task(_PythonDecoratedOperator): print_the_context>, log_sql_query already registered for DAG: example_python_operator
[2025-09-01T05:03:45.285+0000] {logging_mixin.py:120} INFO - [2025-09-01T05:03:45.285+0000] {taskmixin.py:205} WARNING - Dependency <Task(_PythonDecoratedOperator): log_sql_query>, print_the_context already registered for DAG: example_python_operator
[2025-09-01T05:03:45.286+0000] {logging_mixin.py:120} INFO - [2025-09-01T05:03:45.286+0000] {taskmixin.py:205} WARNING - Dependency <Task(_PythonDecoratedOperator): print_the_context>, log_sql_query already registered for DAG: example_python_operator
[2025-09-01T05:03:45.286+0000] {logging_mixin.py:120} INFO - [2025-09-01T05:03:45.286+0000] {taskmixin.py:205} WARNING - Dependency <Task(_PythonDecoratedOperator): log_sql_query>, print_the_context already registered for DAG: example_python_operator
[2025-09-01T05:03:45.286+0000] {logging_mixin.py:120} INFO - [2025-09-01T05:03:45.286+0000] {taskmixin.py:205} WARNING - Dependency <Task(_PythonDecoratedOperator): print_the_context>, log_sql_query already registered for DAG: example_python_operator
[2025-09-01T05:03:45.287+0000] {logging_mixin.py:120} INFO - [2025-09-01T05:03:45.287+0000] {taskmixin.py:205} WARNING - Dependency <Task(_PythonDecoratedOperator): log_sql_query>, print_the_context already registered for DAG: example_python_operator
[2025-09-01T05:03:45.287+0000] {logging_mixin.py:120} INFO - [2025-09-01T05:03:45.287+0000] {taskmixin.py:205} WARNING - Dependency <Task(_PythonDecoratedOperator): print_the_context>, log_sql_query already registered for DAG: example_python_operator
[2025-09-01T05:03:45.287+0000] {logging_mixin.py:120} INFO - [2025-09-01T05:03:45.287+0000] {taskmixin.py:205} WARNING - Dependency <Task(_PythonDecoratedOperator): log_sql_query>, print_the_context already registered for DAG: example_python_operator
[2025-09-01T05:03:45.294+0000] {processor.py:766} INFO - DAG(s) dict_keys(['example_python_operator']) retrieved from /home/airflow/.local/lib/python3.7/site-packages/airflow/example_dags/example_python_operator.py
[2025-09-01T05:03:45.344+0000] {logging_mixin.py:120} INFO - [2025-09-01T05:03:45.344+0000] {dag.py:2585} INFO - Sync 1 DAGs
[2025-09-01T05:03:45.370+0000] {logging_mixin.py:120} INFO - [2025-09-01T05:03:45.370+0000] {dag.py:3340} INFO - Setting next_dagrun for example_python_operator to None, run_after=None
[2025-09-01T05:03:45.391+0000] {processor.py:176} INFO - Processing /home/airflow/.local/lib/python3.7/site-packages/airflow/example_dags/example_python_operator.py took 0.129 seconds
[2025-09-01T05:04:18.786+0000] {processor.py:154} INFO - Started process (PID=254) to work on /home/airflow/.local/lib/python3.7/site-packages/airflow/example_dags/example_python_operator.py
[2025-09-01T05:04:18.787+0000] {processor.py:756} INFO - Processing file /home/airflow/.local/lib/python3.7/site-packages/airflow/example_dags/example_python_operator.py for tasks to queue
[2025-09-01T05:04:18.788+0000] {logging_mixin.py:120} INFO - [2025-09-01T05:04:18.788+0000] {dagbag.py:537} INFO - Filling up the DagBag from /home/airflow/.local/lib/python3.7/site-packages/airflow/example_dags/example_python_operator.py
[2025-09-01T05:04:18.812+0000] {logging_mixin.py:120} INFO - [2025-09-01T05:04:18.811+0000] {taskmixin.py:205} WARNING - Dependency <Task(_PythonDecoratedOperator): print_the_context>, log_sql_query already registered for DAG: example_python_operator
[2025-09-01T05:04:18.812+0000] {logging_mixin.py:120} INFO - [2025-09-01T05:04:18.812+0000] {taskmixin.py:205} WARNING - Dependency <Task(_PythonDecoratedOperator): log_sql_query>, print_the_context already registered for DAG: example_python_operator
[2025-09-01T05:04:18.813+0000] {logging_mixin.py:120} INFO - [2025-09-01T05:04:18.813+0000] {taskmixin.py:205} WARNING - Dependency <Task(_PythonDecoratedOperator): print_the_context>, log_sql_query already registered for DAG: example_python_operator
[2025-09-01T05:04:18.813+0000] {logging_mixin.py:120} INFO - [2025-09-01T05:04:18.813+0000] {taskmixin.py:205} WARNING - Dependency <Task(_PythonDecoratedOperator): log_sql_query>, print_the_context already registered for DAG: example_python_operator
[2025-09-01T05:04:18.814+0000] {logging_mixin.py:120} INFO - [2025-09-01T05:04:18.813+0000] {taskmixin.py:205} WARNING - Dependency <Task(_PythonDecoratedOperator): print_the_context>, log_sql_query already registered for DAG: example_python_operator
[2025-09-01T05:04:18.814+0000] {logging_mixin.py:120} INFO - [2025-09-01T05:04:18.814+0000] {taskmixin.py:205} WARNING - Dependency <Task(_PythonDecoratedOperator): log_sql_query>, print_the_context already registered for DAG: example_python_operator
[2025-09-01T05:04:18.815+0000] {logging_mixin.py:120} INFO - [2025-09-01T05:04:18.815+0000] {taskmixin.py:205} WARNING - Dependency <Task(_PythonDecoratedOperator): print_the_context>, log_sql_query already registered for DAG: example_python_operator
[2025-09-01T05:04:18.815+0000] {logging_mixin.py:120} INFO - [2025-09-01T05:04:18.815+0000] {taskmixin.py:205} WARNING - Dependency <Task(_PythonDecoratedOperator): log_sql_query>, print_the_context already registered for DAG: example_python_operator
[2025-09-01T05:04:18.825+0000] {processor.py:766} INFO - DAG(s) dict_keys(['example_python_operator']) retrieved from /home/airflow/.local/lib/python3.7/site-packages/airflow/example_dags/example_python_operator.py
[2025-09-01T05:04:18.895+0000] {logging_mixin.py:120} INFO - [2025-09-01T05:04:18.895+0000] {dag.py:2585} INFO - Sync 1 DAGs
[2025-09-01T05:04:18.937+0000] {logging_mixin.py:120} INFO - [2025-09-01T05:04:18.937+0000] {dag.py:3340} INFO - Setting next_dagrun for example_python_operator to None, run_after=None
[2025-09-01T05:04:18.963+0000] {processor.py:176} INFO - Processing /home/airflow/.local/lib/python3.7/site-packages/airflow/example_dags/example_python_operator.py took 0.182 seconds
[2025-09-01T05:04:49.062+0000] {processor.py:154} INFO - Started process (PID=313) to work on /home/airflow/.local/lib/python3.7/site-packages/airflow/example_dags/example_python_operator.py
[2025-09-01T05:04:49.063+0000] {processor.py:756} INFO - Processing file /home/airflow/.local/lib/python3.7/site-packages/airflow/example_dags/example_python_operator.py for tasks to queue
[2025-09-01T05:04:49.064+0000] {logging_mixin.py:120} INFO - [2025-09-01T05:04:49.063+0000] {dagbag.py:537} INFO - Filling up the DagBag from /home/airflow/.local/lib/python3.7/site-packages/airflow/example_dags/example_python_operator.py
[2025-09-01T05:04:49.078+0000] {logging_mixin.py:120} INFO - [2025-09-01T05:04:49.078+0000] {taskmixin.py:205} WARNING - Dependency <Task(_PythonDecoratedOperator): print_the_context>, log_sql_query already registered for DAG: example_python_operator
[2025-09-01T05:04:49.078+0000] {logging_mixin.py:120} INFO - [2025-09-01T05:04:49.078+0000] {taskmixin.py:205} WARNING - Dependency <Task(_PythonDecoratedOperator): log_sql_query>, print_the_context already registered for DAG: example_python_operator
[2025-09-01T05:04:49.079+0000] {logging_mixin.py:120} INFO - [2025-09-01T05:04:49.079+0000] {taskmixin.py:205} WARNING - Dependency <Task(_PythonDecoratedOperator): print_the_context>, log_sql_query already registered for DAG: example_python_operator
[2025-09-01T05:04:49.079+0000] {logging_mixin.py:120} INFO - [2025-09-01T05:04:49.079+0000] {taskmixin.py:205} WARNING - Dependency <Task(_PythonDecoratedOperator): log_sql_query>, print_the_context already registered for DAG: example_python_operator
[2025-09-01T05:04:49.080+0000] {logging_mixin.py:120} INFO - [2025-09-01T05:04:49.080+0000] {taskmixin.py:205} WARNING - Dependency <Task(_PythonDecoratedOperator): print_the_context>, log_sql_query already registered for DAG: example_python_operator
[2025-09-01T05:04:49.080+0000] {logging_mixin.py:120} INFO - [2025-09-01T05:04:49.080+0000] {taskmixin.py:205} WARNING - Dependency <Task(_PythonDecoratedOperator): log_sql_query>, print_the_context already registered for DAG: example_python_operator
[2025-09-01T05:04:49.080+0000] {logging_mixin.py:120} INFO - [2025-09-01T05:04:49.080+0000] {taskmixin.py:205} WARNING - Dependency <Task(_PythonDecoratedOperator): print_the_context>, log_sql_query already registered for DAG: example_python_operator
[2025-09-01T05:04:49.081+0000] {logging_mixin.py:120} INFO - [2025-09-01T05:04:49.080+0000] {taskmixin.py:205} WARNING - Dependency <Task(_PythonDecoratedOperator): log_sql_query>, print_the_context already registered for DAG: example_python_operator
[2025-09-01T05:04:49.089+0000] {processor.py:766} INFO - DAG(s) dict_keys(['example_python_operator']) retrieved from /home/airflow/.local/lib/python3.7/site-packages/airflow/example_dags/example_python_operator.py
[2025-09-01T05:04:49.137+0000] {logging_mixin.py:120} INFO - [2025-09-01T05:04:49.136+0000] {dag.py:2585} INFO - Sync 1 DAGs
[2025-09-01T05:04:49.164+0000] {logging_mixin.py:120} INFO - [2025-09-01T05:04:49.163+0000] {dag.py:3340} INFO - Setting next_dagrun for example_python_operator to None, run_after=None
[2025-09-01T05:04:49.181+0000] {processor.py:176} INFO - Processing /home/airflow/.local/lib/python3.7/site-packages/airflow/example_dags/example_python_operator.py took 0.123 seconds
[2025-09-01T05:05:19.439+0000] {processor.py:154} INFO - Started process (PID=381) to work on /home/airflow/.local/lib/python3.7/site-packages/airflow/example_dags/example_python_operator.py
[2025-09-01T05:05:19.440+0000] {processor.py:756} INFO - Processing file /home/airflow/.local/lib/python3.7/site-packages/airflow/example_dags/example_python_operator.py for tasks to queue
[2025-09-01T05:05:19.441+0000] {logging_mixin.py:120} INFO - [2025-09-01T05:05:19.441+0000] {dagbag.py:537} INFO - Filling up the DagBag from /home/airflow/.local/lib/python3.7/site-packages/airflow/example_dags/example_python_operator.py
[2025-09-01T05:05:19.457+0000] {logging_mixin.py:120} INFO - [2025-09-01T05:05:19.456+0000] {taskmixin.py:205} WARNING - Dependency <Task(_PythonDecoratedOperator): print_the_context>, log_sql_query already registered for DAG: example_python_operator
[2025-09-01T05:05:19.457+0000] {logging_mixin.py:120} INFO - [2025-09-01T05:05:19.457+0000] {taskmixin.py:205} WARNING - Dependency <Task(_PythonDecoratedOperator): log_sql_query>, print_the_context already registered for DAG: example_python_operator
[2025-09-01T05:05:19.457+0000] {logging_mixin.py:120} INFO - [2025-09-01T05:05:19.457+0000] {taskmixin.py:205} WARNING - Dependency <Task(_PythonDecoratedOperator): print_the_context>, log_sql_query already registered for DAG: example_python_operator
[2025-09-01T05:05:19.457+0000] {logging_mixin.py:120} INFO - [2025-09-01T05:05:19.457+0000] {taskmixin.py:205} WARNING - Dependency <Task(_PythonDecoratedOperator): log_sql_query>, print_the_context already registered for DAG: example_python_operator
[2025-09-01T05:05:19.457+0000] {logging_mixin.py:120} INFO - [2025-09-01T05:05:19.457+0000] {taskmixin.py:205} WARNING - Dependency <Task(_PythonDecoratedOperator): print_the_context>, log_sql_query already registered for DAG: example_python_operator
[2025-09-01T05:05:19.458+0000] {logging_mixin.py:120} INFO - [2025-09-01T05:05:19.458+0000] {taskmixin.py:205} WARNING - Dependency <Task(_PythonDecoratedOperator): log_sql_query>, print_the_context already registered for DAG: example_python_operator
[2025-09-01T05:05:19.458+0000] {logging_mixin.py:120} INFO - [2025-09-01T05:05:19.458+0000] {taskmixin.py:205} WARNING - Dependency <Task(_PythonDecoratedOperator): print_the_context>, log_sql_query already registered for DAG: example_python_operator
[2025-09-01T05:05:19.458+0000] {logging_mixin.py:120} INFO - [2025-09-01T05:05:19.458+0000] {taskmixin.py:205} WARNING - Dependency <Task(_PythonDecoratedOperator): log_sql_query>, print_the_context already registered for DAG: example_python_operator
[2025-09-01T05:05:19.466+0000] {processor.py:766} INFO - DAG(s) dict_keys(['example_python_operator']) retrieved from /home/airflow/.local/lib/python3.7/site-packages/airflow/example_dags/example_python_operator.py
[2025-09-01T05:05:19.505+0000] {logging_mixin.py:120} INFO - [2025-09-01T05:05:19.505+0000] {dag.py:2585} INFO - Sync 1 DAGs
[2025-09-01T05:05:19.527+0000] {logging_mixin.py:120} INFO - [2025-09-01T05:05:19.527+0000] {dag.py:3340} INFO - Setting next_dagrun for example_python_operator to None, run_after=None
[2025-09-01T05:05:19.545+0000] {processor.py:176} INFO - Processing /home/airflow/.local/lib/python3.7/site-packages/airflow/example_dags/example_python_operator.py took 0.110 seconds
[2025-09-01T05:05:50.064+0000] {processor.py:154} INFO - Started process (PID=450) to work on /home/airflow/.local/lib/python3.7/site-packages/airflow/example_dags/example_python_operator.py
[2025-09-01T05:05:50.065+0000] {processor.py:756} INFO - Processing file /home/airflow/.local/lib/python3.7/site-packages/airflow/example_dags/example_python_operator.py for tasks to queue
[2025-09-01T05:05:50.065+0000] {logging_mixin.py:120} INFO - [2025-09-01T05:05:50.065+0000] {dagbag.py:537} INFO - Filling up the DagBag from /home/airflow/.local/lib/python3.7/site-packages/airflow/example_dags/example_python_operator.py
[2025-09-01T05:05:50.083+0000] {logging_mixin.py:120} INFO - [2025-09-01T05:05:50.082+0000] {taskmixin.py:205} WARNING - Dependency <Task(_PythonDecoratedOperator): print_the_context>, log_sql_query already registered for DAG: example_python_operator
[2025-09-01T05:05:50.083+0000] {logging_mixin.py:120} INFO - [2025-09-01T05:05:50.083+0000] {taskmixin.py:205} WARNING - Dependency <Task(_PythonDecoratedOperator): log_sql_query>, print_the_context already registered for DAG: example_python_operator
[2025-09-01T05:05:50.084+0000] {logging_mixin.py:120} INFO - [2025-09-01T05:05:50.083+0000] {taskmixin.py:205} WARNING - Dependency <Task(_PythonDecoratedOperator): print_the_context>, log_sql_query already registered for DAG: example_python_operator
[2025-09-01T05:05:50.084+0000] {logging_mixin.py:120} INFO - [2025-09-01T05:05:50.084+0000] {taskmixin.py:205} WARNING - Dependency <Task(_PythonDecoratedOperator): log_sql_query>, print_the_context already registered for DAG: example_python_operator
[2025-09-01T05:05:50.086+0000] {logging_mixin.py:120} INFO - [2025-09-01T05:05:50.085+0000] {taskmixin.py:205} WARNING - Dependency <Task(_PythonDecoratedOperator): print_the_context>, log_sql_query already registered for DAG: example_python_operator
[2025-09-01T05:05:50.086+0000] {logging_mixin.py:120} INFO - [2025-09-01T05:05:50.086+0000] {taskmixin.py:205} WARNING - Dependency <Task(_PythonDecoratedOperator): log_sql_query>, print_the_context already registered for DAG: example_python_operator
[2025-09-01T05:05:50.086+0000] {logging_mixin.py:120} INFO - [2025-09-01T05:05:50.086+0000] {taskmixin.py:205} WARNING - Dependency <Task(_PythonDecoratedOperator): print_the_context>, log_sql_query already registered for DAG: example_python_operator
[2025-09-01T05:05:50.087+0000] {logging_mixin.py:120} INFO - [2025-09-01T05:05:50.086+0000] {taskmixin.py:205} WARNING - Dependency <Task(_PythonDecoratedOperator): log_sql_query>, print_the_context already registered for DAG: example_python_operator
[2025-09-01T05:05:50.094+0000] {processor.py:766} INFO - DAG(s) dict_keys(['example_python_operator']) retrieved from /home/airflow/.local/lib/python3.7/site-packages/airflow/example_dags/example_python_operator.py
[2025-09-01T05:05:50.129+0000] {logging_mixin.py:120} INFO - [2025-09-01T05:05:50.129+0000] {dag.py:2585} INFO - Sync 1 DAGs
[2025-09-01T05:05:50.151+0000] {logging_mixin.py:120} INFO - [2025-09-01T05:05:50.151+0000] {dag.py:3340} INFO - Setting next_dagrun for example_python_operator to None, run_after=None
[2025-09-01T05:05:50.168+0000] {processor.py:176} INFO - Processing /home/airflow/.local/lib/python3.7/site-packages/airflow/example_dags/example_python_operator.py took 0.108 seconds
[2025-09-01T05:06:20.995+0000] {processor.py:154} INFO - Started process (PID=518) to work on /home/airflow/.local/lib/python3.7/site-packages/airflow/example_dags/example_python_operator.py
[2025-09-01T05:06:20.996+0000] {processor.py:756} INFO - Processing file /home/airflow/.local/lib/python3.7/site-packages/airflow/example_dags/example_python_operator.py for tasks to queue
[2025-09-01T05:06:20.997+0000] {logging_mixin.py:120} INFO - [2025-09-01T05:06:20.997+0000] {dagbag.py:537} INFO - Filling up the DagBag from /home/airflow/.local/lib/python3.7/site-packages/airflow/example_dags/example_python_operator.py
[2025-09-01T05:06:21.011+0000] {logging_mixin.py:120} INFO - [2025-09-01T05:06:21.011+0000] {taskmixin.py:205} WARNING - Dependency <Task(_PythonDecoratedOperator): print_the_context>, log_sql_query already registered for DAG: example_python_operator
[2025-09-01T05:06:21.011+0000] {logging_mixin.py:120} INFO - [2025-09-01T05:06:21.011+0000] {taskmixin.py:205} WARNING - Dependency <Task(_PythonDecoratedOperator): log_sql_query>, print_the_context already registered for DAG: example_python_operator
[2025-09-01T05:06:21.011+0000] {logging_mixin.py:120} INFO - [2025-09-01T05:06:21.011+0000] {taskmixin.py:205} WARNING - Dependency <Task(_PythonDecoratedOperator): print_the_context>, log_sql_query already registered for DAG: example_python_operator
[2025-09-01T05:06:21.012+0000] {logging_mixin.py:120} INFO - [2025-09-01T05:06:21.012+0000] {taskmixin.py:205} WARNING - Dependency <Task(_PythonDecoratedOperator): log_sql_query>, print_the_context already registered for DAG: example_python_operator
[2025-09-01T05:06:21.012+0000] {logging_mixin.py:120} INFO - [2025-09-01T05:06:21.012+0000] {taskmixin.py:205} WARNING - Dependency <Task(_PythonDecoratedOperator): print_the_context>, log_sql_query already registered for DAG: example_python_operator
[2025-09-01T05:06:21.012+0000] {logging_mixin.py:120} INFO - [2025-09-01T05:06:21.012+0000] {taskmixin.py:205} WARNING - Dependency <Task(_PythonDecoratedOperator): log_sql_query>, print_the_context already registered for DAG: example_python_operator
[2025-09-01T05:06:21.012+0000] {logging_mixin.py:120} INFO - [2025-09-01T05:06:21.012+0000] {taskmixin.py:205} WARNING - Dependency <Task(_PythonDecoratedOperator): print_the_context>, log_sql_query already registered for DAG: example_python_operator
[2025-09-01T05:06:21.013+0000] {logging_mixin.py:120} INFO - [2025-09-01T05:06:21.013+0000] {taskmixin.py:205} WARNING - Dependency <Task(_PythonDecoratedOperator): log_sql_query>, print_the_context already registered for DAG: example_python_operator
[2025-09-01T05:06:21.018+0000] {processor.py:766} INFO - DAG(s) dict_keys(['example_python_operator']) retrieved from /home/airflow/.local/lib/python3.7/site-packages/airflow/example_dags/example_python_operator.py
[2025-09-01T05:06:21.063+0000] {logging_mixin.py:120} INFO - [2025-09-01T05:06:21.062+0000] {dag.py:2585} INFO - Sync 1 DAGs
[2025-09-01T05:06:21.094+0000] {logging_mixin.py:120} INFO - [2025-09-01T05:06:21.094+0000] {dag.py:3340} INFO - Setting next_dagrun for example_python_operator to None, run_after=None
[2025-09-01T05:06:21.115+0000] {processor.py:176} INFO - Processing /home/airflow/.local/lib/python3.7/site-packages/airflow/example_dags/example_python_operator.py took 0.123 seconds
[2025-09-01T05:06:53.169+0000] {processor.py:154} INFO - Started process (PID=583) to work on /home/airflow/.local/lib/python3.7/site-packages/airflow/example_dags/example_python_operator.py
[2025-09-01T05:06:53.171+0000] {processor.py:756} INFO - Processing file /home/airflow/.local/lib/python3.7/site-packages/airflow/example_dags/example_python_operator.py for tasks to queue
[2025-09-01T05:06:53.171+0000] {logging_mixin.py:120} INFO - [2025-09-01T05:06:53.171+0000] {dagbag.py:537} INFO - Filling up the DagBag from /home/airflow/.local/lib/python3.7/site-packages/airflow/example_dags/example_python_operator.py
[2025-09-01T05:06:53.204+0000] {logging_mixin.py:120} INFO - [2025-09-01T05:06:53.203+0000] {taskmixin.py:205} WARNING - Dependency <Task(_PythonDecoratedOperator): print_the_context>, log_sql_query already registered for DAG: example_python_operator
[2025-09-01T05:06:53.204+0000] {logging_mixin.py:120} INFO - [2025-09-01T05:06:53.204+0000] {taskmixin.py:205} WARNING - Dependency <Task(_PythonDecoratedOperator): log_sql_query>, print_the_context already registered for DAG: example_python_operator
[2025-09-01T05:06:53.205+0000] {logging_mixin.py:120} INFO - [2025-09-01T05:06:53.204+0000] {taskmixin.py:205} WARNING - Dependency <Task(_PythonDecoratedOperator): print_the_context>, log_sql_query already registered for DAG: example_python_operator
[2025-09-01T05:06:53.205+0000] {logging_mixin.py:120} INFO - [2025-09-01T05:06:53.205+0000] {taskmixin.py:205} WARNING - Dependency <Task(_PythonDecoratedOperator): log_sql_query>, print_the_context already registered for DAG: example_python_operator
[2025-09-01T05:06:53.205+0000] {logging_mixin.py:120} INFO - [2025-09-01T05:06:53.205+0000] {taskmixin.py:205} WARNING - Dependency <Task(_PythonDecoratedOperator): print_the_context>, log_sql_query already registered for DAG: example_python_operator
[2025-09-01T05:06:53.206+0000] {logging_mixin.py:120} INFO - [2025-09-01T05:06:53.206+0000] {taskmixin.py:205} WARNING - Dependency <Task(_PythonDecoratedOperator): log_sql_query>, print_the_context already registered for DAG: example_python_operator
[2025-09-01T05:06:53.206+0000] {logging_mixin.py:120} INFO - [2025-09-01T05:06:53.206+0000] {taskmixin.py:205} WARNING - Dependency <Task(_PythonDecoratedOperator): print_the_context>, log_sql_query already registered for DAG: example_python_operator
[2025-09-01T05:06:53.206+0000] {logging_mixin.py:120} INFO - [2025-09-01T05:06:53.206+0000] {taskmixin.py:205} WARNING - Dependency <Task(_PythonDecoratedOperator): log_sql_query>, print_the_context already registered for DAG: example_python_operator
[2025-09-01T05:06:53.219+0000] {processor.py:766} INFO - DAG(s) dict_keys(['example_python_operator']) retrieved from /home/airflow/.local/lib/python3.7/site-packages/airflow/example_dags/example_python_operator.py
[2025-09-01T05:06:53.314+0000] {logging_mixin.py:120} INFO - [2025-09-01T05:06:53.314+0000] {dag.py:2585} INFO - Sync 1 DAGs
[2025-09-01T05:06:53.386+0000] {logging_mixin.py:120} INFO - [2025-09-01T05:06:53.385+0000] {dag.py:3340} INFO - Setting next_dagrun for example_python_operator to None, run_after=None
[2025-09-01T05:06:53.450+0000] {processor.py:176} INFO - Processing /home/airflow/.local/lib/python3.7/site-packages/airflow/example_dags/example_python_operator.py took 0.289 seconds
[2025-09-01T05:07:24.579+0000] {processor.py:154} INFO - Started process (PID=644) to work on /home/airflow/.local/lib/python3.7/site-packages/airflow/example_dags/example_python_operator.py
[2025-09-01T05:07:24.581+0000] {processor.py:756} INFO - Processing file /home/airflow/.local/lib/python3.7/site-packages/airflow/example_dags/example_python_operator.py for tasks to queue
[2025-09-01T05:07:24.582+0000] {logging_mixin.py:120} INFO - [2025-09-01T05:07:24.581+0000] {dagbag.py:537} INFO - Filling up the DagBag from /home/airflow/.local/lib/python3.7/site-packages/airflow/example_dags/example_python_operator.py
[2025-09-01T05:07:24.604+0000] {logging_mixin.py:120} INFO - [2025-09-01T05:07:24.604+0000] {taskmixin.py:205} WARNING - Dependency <Task(_PythonDecoratedOperator): print_the_context>, log_sql_query already registered for DAG: example_python_operator
[2025-09-01T05:07:24.604+0000] {logging_mixin.py:120} INFO - [2025-09-01T05:07:24.604+0000] {taskmixin.py:205} WARNING - Dependency <Task(_PythonDecoratedOperator): log_sql_query>, print_the_context already registered for DAG: example_python_operator
[2025-09-01T05:07:24.605+0000] {logging_mixin.py:120} INFO - [2025-09-01T05:07:24.604+0000] {taskmixin.py:205} WARNING - Dependency <Task(_PythonDecoratedOperator): print_the_context>, log_sql_query already registered for DAG: example_python_operator
[2025-09-01T05:07:24.605+0000] {logging_mixin.py:120} INFO - [2025-09-01T05:07:24.605+0000] {taskmixin.py:205} WARNING - Dependency <Task(_PythonDecoratedOperator): log_sql_query>, print_the_context already registered for DAG: example_python_operator
[2025-09-01T05:07:24.605+0000] {logging_mixin.py:120} INFO - [2025-09-01T05:07:24.605+0000] {taskmixin.py:205} WARNING - Dependency <Task(_PythonDecoratedOperator): print_the_context>, log_sql_query already registered for DAG: example_python_operator
[2025-09-01T05:07:24.605+0000] {logging_mixin.py:120} INFO - [2025-09-01T05:07:24.605+0000] {taskmixin.py:205} WARNING - Dependency <Task(_PythonDecoratedOperator): log_sql_query>, print_the_context already registered for DAG: example_python_operator
[2025-09-01T05:07:24.606+0000] {logging_mixin.py:120} INFO - [2025-09-01T05:07:24.606+0000] {taskmixin.py:205} WARNING - Dependency <Task(_PythonDecoratedOperator): print_the_context>, log_sql_query already registered for DAG: example_python_operator
[2025-09-01T05:07:24.606+0000] {logging_mixin.py:120} INFO - [2025-09-01T05:07:24.606+0000] {taskmixin.py:205} WARNING - Dependency <Task(_PythonDecoratedOperator): log_sql_query>, print_the_context already registered for DAG: example_python_operator
[2025-09-01T05:07:24.614+0000] {processor.py:766} INFO - DAG(s) dict_keys(['example_python_operator']) retrieved from /home/airflow/.local/lib/python3.7/site-packages/airflow/example_dags/example_python_operator.py
[2025-09-01T05:07:24.681+0000] {logging_mixin.py:120} INFO - [2025-09-01T05:07:24.681+0000] {dag.py:2585} INFO - Sync 1 DAGs
[2025-09-01T05:07:24.715+0000] {logging_mixin.py:120} INFO - [2025-09-01T05:07:24.715+0000] {dag.py:3340} INFO - Setting next_dagrun for example_python_operator to None, run_after=None
[2025-09-01T05:07:24.739+0000] {processor.py:176} INFO - Processing /home/airflow/.local/lib/python3.7/site-packages/airflow/example_dags/example_python_operator.py took 0.163 seconds
[2025-09-01T05:07:55.894+0000] {processor.py:154} INFO - Started process (PID=710) to work on /home/airflow/.local/lib/python3.7/site-packages/airflow/example_dags/example_python_operator.py
[2025-09-01T05:07:55.895+0000] {processor.py:756} INFO - Processing file /home/airflow/.local/lib/python3.7/site-packages/airflow/example_dags/example_python_operator.py for tasks to queue
[2025-09-01T05:07:55.896+0000] {logging_mixin.py:120} INFO - [2025-09-01T05:07:55.896+0000] {dagbag.py:537} INFO - Filling up the DagBag from /home/airflow/.local/lib/python3.7/site-packages/airflow/example_dags/example_python_operator.py
[2025-09-01T05:07:55.917+0000] {logging_mixin.py:120} INFO - [2025-09-01T05:07:55.917+0000] {taskmixin.py:205} WARNING - Dependency <Task(_PythonDecoratedOperator): print_the_context>, log_sql_query already registered for DAG: example_python_operator
[2025-09-01T05:07:55.917+0000] {logging_mixin.py:120} INFO - [2025-09-01T05:07:55.917+0000] {taskmixin.py:205} WARNING - Dependency <Task(_PythonDecoratedOperator): log_sql_query>, print_the_context already registered for DAG: example_python_operator
[2025-09-01T05:07:55.918+0000] {logging_mixin.py:120} INFO - [2025-09-01T05:07:55.918+0000] {taskmixin.py:205} WARNING - Dependency <Task(_PythonDecoratedOperator): print_the_context>, log_sql_query already registered for DAG: example_python_operator
[2025-09-01T05:07:55.918+0000] {logging_mixin.py:120} INFO - [2025-09-01T05:07:55.918+0000] {taskmixin.py:205} WARNING - Dependency <Task(_PythonDecoratedOperator): log_sql_query>, print_the_context already registered for DAG: example_python_operator
[2025-09-01T05:07:55.919+0000] {logging_mixin.py:120} INFO - [2025-09-01T05:07:55.919+0000] {taskmixin.py:205} WARNING - Dependency <Task(_PythonDecoratedOperator): print_the_context>, log_sql_query already registered for DAG: example_python_operator
[2025-09-01T05:07:55.919+0000] {logging_mixin.py:120} INFO - [2025-09-01T05:07:55.919+0000] {taskmixin.py:205} WARNING - Dependency <Task(_PythonDecoratedOperator): log_sql_query>, print_the_context already registered for DAG: example_python_operator
[2025-09-01T05:07:55.919+0000] {logging_mixin.py:120} INFO - [2025-09-01T05:07:55.919+0000] {taskmixin.py:205} WARNING - Dependency <Task(_PythonDecoratedOperator): print_the_context>, log_sql_query already registered for DAG: example_python_operator
[2025-09-01T05:07:55.920+0000] {logging_mixin.py:120} INFO - [2025-09-01T05:07:55.920+0000] {taskmixin.py:205} WARNING - Dependency <Task(_PythonDecoratedOperator): log_sql_query>, print_the_context already registered for DAG: example_python_operator
[2025-09-01T05:07:55.929+0000] {processor.py:766} INFO - DAG(s) dict_keys(['example_python_operator']) retrieved from /home/airflow/.local/lib/python3.7/site-packages/airflow/example_dags/example_python_operator.py
[2025-09-01T05:07:55.988+0000] {logging_mixin.py:120} INFO - [2025-09-01T05:07:55.988+0000] {dag.py:2585} INFO - Sync 1 DAGs
[2025-09-01T05:07:56.028+0000] {logging_mixin.py:120} INFO - [2025-09-01T05:07:56.028+0000] {dag.py:3340} INFO - Setting next_dagrun for example_python_operator to None, run_after=None
[2025-09-01T05:07:56.067+0000] {processor.py:176} INFO - Processing /home/airflow/.local/lib/python3.7/site-packages/airflow/example_dags/example_python_operator.py took 0.178 seconds
[2025-09-01T05:08:27.855+0000] {processor.py:154} INFO - Started process (PID=778) to work on /home/airflow/.local/lib/python3.7/site-packages/airflow/example_dags/example_python_operator.py
[2025-09-01T05:08:27.857+0000] {processor.py:756} INFO - Processing file /home/airflow/.local/lib/python3.7/site-packages/airflow/example_dags/example_python_operator.py for tasks to queue
[2025-09-01T05:08:27.859+0000] {logging_mixin.py:120} INFO - [2025-09-01T05:08:27.858+0000] {dagbag.py:537} INFO - Filling up the DagBag from /home/airflow/.local/lib/python3.7/site-packages/airflow/example_dags/example_python_operator.py
[2025-09-01T05:08:27.894+0000] {logging_mixin.py:120} INFO - [2025-09-01T05:08:27.894+0000] {taskmixin.py:205} WARNING - Dependency <Task(_PythonDecoratedOperator): print_the_context>, log_sql_query already registered for DAG: example_python_operator
[2025-09-01T05:08:27.894+0000] {logging_mixin.py:120} INFO - [2025-09-01T05:08:27.894+0000] {taskmixin.py:205} WARNING - Dependency <Task(_PythonDecoratedOperator): log_sql_query>, print_the_context already registered for DAG: example_python_operator
[2025-09-01T05:08:27.895+0000] {logging_mixin.py:120} INFO - [2025-09-01T05:08:27.894+0000] {taskmixin.py:205} WARNING - Dependency <Task(_PythonDecoratedOperator): print_the_context>, log_sql_query already registered for DAG: example_python_operator
[2025-09-01T05:08:27.895+0000] {logging_mixin.py:120} INFO - [2025-09-01T05:08:27.895+0000] {taskmixin.py:205} WARNING - Dependency <Task(_PythonDecoratedOperator): log_sql_query>, print_the_context already registered for DAG: example_python_operator
[2025-09-01T05:08:27.895+0000] {logging_mixin.py:120} INFO - [2025-09-01T05:08:27.895+0000] {taskmixin.py:205} WARNING - Dependency <Task(_PythonDecoratedOperator): print_the_context>, log_sql_query already registered for DAG: example_python_operator
[2025-09-01T05:08:27.895+0000] {logging_mixin.py:120} INFO - [2025-09-01T05:08:27.895+0000] {taskmixin.py:205} WARNING - Dependency <Task(_PythonDecoratedOperator): log_sql_query>, print_the_context already registered for DAG: example_python_operator
[2025-09-01T05:08:27.896+0000] {logging_mixin.py:120} INFO - [2025-09-01T05:08:27.896+0000] {taskmixin.py:205} WARNING - Dependency <Task(_PythonDecoratedOperator): print_the_context>, log_sql_query already registered for DAG: example_python_operator
[2025-09-01T05:08:27.896+0000] {logging_mixin.py:120} INFO - [2025-09-01T05:08:27.896+0000] {taskmixin.py:205} WARNING - Dependency <Task(_PythonDecoratedOperator): log_sql_query>, print_the_context already registered for DAG: example_python_operator
[2025-09-01T05:08:27.908+0000] {processor.py:766} INFO - DAG(s) dict_keys(['example_python_operator']) retrieved from /home/airflow/.local/lib/python3.7/site-packages/airflow/example_dags/example_python_operator.py
[2025-09-01T05:08:27.984+0000] {logging_mixin.py:120} INFO - [2025-09-01T05:08:27.983+0000] {dag.py:2585} INFO - Sync 1 DAGs
[2025-09-01T05:08:28.031+0000] {logging_mixin.py:120} INFO - [2025-09-01T05:08:28.031+0000] {dag.py:3340} INFO - Setting next_dagrun for example_python_operator to None, run_after=None
[2025-09-01T05:08:28.088+0000] {processor.py:176} INFO - Processing /home/airflow/.local/lib/python3.7/site-packages/airflow/example_dags/example_python_operator.py took 0.241 seconds
[2025-09-01T05:08:58.135+0000] {processor.py:154} INFO - Started process (PID=836) to work on /home/airflow/.local/lib/python3.7/site-packages/airflow/example_dags/example_python_operator.py
[2025-09-01T05:08:58.137+0000] {processor.py:756} INFO - Processing file /home/airflow/.local/lib/python3.7/site-packages/airflow/example_dags/example_python_operator.py for tasks to queue
[2025-09-01T05:08:58.138+0000] {logging_mixin.py:120} INFO - [2025-09-01T05:08:58.137+0000] {dagbag.py:537} INFO - Filling up the DagBag from /home/airflow/.local/lib/python3.7/site-packages/airflow/example_dags/example_python_operator.py
[2025-09-01T05:08:58.157+0000] {logging_mixin.py:120} INFO - [2025-09-01T05:08:58.157+0000] {taskmixin.py:205} WARNING - Dependency <Task(_PythonDecoratedOperator): print_the_context>, log_sql_query already registered for DAG: example_python_operator
[2025-09-01T05:08:58.158+0000] {logging_mixin.py:120} INFO - [2025-09-01T05:08:58.158+0000] {taskmixin.py:205} WARNING - Dependency <Task(_PythonDecoratedOperator): log_sql_query>, print_the_context already registered for DAG: example_python_operator
[2025-09-01T05:08:58.158+0000] {logging_mixin.py:120} INFO - [2025-09-01T05:08:58.158+0000] {taskmixin.py:205} WARNING - Dependency <Task(_PythonDecoratedOperator): print_the_context>, log_sql_query already registered for DAG: example_python_operator
[2025-09-01T05:08:58.158+0000] {logging_mixin.py:120} INFO - [2025-09-01T05:08:58.158+0000] {taskmixin.py:205} WARNING - Dependency <Task(_PythonDecoratedOperator): log_sql_query>, print_the_context already registered for DAG: example_python_operator
[2025-09-01T05:08:58.159+0000] {logging_mixin.py:120} INFO - [2025-09-01T05:08:58.159+0000] {taskmixin.py:205} WARNING - Dependency <Task(_PythonDecoratedOperator): print_the_context>, log_sql_query already registered for DAG: example_python_operator
[2025-09-01T05:08:58.159+0000] {logging_mixin.py:120} INFO - [2025-09-01T05:08:58.159+0000] {taskmixin.py:205} WARNING - Dependency <Task(_PythonDecoratedOperator): log_sql_query>, print_the_context already registered for DAG: example_python_operator
[2025-09-01T05:08:58.160+0000] {logging_mixin.py:120} INFO - [2025-09-01T05:08:58.159+0000] {taskmixin.py:205} WARNING - Dependency <Task(_PythonDecoratedOperator): print_the_context>, log_sql_query already registered for DAG: example_python_operator
[2025-09-01T05:08:58.160+0000] {logging_mixin.py:120} INFO - [2025-09-01T05:08:58.160+0000] {taskmixin.py:205} WARNING - Dependency <Task(_PythonDecoratedOperator): log_sql_query>, print_the_context already registered for DAG: example_python_operator
[2025-09-01T05:08:58.170+0000] {processor.py:766} INFO - DAG(s) dict_keys(['example_python_operator']) retrieved from /home/airflow/.local/lib/python3.7/site-packages/airflow/example_dags/example_python_operator.py
[2025-09-01T05:08:58.225+0000] {logging_mixin.py:120} INFO - [2025-09-01T05:08:58.225+0000] {dag.py:2585} INFO - Sync 1 DAGs
[2025-09-01T05:08:58.261+0000] {logging_mixin.py:120} INFO - [2025-09-01T05:08:58.261+0000] {dag.py:3340} INFO - Setting next_dagrun for example_python_operator to None, run_after=None
[2025-09-01T05:08:58.288+0000] {processor.py:176} INFO - Processing /home/airflow/.local/lib/python3.7/site-packages/airflow/example_dags/example_python_operator.py took 0.158 seconds
[2025-09-01T05:09:29.444+0000] {processor.py:154} INFO - Started process (PID=904) to work on /home/airflow/.local/lib/python3.7/site-packages/airflow/example_dags/example_python_operator.py
[2025-09-01T05:09:29.445+0000] {processor.py:756} INFO - Processing file /home/airflow/.local/lib/python3.7/site-packages/airflow/example_dags/example_python_operator.py for tasks to queue
[2025-09-01T05:09:29.446+0000] {logging_mixin.py:120} INFO - [2025-09-01T05:09:29.446+0000] {dagbag.py:537} INFO - Filling up the DagBag from /home/airflow/.local/lib/python3.7/site-packages/airflow/example_dags/example_python_operator.py
[2025-09-01T05:09:29.470+0000] {logging_mixin.py:120} INFO - [2025-09-01T05:09:29.470+0000] {taskmixin.py:205} WARNING - Dependency <Task(_PythonDecoratedOperator): print_the_context>, log_sql_query already registered for DAG: example_python_operator
[2025-09-01T05:09:29.471+0000] {logging_mixin.py:120} INFO - [2025-09-01T05:09:29.470+0000] {taskmixin.py:205} WARNING - Dependency <Task(_PythonDecoratedOperator): log_sql_query>, print_the_context already registered for DAG: example_python_operator
[2025-09-01T05:09:29.472+0000] {logging_mixin.py:120} INFO - [2025-09-01T05:09:29.472+0000] {taskmixin.py:205} WARNING - Dependency <Task(_PythonDecoratedOperator): print_the_context>, log_sql_query already registered for DAG: example_python_operator
[2025-09-01T05:09:29.472+0000] {logging_mixin.py:120} INFO - [2025-09-01T05:09:29.472+0000] {taskmixin.py:205} WARNING - Dependency <Task(_PythonDecoratedOperator): log_sql_query>, print_the_context already registered for DAG: example_python_operator
[2025-09-01T05:09:29.473+0000] {logging_mixin.py:120} INFO - [2025-09-01T05:09:29.473+0000] {taskmixin.py:205} WARNING - Dependency <Task(_PythonDecoratedOperator): print_the_context>, log_sql_query already registered for DAG: example_python_operator
[2025-09-01T05:09:29.473+0000] {logging_mixin.py:120} INFO - [2025-09-01T05:09:29.473+0000] {taskmixin.py:205} WARNING - Dependency <Task(_PythonDecoratedOperator): log_sql_query>, print_the_context already registered for DAG: example_python_operator
[2025-09-01T05:09:29.474+0000] {logging_mixin.py:120} INFO - [2025-09-01T05:09:29.474+0000] {taskmixin.py:205} WARNING - Dependency <Task(_PythonDecoratedOperator): print_the_context>, log_sql_query already registered for DAG: example_python_operator
[2025-09-01T05:09:29.475+0000] {logging_mixin.py:120} INFO - [2025-09-01T05:09:29.474+0000] {taskmixin.py:205} WARNING - Dependency <Task(_PythonDecoratedOperator): log_sql_query>, print_the_context already registered for DAG: example_python_operator
[2025-09-01T05:09:29.485+0000] {processor.py:766} INFO - DAG(s) dict_keys(['example_python_operator']) retrieved from /home/airflow/.local/lib/python3.7/site-packages/airflow/example_dags/example_python_operator.py
[2025-09-01T05:09:29.554+0000] {logging_mixin.py:120} INFO - [2025-09-01T05:09:29.553+0000] {dag.py:2585} INFO - Sync 1 DAGs
[2025-09-01T05:09:29.594+0000] {logging_mixin.py:120} INFO - [2025-09-01T05:09:29.594+0000] {dag.py:3340} INFO - Setting next_dagrun for example_python_operator to None, run_after=None
[2025-09-01T05:09:29.619+0000] {processor.py:176} INFO - Processing /home/airflow/.local/lib/python3.7/site-packages/airflow/example_dags/example_python_operator.py took 0.179 seconds
[2025-09-01T05:10:00.308+0000] {processor.py:154} INFO - Started process (PID=963) to work on /home/airflow/.local/lib/python3.7/site-packages/airflow/example_dags/example_python_operator.py
[2025-09-01T05:10:00.310+0000] {processor.py:756} INFO - Processing file /home/airflow/.local/lib/python3.7/site-packages/airflow/example_dags/example_python_operator.py for tasks to queue
[2025-09-01T05:10:00.311+0000] {logging_mixin.py:120} INFO - [2025-09-01T05:10:00.311+0000] {dagbag.py:537} INFO - Filling up the DagBag from /home/airflow/.local/lib/python3.7/site-packages/airflow/example_dags/example_python_operator.py
[2025-09-01T05:10:00.333+0000] {logging_mixin.py:120} INFO - [2025-09-01T05:10:00.333+0000] {taskmixin.py:205} WARNING - Dependency <Task(_PythonDecoratedOperator): print_the_context>, log_sql_query already registered for DAG: example_python_operator
[2025-09-01T05:10:00.333+0000] {logging_mixin.py:120} INFO - [2025-09-01T05:10:00.333+0000] {taskmixin.py:205} WARNING - Dependency <Task(_PythonDecoratedOperator): log_sql_query>, print_the_context already registered for DAG: example_python_operator
[2025-09-01T05:10:00.334+0000] {logging_mixin.py:120} INFO - [2025-09-01T05:10:00.334+0000] {taskmixin.py:205} WARNING - Dependency <Task(_PythonDecoratedOperator): print_the_context>, log_sql_query already registered for DAG: example_python_operator
[2025-09-01T05:10:00.334+0000] {logging_mixin.py:120} INFO - [2025-09-01T05:10:00.334+0000] {taskmixin.py:205} WARNING - Dependency <Task(_PythonDecoratedOperator): log_sql_query>, print_the_context already registered for DAG: example_python_operator
[2025-09-01T05:10:00.334+0000] {logging_mixin.py:120} INFO - [2025-09-01T05:10:00.334+0000] {taskmixin.py:205} WARNING - Dependency <Task(_PythonDecoratedOperator): print_the_context>, log_sql_query already registered for DAG: example_python_operator
[2025-09-01T05:10:00.335+0000] {logging_mixin.py:120} INFO - [2025-09-01T05:10:00.335+0000] {taskmixin.py:205} WARNING - Dependency <Task(_PythonDecoratedOperator): log_sql_query>, print_the_context already registered for DAG: example_python_operator
[2025-09-01T05:10:00.335+0000] {logging_mixin.py:120} INFO - [2025-09-01T05:10:00.335+0000] {taskmixin.py:205} WARNING - Dependency <Task(_PythonDecoratedOperator): print_the_context>, log_sql_query already registered for DAG: example_python_operator
[2025-09-01T05:10:00.335+0000] {logging_mixin.py:120} INFO - [2025-09-01T05:10:00.335+0000] {taskmixin.py:205} WARNING - Dependency <Task(_PythonDecoratedOperator): log_sql_query>, print_the_context already registered for DAG: example_python_operator
[2025-09-01T05:10:00.345+0000] {processor.py:766} INFO - DAG(s) dict_keys(['example_python_operator']) retrieved from /home/airflow/.local/lib/python3.7/site-packages/airflow/example_dags/example_python_operator.py
[2025-09-01T05:10:00.412+0000] {logging_mixin.py:120} INFO - [2025-09-01T05:10:00.411+0000] {dag.py:2585} INFO - Sync 1 DAGs
[2025-09-01T05:10:00.465+0000] {logging_mixin.py:120} INFO - [2025-09-01T05:10:00.462+0000] {dag.py:3340} INFO - Setting next_dagrun for example_python_operator to None, run_after=None
[2025-09-01T05:10:00.498+0000] {processor.py:176} INFO - Processing /home/airflow/.local/lib/python3.7/site-packages/airflow/example_dags/example_python_operator.py took 0.195 seconds
[2025-09-01T05:10:32.553+0000] {processor.py:154} INFO - Started process (PID=1031) to work on /home/airflow/.local/lib/python3.7/site-packages/airflow/example_dags/example_python_operator.py
[2025-09-01T05:10:32.555+0000] {processor.py:756} INFO - Processing file /home/airflow/.local/lib/python3.7/site-packages/airflow/example_dags/example_python_operator.py for tasks to queue
[2025-09-01T05:10:32.556+0000] {logging_mixin.py:120} INFO - [2025-09-01T05:10:32.556+0000] {dagbag.py:537} INFO - Filling up the DagBag from /home/airflow/.local/lib/python3.7/site-packages/airflow/example_dags/example_python_operator.py
[2025-09-01T05:10:32.585+0000] {logging_mixin.py:120} INFO - [2025-09-01T05:10:32.584+0000] {taskmixin.py:205} WARNING - Dependency <Task(_PythonDecoratedOperator): print_the_context>, log_sql_query already registered for DAG: example_python_operator
[2025-09-01T05:10:32.587+0000] {logging_mixin.py:120} INFO - [2025-09-01T05:10:32.586+0000] {taskmixin.py:205} WARNING - Dependency <Task(_PythonDecoratedOperator): log_sql_query>, print_the_context already registered for DAG: example_python_operator
[2025-09-01T05:10:32.589+0000] {logging_mixin.py:120} INFO - [2025-09-01T05:10:32.589+0000] {taskmixin.py:205} WARNING - Dependency <Task(_PythonDecoratedOperator): print_the_context>, log_sql_query already registered for DAG: example_python_operator
[2025-09-01T05:10:32.590+0000] {logging_mixin.py:120} INFO - [2025-09-01T05:10:32.589+0000] {taskmixin.py:205} WARNING - Dependency <Task(_PythonDecoratedOperator): log_sql_query>, print_the_context already registered for DAG: example_python_operator
[2025-09-01T05:10:32.592+0000] {logging_mixin.py:120} INFO - [2025-09-01T05:10:32.592+0000] {taskmixin.py:205} WARNING - Dependency <Task(_PythonDecoratedOperator): print_the_context>, log_sql_query already registered for DAG: example_python_operator
[2025-09-01T05:10:32.593+0000] {logging_mixin.py:120} INFO - [2025-09-01T05:10:32.592+0000] {taskmixin.py:205} WARNING - Dependency <Task(_PythonDecoratedOperator): log_sql_query>, print_the_context already registered for DAG: example_python_operator
[2025-09-01T05:10:32.594+0000] {logging_mixin.py:120} INFO - [2025-09-01T05:10:32.593+0000] {taskmixin.py:205} WARNING - Dependency <Task(_PythonDecoratedOperator): print_the_context>, log_sql_query already registered for DAG: example_python_operator
[2025-09-01T05:10:32.594+0000] {logging_mixin.py:120} INFO - [2025-09-01T05:10:32.594+0000] {taskmixin.py:205} WARNING - Dependency <Task(_PythonDecoratedOperator): log_sql_query>, print_the_context already registered for DAG: example_python_operator
[2025-09-01T05:10:32.606+0000] {processor.py:766} INFO - DAG(s) dict_keys(['example_python_operator']) retrieved from /home/airflow/.local/lib/python3.7/site-packages/airflow/example_dags/example_python_operator.py
[2025-09-01T05:10:32.667+0000] {logging_mixin.py:120} INFO - [2025-09-01T05:10:32.667+0000] {dag.py:2585} INFO - Sync 1 DAGs
[2025-09-01T05:10:32.732+0000] {logging_mixin.py:120} INFO - [2025-09-01T05:10:32.732+0000] {dag.py:3340} INFO - Setting next_dagrun for example_python_operator to None, run_after=None
[2025-09-01T05:10:32.767+0000] {processor.py:176} INFO - Processing /home/airflow/.local/lib/python3.7/site-packages/airflow/example_dags/example_python_operator.py took 0.224 seconds
[2025-09-01T05:11:04.513+0000] {processor.py:154} INFO - Started process (PID=1099) to work on /home/airflow/.local/lib/python3.7/site-packages/airflow/example_dags/example_python_operator.py
[2025-09-01T05:11:04.515+0000] {processor.py:756} INFO - Processing file /home/airflow/.local/lib/python3.7/site-packages/airflow/example_dags/example_python_operator.py for tasks to queue
[2025-09-01T05:11:04.516+0000] {logging_mixin.py:120} INFO - [2025-09-01T05:11:04.516+0000] {dagbag.py:537} INFO - Filling up the DagBag from /home/airflow/.local/lib/python3.7/site-packages/airflow/example_dags/example_python_operator.py
[2025-09-01T05:11:04.539+0000] {logging_mixin.py:120} INFO - [2025-09-01T05:11:04.539+0000] {taskmixin.py:205} WARNING - Dependency <Task(_PythonDecoratedOperator): print_the_context>, log_sql_query already registered for DAG: example_python_operator
[2025-09-01T05:11:04.540+0000] {logging_mixin.py:120} INFO - [2025-09-01T05:11:04.539+0000] {taskmixin.py:205} WARNING - Dependency <Task(_PythonDecoratedOperator): log_sql_query>, print_the_context already registered for DAG: example_python_operator
[2025-09-01T05:11:04.540+0000] {logging_mixin.py:120} INFO - [2025-09-01T05:11:04.540+0000] {taskmixin.py:205} WARNING - Dependency <Task(_PythonDecoratedOperator): print_the_context>, log_sql_query already registered for DAG: example_python_operator
[2025-09-01T05:11:04.541+0000] {logging_mixin.py:120} INFO - [2025-09-01T05:11:04.541+0000] {taskmixin.py:205} WARNING - Dependency <Task(_PythonDecoratedOperator): log_sql_query>, print_the_context already registered for DAG: example_python_operator
[2025-09-01T05:11:04.541+0000] {logging_mixin.py:120} INFO - [2025-09-01T05:11:04.541+0000] {taskmixin.py:205} WARNING - Dependency <Task(_PythonDecoratedOperator): print_the_context>, log_sql_query already registered for DAG: example_python_operator
[2025-09-01T05:11:04.542+0000] {logging_mixin.py:120} INFO - [2025-09-01T05:11:04.541+0000] {taskmixin.py:205} WARNING - Dependency <Task(_PythonDecoratedOperator): log_sql_query>, print_the_context already registered for DAG: example_python_operator
[2025-09-01T05:11:04.543+0000] {logging_mixin.py:120} INFO - [2025-09-01T05:11:04.542+0000] {taskmixin.py:205} WARNING - Dependency <Task(_PythonDecoratedOperator): print_the_context>, log_sql_query already registered for DAG: example_python_operator
[2025-09-01T05:11:04.543+0000] {logging_mixin.py:120} INFO - [2025-09-01T05:11:04.543+0000] {taskmixin.py:205} WARNING - Dependency <Task(_PythonDecoratedOperator): log_sql_query>, print_the_context already registered for DAG: example_python_operator
[2025-09-01T05:11:04.556+0000] {processor.py:766} INFO - DAG(s) dict_keys(['example_python_operator']) retrieved from /home/airflow/.local/lib/python3.7/site-packages/airflow/example_dags/example_python_operator.py
[2025-09-01T05:11:04.630+0000] {logging_mixin.py:120} INFO - [2025-09-01T05:11:04.629+0000] {dag.py:2585} INFO - Sync 1 DAGs
[2025-09-01T05:11:04.672+0000] {logging_mixin.py:120} INFO - [2025-09-01T05:11:04.672+0000] {dag.py:3340} INFO - Setting next_dagrun for example_python_operator to None, run_after=None
[2025-09-01T05:11:04.701+0000] {processor.py:176} INFO - Processing /home/airflow/.local/lib/python3.7/site-packages/airflow/example_dags/example_python_operator.py took 0.192 seconds
[2025-09-01T05:11:35.153+0000] {processor.py:154} INFO - Started process (PID=1167) to work on /home/airflow/.local/lib/python3.7/site-packages/airflow/example_dags/example_python_operator.py
[2025-09-01T05:11:35.154+0000] {processor.py:756} INFO - Processing file /home/airflow/.local/lib/python3.7/site-packages/airflow/example_dags/example_python_operator.py for tasks to queue
[2025-09-01T05:11:35.154+0000] {logging_mixin.py:120} INFO - [2025-09-01T05:11:35.154+0000] {dagbag.py:537} INFO - Filling up the DagBag from /home/airflow/.local/lib/python3.7/site-packages/airflow/example_dags/example_python_operator.py
[2025-09-01T05:11:35.168+0000] {logging_mixin.py:120} INFO - [2025-09-01T05:11:35.168+0000] {taskmixin.py:205} WARNING - Dependency <Task(_PythonDecoratedOperator): print_the_context>, log_sql_query already registered for DAG: example_python_operator
[2025-09-01T05:11:35.169+0000] {logging_mixin.py:120} INFO - [2025-09-01T05:11:35.168+0000] {taskmixin.py:205} WARNING - Dependency <Task(_PythonDecoratedOperator): log_sql_query>, print_the_context already registered for DAG: example_python_operator
[2025-09-01T05:11:35.169+0000] {logging_mixin.py:120} INFO - [2025-09-01T05:11:35.169+0000] {taskmixin.py:205} WARNING - Dependency <Task(_PythonDecoratedOperator): print_the_context>, log_sql_query already registered for DAG: example_python_operator
[2025-09-01T05:11:35.169+0000] {logging_mixin.py:120} INFO - [2025-09-01T05:11:35.169+0000] {taskmixin.py:205} WARNING - Dependency <Task(_PythonDecoratedOperator): log_sql_query>, print_the_context already registered for DAG: example_python_operator
[2025-09-01T05:11:35.169+0000] {logging_mixin.py:120} INFO - [2025-09-01T05:11:35.169+0000] {taskmixin.py:205} WARNING - Dependency <Task(_PythonDecoratedOperator): print_the_context>, log_sql_query already registered for DAG: example_python_operator
[2025-09-01T05:11:35.169+0000] {logging_mixin.py:120} INFO - [2025-09-01T05:11:35.169+0000] {taskmixin.py:205} WARNING - Dependency <Task(_PythonDecoratedOperator): log_sql_query>, print_the_context already registered for DAG: example_python_operator
[2025-09-01T05:11:35.170+0000] {logging_mixin.py:120} INFO - [2025-09-01T05:11:35.170+0000] {taskmixin.py:205} WARNING - Dependency <Task(_PythonDecoratedOperator): print_the_context>, log_sql_query already registered for DAG: example_python_operator
[2025-09-01T05:11:35.170+0000] {logging_mixin.py:120} INFO - [2025-09-01T05:11:35.170+0000] {taskmixin.py:205} WARNING - Dependency <Task(_PythonDecoratedOperator): log_sql_query>, print_the_context already registered for DAG: example_python_operator
[2025-09-01T05:11:35.175+0000] {processor.py:766} INFO - DAG(s) dict_keys(['example_python_operator']) retrieved from /home/airflow/.local/lib/python3.7/site-packages/airflow/example_dags/example_python_operator.py
[2025-09-01T05:11:35.217+0000] {logging_mixin.py:120} INFO - [2025-09-01T05:11:35.217+0000] {dag.py:2585} INFO - Sync 1 DAGs
[2025-09-01T05:11:35.237+0000] {logging_mixin.py:120} INFO - [2025-09-01T05:11:35.237+0000] {dag.py:3340} INFO - Setting next_dagrun for example_python_operator to None, run_after=None
[2025-09-01T05:11:35.256+0000] {processor.py:176} INFO - Processing /home/airflow/.local/lib/python3.7/site-packages/airflow/example_dags/example_python_operator.py took 0.107 seconds
[2025-09-01T05:12:05.858+0000] {processor.py:154} INFO - Started process (PID=1226) to work on /home/airflow/.local/lib/python3.7/site-packages/airflow/example_dags/example_python_operator.py
[2025-09-01T05:12:05.860+0000] {processor.py:756} INFO - Processing file /home/airflow/.local/lib/python3.7/site-packages/airflow/example_dags/example_python_operator.py for tasks to queue
[2025-09-01T05:12:05.861+0000] {logging_mixin.py:120} INFO - [2025-09-01T05:12:05.860+0000] {dagbag.py:537} INFO - Filling up the DagBag from /home/airflow/.local/lib/python3.7/site-packages/airflow/example_dags/example_python_operator.py
[2025-09-01T05:12:05.876+0000] {logging_mixin.py:120} INFO - [2025-09-01T05:12:05.876+0000] {taskmixin.py:205} WARNING - Dependency <Task(_PythonDecoratedOperator): print_the_context>, log_sql_query already registered for DAG: example_python_operator
[2025-09-01T05:12:05.876+0000] {logging_mixin.py:120} INFO - [2025-09-01T05:12:05.876+0000] {taskmixin.py:205} WARNING - Dependency <Task(_PythonDecoratedOperator): log_sql_query>, print_the_context already registered for DAG: example_python_operator
[2025-09-01T05:12:05.877+0000] {logging_mixin.py:120} INFO - [2025-09-01T05:12:05.877+0000] {taskmixin.py:205} WARNING - Dependency <Task(_PythonDecoratedOperator): print_the_context>, log_sql_query already registered for DAG: example_python_operator
[2025-09-01T05:12:05.877+0000] {logging_mixin.py:120} INFO - [2025-09-01T05:12:05.877+0000] {taskmixin.py:205} WARNING - Dependency <Task(_PythonDecoratedOperator): log_sql_query>, print_the_context already registered for DAG: example_python_operator
[2025-09-01T05:12:05.877+0000] {logging_mixin.py:120} INFO - [2025-09-01T05:12:05.877+0000] {taskmixin.py:205} WARNING - Dependency <Task(_PythonDecoratedOperator): print_the_context>, log_sql_query already registered for DAG: example_python_operator
[2025-09-01T05:12:05.877+0000] {logging_mixin.py:120} INFO - [2025-09-01T05:12:05.877+0000] {taskmixin.py:205} WARNING - Dependency <Task(_PythonDecoratedOperator): log_sql_query>, print_the_context already registered for DAG: example_python_operator
[2025-09-01T05:12:05.878+0000] {logging_mixin.py:120} INFO - [2025-09-01T05:12:05.878+0000] {taskmixin.py:205} WARNING - Dependency <Task(_PythonDecoratedOperator): print_the_context>, log_sql_query already registered for DAG: example_python_operator
[2025-09-01T05:12:05.878+0000] {logging_mixin.py:120} INFO - [2025-09-01T05:12:05.878+0000] {taskmixin.py:205} WARNING - Dependency <Task(_PythonDecoratedOperator): log_sql_query>, print_the_context already registered for DAG: example_python_operator
[2025-09-01T05:12:05.884+0000] {processor.py:766} INFO - DAG(s) dict_keys(['example_python_operator']) retrieved from /home/airflow/.local/lib/python3.7/site-packages/airflow/example_dags/example_python_operator.py
[2025-09-01T05:12:05.924+0000] {logging_mixin.py:120} INFO - [2025-09-01T05:12:05.924+0000] {dag.py:2585} INFO - Sync 1 DAGs
[2025-09-01T05:12:05.945+0000] {logging_mixin.py:120} INFO - [2025-09-01T05:12:05.945+0000] {dag.py:3340} INFO - Setting next_dagrun for example_python_operator to None, run_after=None
[2025-09-01T05:12:05.966+0000] {processor.py:176} INFO - Processing /home/airflow/.local/lib/python3.7/site-packages/airflow/example_dags/example_python_operator.py took 0.112 seconds
[2025-09-01T05:12:39.461+0000] {processor.py:154} INFO - Started process (PID=1295) to work on /home/airflow/.local/lib/python3.7/site-packages/airflow/example_dags/example_python_operator.py
[2025-09-01T05:12:39.464+0000] {processor.py:756} INFO - Processing file /home/airflow/.local/lib/python3.7/site-packages/airflow/example_dags/example_python_operator.py for tasks to queue
[2025-09-01T05:12:39.465+0000] {logging_mixin.py:120} INFO - [2025-09-01T05:12:39.465+0000] {dagbag.py:537} INFO - Filling up the DagBag from /home/airflow/.local/lib/python3.7/site-packages/airflow/example_dags/example_python_operator.py
[2025-09-01T05:12:39.502+0000] {logging_mixin.py:120} INFO - [2025-09-01T05:12:39.502+0000] {taskmixin.py:205} WARNING - Dependency <Task(_PythonDecoratedOperator): print_the_context>, log_sql_query already registered for DAG: example_python_operator
[2025-09-01T05:12:39.502+0000] {logging_mixin.py:120} INFO - [2025-09-01T05:12:39.502+0000] {taskmixin.py:205} WARNING - Dependency <Task(_PythonDecoratedOperator): log_sql_query>, print_the_context already registered for DAG: example_python_operator
[2025-09-01T05:12:39.503+0000] {logging_mixin.py:120} INFO - [2025-09-01T05:12:39.503+0000] {taskmixin.py:205} WARNING - Dependency <Task(_PythonDecoratedOperator): print_the_context>, log_sql_query already registered for DAG: example_python_operator
[2025-09-01T05:12:39.504+0000] {logging_mixin.py:120} INFO - [2025-09-01T05:12:39.504+0000] {taskmixin.py:205} WARNING - Dependency <Task(_PythonDecoratedOperator): log_sql_query>, print_the_context already registered for DAG: example_python_operator
[2025-09-01T05:12:39.505+0000] {logging_mixin.py:120} INFO - [2025-09-01T05:12:39.505+0000] {taskmixin.py:205} WARNING - Dependency <Task(_PythonDecoratedOperator): print_the_context>, log_sql_query already registered for DAG: example_python_operator
[2025-09-01T05:12:39.506+0000] {logging_mixin.py:120} INFO - [2025-09-01T05:12:39.506+0000] {taskmixin.py:205} WARNING - Dependency <Task(_PythonDecoratedOperator): log_sql_query>, print_the_context already registered for DAG: example_python_operator
[2025-09-01T05:12:39.507+0000] {logging_mixin.py:120} INFO - [2025-09-01T05:12:39.507+0000] {taskmixin.py:205} WARNING - Dependency <Task(_PythonDecoratedOperator): print_the_context>, log_sql_query already registered for DAG: example_python_operator
[2025-09-01T05:12:39.507+0000] {logging_mixin.py:120} INFO - [2025-09-01T05:12:39.507+0000] {taskmixin.py:205} WARNING - Dependency <Task(_PythonDecoratedOperator): log_sql_query>, print_the_context already registered for DAG: example_python_operator
[2025-09-01T05:12:39.522+0000] {processor.py:766} INFO - DAG(s) dict_keys(['example_python_operator']) retrieved from /home/airflow/.local/lib/python3.7/site-packages/airflow/example_dags/example_python_operator.py
[2025-09-01T05:12:39.600+0000] {logging_mixin.py:120} INFO - [2025-09-01T05:12:39.600+0000] {dag.py:2585} INFO - Sync 1 DAGs
[2025-09-01T05:12:39.650+0000] {logging_mixin.py:120} INFO - [2025-09-01T05:12:39.649+0000] {dag.py:3340} INFO - Setting next_dagrun for example_python_operator to None, run_after=None
[2025-09-01T05:12:39.683+0000] {processor.py:176} INFO - Processing /home/airflow/.local/lib/python3.7/site-packages/airflow/example_dags/example_python_operator.py took 0.229 seconds
[2025-09-01T05:13:12.105+0000] {processor.py:154} INFO - Started process (PID=1363) to work on /home/airflow/.local/lib/python3.7/site-packages/airflow/example_dags/example_python_operator.py
[2025-09-01T05:13:12.107+0000] {processor.py:756} INFO - Processing file /home/airflow/.local/lib/python3.7/site-packages/airflow/example_dags/example_python_operator.py for tasks to queue
[2025-09-01T05:13:12.108+0000] {logging_mixin.py:120} INFO - [2025-09-01T05:13:12.108+0000] {dagbag.py:537} INFO - Filling up the DagBag from /home/airflow/.local/lib/python3.7/site-packages/airflow/example_dags/example_python_operator.py
[2025-09-01T05:13:12.127+0000] {logging_mixin.py:120} INFO - [2025-09-01T05:13:12.127+0000] {taskmixin.py:205} WARNING - Dependency <Task(_PythonDecoratedOperator): print_the_context>, log_sql_query already registered for DAG: example_python_operator
[2025-09-01T05:13:12.127+0000] {logging_mixin.py:120} INFO - [2025-09-01T05:13:12.127+0000] {taskmixin.py:205} WARNING - Dependency <Task(_PythonDecoratedOperator): log_sql_query>, print_the_context already registered for DAG: example_python_operator
[2025-09-01T05:13:12.128+0000] {logging_mixin.py:120} INFO - [2025-09-01T05:13:12.128+0000] {taskmixin.py:205} WARNING - Dependency <Task(_PythonDecoratedOperator): print_the_context>, log_sql_query already registered for DAG: example_python_operator
[2025-09-01T05:13:12.128+0000] {logging_mixin.py:120} INFO - [2025-09-01T05:13:12.128+0000] {taskmixin.py:205} WARNING - Dependency <Task(_PythonDecoratedOperator): log_sql_query>, print_the_context already registered for DAG: example_python_operator
[2025-09-01T05:13:12.129+0000] {logging_mixin.py:120} INFO - [2025-09-01T05:13:12.129+0000] {taskmixin.py:205} WARNING - Dependency <Task(_PythonDecoratedOperator): print_the_context>, log_sql_query already registered for DAG: example_python_operator
[2025-09-01T05:13:12.129+0000] {logging_mixin.py:120} INFO - [2025-09-01T05:13:12.129+0000] {taskmixin.py:205} WARNING - Dependency <Task(_PythonDecoratedOperator): log_sql_query>, print_the_context already registered for DAG: example_python_operator
[2025-09-01T05:13:12.130+0000] {logging_mixin.py:120} INFO - [2025-09-01T05:13:12.130+0000] {taskmixin.py:205} WARNING - Dependency <Task(_PythonDecoratedOperator): print_the_context>, log_sql_query already registered for DAG: example_python_operator
[2025-09-01T05:13:12.130+0000] {logging_mixin.py:120} INFO - [2025-09-01T05:13:12.130+0000] {taskmixin.py:205} WARNING - Dependency <Task(_PythonDecoratedOperator): log_sql_query>, print_the_context already registered for DAG: example_python_operator
[2025-09-01T05:13:12.138+0000] {processor.py:766} INFO - DAG(s) dict_keys(['example_python_operator']) retrieved from /home/airflow/.local/lib/python3.7/site-packages/airflow/example_dags/example_python_operator.py
[2025-09-01T05:13:12.192+0000] {logging_mixin.py:120} INFO - [2025-09-01T05:13:12.192+0000] {dag.py:2585} INFO - Sync 1 DAGs
[2025-09-01T05:13:12.220+0000] {logging_mixin.py:120} INFO - [2025-09-01T05:13:12.220+0000] {dag.py:3340} INFO - Setting next_dagrun for example_python_operator to None, run_after=None
[2025-09-01T05:13:12.247+0000] {processor.py:176} INFO - Processing /home/airflow/.local/lib/python3.7/site-packages/airflow/example_dags/example_python_operator.py took 0.147 seconds
[2025-09-01T05:13:44.405+0000] {processor.py:154} INFO - Started process (PID=1431) to work on /home/airflow/.local/lib/python3.7/site-packages/airflow/example_dags/example_python_operator.py
[2025-09-01T05:13:44.408+0000] {processor.py:756} INFO - Processing file /home/airflow/.local/lib/python3.7/site-packages/airflow/example_dags/example_python_operator.py for tasks to queue
[2025-09-01T05:13:44.409+0000] {logging_mixin.py:120} INFO - [2025-09-01T05:13:44.409+0000] {dagbag.py:537} INFO - Filling up the DagBag from /home/airflow/.local/lib/python3.7/site-packages/airflow/example_dags/example_python_operator.py
[2025-09-01T05:13:44.471+0000] {logging_mixin.py:120} INFO - [2025-09-01T05:13:44.467+0000] {taskmixin.py:205} WARNING - Dependency <Task(_PythonDecoratedOperator): print_the_context>, log_sql_query already registered for DAG: example_python_operator
[2025-09-01T05:13:44.472+0000] {logging_mixin.py:120} INFO - [2025-09-01T05:13:44.471+0000] {taskmixin.py:205} WARNING - Dependency <Task(_PythonDecoratedOperator): log_sql_query>, print_the_context already registered for DAG: example_python_operator
[2025-09-01T05:13:44.475+0000] {logging_mixin.py:120} INFO - [2025-09-01T05:13:44.474+0000] {taskmixin.py:205} WARNING - Dependency <Task(_PythonDecoratedOperator): print_the_context>, log_sql_query already registered for DAG: example_python_operator
[2025-09-01T05:13:44.476+0000] {logging_mixin.py:120} INFO - [2025-09-01T05:13:44.476+0000] {taskmixin.py:205} WARNING - Dependency <Task(_PythonDecoratedOperator): log_sql_query>, print_the_context already registered for DAG: example_python_operator
[2025-09-01T05:13:44.479+0000] {logging_mixin.py:120} INFO - [2025-09-01T05:13:44.478+0000] {taskmixin.py:205} WARNING - Dependency <Task(_PythonDecoratedOperator): print_the_context>, log_sql_query already registered for DAG: example_python_operator
[2025-09-01T05:13:44.479+0000] {logging_mixin.py:120} INFO - [2025-09-01T05:13:44.479+0000] {taskmixin.py:205} WARNING - Dependency <Task(_PythonDecoratedOperator): log_sql_query>, print_the_context already registered for DAG: example_python_operator
[2025-09-01T05:13:44.481+0000] {logging_mixin.py:120} INFO - [2025-09-01T05:13:44.480+0000] {taskmixin.py:205} WARNING - Dependency <Task(_PythonDecoratedOperator): print_the_context>, log_sql_query already registered for DAG: example_python_operator
[2025-09-01T05:13:44.481+0000] {logging_mixin.py:120} INFO - [2025-09-01T05:13:44.481+0000] {taskmixin.py:205} WARNING - Dependency <Task(_PythonDecoratedOperator): log_sql_query>, print_the_context already registered for DAG: example_python_operator
[2025-09-01T05:13:44.501+0000] {processor.py:766} INFO - DAG(s) dict_keys(['example_python_operator']) retrieved from /home/airflow/.local/lib/python3.7/site-packages/airflow/example_dags/example_python_operator.py
[2025-09-01T05:13:44.624+0000] {logging_mixin.py:120} INFO - [2025-09-01T05:13:44.623+0000] {dag.py:2585} INFO - Sync 1 DAGs
[2025-09-01T05:13:44.701+0000] {logging_mixin.py:120} INFO - [2025-09-01T05:13:44.701+0000] {dag.py:3340} INFO - Setting next_dagrun for example_python_operator to None, run_after=None
[2025-09-01T05:13:44.770+0000] {processor.py:176} INFO - Processing /home/airflow/.local/lib/python3.7/site-packages/airflow/example_dags/example_python_operator.py took 0.379 seconds
[2025-09-01T05:14:19.136+0000] {processor.py:154} INFO - Started process (PID=1499) to work on /home/airflow/.local/lib/python3.7/site-packages/airflow/example_dags/example_python_operator.py
[2025-09-01T05:14:19.147+0000] {processor.py:756} INFO - Processing file /home/airflow/.local/lib/python3.7/site-packages/airflow/example_dags/example_python_operator.py for tasks to queue
[2025-09-01T05:14:19.149+0000] {logging_mixin.py:120} INFO - [2025-09-01T05:14:19.149+0000] {dagbag.py:537} INFO - Filling up the DagBag from /home/airflow/.local/lib/python3.7/site-packages/airflow/example_dags/example_python_operator.py
[2025-09-01T05:14:19.252+0000] {logging_mixin.py:120} INFO - [2025-09-01T05:14:19.252+0000] {taskmixin.py:205} WARNING - Dependency <Task(_PythonDecoratedOperator): print_the_context>, log_sql_query already registered for DAG: example_python_operator
[2025-09-01T05:14:19.252+0000] {logging_mixin.py:120} INFO - [2025-09-01T05:14:19.252+0000] {taskmixin.py:205} WARNING - Dependency <Task(_PythonDecoratedOperator): log_sql_query>, print_the_context already registered for DAG: example_python_operator
[2025-09-01T05:14:19.254+0000] {logging_mixin.py:120} INFO - [2025-09-01T05:14:19.254+0000] {taskmixin.py:205} WARNING - Dependency <Task(_PythonDecoratedOperator): print_the_context>, log_sql_query already registered for DAG: example_python_operator
[2025-09-01T05:14:19.254+0000] {logging_mixin.py:120} INFO - [2025-09-01T05:14:19.254+0000] {taskmixin.py:205} WARNING - Dependency <Task(_PythonDecoratedOperator): log_sql_query>, print_the_context already registered for DAG: example_python_operator
[2025-09-01T05:14:19.255+0000] {logging_mixin.py:120} INFO - [2025-09-01T05:14:19.255+0000] {taskmixin.py:205} WARNING - Dependency <Task(_PythonDecoratedOperator): print_the_context>, log_sql_query already registered for DAG: example_python_operator
[2025-09-01T05:14:19.261+0000] {logging_mixin.py:120} INFO - [2025-09-01T05:14:19.260+0000] {taskmixin.py:205} WARNING - Dependency <Task(_PythonDecoratedOperator): log_sql_query>, print_the_context already registered for DAG: example_python_operator
[2025-09-01T05:14:19.262+0000] {logging_mixin.py:120} INFO - [2025-09-01T05:14:19.262+0000] {taskmixin.py:205} WARNING - Dependency <Task(_PythonDecoratedOperator): print_the_context>, log_sql_query already registered for DAG: example_python_operator
[2025-09-01T05:14:19.263+0000] {logging_mixin.py:120} INFO - [2025-09-01T05:14:19.263+0000] {taskmixin.py:205} WARNING - Dependency <Task(_PythonDecoratedOperator): log_sql_query>, print_the_context already registered for DAG: example_python_operator
[2025-09-01T05:14:19.279+0000] {processor.py:766} INFO - DAG(s) dict_keys(['example_python_operator']) retrieved from /home/airflow/.local/lib/python3.7/site-packages/airflow/example_dags/example_python_operator.py
[2025-09-01T05:14:19.573+0000] {logging_mixin.py:120} INFO - [2025-09-01T05:14:19.572+0000] {dag.py:2585} INFO - Sync 1 DAGs
[2025-09-01T05:14:19.678+0000] {logging_mixin.py:120} INFO - [2025-09-01T05:14:19.678+0000] {dag.py:3340} INFO - Setting next_dagrun for example_python_operator to None, run_after=None
[2025-09-01T05:14:19.772+0000] {processor.py:176} INFO - Processing /home/airflow/.local/lib/python3.7/site-packages/airflow/example_dags/example_python_operator.py took 0.647 seconds
[2025-09-01T05:14:53.512+0000] {processor.py:154} INFO - Started process (PID=1558) to work on /home/airflow/.local/lib/python3.7/site-packages/airflow/example_dags/example_python_operator.py
[2025-09-01T05:14:53.515+0000] {processor.py:756} INFO - Processing file /home/airflow/.local/lib/python3.7/site-packages/airflow/example_dags/example_python_operator.py for tasks to queue
[2025-09-01T05:14:53.518+0000] {logging_mixin.py:120} INFO - [2025-09-01T05:14:53.517+0000] {dagbag.py:537} INFO - Filling up the DagBag from /home/airflow/.local/lib/python3.7/site-packages/airflow/example_dags/example_python_operator.py
[2025-09-01T05:14:53.563+0000] {logging_mixin.py:120} INFO - [2025-09-01T05:14:53.563+0000] {taskmixin.py:205} WARNING - Dependency <Task(_PythonDecoratedOperator): print_the_context>, log_sql_query already registered for DAG: example_python_operator
[2025-09-01T05:14:53.563+0000] {logging_mixin.py:120} INFO - [2025-09-01T05:14:53.563+0000] {taskmixin.py:205} WARNING - Dependency <Task(_PythonDecoratedOperator): log_sql_query>, print_the_context already registered for DAG: example_python_operator
[2025-09-01T05:14:53.564+0000] {logging_mixin.py:120} INFO - [2025-09-01T05:14:53.564+0000] {taskmixin.py:205} WARNING - Dependency <Task(_PythonDecoratedOperator): print_the_context>, log_sql_query already registered for DAG: example_python_operator
[2025-09-01T05:14:53.565+0000] {logging_mixin.py:120} INFO - [2025-09-01T05:14:53.565+0000] {taskmixin.py:205} WARNING - Dependency <Task(_PythonDecoratedOperator): log_sql_query>, print_the_context already registered for DAG: example_python_operator
[2025-09-01T05:14:53.566+0000] {logging_mixin.py:120} INFO - [2025-09-01T05:14:53.566+0000] {taskmixin.py:205} WARNING - Dependency <Task(_PythonDecoratedOperator): print_the_context>, log_sql_query already registered for DAG: example_python_operator
[2025-09-01T05:14:53.566+0000] {logging_mixin.py:120} INFO - [2025-09-01T05:14:53.566+0000] {taskmixin.py:205} WARNING - Dependency <Task(_PythonDecoratedOperator): log_sql_query>, print_the_context already registered for DAG: example_python_operator
[2025-09-01T05:14:53.569+0000] {logging_mixin.py:120} INFO - [2025-09-01T05:14:53.567+0000] {taskmixin.py:205} WARNING - Dependency <Task(_PythonDecoratedOperator): print_the_context>, log_sql_query already registered for DAG: example_python_operator
[2025-09-01T05:14:53.569+0000] {logging_mixin.py:120} INFO - [2025-09-01T05:14:53.569+0000] {taskmixin.py:205} WARNING - Dependency <Task(_PythonDecoratedOperator): log_sql_query>, print_the_context already registered for DAG: example_python_operator
[2025-09-01T05:14:53.585+0000] {processor.py:766} INFO - DAG(s) dict_keys(['example_python_operator']) retrieved from /home/airflow/.local/lib/python3.7/site-packages/airflow/example_dags/example_python_operator.py
[2025-09-01T05:14:53.668+0000] {logging_mixin.py:120} INFO - [2025-09-01T05:14:53.667+0000] {dag.py:2585} INFO - Sync 1 DAGs
[2025-09-01T05:14:53.729+0000] {logging_mixin.py:120} INFO - [2025-09-01T05:14:53.728+0000] {dag.py:3340} INFO - Setting next_dagrun for example_python_operator to None, run_after=None
[2025-09-01T05:14:53.775+0000] {processor.py:176} INFO - Processing /home/airflow/.local/lib/python3.7/site-packages/airflow/example_dags/example_python_operator.py took 0.269 seconds
[2025-09-01T05:15:32.427+0000] {processor.py:154} INFO - Started process (PID=1626) to work on /home/airflow/.local/lib/python3.7/site-packages/airflow/example_dags/example_python_operator.py
[2025-09-01T05:15:32.433+0000] {processor.py:756} INFO - Processing file /home/airflow/.local/lib/python3.7/site-packages/airflow/example_dags/example_python_operator.py for tasks to queue
[2025-09-01T05:15:32.436+0000] {logging_mixin.py:120} INFO - [2025-09-01T05:15:32.435+0000] {dagbag.py:537} INFO - Filling up the DagBag from /home/airflow/.local/lib/python3.7/site-packages/airflow/example_dags/example_python_operator.py
[2025-09-01T05:15:32.490+0000] {logging_mixin.py:120} INFO - [2025-09-01T05:15:32.489+0000] {taskmixin.py:205} WARNING - Dependency <Task(_PythonDecoratedOperator): print_the_context>, log_sql_query already registered for DAG: example_python_operator
[2025-09-01T05:15:32.490+0000] {logging_mixin.py:120} INFO - [2025-09-01T05:15:32.490+0000] {taskmixin.py:205} WARNING - Dependency <Task(_PythonDecoratedOperator): log_sql_query>, print_the_context already registered for DAG: example_python_operator
[2025-09-01T05:15:32.492+0000] {logging_mixin.py:120} INFO - [2025-09-01T05:15:32.491+0000] {taskmixin.py:205} WARNING - Dependency <Task(_PythonDecoratedOperator): print_the_context>, log_sql_query already registered for DAG: example_python_operator
[2025-09-01T05:15:32.492+0000] {logging_mixin.py:120} INFO - [2025-09-01T05:15:32.492+0000] {taskmixin.py:205} WARNING - Dependency <Task(_PythonDecoratedOperator): log_sql_query>, print_the_context already registered for DAG: example_python_operator
[2025-09-01T05:15:32.494+0000] {logging_mixin.py:120} INFO - [2025-09-01T05:15:32.494+0000] {taskmixin.py:205} WARNING - Dependency <Task(_PythonDecoratedOperator): print_the_context>, log_sql_query already registered for DAG: example_python_operator
[2025-09-01T05:15:32.494+0000] {logging_mixin.py:120} INFO - [2025-09-01T05:15:32.494+0000] {taskmixin.py:205} WARNING - Dependency <Task(_PythonDecoratedOperator): log_sql_query>, print_the_context already registered for DAG: example_python_operator
[2025-09-01T05:15:32.496+0000] {logging_mixin.py:120} INFO - [2025-09-01T05:15:32.495+0000] {taskmixin.py:205} WARNING - Dependency <Task(_PythonDecoratedOperator): print_the_context>, log_sql_query already registered for DAG: example_python_operator
[2025-09-01T05:15:32.498+0000] {logging_mixin.py:120} INFO - [2025-09-01T05:15:32.496+0000] {taskmixin.py:205} WARNING - Dependency <Task(_PythonDecoratedOperator): log_sql_query>, print_the_context already registered for DAG: example_python_operator
[2025-09-01T05:15:32.524+0000] {processor.py:766} INFO - DAG(s) dict_keys(['example_python_operator']) retrieved from /home/airflow/.local/lib/python3.7/site-packages/airflow/example_dags/example_python_operator.py
[2025-09-01T05:15:32.728+0000] {logging_mixin.py:120} INFO - [2025-09-01T05:15:32.728+0000] {dag.py:2585} INFO - Sync 1 DAGs
[2025-09-01T05:15:32.833+0000] {logging_mixin.py:120} INFO - [2025-09-01T05:15:32.833+0000] {dag.py:3340} INFO - Setting next_dagrun for example_python_operator to None, run_after=None
[2025-09-01T05:15:32.894+0000] {processor.py:176} INFO - Processing /home/airflow/.local/lib/python3.7/site-packages/airflow/example_dags/example_python_operator.py took 0.487 seconds
[2025-09-01T05:21:33.007+0000] {processor.py:154} INFO - Started process (PID=1685) to work on /home/airflow/.local/lib/python3.7/site-packages/airflow/example_dags/example_python_operator.py
[2025-09-01T05:21:33.009+0000] {processor.py:756} INFO - Processing file /home/airflow/.local/lib/python3.7/site-packages/airflow/example_dags/example_python_operator.py for tasks to queue
[2025-09-01T05:21:33.010+0000] {logging_mixin.py:120} INFO - [2025-09-01T05:21:33.010+0000] {dagbag.py:537} INFO - Filling up the DagBag from /home/airflow/.local/lib/python3.7/site-packages/airflow/example_dags/example_python_operator.py
[2025-09-01T05:21:33.034+0000] {logging_mixin.py:120} INFO - [2025-09-01T05:21:33.034+0000] {taskmixin.py:205} WARNING - Dependency <Task(_PythonDecoratedOperator): print_the_context>, log_sql_query already registered for DAG: example_python_operator
[2025-09-01T05:21:33.034+0000] {logging_mixin.py:120} INFO - [2025-09-01T05:21:33.034+0000] {taskmixin.py:205} WARNING - Dependency <Task(_PythonDecoratedOperator): log_sql_query>, print_the_context already registered for DAG: example_python_operator
[2025-09-01T05:21:33.035+0000] {logging_mixin.py:120} INFO - [2025-09-01T05:21:33.035+0000] {taskmixin.py:205} WARNING - Dependency <Task(_PythonDecoratedOperator): print_the_context>, log_sql_query already registered for DAG: example_python_operator
[2025-09-01T05:21:33.036+0000] {logging_mixin.py:120} INFO - [2025-09-01T05:21:33.036+0000] {taskmixin.py:205} WARNING - Dependency <Task(_PythonDecoratedOperator): log_sql_query>, print_the_context already registered for DAG: example_python_operator
[2025-09-01T05:21:33.037+0000] {logging_mixin.py:120} INFO - [2025-09-01T05:21:33.037+0000] {taskmixin.py:205} WARNING - Dependency <Task(_PythonDecoratedOperator): print_the_context>, log_sql_query already registered for DAG: example_python_operator
[2025-09-01T05:21:33.037+0000] {logging_mixin.py:120} INFO - [2025-09-01T05:21:33.037+0000] {taskmixin.py:205} WARNING - Dependency <Task(_PythonDecoratedOperator): log_sql_query>, print_the_context already registered for DAG: example_python_operator
[2025-09-01T05:21:33.038+0000] {logging_mixin.py:120} INFO - [2025-09-01T05:21:33.038+0000] {taskmixin.py:205} WARNING - Dependency <Task(_PythonDecoratedOperator): print_the_context>, log_sql_query already registered for DAG: example_python_operator
[2025-09-01T05:21:33.038+0000] {logging_mixin.py:120} INFO - [2025-09-01T05:21:33.038+0000] {taskmixin.py:205} WARNING - Dependency <Task(_PythonDecoratedOperator): log_sql_query>, print_the_context already registered for DAG: example_python_operator
[2025-09-01T05:21:33.047+0000] {processor.py:766} INFO - DAG(s) dict_keys(['example_python_operator']) retrieved from /home/airflow/.local/lib/python3.7/site-packages/airflow/example_dags/example_python_operator.py
[2025-09-01T05:21:34.057+0000] {processor.py:179} ERROR - Got an exception! Propagating...
Traceback (most recent call last):
  File "/home/airflow/.local/lib/python3.7/site-packages/sqlalchemy/engine/base.py", line 3243, in _wrap_pool_connect
    return fn()
  File "/home/airflow/.local/lib/python3.7/site-packages/sqlalchemy/pool/base.py", line 310, in connect
    return _ConnectionFairy._checkout(self)
  File "/home/airflow/.local/lib/python3.7/site-packages/sqlalchemy/pool/base.py", line 868, in _checkout
    fairy = _ConnectionRecord.checkout(pool)
  File "/home/airflow/.local/lib/python3.7/site-packages/sqlalchemy/pool/base.py", line 476, in checkout
    rec = pool._do_get()
  File "/home/airflow/.local/lib/python3.7/site-packages/sqlalchemy/pool/impl.py", line 146, in _do_get
    self._dec_overflow()
  File "/home/airflow/.local/lib/python3.7/site-packages/sqlalchemy/util/langhelpers.py", line 72, in __exit__
    with_traceback=exc_tb,
  File "/home/airflow/.local/lib/python3.7/site-packages/sqlalchemy/util/compat.py", line 207, in raise_
    raise exception
  File "/home/airflow/.local/lib/python3.7/site-packages/sqlalchemy/pool/impl.py", line 143, in _do_get
    return self._create_connection()
  File "/home/airflow/.local/lib/python3.7/site-packages/sqlalchemy/pool/base.py", line 256, in _create_connection
    return _ConnectionRecord(self)
  File "/home/airflow/.local/lib/python3.7/site-packages/sqlalchemy/pool/base.py", line 371, in __init__
    self.__connect()
  File "/home/airflow/.local/lib/python3.7/site-packages/sqlalchemy/pool/base.py", line 666, in __connect
    pool.logger.debug("Error on connect(): %s", e)
  File "/home/airflow/.local/lib/python3.7/site-packages/sqlalchemy/util/langhelpers.py", line 72, in __exit__
    with_traceback=exc_tb,
  File "/home/airflow/.local/lib/python3.7/site-packages/sqlalchemy/util/compat.py", line 207, in raise_
    raise exception
  File "/home/airflow/.local/lib/python3.7/site-packages/sqlalchemy/pool/base.py", line 661, in __connect
    self.dbapi_connection = connection = pool._invoke_creator(self)
  File "/home/airflow/.local/lib/python3.7/site-packages/sqlalchemy/engine/create.py", line 590, in connect
    return dialect.connect(*cargs, **cparams)
  File "/home/airflow/.local/lib/python3.7/site-packages/sqlalchemy/engine/default.py", line 584, in connect
    return self.dbapi.connect(*cargs, **cparams)
  File "/home/airflow/.local/lib/python3.7/site-packages/psycopg2/__init__.py", line 122, in connect
    conn = _connect(dsn, connection_factory=connection_factory, **kwasync)
psycopg2.OperationalError: could not translate host name "postgres" to address: Temporary failure in name resolution


The above exception was the direct cause of the following exception:

Traceback (most recent call last):
  File "/home/airflow/.local/lib/python3.7/site-packages/airflow/dag_processing/processor.py", line 175, in _run_file_processor
    _handle_dag_file_processing()
  File "/home/airflow/.local/lib/python3.7/site-packages/airflow/dag_processing/processor.py", line 159, in _handle_dag_file_processing
    callback_requests=callback_requests,
  File "/home/airflow/.local/lib/python3.7/site-packages/airflow/utils/session.py", line 75, in wrapper
    return func(*args, session=session, **kwargs)
  File "/home/airflow/.local/lib/python3.7/site-packages/airflow/dag_processing/processor.py", line 781, in process_file
    dagbag.sync_to_db(processor_subdir=self._dag_directory, session=session)
  File "/home/airflow/.local/lib/python3.7/site-packages/airflow/utils/session.py", line 72, in wrapper
    return func(*args, **kwargs)
  File "/home/airflow/.local/lib/python3.7/site-packages/airflow/models/dagbag.py", line 644, in sync_to_db
    for attempt in run_with_db_retries(logger=self.log):
  File "/home/airflow/.local/lib/python3.7/site-packages/tenacity/__init__.py", line 384, in __iter__
    do = self.iter(retry_state=retry_state)
  File "/home/airflow/.local/lib/python3.7/site-packages/tenacity/__init__.py", line 362, in iter
    raise retry_exc.reraise()
  File "/home/airflow/.local/lib/python3.7/site-packages/tenacity/__init__.py", line 195, in reraise
    raise self.last_attempt.result()
  File "/usr/local/lib/python3.7/concurrent/futures/_base.py", line 428, in result
    return self.__get_result()
  File "/usr/local/lib/python3.7/concurrent/futures/_base.py", line 384, in __get_result
    raise self._exception
  File "/home/airflow/.local/lib/python3.7/site-packages/airflow/models/dagbag.py", line 656, in sync_to_db
    serialize_errors.extend(_serialize_dag_capturing_errors(dag, session))
  File "/home/airflow/.local/lib/python3.7/site-packages/airflow/models/dagbag.py", line 630, in _serialize_dag_capturing_errors
    session=session,
  File "/home/airflow/.local/lib/python3.7/site-packages/airflow/utils/session.py", line 72, in wrapper
    return func(*args, **kwargs)
  File "/home/airflow/.local/lib/python3.7/site-packages/airflow/models/serialized_dag.py", line 150, in write_dag
    (timezone.utcnow() - timedelta(seconds=min_update_interval)) < cls.last_updated,
  File "/home/airflow/.local/lib/python3.7/site-packages/sqlalchemy/orm/query.py", line 2810, in first
    return self.limit(1)._iter().first()
  File "/home/airflow/.local/lib/python3.7/site-packages/sqlalchemy/orm/query.py", line 2897, in _iter
    execution_options={"_sa_orm_load_options": self.load_options},
  File "/home/airflow/.local/lib/python3.7/site-packages/sqlalchemy/orm/session.py", line 1688, in execute
    conn = self._connection_for_bind(bind)
  File "/home/airflow/.local/lib/python3.7/site-packages/sqlalchemy/orm/session.py", line 1530, in _connection_for_bind
    engine, execution_options
  File "/home/airflow/.local/lib/python3.7/site-packages/sqlalchemy/orm/session.py", line 747, in _connection_for_bind
    conn = bind.connect()
  File "/home/airflow/.local/lib/python3.7/site-packages/sqlalchemy/engine/base.py", line 3197, in connect
    return self._connection_cls(self, close_with_result=close_with_result)
  File "/home/airflow/.local/lib/python3.7/site-packages/sqlalchemy/engine/base.py", line 96, in __init__
    else engine.raw_connection()
  File "/home/airflow/.local/lib/python3.7/site-packages/sqlalchemy/engine/base.py", line 3276, in raw_connection
    return self._wrap_pool_connect(self.pool.connect, _connection)
  File "/home/airflow/.local/lib/python3.7/site-packages/sqlalchemy/engine/base.py", line 3247, in _wrap_pool_connect
    e, dialect, self
  File "/home/airflow/.local/lib/python3.7/site-packages/sqlalchemy/engine/base.py", line 2101, in _handle_dbapi_exception_noconnection
    sqlalchemy_exception, with_traceback=exc_info[2], from_=e
  File "/home/airflow/.local/lib/python3.7/site-packages/sqlalchemy/util/compat.py", line 207, in raise_
    raise exception
  File "/home/airflow/.local/lib/python3.7/site-packages/sqlalchemy/engine/base.py", line 3243, in _wrap_pool_connect
    return fn()
  File "/home/airflow/.local/lib/python3.7/site-packages/sqlalchemy/pool/base.py", line 310, in connect
    return _ConnectionFairy._checkout(self)
  File "/home/airflow/.local/lib/python3.7/site-packages/sqlalchemy/pool/base.py", line 868, in _checkout
    fairy = _ConnectionRecord.checkout(pool)
  File "/home/airflow/.local/lib/python3.7/site-packages/sqlalchemy/pool/base.py", line 476, in checkout
    rec = pool._do_get()
  File "/home/airflow/.local/lib/python3.7/site-packages/sqlalchemy/pool/impl.py", line 146, in _do_get
    self._dec_overflow()
  File "/home/airflow/.local/lib/python3.7/site-packages/sqlalchemy/util/langhelpers.py", line 72, in __exit__
    with_traceback=exc_tb,
  File "/home/airflow/.local/lib/python3.7/site-packages/sqlalchemy/util/compat.py", line 207, in raise_
    raise exception
  File "/home/airflow/.local/lib/python3.7/site-packages/sqlalchemy/pool/impl.py", line 143, in _do_get
    return self._create_connection()
  File "/home/airflow/.local/lib/python3.7/site-packages/sqlalchemy/pool/base.py", line 256, in _create_connection
    return _ConnectionRecord(self)
  File "/home/airflow/.local/lib/python3.7/site-packages/sqlalchemy/pool/base.py", line 371, in __init__
    self.__connect()
  File "/home/airflow/.local/lib/python3.7/site-packages/sqlalchemy/pool/base.py", line 666, in __connect
    pool.logger.debug("Error on connect(): %s", e)
  File "/home/airflow/.local/lib/python3.7/site-packages/sqlalchemy/util/langhelpers.py", line 72, in __exit__
    with_traceback=exc_tb,
  File "/home/airflow/.local/lib/python3.7/site-packages/sqlalchemy/util/compat.py", line 207, in raise_
    raise exception
  File "/home/airflow/.local/lib/python3.7/site-packages/sqlalchemy/pool/base.py", line 661, in __connect
    self.dbapi_connection = connection = pool._invoke_creator(self)
  File "/home/airflow/.local/lib/python3.7/site-packages/sqlalchemy/engine/create.py", line 590, in connect
    return dialect.connect(*cargs, **cparams)
  File "/home/airflow/.local/lib/python3.7/site-packages/sqlalchemy/engine/default.py", line 584, in connect
    return self.dbapi.connect(*cargs, **cparams)
  File "/home/airflow/.local/lib/python3.7/site-packages/psycopg2/__init__.py", line 122, in connect
    conn = _connect(dsn, connection_factory=connection_factory, **kwasync)
sqlalchemy.exc.OperationalError: (psycopg2.OperationalError) could not translate host name "postgres" to address: Temporary failure in name resolution

(Background on this error at: https://sqlalche.me/e/14/e3q8)
