[2025-09-01T05:03:13.807+0000] {processor.py:154} INFO - Started process (PID=106) to work on /home/airflow/.local/lib/python3.7/site-packages/airflow/example_dags/example_short_circuit_operator.py
[2025-09-01T05:03:13.809+0000] {processor.py:756} INFO - Processing file /home/airflow/.local/lib/python3.7/site-packages/airflow/example_dags/example_short_circuit_operator.py for tasks to queue
[2025-09-01T05:03:13.810+0000] {logging_mixin.py:120} INFO - [2025-09-01T05:03:13.810+0000] {dagbag.py:537} INFO - Filling up the DagBag from /home/airflow/.local/lib/python3.7/site-packages/airflow/example_dags/example_short_circuit_operator.py
[2025-09-01T05:03:13.881+0000] {processor.py:766} INFO - DAG(s) dict_keys(['example_short_circuit_operator']) retrieved from /home/airflow/.local/lib/python3.7/site-packages/airflow/example_dags/example_short_circuit_operator.py
[2025-09-01T05:03:13.965+0000] {logging_mixin.py:120} INFO - [2025-09-01T05:03:13.965+0000] {dag.py:2585} INFO - Sync 1 DAGs
[2025-09-01T05:03:14.014+0000] {logging_mixin.py:120} INFO - [2025-09-01T05:03:14.013+0000] {dag.py:3340} INFO - Setting next_dagrun for example_short_circuit_operator to 2025-08-31T05:03:14.013369+00:00, run_after=2025-09-01T05:03:14.013369+00:00
[2025-09-01T05:03:14.102+0000] {processor.py:176} INFO - Processing /home/airflow/.local/lib/python3.7/site-packages/airflow/example_dags/example_short_circuit_operator.py took 0.304 seconds
[2025-09-01T05:03:44.251+0000] {processor.py:154} INFO - Started process (PID=183) to work on /home/airflow/.local/lib/python3.7/site-packages/airflow/example_dags/example_short_circuit_operator.py
[2025-09-01T05:03:44.253+0000] {processor.py:756} INFO - Processing file /home/airflow/.local/lib/python3.7/site-packages/airflow/example_dags/example_short_circuit_operator.py for tasks to queue
[2025-09-01T05:03:44.253+0000] {logging_mixin.py:120} INFO - [2025-09-01T05:03:44.253+0000] {dagbag.py:537} INFO - Filling up the DagBag from /home/airflow/.local/lib/python3.7/site-packages/airflow/example_dags/example_short_circuit_operator.py
[2025-09-01T05:03:44.266+0000] {processor.py:766} INFO - DAG(s) dict_keys(['example_short_circuit_operator']) retrieved from /home/airflow/.local/lib/python3.7/site-packages/airflow/example_dags/example_short_circuit_operator.py
[2025-09-01T05:03:44.305+0000] {logging_mixin.py:120} INFO - [2025-09-01T05:03:44.304+0000] {dag.py:2585} INFO - Sync 1 DAGs
[2025-09-01T05:03:44.326+0000] {logging_mixin.py:120} INFO - [2025-09-01T05:03:44.326+0000] {dag.py:3340} INFO - Setting next_dagrun for example_short_circuit_operator to 2025-08-31T05:03:44.325765+00:00, run_after=2025-09-01T05:03:44.325765+00:00
[2025-09-01T05:03:44.347+0000] {processor.py:176} INFO - Processing /home/airflow/.local/lib/python3.7/site-packages/airflow/example_dags/example_short_circuit_operator.py took 0.099 seconds
[2025-09-01T05:04:18.312+0000] {processor.py:154} INFO - Started process (PID=251) to work on /home/airflow/.local/lib/python3.7/site-packages/airflow/example_dags/example_short_circuit_operator.py
[2025-09-01T05:04:18.314+0000] {processor.py:756} INFO - Processing file /home/airflow/.local/lib/python3.7/site-packages/airflow/example_dags/example_short_circuit_operator.py for tasks to queue
[2025-09-01T05:04:18.316+0000] {logging_mixin.py:120} INFO - [2025-09-01T05:04:18.315+0000] {dagbag.py:537} INFO - Filling up the DagBag from /home/airflow/.local/lib/python3.7/site-packages/airflow/example_dags/example_short_circuit_operator.py
[2025-09-01T05:04:18.360+0000] {processor.py:766} INFO - DAG(s) dict_keys(['example_short_circuit_operator']) retrieved from /home/airflow/.local/lib/python3.7/site-packages/airflow/example_dags/example_short_circuit_operator.py
[2025-09-01T05:04:18.440+0000] {logging_mixin.py:120} INFO - [2025-09-01T05:04:18.440+0000] {dag.py:2585} INFO - Sync 1 DAGs
[2025-09-01T05:04:18.500+0000] {logging_mixin.py:120} INFO - [2025-09-01T05:04:18.499+0000] {dag.py:3340} INFO - Setting next_dagrun for example_short_circuit_operator to 2025-08-31T05:04:18.499359+00:00, run_after=2025-09-01T05:04:18.499359+00:00
[2025-09-01T05:04:18.552+0000] {processor.py:176} INFO - Processing /home/airflow/.local/lib/python3.7/site-packages/airflow/example_dags/example_short_circuit_operator.py took 0.248 seconds
[2025-09-01T05:04:48.889+0000] {processor.py:154} INFO - Started process (PID=310) to work on /home/airflow/.local/lib/python3.7/site-packages/airflow/example_dags/example_short_circuit_operator.py
[2025-09-01T05:04:48.890+0000] {processor.py:756} INFO - Processing file /home/airflow/.local/lib/python3.7/site-packages/airflow/example_dags/example_short_circuit_operator.py for tasks to queue
[2025-09-01T05:04:48.891+0000] {logging_mixin.py:120} INFO - [2025-09-01T05:04:48.891+0000] {dagbag.py:537} INFO - Filling up the DagBag from /home/airflow/.local/lib/python3.7/site-packages/airflow/example_dags/example_short_circuit_operator.py
[2025-09-01T05:04:48.910+0000] {processor.py:766} INFO - DAG(s) dict_keys(['example_short_circuit_operator']) retrieved from /home/airflow/.local/lib/python3.7/site-packages/airflow/example_dags/example_short_circuit_operator.py
[2025-09-01T05:04:48.944+0000] {logging_mixin.py:120} INFO - [2025-09-01T05:04:48.944+0000] {dag.py:2585} INFO - Sync 1 DAGs
[2025-09-01T05:04:48.965+0000] {logging_mixin.py:120} INFO - [2025-09-01T05:04:48.965+0000] {dag.py:3340} INFO - Setting next_dagrun for example_short_circuit_operator to 2025-08-31T05:04:48.965058+00:00, run_after=2025-09-01T05:04:48.965058+00:00
[2025-09-01T05:04:48.984+0000] {processor.py:176} INFO - Processing /home/airflow/.local/lib/python3.7/site-packages/airflow/example_dags/example_short_circuit_operator.py took 0.097 seconds
[2025-09-01T05:05:19.279+0000] {processor.py:154} INFO - Started process (PID=378) to work on /home/airflow/.local/lib/python3.7/site-packages/airflow/example_dags/example_short_circuit_operator.py
[2025-09-01T05:05:19.280+0000] {processor.py:756} INFO - Processing file /home/airflow/.local/lib/python3.7/site-packages/airflow/example_dags/example_short_circuit_operator.py for tasks to queue
[2025-09-01T05:05:19.281+0000] {logging_mixin.py:120} INFO - [2025-09-01T05:05:19.281+0000] {dagbag.py:537} INFO - Filling up the DagBag from /home/airflow/.local/lib/python3.7/site-packages/airflow/example_dags/example_short_circuit_operator.py
[2025-09-01T05:05:19.299+0000] {processor.py:766} INFO - DAG(s) dict_keys(['example_short_circuit_operator']) retrieved from /home/airflow/.local/lib/python3.7/site-packages/airflow/example_dags/example_short_circuit_operator.py
[2025-09-01T05:05:19.339+0000] {logging_mixin.py:120} INFO - [2025-09-01T05:05:19.339+0000] {dag.py:2585} INFO - Sync 1 DAGs
[2025-09-01T05:05:19.362+0000] {logging_mixin.py:120} INFO - [2025-09-01T05:05:19.362+0000] {dag.py:3340} INFO - Setting next_dagrun for example_short_circuit_operator to 2025-08-31T05:05:19.361946+00:00, run_after=2025-09-01T05:05:19.361946+00:00
[2025-09-01T05:05:19.382+0000] {processor.py:176} INFO - Processing /home/airflow/.local/lib/python3.7/site-packages/airflow/example_dags/example_short_circuit_operator.py took 0.106 seconds
[2025-09-01T05:05:49.871+0000] {processor.py:154} INFO - Started process (PID=447) to work on /home/airflow/.local/lib/python3.7/site-packages/airflow/example_dags/example_short_circuit_operator.py
[2025-09-01T05:05:49.872+0000] {processor.py:756} INFO - Processing file /home/airflow/.local/lib/python3.7/site-packages/airflow/example_dags/example_short_circuit_operator.py for tasks to queue
[2025-09-01T05:05:49.873+0000] {logging_mixin.py:120} INFO - [2025-09-01T05:05:49.873+0000] {dagbag.py:537} INFO - Filling up the DagBag from /home/airflow/.local/lib/python3.7/site-packages/airflow/example_dags/example_short_circuit_operator.py
[2025-09-01T05:05:49.905+0000] {processor.py:766} INFO - DAG(s) dict_keys(['example_short_circuit_operator']) retrieved from /home/airflow/.local/lib/python3.7/site-packages/airflow/example_dags/example_short_circuit_operator.py
[2025-09-01T05:05:49.942+0000] {logging_mixin.py:120} INFO - [2025-09-01T05:05:49.942+0000] {dag.py:2585} INFO - Sync 1 DAGs
[2025-09-01T05:05:49.962+0000] {logging_mixin.py:120} INFO - [2025-09-01T05:05:49.962+0000] {dag.py:3340} INFO - Setting next_dagrun for example_short_circuit_operator to 2025-08-31T05:05:49.961855+00:00, run_after=2025-09-01T05:05:49.961855+00:00
[2025-09-01T05:05:49.982+0000] {processor.py:176} INFO - Processing /home/airflow/.local/lib/python3.7/site-packages/airflow/example_dags/example_short_circuit_operator.py took 0.115 seconds
[2025-09-01T05:06:20.824+0000] {processor.py:154} INFO - Started process (PID=515) to work on /home/airflow/.local/lib/python3.7/site-packages/airflow/example_dags/example_short_circuit_operator.py
[2025-09-01T05:06:20.825+0000] {processor.py:756} INFO - Processing file /home/airflow/.local/lib/python3.7/site-packages/airflow/example_dags/example_short_circuit_operator.py for tasks to queue
[2025-09-01T05:06:20.826+0000] {logging_mixin.py:120} INFO - [2025-09-01T05:06:20.826+0000] {dagbag.py:537} INFO - Filling up the DagBag from /home/airflow/.local/lib/python3.7/site-packages/airflow/example_dags/example_short_circuit_operator.py
[2025-09-01T05:06:20.845+0000] {processor.py:766} INFO - DAG(s) dict_keys(['example_short_circuit_operator']) retrieved from /home/airflow/.local/lib/python3.7/site-packages/airflow/example_dags/example_short_circuit_operator.py
[2025-09-01T05:06:20.886+0000] {logging_mixin.py:120} INFO - [2025-09-01T05:06:20.886+0000] {dag.py:2585} INFO - Sync 1 DAGs
[2025-09-01T05:06:20.910+0000] {logging_mixin.py:120} INFO - [2025-09-01T05:06:20.910+0000] {dag.py:3340} INFO - Setting next_dagrun for example_short_circuit_operator to 2025-08-31T05:06:20.909914+00:00, run_after=2025-09-01T05:06:20.909914+00:00
[2025-09-01T05:06:20.931+0000] {processor.py:176} INFO - Processing /home/airflow/.local/lib/python3.7/site-packages/airflow/example_dags/example_short_circuit_operator.py took 0.111 seconds
[2025-09-01T05:06:52.728+0000] {processor.py:154} INFO - Started process (PID=573) to work on /home/airflow/.local/lib/python3.7/site-packages/airflow/example_dags/example_short_circuit_operator.py
[2025-09-01T05:06:52.729+0000] {processor.py:756} INFO - Processing file /home/airflow/.local/lib/python3.7/site-packages/airflow/example_dags/example_short_circuit_operator.py for tasks to queue
[2025-09-01T05:06:52.732+0000] {logging_mixin.py:120} INFO - [2025-09-01T05:06:52.731+0000] {dagbag.py:537} INFO - Filling up the DagBag from /home/airflow/.local/lib/python3.7/site-packages/airflow/example_dags/example_short_circuit_operator.py
[2025-09-01T05:06:52.758+0000] {processor.py:766} INFO - DAG(s) dict_keys(['example_short_circuit_operator']) retrieved from /home/airflow/.local/lib/python3.7/site-packages/airflow/example_dags/example_short_circuit_operator.py
[2025-09-01T05:06:52.824+0000] {logging_mixin.py:120} INFO - [2025-09-01T05:06:52.823+0000] {dag.py:2585} INFO - Sync 1 DAGs
[2025-09-01T05:06:52.864+0000] {logging_mixin.py:120} INFO - [2025-09-01T05:06:52.864+0000] {dag.py:3340} INFO - Setting next_dagrun for example_short_circuit_operator to 2025-08-31T05:06:52.863879+00:00, run_after=2025-09-01T05:06:52.863879+00:00
[2025-09-01T05:06:52.897+0000] {processor.py:176} INFO - Processing /home/airflow/.local/lib/python3.7/site-packages/airflow/example_dags/example_short_circuit_operator.py took 0.176 seconds
[2025-09-01T05:07:24.300+0000] {processor.py:154} INFO - Started process (PID=641) to work on /home/airflow/.local/lib/python3.7/site-packages/airflow/example_dags/example_short_circuit_operator.py
[2025-09-01T05:07:24.301+0000] {processor.py:756} INFO - Processing file /home/airflow/.local/lib/python3.7/site-packages/airflow/example_dags/example_short_circuit_operator.py for tasks to queue
[2025-09-01T05:07:24.302+0000] {logging_mixin.py:120} INFO - [2025-09-01T05:07:24.302+0000] {dagbag.py:537} INFO - Filling up the DagBag from /home/airflow/.local/lib/python3.7/site-packages/airflow/example_dags/example_short_circuit_operator.py
[2025-09-01T05:07:24.330+0000] {processor.py:766} INFO - DAG(s) dict_keys(['example_short_circuit_operator']) retrieved from /home/airflow/.local/lib/python3.7/site-packages/airflow/example_dags/example_short_circuit_operator.py
[2025-09-01T05:07:24.392+0000] {logging_mixin.py:120} INFO - [2025-09-01T05:07:24.392+0000] {dag.py:2585} INFO - Sync 1 DAGs
[2025-09-01T05:07:24.433+0000] {logging_mixin.py:120} INFO - [2025-09-01T05:07:24.432+0000] {dag.py:3340} INFO - Setting next_dagrun for example_short_circuit_operator to 2025-08-31T05:07:24.432565+00:00, run_after=2025-09-01T05:07:24.432565+00:00
[2025-09-01T05:07:24.465+0000] {processor.py:176} INFO - Processing /home/airflow/.local/lib/python3.7/site-packages/airflow/example_dags/example_short_circuit_operator.py took 0.172 seconds
[2025-09-01T05:07:55.681+0000] {processor.py:154} INFO - Started process (PID=707) to work on /home/airflow/.local/lib/python3.7/site-packages/airflow/example_dags/example_short_circuit_operator.py
[2025-09-01T05:07:55.683+0000] {processor.py:756} INFO - Processing file /home/airflow/.local/lib/python3.7/site-packages/airflow/example_dags/example_short_circuit_operator.py for tasks to queue
[2025-09-01T05:07:55.684+0000] {logging_mixin.py:120} INFO - [2025-09-01T05:07:55.683+0000] {dagbag.py:537} INFO - Filling up the DagBag from /home/airflow/.local/lib/python3.7/site-packages/airflow/example_dags/example_short_circuit_operator.py
[2025-09-01T05:07:55.704+0000] {processor.py:766} INFO - DAG(s) dict_keys(['example_short_circuit_operator']) retrieved from /home/airflow/.local/lib/python3.7/site-packages/airflow/example_dags/example_short_circuit_operator.py
[2025-09-01T05:07:55.754+0000] {logging_mixin.py:120} INFO - [2025-09-01T05:07:55.754+0000] {dag.py:2585} INFO - Sync 1 DAGs
[2025-09-01T05:07:55.789+0000] {logging_mixin.py:120} INFO - [2025-09-01T05:07:55.789+0000] {dag.py:3340} INFO - Setting next_dagrun for example_short_circuit_operator to 2025-08-31T05:07:55.788883+00:00, run_after=2025-09-01T05:07:55.788883+00:00
[2025-09-01T05:07:55.812+0000] {processor.py:176} INFO - Processing /home/airflow/.local/lib/python3.7/site-packages/airflow/example_dags/example_short_circuit_operator.py took 0.138 seconds
[2025-09-01T05:08:27.498+0000] {processor.py:154} INFO - Started process (PID=773) to work on /home/airflow/.local/lib/python3.7/site-packages/airflow/example_dags/example_short_circuit_operator.py
[2025-09-01T05:08:27.502+0000] {processor.py:756} INFO - Processing file /home/airflow/.local/lib/python3.7/site-packages/airflow/example_dags/example_short_circuit_operator.py for tasks to queue
[2025-09-01T05:08:27.503+0000] {logging_mixin.py:120} INFO - [2025-09-01T05:08:27.503+0000] {dagbag.py:537} INFO - Filling up the DagBag from /home/airflow/.local/lib/python3.7/site-packages/airflow/example_dags/example_short_circuit_operator.py
[2025-09-01T05:08:27.537+0000] {processor.py:766} INFO - DAG(s) dict_keys(['example_short_circuit_operator']) retrieved from /home/airflow/.local/lib/python3.7/site-packages/airflow/example_dags/example_short_circuit_operator.py
[2025-09-01T05:08:27.619+0000] {logging_mixin.py:120} INFO - [2025-09-01T05:08:27.618+0000] {dag.py:2585} INFO - Sync 1 DAGs
[2025-09-01T05:08:27.658+0000] {logging_mixin.py:120} INFO - [2025-09-01T05:08:27.658+0000] {dag.py:3340} INFO - Setting next_dagrun for example_short_circuit_operator to 2025-08-31T05:08:27.658111+00:00, run_after=2025-09-01T05:08:27.658111+00:00
[2025-09-01T05:08:27.735+0000] {processor.py:176} INFO - Processing /home/airflow/.local/lib/python3.7/site-packages/airflow/example_dags/example_short_circuit_operator.py took 0.244 seconds
[2025-09-01T05:08:57.873+0000] {processor.py:154} INFO - Started process (PID=833) to work on /home/airflow/.local/lib/python3.7/site-packages/airflow/example_dags/example_short_circuit_operator.py
[2025-09-01T05:08:57.875+0000] {processor.py:756} INFO - Processing file /home/airflow/.local/lib/python3.7/site-packages/airflow/example_dags/example_short_circuit_operator.py for tasks to queue
[2025-09-01T05:08:57.876+0000] {logging_mixin.py:120} INFO - [2025-09-01T05:08:57.876+0000] {dagbag.py:537} INFO - Filling up the DagBag from /home/airflow/.local/lib/python3.7/site-packages/airflow/example_dags/example_short_circuit_operator.py
[2025-09-01T05:08:57.901+0000] {processor.py:766} INFO - DAG(s) dict_keys(['example_short_circuit_operator']) retrieved from /home/airflow/.local/lib/python3.7/site-packages/airflow/example_dags/example_short_circuit_operator.py
[2025-09-01T05:08:57.962+0000] {logging_mixin.py:120} INFO - [2025-09-01T05:08:57.961+0000] {dag.py:2585} INFO - Sync 1 DAGs
[2025-09-01T05:08:57.993+0000] {logging_mixin.py:120} INFO - [2025-09-01T05:08:57.992+0000] {dag.py:3340} INFO - Setting next_dagrun for example_short_circuit_operator to 2025-08-31T05:08:57.992532+00:00, run_after=2025-09-01T05:08:57.992532+00:00
[2025-09-01T05:08:58.016+0000] {processor.py:176} INFO - Processing /home/airflow/.local/lib/python3.7/site-packages/airflow/example_dags/example_short_circuit_operator.py took 0.147 seconds
[2025-09-01T05:09:29.159+0000] {processor.py:154} INFO - Started process (PID=901) to work on /home/airflow/.local/lib/python3.7/site-packages/airflow/example_dags/example_short_circuit_operator.py
[2025-09-01T05:09:29.161+0000] {processor.py:756} INFO - Processing file /home/airflow/.local/lib/python3.7/site-packages/airflow/example_dags/example_short_circuit_operator.py for tasks to queue
[2025-09-01T05:09:29.162+0000] {logging_mixin.py:120} INFO - [2025-09-01T05:09:29.162+0000] {dagbag.py:537} INFO - Filling up the DagBag from /home/airflow/.local/lib/python3.7/site-packages/airflow/example_dags/example_short_circuit_operator.py
[2025-09-01T05:09:29.191+0000] {processor.py:766} INFO - DAG(s) dict_keys(['example_short_circuit_operator']) retrieved from /home/airflow/.local/lib/python3.7/site-packages/airflow/example_dags/example_short_circuit_operator.py
[2025-09-01T05:09:29.249+0000] {logging_mixin.py:120} INFO - [2025-09-01T05:09:29.248+0000] {dag.py:2585} INFO - Sync 1 DAGs
[2025-09-01T05:09:29.296+0000] {logging_mixin.py:120} INFO - [2025-09-01T05:09:29.295+0000] {dag.py:3340} INFO - Setting next_dagrun for example_short_circuit_operator to 2025-08-31T05:09:29.295214+00:00, run_after=2025-09-01T05:09:29.295214+00:00
[2025-09-01T05:09:29.325+0000] {processor.py:176} INFO - Processing /home/airflow/.local/lib/python3.7/site-packages/airflow/example_dags/example_short_circuit_operator.py took 0.172 seconds
[2025-09-01T05:09:59.984+0000] {processor.py:154} INFO - Started process (PID=960) to work on /home/airflow/.local/lib/python3.7/site-packages/airflow/example_dags/example_short_circuit_operator.py
[2025-09-01T05:09:59.986+0000] {processor.py:756} INFO - Processing file /home/airflow/.local/lib/python3.7/site-packages/airflow/example_dags/example_short_circuit_operator.py for tasks to queue
[2025-09-01T05:09:59.987+0000] {logging_mixin.py:120} INFO - [2025-09-01T05:09:59.987+0000] {dagbag.py:537} INFO - Filling up the DagBag from /home/airflow/.local/lib/python3.7/site-packages/airflow/example_dags/example_short_circuit_operator.py
[2025-09-01T05:10:00.010+0000] {processor.py:766} INFO - DAG(s) dict_keys(['example_short_circuit_operator']) retrieved from /home/airflow/.local/lib/python3.7/site-packages/airflow/example_dags/example_short_circuit_operator.py
[2025-09-01T05:10:00.071+0000] {logging_mixin.py:120} INFO - [2025-09-01T05:10:00.071+0000] {dag.py:2585} INFO - Sync 1 DAGs
[2025-09-01T05:10:00.104+0000] {logging_mixin.py:120} INFO - [2025-09-01T05:10:00.104+0000] {dag.py:3340} INFO - Setting next_dagrun for example_short_circuit_operator to 2025-08-31T05:10:00.103776+00:00, run_after=2025-09-01T05:10:00.103776+00:00
[2025-09-01T05:10:00.127+0000] {processor.py:176} INFO - Processing /home/airflow/.local/lib/python3.7/site-packages/airflow/example_dags/example_short_circuit_operator.py took 0.148 seconds
[2025-09-01T05:10:32.186+0000] {processor.py:154} INFO - Started process (PID=1028) to work on /home/airflow/.local/lib/python3.7/site-packages/airflow/example_dags/example_short_circuit_operator.py
[2025-09-01T05:10:32.188+0000] {processor.py:756} INFO - Processing file /home/airflow/.local/lib/python3.7/site-packages/airflow/example_dags/example_short_circuit_operator.py for tasks to queue
[2025-09-01T05:10:32.189+0000] {logging_mixin.py:120} INFO - [2025-09-01T05:10:32.189+0000] {dagbag.py:537} INFO - Filling up the DagBag from /home/airflow/.local/lib/python3.7/site-packages/airflow/example_dags/example_short_circuit_operator.py
[2025-09-01T05:10:32.218+0000] {processor.py:766} INFO - DAG(s) dict_keys(['example_short_circuit_operator']) retrieved from /home/airflow/.local/lib/python3.7/site-packages/airflow/example_dags/example_short_circuit_operator.py
[2025-09-01T05:10:32.279+0000] {logging_mixin.py:120} INFO - [2025-09-01T05:10:32.279+0000] {dag.py:2585} INFO - Sync 1 DAGs
[2025-09-01T05:10:32.316+0000] {logging_mixin.py:120} INFO - [2025-09-01T05:10:32.315+0000] {dag.py:3340} INFO - Setting next_dagrun for example_short_circuit_operator to 2025-08-31T05:10:32.315305+00:00, run_after=2025-09-01T05:10:32.315305+00:00
[2025-09-01T05:10:32.342+0000] {processor.py:176} INFO - Processing /home/airflow/.local/lib/python3.7/site-packages/airflow/example_dags/example_short_circuit_operator.py took 0.163 seconds
[2025-09-01T05:11:04.240+0000] {processor.py:154} INFO - Started process (PID=1096) to work on /home/airflow/.local/lib/python3.7/site-packages/airflow/example_dags/example_short_circuit_operator.py
[2025-09-01T05:11:04.242+0000] {processor.py:756} INFO - Processing file /home/airflow/.local/lib/python3.7/site-packages/airflow/example_dags/example_short_circuit_operator.py for tasks to queue
[2025-09-01T05:11:04.244+0000] {logging_mixin.py:120} INFO - [2025-09-01T05:11:04.243+0000] {dagbag.py:537} INFO - Filling up the DagBag from /home/airflow/.local/lib/python3.7/site-packages/airflow/example_dags/example_short_circuit_operator.py
[2025-09-01T05:11:04.275+0000] {processor.py:766} INFO - DAG(s) dict_keys(['example_short_circuit_operator']) retrieved from /home/airflow/.local/lib/python3.7/site-packages/airflow/example_dags/example_short_circuit_operator.py
[2025-09-01T05:11:04.337+0000] {logging_mixin.py:120} INFO - [2025-09-01T05:11:04.337+0000] {dag.py:2585} INFO - Sync 1 DAGs
[2025-09-01T05:11:04.369+0000] {logging_mixin.py:120} INFO - [2025-09-01T05:11:04.369+0000] {dag.py:3340} INFO - Setting next_dagrun for example_short_circuit_operator to 2025-08-31T05:11:04.369268+00:00, run_after=2025-09-01T05:11:04.369268+00:00
[2025-09-01T05:11:04.406+0000] {processor.py:176} INFO - Processing /home/airflow/.local/lib/python3.7/site-packages/airflow/example_dags/example_short_circuit_operator.py took 0.172 seconds
[2025-09-01T05:11:34.943+0000] {processor.py:154} INFO - Started process (PID=1164) to work on /home/airflow/.local/lib/python3.7/site-packages/airflow/example_dags/example_short_circuit_operator.py
[2025-09-01T05:11:34.944+0000] {processor.py:756} INFO - Processing file /home/airflow/.local/lib/python3.7/site-packages/airflow/example_dags/example_short_circuit_operator.py for tasks to queue
[2025-09-01T05:11:34.944+0000] {logging_mixin.py:120} INFO - [2025-09-01T05:11:34.944+0000] {dagbag.py:537} INFO - Filling up the DagBag from /home/airflow/.local/lib/python3.7/site-packages/airflow/example_dags/example_short_circuit_operator.py
[2025-09-01T05:11:34.960+0000] {processor.py:766} INFO - DAG(s) dict_keys(['example_short_circuit_operator']) retrieved from /home/airflow/.local/lib/python3.7/site-packages/airflow/example_dags/example_short_circuit_operator.py
[2025-09-01T05:11:35.001+0000] {logging_mixin.py:120} INFO - [2025-09-01T05:11:35.001+0000] {dag.py:2585} INFO - Sync 1 DAGs
[2025-09-01T05:11:35.026+0000] {logging_mixin.py:120} INFO - [2025-09-01T05:11:35.026+0000] {dag.py:3340} INFO - Setting next_dagrun for example_short_circuit_operator to 2025-08-31T05:11:35.026497+00:00, run_after=2025-09-01T05:11:35.026497+00:00
[2025-09-01T05:11:35.048+0000] {processor.py:176} INFO - Processing /home/airflow/.local/lib/python3.7/site-packages/airflow/example_dags/example_short_circuit_operator.py took 0.108 seconds
[2025-09-01T05:12:05.724+0000] {processor.py:154} INFO - Started process (PID=1223) to work on /home/airflow/.local/lib/python3.7/site-packages/airflow/example_dags/example_short_circuit_operator.py
[2025-09-01T05:12:05.725+0000] {processor.py:756} INFO - Processing file /home/airflow/.local/lib/python3.7/site-packages/airflow/example_dags/example_short_circuit_operator.py for tasks to queue
[2025-09-01T05:12:05.725+0000] {logging_mixin.py:120} INFO - [2025-09-01T05:12:05.725+0000] {dagbag.py:537} INFO - Filling up the DagBag from /home/airflow/.local/lib/python3.7/site-packages/airflow/example_dags/example_short_circuit_operator.py
[2025-09-01T05:12:05.742+0000] {processor.py:766} INFO - DAG(s) dict_keys(['example_short_circuit_operator']) retrieved from /home/airflow/.local/lib/python3.7/site-packages/airflow/example_dags/example_short_circuit_operator.py
[2025-09-01T05:12:05.778+0000] {logging_mixin.py:120} INFO - [2025-09-01T05:12:05.778+0000] {dag.py:2585} INFO - Sync 1 DAGs
[2025-09-01T05:12:05.801+0000] {logging_mixin.py:120} INFO - [2025-09-01T05:12:05.800+0000] {dag.py:3340} INFO - Setting next_dagrun for example_short_circuit_operator to 2025-08-31T05:12:05.800585+00:00, run_after=2025-09-01T05:12:05.800585+00:00
[2025-09-01T05:12:05.801+0000] {processor.py:176} INFO - Processing /home/airflow/.local/lib/python3.7/site-packages/airflow/example_dags/example_short_circuit_operator.py took 0.101 seconds
[2025-09-01T05:12:39.142+0000] {processor.py:154} INFO - Started process (PID=1292) to work on /home/airflow/.local/lib/python3.7/site-packages/airflow/example_dags/example_short_circuit_operator.py
[2025-09-01T05:12:39.144+0000] {processor.py:756} INFO - Processing file /home/airflow/.local/lib/python3.7/site-packages/airflow/example_dags/example_short_circuit_operator.py for tasks to queue
[2025-09-01T05:12:39.145+0000] {logging_mixin.py:120} INFO - [2025-09-01T05:12:39.145+0000] {dagbag.py:537} INFO - Filling up the DagBag from /home/airflow/.local/lib/python3.7/site-packages/airflow/example_dags/example_short_circuit_operator.py
[2025-09-01T05:12:39.184+0000] {processor.py:766} INFO - DAG(s) dict_keys(['example_short_circuit_operator']) retrieved from /home/airflow/.local/lib/python3.7/site-packages/airflow/example_dags/example_short_circuit_operator.py
[2025-09-01T05:12:39.269+0000] {logging_mixin.py:120} INFO - [2025-09-01T05:12:39.269+0000] {dag.py:2585} INFO - Sync 1 DAGs
[2025-09-01T05:12:39.316+0000] {logging_mixin.py:120} INFO - [2025-09-01T05:12:39.316+0000] {dag.py:3340} INFO - Setting next_dagrun for example_short_circuit_operator to 2025-08-31T05:12:39.315624+00:00, run_after=2025-09-01T05:12:39.315624+00:00
[2025-09-01T05:12:39.350+0000] {processor.py:176} INFO - Processing /home/airflow/.local/lib/python3.7/site-packages/airflow/example_dags/example_short_circuit_operator.py took 0.217 seconds
[2025-09-01T05:13:11.902+0000] {processor.py:154} INFO - Started process (PID=1360) to work on /home/airflow/.local/lib/python3.7/site-packages/airflow/example_dags/example_short_circuit_operator.py
[2025-09-01T05:13:11.904+0000] {processor.py:756} INFO - Processing file /home/airflow/.local/lib/python3.7/site-packages/airflow/example_dags/example_short_circuit_operator.py for tasks to queue
[2025-09-01T05:13:11.905+0000] {logging_mixin.py:120} INFO - [2025-09-01T05:13:11.904+0000] {dagbag.py:537} INFO - Filling up the DagBag from /home/airflow/.local/lib/python3.7/site-packages/airflow/example_dags/example_short_circuit_operator.py
[2025-09-01T05:13:11.926+0000] {processor.py:766} INFO - DAG(s) dict_keys(['example_short_circuit_operator']) retrieved from /home/airflow/.local/lib/python3.7/site-packages/airflow/example_dags/example_short_circuit_operator.py
[2025-09-01T05:13:11.977+0000] {logging_mixin.py:120} INFO - [2025-09-01T05:13:11.977+0000] {dag.py:2585} INFO - Sync 1 DAGs
[2025-09-01T05:13:12.007+0000] {logging_mixin.py:120} INFO - [2025-09-01T05:13:12.007+0000] {dag.py:3340} INFO - Setting next_dagrun for example_short_circuit_operator to 2025-08-31T05:13:12.006996+00:00, run_after=2025-09-01T05:13:12.006996+00:00
[2025-09-01T05:13:12.030+0000] {processor.py:176} INFO - Processing /home/airflow/.local/lib/python3.7/site-packages/airflow/example_dags/example_short_circuit_operator.py took 0.133 seconds
[2025-09-01T05:13:43.919+0000] {processor.py:154} INFO - Started process (PID=1428) to work on /home/airflow/.local/lib/python3.7/site-packages/airflow/example_dags/example_short_circuit_operator.py
[2025-09-01T05:13:43.922+0000] {processor.py:756} INFO - Processing file /home/airflow/.local/lib/python3.7/site-packages/airflow/example_dags/example_short_circuit_operator.py for tasks to queue
[2025-09-01T05:13:43.923+0000] {logging_mixin.py:120} INFO - [2025-09-01T05:13:43.923+0000] {dagbag.py:537} INFO - Filling up the DagBag from /home/airflow/.local/lib/python3.7/site-packages/airflow/example_dags/example_short_circuit_operator.py
[2025-09-01T05:13:43.955+0000] {processor.py:766} INFO - DAG(s) dict_keys(['example_short_circuit_operator']) retrieved from /home/airflow/.local/lib/python3.7/site-packages/airflow/example_dags/example_short_circuit_operator.py
[2025-09-01T05:13:44.067+0000] {logging_mixin.py:120} INFO - [2025-09-01T05:13:44.067+0000] {dag.py:2585} INFO - Sync 1 DAGs
[2025-09-01T05:13:44.148+0000] {logging_mixin.py:120} INFO - [2025-09-01T05:13:44.148+0000] {dag.py:3340} INFO - Setting next_dagrun for example_short_circuit_operator to 2025-08-31T05:13:44.147480+00:00, run_after=2025-09-01T05:13:44.147480+00:00
[2025-09-01T05:13:44.207+0000] {processor.py:176} INFO - Processing /home/airflow/.local/lib/python3.7/site-packages/airflow/example_dags/example_short_circuit_operator.py took 0.293 seconds
[2025-09-01T05:14:18.429+0000] {processor.py:154} INFO - Started process (PID=1494) to work on /home/airflow/.local/lib/python3.7/site-packages/airflow/example_dags/example_short_circuit_operator.py
[2025-09-01T05:14:18.431+0000] {processor.py:756} INFO - Processing file /home/airflow/.local/lib/python3.7/site-packages/airflow/example_dags/example_short_circuit_operator.py for tasks to queue
[2025-09-01T05:14:18.433+0000] {logging_mixin.py:120} INFO - [2025-09-01T05:14:18.432+0000] {dagbag.py:537} INFO - Filling up the DagBag from /home/airflow/.local/lib/python3.7/site-packages/airflow/example_dags/example_short_circuit_operator.py
[2025-09-01T05:14:18.472+0000] {processor.py:766} INFO - DAG(s) dict_keys(['example_short_circuit_operator']) retrieved from /home/airflow/.local/lib/python3.7/site-packages/airflow/example_dags/example_short_circuit_operator.py
[2025-09-01T05:14:18.600+0000] {logging_mixin.py:120} INFO - [2025-09-01T05:14:18.600+0000] {dag.py:2585} INFO - Sync 1 DAGs
[2025-09-01T05:14:18.674+0000] {logging_mixin.py:120} INFO - [2025-09-01T05:14:18.674+0000] {dag.py:3340} INFO - Setting next_dagrun for example_short_circuit_operator to 2025-08-31T05:14:18.673162+00:00, run_after=2025-09-01T05:14:18.673162+00:00
[2025-09-01T05:14:18.726+0000] {processor.py:176} INFO - Processing /home/airflow/.local/lib/python3.7/site-packages/airflow/example_dags/example_short_circuit_operator.py took 0.305 seconds
[2025-09-01T05:14:53.159+0000] {processor.py:154} INFO - Started process (PID=1555) to work on /home/airflow/.local/lib/python3.7/site-packages/airflow/example_dags/example_short_circuit_operator.py
[2025-09-01T05:14:53.161+0000] {processor.py:756} INFO - Processing file /home/airflow/.local/lib/python3.7/site-packages/airflow/example_dags/example_short_circuit_operator.py for tasks to queue
[2025-09-01T05:14:53.161+0000] {logging_mixin.py:120} INFO - [2025-09-01T05:14:53.161+0000] {dagbag.py:537} INFO - Filling up the DagBag from /home/airflow/.local/lib/python3.7/site-packages/airflow/example_dags/example_short_circuit_operator.py
[2025-09-01T05:14:53.191+0000] {processor.py:766} INFO - DAG(s) dict_keys(['example_short_circuit_operator']) retrieved from /home/airflow/.local/lib/python3.7/site-packages/airflow/example_dags/example_short_circuit_operator.py
[2025-09-01T05:14:53.259+0000] {logging_mixin.py:120} INFO - [2025-09-01T05:14:53.259+0000] {dag.py:2585} INFO - Sync 1 DAGs
[2025-09-01T05:14:53.295+0000] {logging_mixin.py:120} INFO - [2025-09-01T05:14:53.294+0000] {dag.py:3340} INFO - Setting next_dagrun for example_short_circuit_operator to 2025-08-31T05:14:53.294492+00:00, run_after=2025-09-01T05:14:53.294492+00:00
[2025-09-01T05:14:53.324+0000] {processor.py:176} INFO - Processing /home/airflow/.local/lib/python3.7/site-packages/airflow/example_dags/example_short_circuit_operator.py took 0.171 seconds
[2025-09-01T05:15:31.499+0000] {processor.py:154} INFO - Started process (PID=1623) to work on /home/airflow/.local/lib/python3.7/site-packages/airflow/example_dags/example_short_circuit_operator.py
[2025-09-01T05:15:31.525+0000] {processor.py:756} INFO - Processing file /home/airflow/.local/lib/python3.7/site-packages/airflow/example_dags/example_short_circuit_operator.py for tasks to queue
[2025-09-01T05:15:31.527+0000] {logging_mixin.py:120} INFO - [2025-09-01T05:15:31.527+0000] {dagbag.py:537} INFO - Filling up the DagBag from /home/airflow/.local/lib/python3.7/site-packages/airflow/example_dags/example_short_circuit_operator.py
[2025-09-01T05:15:31.596+0000] {processor.py:766} INFO - DAG(s) dict_keys(['example_short_circuit_operator']) retrieved from /home/airflow/.local/lib/python3.7/site-packages/airflow/example_dags/example_short_circuit_operator.py
[2025-09-01T05:15:31.727+0000] {logging_mixin.py:120} INFO - [2025-09-01T05:15:31.727+0000] {dag.py:2585} INFO - Sync 1 DAGs
[2025-09-01T05:15:31.811+0000] {logging_mixin.py:120} INFO - [2025-09-01T05:15:31.810+0000] {dag.py:3340} INFO - Setting next_dagrun for example_short_circuit_operator to 2025-08-31T05:15:31.810355+00:00, run_after=2025-09-01T05:15:31.810355+00:00
[2025-09-01T05:15:31.854+0000] {processor.py:176} INFO - Processing /home/airflow/.local/lib/python3.7/site-packages/airflow/example_dags/example_short_circuit_operator.py took 0.374 seconds
[2025-09-01T05:21:31.269+0000] {processor.py:154} INFO - Started process (PID=1682) to work on /home/airflow/.local/lib/python3.7/site-packages/airflow/example_dags/example_short_circuit_operator.py
[2025-09-01T05:21:31.272+0000] {processor.py:756} INFO - Processing file /home/airflow/.local/lib/python3.7/site-packages/airflow/example_dags/example_short_circuit_operator.py for tasks to queue
[2025-09-01T05:21:31.273+0000] {logging_mixin.py:120} INFO - [2025-09-01T05:21:31.273+0000] {dagbag.py:537} INFO - Filling up the DagBag from /home/airflow/.local/lib/python3.7/site-packages/airflow/example_dags/example_short_circuit_operator.py
[2025-09-01T05:21:31.297+0000] {processor.py:766} INFO - DAG(s) dict_keys(['example_short_circuit_operator']) retrieved from /home/airflow/.local/lib/python3.7/site-packages/airflow/example_dags/example_short_circuit_operator.py
[2025-09-01T05:21:32.040+0000] {processor.py:179} ERROR - Got an exception! Propagating...
Traceback (most recent call last):
  File "/home/airflow/.local/lib/python3.7/site-packages/sqlalchemy/engine/base.py", line 3243, in _wrap_pool_connect
    return fn()
  File "/home/airflow/.local/lib/python3.7/site-packages/sqlalchemy/pool/base.py", line 310, in connect
    return _ConnectionFairy._checkout(self)
  File "/home/airflow/.local/lib/python3.7/site-packages/sqlalchemy/pool/base.py", line 868, in _checkout
    fairy = _ConnectionRecord.checkout(pool)
  File "/home/airflow/.local/lib/python3.7/site-packages/sqlalchemy/pool/base.py", line 476, in checkout
    rec = pool._do_get()
  File "/home/airflow/.local/lib/python3.7/site-packages/sqlalchemy/pool/impl.py", line 146, in _do_get
    self._dec_overflow()
  File "/home/airflow/.local/lib/python3.7/site-packages/sqlalchemy/util/langhelpers.py", line 72, in __exit__
    with_traceback=exc_tb,
  File "/home/airflow/.local/lib/python3.7/site-packages/sqlalchemy/util/compat.py", line 207, in raise_
    raise exception
  File "/home/airflow/.local/lib/python3.7/site-packages/sqlalchemy/pool/impl.py", line 143, in _do_get
    return self._create_connection()
  File "/home/airflow/.local/lib/python3.7/site-packages/sqlalchemy/pool/base.py", line 256, in _create_connection
    return _ConnectionRecord(self)
  File "/home/airflow/.local/lib/python3.7/site-packages/sqlalchemy/pool/base.py", line 371, in __init__
    self.__connect()
  File "/home/airflow/.local/lib/python3.7/site-packages/sqlalchemy/pool/base.py", line 666, in __connect
    pool.logger.debug("Error on connect(): %s", e)
  File "/home/airflow/.local/lib/python3.7/site-packages/sqlalchemy/util/langhelpers.py", line 72, in __exit__
    with_traceback=exc_tb,
  File "/home/airflow/.local/lib/python3.7/site-packages/sqlalchemy/util/compat.py", line 207, in raise_
    raise exception
  File "/home/airflow/.local/lib/python3.7/site-packages/sqlalchemy/pool/base.py", line 661, in __connect
    self.dbapi_connection = connection = pool._invoke_creator(self)
  File "/home/airflow/.local/lib/python3.7/site-packages/sqlalchemy/engine/create.py", line 590, in connect
    return dialect.connect(*cargs, **cparams)
  File "/home/airflow/.local/lib/python3.7/site-packages/sqlalchemy/engine/default.py", line 584, in connect
    return self.dbapi.connect(*cargs, **cparams)
  File "/home/airflow/.local/lib/python3.7/site-packages/psycopg2/__init__.py", line 122, in connect
    conn = _connect(dsn, connection_factory=connection_factory, **kwasync)
psycopg2.OperationalError: could not translate host name "postgres" to address: Temporary failure in name resolution


The above exception was the direct cause of the following exception:

Traceback (most recent call last):
  File "/home/airflow/.local/lib/python3.7/site-packages/airflow/dag_processing/processor.py", line 175, in _run_file_processor
    _handle_dag_file_processing()
  File "/home/airflow/.local/lib/python3.7/site-packages/airflow/dag_processing/processor.py", line 159, in _handle_dag_file_processing
    callback_requests=callback_requests,
  File "/home/airflow/.local/lib/python3.7/site-packages/airflow/utils/session.py", line 75, in wrapper
    return func(*args, session=session, **kwargs)
  File "/home/airflow/.local/lib/python3.7/site-packages/airflow/dag_processing/processor.py", line 781, in process_file
    dagbag.sync_to_db(processor_subdir=self._dag_directory, session=session)
  File "/home/airflow/.local/lib/python3.7/site-packages/airflow/utils/session.py", line 72, in wrapper
    return func(*args, **kwargs)
  File "/home/airflow/.local/lib/python3.7/site-packages/airflow/models/dagbag.py", line 644, in sync_to_db
    for attempt in run_with_db_retries(logger=self.log):
  File "/home/airflow/.local/lib/python3.7/site-packages/tenacity/__init__.py", line 384, in __iter__
    do = self.iter(retry_state=retry_state)
  File "/home/airflow/.local/lib/python3.7/site-packages/tenacity/__init__.py", line 362, in iter
    raise retry_exc.reraise()
  File "/home/airflow/.local/lib/python3.7/site-packages/tenacity/__init__.py", line 195, in reraise
    raise self.last_attempt.result()
  File "/usr/local/lib/python3.7/concurrent/futures/_base.py", line 428, in result
    return self.__get_result()
  File "/usr/local/lib/python3.7/concurrent/futures/_base.py", line 384, in __get_result
    raise self._exception
  File "/home/airflow/.local/lib/python3.7/site-packages/airflow/models/dagbag.py", line 656, in sync_to_db
    serialize_errors.extend(_serialize_dag_capturing_errors(dag, session))
  File "/home/airflow/.local/lib/python3.7/site-packages/airflow/models/dagbag.py", line 630, in _serialize_dag_capturing_errors
    session=session,
  File "/home/airflow/.local/lib/python3.7/site-packages/airflow/utils/session.py", line 72, in wrapper
    return func(*args, **kwargs)
  File "/home/airflow/.local/lib/python3.7/site-packages/airflow/models/serialized_dag.py", line 150, in write_dag
    (timezone.utcnow() - timedelta(seconds=min_update_interval)) < cls.last_updated,
  File "/home/airflow/.local/lib/python3.7/site-packages/sqlalchemy/orm/query.py", line 2810, in first
    return self.limit(1)._iter().first()
  File "/home/airflow/.local/lib/python3.7/site-packages/sqlalchemy/orm/query.py", line 2897, in _iter
    execution_options={"_sa_orm_load_options": self.load_options},
  File "/home/airflow/.local/lib/python3.7/site-packages/sqlalchemy/orm/session.py", line 1688, in execute
    conn = self._connection_for_bind(bind)
  File "/home/airflow/.local/lib/python3.7/site-packages/sqlalchemy/orm/session.py", line 1530, in _connection_for_bind
    engine, execution_options
  File "/home/airflow/.local/lib/python3.7/site-packages/sqlalchemy/orm/session.py", line 747, in _connection_for_bind
    conn = bind.connect()
  File "/home/airflow/.local/lib/python3.7/site-packages/sqlalchemy/engine/base.py", line 3197, in connect
    return self._connection_cls(self, close_with_result=close_with_result)
  File "/home/airflow/.local/lib/python3.7/site-packages/sqlalchemy/engine/base.py", line 96, in __init__
    else engine.raw_connection()
  File "/home/airflow/.local/lib/python3.7/site-packages/sqlalchemy/engine/base.py", line 3276, in raw_connection
    return self._wrap_pool_connect(self.pool.connect, _connection)
  File "/home/airflow/.local/lib/python3.7/site-packages/sqlalchemy/engine/base.py", line 3247, in _wrap_pool_connect
    e, dialect, self
  File "/home/airflow/.local/lib/python3.7/site-packages/sqlalchemy/engine/base.py", line 2101, in _handle_dbapi_exception_noconnection
    sqlalchemy_exception, with_traceback=exc_info[2], from_=e
  File "/home/airflow/.local/lib/python3.7/site-packages/sqlalchemy/util/compat.py", line 207, in raise_
    raise exception
  File "/home/airflow/.local/lib/python3.7/site-packages/sqlalchemy/engine/base.py", line 3243, in _wrap_pool_connect
    return fn()
  File "/home/airflow/.local/lib/python3.7/site-packages/sqlalchemy/pool/base.py", line 310, in connect
    return _ConnectionFairy._checkout(self)
  File "/home/airflow/.local/lib/python3.7/site-packages/sqlalchemy/pool/base.py", line 868, in _checkout
    fairy = _ConnectionRecord.checkout(pool)
  File "/home/airflow/.local/lib/python3.7/site-packages/sqlalchemy/pool/base.py", line 476, in checkout
    rec = pool._do_get()
  File "/home/airflow/.local/lib/python3.7/site-packages/sqlalchemy/pool/impl.py", line 146, in _do_get
    self._dec_overflow()
  File "/home/airflow/.local/lib/python3.7/site-packages/sqlalchemy/util/langhelpers.py", line 72, in __exit__
    with_traceback=exc_tb,
  File "/home/airflow/.local/lib/python3.7/site-packages/sqlalchemy/util/compat.py", line 207, in raise_
    raise exception
  File "/home/airflow/.local/lib/python3.7/site-packages/sqlalchemy/pool/impl.py", line 143, in _do_get
    return self._create_connection()
  File "/home/airflow/.local/lib/python3.7/site-packages/sqlalchemy/pool/base.py", line 256, in _create_connection
    return _ConnectionRecord(self)
  File "/home/airflow/.local/lib/python3.7/site-packages/sqlalchemy/pool/base.py", line 371, in __init__
    self.__connect()
  File "/home/airflow/.local/lib/python3.7/site-packages/sqlalchemy/pool/base.py", line 666, in __connect
    pool.logger.debug("Error on connect(): %s", e)
  File "/home/airflow/.local/lib/python3.7/site-packages/sqlalchemy/util/langhelpers.py", line 72, in __exit__
    with_traceback=exc_tb,
  File "/home/airflow/.local/lib/python3.7/site-packages/sqlalchemy/util/compat.py", line 207, in raise_
    raise exception
  File "/home/airflow/.local/lib/python3.7/site-packages/sqlalchemy/pool/base.py", line 661, in __connect
    self.dbapi_connection = connection = pool._invoke_creator(self)
  File "/home/airflow/.local/lib/python3.7/site-packages/sqlalchemy/engine/create.py", line 590, in connect
    return dialect.connect(*cargs, **cparams)
  File "/home/airflow/.local/lib/python3.7/site-packages/sqlalchemy/engine/default.py", line 584, in connect
    return self.dbapi.connect(*cargs, **cparams)
  File "/home/airflow/.local/lib/python3.7/site-packages/psycopg2/__init__.py", line 122, in connect
    conn = _connect(dsn, connection_factory=connection_factory, **kwasync)
sqlalchemy.exc.OperationalError: (psycopg2.OperationalError) could not translate host name "postgres" to address: Temporary failure in name resolution

(Background on this error at: https://sqlalche.me/e/14/e3q8)
