[2025-09-01T05:03:13.880+0000] {processor.py:154} INFO - Started process (PID=107) to work on /home/airflow/.local/lib/python3.7/site-packages/airflow/example_dags/example_short_circuit_decorator.py
[2025-09-01T05:03:13.881+0000] {processor.py:756} INFO - Processing file /home/airflow/.local/lib/python3.7/site-packages/airflow/example_dags/example_short_circuit_decorator.py for tasks to queue
[2025-09-01T05:03:13.882+0000] {logging_mixin.py:120} INFO - [2025-09-01T05:03:13.882+0000] {dagbag.py:537} INFO - Filling up the DagBag from /home/airflow/.local/lib/python3.7/site-packages/airflow/example_dags/example_short_circuit_decorator.py
[2025-09-01T05:03:13.930+0000] {processor.py:766} INFO - DAG(s) dict_keys(['example_short_circuit_decorator']) retrieved from /home/airflow/.local/lib/python3.7/site-packages/airflow/example_dags/example_short_circuit_decorator.py
[2025-09-01T05:03:14.005+0000] {logging_mixin.py:120} INFO - [2025-09-01T05:03:14.005+0000] {dag.py:2585} INFO - Sync 1 DAGs
[2025-09-01T05:03:14.051+0000] {logging_mixin.py:120} INFO - [2025-09-01T05:03:14.051+0000] {dag.py:3340} INFO - Setting next_dagrun for example_short_circuit_decorator to 2025-08-31T05:03:14.050521+00:00, run_after=2025-09-01T05:03:14.050521+00:00
[2025-09-01T05:03:14.092+0000] {processor.py:176} INFO - Processing /home/airflow/.local/lib/python3.7/site-packages/airflow/example_dags/example_short_circuit_decorator.py took 0.218 seconds
[2025-09-01T05:03:44.119+0000] {processor.py:154} INFO - Started process (PID=182) to work on /home/airflow/.local/lib/python3.7/site-packages/airflow/example_dags/example_short_circuit_decorator.py
[2025-09-01T05:03:44.120+0000] {processor.py:756} INFO - Processing file /home/airflow/.local/lib/python3.7/site-packages/airflow/example_dags/example_short_circuit_decorator.py for tasks to queue
[2025-09-01T05:03:44.121+0000] {logging_mixin.py:120} INFO - [2025-09-01T05:03:44.121+0000] {dagbag.py:537} INFO - Filling up the DagBag from /home/airflow/.local/lib/python3.7/site-packages/airflow/example_dags/example_short_circuit_decorator.py
[2025-09-01T05:03:44.147+0000] {processor.py:766} INFO - DAG(s) dict_keys(['example_short_circuit_decorator']) retrieved from /home/airflow/.local/lib/python3.7/site-packages/airflow/example_dags/example_short_circuit_decorator.py
[2025-09-01T05:03:44.183+0000] {logging_mixin.py:120} INFO - [2025-09-01T05:03:44.182+0000] {dag.py:2585} INFO - Sync 1 DAGs
[2025-09-01T05:03:44.211+0000] {logging_mixin.py:120} INFO - [2025-09-01T05:03:44.211+0000] {dag.py:3340} INFO - Setting next_dagrun for example_short_circuit_decorator to 2025-08-31T05:03:44.211252+00:00, run_after=2025-09-01T05:03:44.211252+00:00
[2025-09-01T05:03:44.231+0000] {processor.py:176} INFO - Processing /home/airflow/.local/lib/python3.7/site-packages/airflow/example_dags/example_short_circuit_decorator.py took 0.116 seconds
[2025-09-01T05:04:18.533+0000] {processor.py:154} INFO - Started process (PID=252) to work on /home/airflow/.local/lib/python3.7/site-packages/airflow/example_dags/example_short_circuit_decorator.py
[2025-09-01T05:04:18.544+0000] {processor.py:756} INFO - Processing file /home/airflow/.local/lib/python3.7/site-packages/airflow/example_dags/example_short_circuit_decorator.py for tasks to queue
[2025-09-01T05:04:18.546+0000] {logging_mixin.py:120} INFO - [2025-09-01T05:04:18.545+0000] {dagbag.py:537} INFO - Filling up the DagBag from /home/airflow/.local/lib/python3.7/site-packages/airflow/example_dags/example_short_circuit_decorator.py
[2025-09-01T05:04:18.594+0000] {processor.py:766} INFO - DAG(s) dict_keys(['example_short_circuit_decorator']) retrieved from /home/airflow/.local/lib/python3.7/site-packages/airflow/example_dags/example_short_circuit_decorator.py
[2025-09-01T05:04:18.669+0000] {logging_mixin.py:120} INFO - [2025-09-01T05:04:18.669+0000] {dag.py:2585} INFO - Sync 1 DAGs
[2025-09-01T05:04:18.716+0000] {logging_mixin.py:120} INFO - [2025-09-01T05:04:18.716+0000] {dag.py:3340} INFO - Setting next_dagrun for example_short_circuit_decorator to 2025-08-31T05:04:18.715446+00:00, run_after=2025-09-01T05:04:18.715446+00:00
[2025-09-01T05:04:18.750+0000] {processor.py:176} INFO - Processing /home/airflow/.local/lib/python3.7/site-packages/airflow/example_dags/example_short_circuit_decorator.py took 0.224 seconds
[2025-09-01T05:04:48.930+0000] {processor.py:154} INFO - Started process (PID=311) to work on /home/airflow/.local/lib/python3.7/site-packages/airflow/example_dags/example_short_circuit_decorator.py
[2025-09-01T05:04:48.931+0000] {processor.py:756} INFO - Processing file /home/airflow/.local/lib/python3.7/site-packages/airflow/example_dags/example_short_circuit_decorator.py for tasks to queue
[2025-09-01T05:04:48.932+0000] {logging_mixin.py:120} INFO - [2025-09-01T05:04:48.932+0000] {dagbag.py:537} INFO - Filling up the DagBag from /home/airflow/.local/lib/python3.7/site-packages/airflow/example_dags/example_short_circuit_decorator.py
[2025-09-01T05:04:48.951+0000] {processor.py:766} INFO - DAG(s) dict_keys(['example_short_circuit_decorator']) retrieved from /home/airflow/.local/lib/python3.7/site-packages/airflow/example_dags/example_short_circuit_decorator.py
[2025-09-01T05:04:48.994+0000] {logging_mixin.py:120} INFO - [2025-09-01T05:04:48.994+0000] {dag.py:2585} INFO - Sync 1 DAGs
[2025-09-01T05:04:49.019+0000] {logging_mixin.py:120} INFO - [2025-09-01T05:04:49.019+0000] {dag.py:3340} INFO - Setting next_dagrun for example_short_circuit_decorator to 2025-08-31T05:04:49.019388+00:00, run_after=2025-09-01T05:04:49.019388+00:00
[2025-09-01T05:04:49.038+0000] {processor.py:176} INFO - Processing /home/airflow/.local/lib/python3.7/site-packages/airflow/example_dags/example_short_circuit_decorator.py took 0.110 seconds
[2025-09-01T05:05:19.312+0000] {processor.py:154} INFO - Started process (PID=379) to work on /home/airflow/.local/lib/python3.7/site-packages/airflow/example_dags/example_short_circuit_decorator.py
[2025-09-01T05:05:19.313+0000] {processor.py:756} INFO - Processing file /home/airflow/.local/lib/python3.7/site-packages/airflow/example_dags/example_short_circuit_decorator.py for tasks to queue
[2025-09-01T05:05:19.314+0000] {logging_mixin.py:120} INFO - [2025-09-01T05:05:19.313+0000] {dagbag.py:537} INFO - Filling up the DagBag from /home/airflow/.local/lib/python3.7/site-packages/airflow/example_dags/example_short_circuit_decorator.py
[2025-09-01T05:05:19.337+0000] {processor.py:766} INFO - DAG(s) dict_keys(['example_short_circuit_decorator']) retrieved from /home/airflow/.local/lib/python3.7/site-packages/airflow/example_dags/example_short_circuit_decorator.py
[2025-09-01T05:05:19.377+0000] {logging_mixin.py:120} INFO - [2025-09-01T05:05:19.377+0000] {dag.py:2585} INFO - Sync 1 DAGs
[2025-09-01T05:05:19.398+0000] {logging_mixin.py:120} INFO - [2025-09-01T05:05:19.398+0000] {dag.py:3340} INFO - Setting next_dagrun for example_short_circuit_decorator to 2025-08-31T05:05:19.398238+00:00, run_after=2025-09-01T05:05:19.398238+00:00
[2025-09-01T05:05:19.417+0000] {processor.py:176} INFO - Processing /home/airflow/.local/lib/python3.7/site-packages/airflow/example_dags/example_short_circuit_decorator.py took 0.108 seconds
[2025-09-01T05:05:49.932+0000] {processor.py:154} INFO - Started process (PID=448) to work on /home/airflow/.local/lib/python3.7/site-packages/airflow/example_dags/example_short_circuit_decorator.py
[2025-09-01T05:05:49.933+0000] {processor.py:756} INFO - Processing file /home/airflow/.local/lib/python3.7/site-packages/airflow/example_dags/example_short_circuit_decorator.py for tasks to queue
[2025-09-01T05:05:49.934+0000] {logging_mixin.py:120} INFO - [2025-09-01T05:05:49.934+0000] {dagbag.py:537} INFO - Filling up the DagBag from /home/airflow/.local/lib/python3.7/site-packages/airflow/example_dags/example_short_circuit_decorator.py
[2025-09-01T05:05:49.953+0000] {processor.py:766} INFO - DAG(s) dict_keys(['example_short_circuit_decorator']) retrieved from /home/airflow/.local/lib/python3.7/site-packages/airflow/example_dags/example_short_circuit_decorator.py
[2025-09-01T05:05:49.996+0000] {logging_mixin.py:120} INFO - [2025-09-01T05:05:49.996+0000] {dag.py:2585} INFO - Sync 1 DAGs
[2025-09-01T05:05:50.019+0000] {logging_mixin.py:120} INFO - [2025-09-01T05:05:50.019+0000] {dag.py:3340} INFO - Setting next_dagrun for example_short_circuit_decorator to 2025-08-31T05:05:50.018642+00:00, run_after=2025-09-01T05:05:50.018642+00:00
[2025-09-01T05:05:50.040+0000] {processor.py:176} INFO - Processing /home/airflow/.local/lib/python3.7/site-packages/airflow/example_dags/example_short_circuit_decorator.py took 0.111 seconds
[2025-09-01T05:06:20.862+0000] {processor.py:154} INFO - Started process (PID=516) to work on /home/airflow/.local/lib/python3.7/site-packages/airflow/example_dags/example_short_circuit_decorator.py
[2025-09-01T05:06:20.863+0000] {processor.py:756} INFO - Processing file /home/airflow/.local/lib/python3.7/site-packages/airflow/example_dags/example_short_circuit_decorator.py for tasks to queue
[2025-09-01T05:06:20.864+0000] {logging_mixin.py:120} INFO - [2025-09-01T05:06:20.864+0000] {dagbag.py:537} INFO - Filling up the DagBag from /home/airflow/.local/lib/python3.7/site-packages/airflow/example_dags/example_short_circuit_decorator.py
[2025-09-01T05:06:20.885+0000] {processor.py:766} INFO - DAG(s) dict_keys(['example_short_circuit_decorator']) retrieved from /home/airflow/.local/lib/python3.7/site-packages/airflow/example_dags/example_short_circuit_decorator.py
[2025-09-01T05:06:20.923+0000] {logging_mixin.py:120} INFO - [2025-09-01T05:06:20.923+0000] {dag.py:2585} INFO - Sync 1 DAGs
[2025-09-01T05:06:20.946+0000] {logging_mixin.py:120} INFO - [2025-09-01T05:06:20.945+0000] {dag.py:3340} INFO - Setting next_dagrun for example_short_circuit_decorator to 2025-08-31T05:06:20.945617+00:00, run_after=2025-09-01T05:06:20.945617+00:00
[2025-09-01T05:06:20.970+0000] {processor.py:176} INFO - Processing /home/airflow/.local/lib/python3.7/site-packages/airflow/example_dags/example_short_circuit_decorator.py took 0.110 seconds
[2025-09-01T05:06:52.932+0000] {processor.py:154} INFO - Started process (PID=574) to work on /home/airflow/.local/lib/python3.7/site-packages/airflow/example_dags/example_short_circuit_decorator.py
[2025-09-01T05:06:52.934+0000] {processor.py:756} INFO - Processing file /home/airflow/.local/lib/python3.7/site-packages/airflow/example_dags/example_short_circuit_decorator.py for tasks to queue
[2025-09-01T05:06:52.935+0000] {logging_mixin.py:120} INFO - [2025-09-01T05:06:52.935+0000] {dagbag.py:537} INFO - Filling up the DagBag from /home/airflow/.local/lib/python3.7/site-packages/airflow/example_dags/example_short_circuit_decorator.py
[2025-09-01T05:06:52.974+0000] {processor.py:766} INFO - DAG(s) dict_keys(['example_short_circuit_decorator']) retrieved from /home/airflow/.local/lib/python3.7/site-packages/airflow/example_dags/example_short_circuit_decorator.py
[2025-09-01T05:06:53.038+0000] {logging_mixin.py:120} INFO - [2025-09-01T05:06:53.038+0000] {dag.py:2585} INFO - Sync 1 DAGs
[2025-09-01T05:06:53.083+0000] {logging_mixin.py:120} INFO - [2025-09-01T05:06:53.083+0000] {dag.py:3340} INFO - Setting next_dagrun for example_short_circuit_decorator to 2025-08-31T05:06:53.082800+00:00, run_after=2025-09-01T05:06:53.082800+00:00
[2025-09-01T05:06:53.124+0000] {processor.py:176} INFO - Processing /home/airflow/.local/lib/python3.7/site-packages/airflow/example_dags/example_short_circuit_decorator.py took 0.199 seconds
[2025-09-01T05:07:24.387+0000] {processor.py:154} INFO - Started process (PID=642) to work on /home/airflow/.local/lib/python3.7/site-packages/airflow/example_dags/example_short_circuit_decorator.py
[2025-09-01T05:07:24.388+0000] {processor.py:756} INFO - Processing file /home/airflow/.local/lib/python3.7/site-packages/airflow/example_dags/example_short_circuit_decorator.py for tasks to queue
[2025-09-01T05:07:24.389+0000] {logging_mixin.py:120} INFO - [2025-09-01T05:07:24.389+0000] {dagbag.py:537} INFO - Filling up the DagBag from /home/airflow/.local/lib/python3.7/site-packages/airflow/example_dags/example_short_circuit_decorator.py
[2025-09-01T05:07:24.429+0000] {processor.py:766} INFO - DAG(s) dict_keys(['example_short_circuit_decorator']) retrieved from /home/airflow/.local/lib/python3.7/site-packages/airflow/example_dags/example_short_circuit_decorator.py
[2025-09-01T05:07:24.490+0000] {logging_mixin.py:120} INFO - [2025-09-01T05:07:24.490+0000] {dag.py:2585} INFO - Sync 1 DAGs
[2025-09-01T05:07:24.525+0000] {logging_mixin.py:120} INFO - [2025-09-01T05:07:24.524+0000] {dag.py:3340} INFO - Setting next_dagrun for example_short_circuit_decorator to 2025-08-31T05:07:24.524564+00:00, run_after=2025-09-01T05:07:24.524564+00:00
[2025-09-01T05:07:24.546+0000] {processor.py:176} INFO - Processing /home/airflow/.local/lib/python3.7/site-packages/airflow/example_dags/example_short_circuit_decorator.py took 0.165 seconds
[2025-09-01T05:07:55.709+0000] {processor.py:154} INFO - Started process (PID=708) to work on /home/airflow/.local/lib/python3.7/site-packages/airflow/example_dags/example_short_circuit_decorator.py
[2025-09-01T05:07:55.710+0000] {processor.py:756} INFO - Processing file /home/airflow/.local/lib/python3.7/site-packages/airflow/example_dags/example_short_circuit_decorator.py for tasks to queue
[2025-09-01T05:07:55.711+0000] {logging_mixin.py:120} INFO - [2025-09-01T05:07:55.710+0000] {dagbag.py:537} INFO - Filling up the DagBag from /home/airflow/.local/lib/python3.7/site-packages/airflow/example_dags/example_short_circuit_decorator.py
[2025-09-01T05:07:55.740+0000] {processor.py:766} INFO - DAG(s) dict_keys(['example_short_circuit_decorator']) retrieved from /home/airflow/.local/lib/python3.7/site-packages/airflow/example_dags/example_short_circuit_decorator.py
[2025-09-01T05:07:55.801+0000] {logging_mixin.py:120} INFO - [2025-09-01T05:07:55.801+0000] {dag.py:2585} INFO - Sync 1 DAGs
[2025-09-01T05:07:55.831+0000] {logging_mixin.py:120} INFO - [2025-09-01T05:07:55.831+0000] {dag.py:3340} INFO - Setting next_dagrun for example_short_circuit_decorator to 2025-08-31T05:07:55.830713+00:00, run_after=2025-09-01T05:07:55.830713+00:00
[2025-09-01T05:07:55.857+0000] {processor.py:176} INFO - Processing /home/airflow/.local/lib/python3.7/site-packages/airflow/example_dags/example_short_circuit_decorator.py took 0.153 seconds
[2025-09-01T05:08:27.578+0000] {processor.py:154} INFO - Started process (PID=774) to work on /home/airflow/.local/lib/python3.7/site-packages/airflow/example_dags/example_short_circuit_decorator.py
[2025-09-01T05:08:27.581+0000] {processor.py:756} INFO - Processing file /home/airflow/.local/lib/python3.7/site-packages/airflow/example_dags/example_short_circuit_decorator.py for tasks to queue
[2025-09-01T05:08:27.582+0000] {logging_mixin.py:120} INFO - [2025-09-01T05:08:27.582+0000] {dagbag.py:537} INFO - Filling up the DagBag from /home/airflow/.local/lib/python3.7/site-packages/airflow/example_dags/example_short_circuit_decorator.py
[2025-09-01T05:08:27.631+0000] {processor.py:766} INFO - DAG(s) dict_keys(['example_short_circuit_decorator']) retrieved from /home/airflow/.local/lib/python3.7/site-packages/airflow/example_dags/example_short_circuit_decorator.py
[2025-09-01T05:08:27.733+0000] {logging_mixin.py:120} INFO - [2025-09-01T05:08:27.733+0000] {dag.py:2585} INFO - Sync 1 DAGs
[2025-09-01T05:08:27.782+0000] {logging_mixin.py:120} INFO - [2025-09-01T05:08:27.782+0000] {dag.py:3340} INFO - Setting next_dagrun for example_short_circuit_decorator to 2025-08-31T05:08:27.781729+00:00, run_after=2025-09-01T05:08:27.781729+00:00
[2025-09-01T05:08:27.812+0000] {processor.py:176} INFO - Processing /home/airflow/.local/lib/python3.7/site-packages/airflow/example_dags/example_short_circuit_decorator.py took 0.242 seconds
[2025-09-01T05:08:57.952+0000] {processor.py:154} INFO - Started process (PID=834) to work on /home/airflow/.local/lib/python3.7/site-packages/airflow/example_dags/example_short_circuit_decorator.py
[2025-09-01T05:08:57.954+0000] {processor.py:756} INFO - Processing file /home/airflow/.local/lib/python3.7/site-packages/airflow/example_dags/example_short_circuit_decorator.py for tasks to queue
[2025-09-01T05:08:57.955+0000] {logging_mixin.py:120} INFO - [2025-09-01T05:08:57.955+0000] {dagbag.py:537} INFO - Filling up the DagBag from /home/airflow/.local/lib/python3.7/site-packages/airflow/example_dags/example_short_circuit_decorator.py
[2025-09-01T05:08:57.984+0000] {processor.py:766} INFO - DAG(s) dict_keys(['example_short_circuit_decorator']) retrieved from /home/airflow/.local/lib/python3.7/site-packages/airflow/example_dags/example_short_circuit_decorator.py
[2025-09-01T05:08:58.040+0000] {logging_mixin.py:120} INFO - [2025-09-01T05:08:58.040+0000] {dag.py:2585} INFO - Sync 1 DAGs
[2025-09-01T05:08:58.071+0000] {logging_mixin.py:120} INFO - [2025-09-01T05:08:58.071+0000] {dag.py:3340} INFO - Setting next_dagrun for example_short_circuit_decorator to 2025-08-31T05:08:58.071054+00:00, run_after=2025-09-01T05:08:58.071054+00:00
[2025-09-01T05:08:58.101+0000] {processor.py:176} INFO - Processing /home/airflow/.local/lib/python3.7/site-packages/airflow/example_dags/example_short_circuit_decorator.py took 0.154 seconds
[2025-09-01T05:09:29.247+0000] {processor.py:154} INFO - Started process (PID=902) to work on /home/airflow/.local/lib/python3.7/site-packages/airflow/example_dags/example_short_circuit_decorator.py
[2025-09-01T05:09:29.249+0000] {processor.py:756} INFO - Processing file /home/airflow/.local/lib/python3.7/site-packages/airflow/example_dags/example_short_circuit_decorator.py for tasks to queue
[2025-09-01T05:09:29.250+0000] {logging_mixin.py:120} INFO - [2025-09-01T05:09:29.250+0000] {dagbag.py:537} INFO - Filling up the DagBag from /home/airflow/.local/lib/python3.7/site-packages/airflow/example_dags/example_short_circuit_decorator.py
[2025-09-01T05:09:29.284+0000] {processor.py:766} INFO - DAG(s) dict_keys(['example_short_circuit_decorator']) retrieved from /home/airflow/.local/lib/python3.7/site-packages/airflow/example_dags/example_short_circuit_decorator.py
[2025-09-01T05:09:29.346+0000] {logging_mixin.py:120} INFO - [2025-09-01T05:09:29.345+0000] {dag.py:2585} INFO - Sync 1 DAGs
[2025-09-01T05:09:29.389+0000] {logging_mixin.py:120} INFO - [2025-09-01T05:09:29.389+0000] {dag.py:3340} INFO - Setting next_dagrun for example_short_circuit_decorator to 2025-08-31T05:09:29.388782+00:00, run_after=2025-09-01T05:09:29.388782+00:00
[2025-09-01T05:09:29.417+0000] {processor.py:176} INFO - Processing /home/airflow/.local/lib/python3.7/site-packages/airflow/example_dags/example_short_circuit_decorator.py took 0.176 seconds
[2025-09-01T05:10:00.081+0000] {processor.py:154} INFO - Started process (PID=961) to work on /home/airflow/.local/lib/python3.7/site-packages/airflow/example_dags/example_short_circuit_decorator.py
[2025-09-01T05:10:00.082+0000] {processor.py:756} INFO - Processing file /home/airflow/.local/lib/python3.7/site-packages/airflow/example_dags/example_short_circuit_decorator.py for tasks to queue
[2025-09-01T05:10:00.083+0000] {logging_mixin.py:120} INFO - [2025-09-01T05:10:00.083+0000] {dagbag.py:537} INFO - Filling up the DagBag from /home/airflow/.local/lib/python3.7/site-packages/airflow/example_dags/example_short_circuit_decorator.py
[2025-09-01T05:10:00.115+0000] {processor.py:766} INFO - DAG(s) dict_keys(['example_short_circuit_decorator']) retrieved from /home/airflow/.local/lib/python3.7/site-packages/airflow/example_dags/example_short_circuit_decorator.py
[2025-09-01T05:10:00.197+0000] {logging_mixin.py:120} INFO - [2025-09-01T05:10:00.197+0000] {dag.py:2585} INFO - Sync 1 DAGs
[2025-09-01T05:10:00.236+0000] {logging_mixin.py:120} INFO - [2025-09-01T05:10:00.235+0000] {dag.py:3340} INFO - Setting next_dagrun for example_short_circuit_decorator to 2025-08-31T05:10:00.235414+00:00, run_after=2025-09-01T05:10:00.235414+00:00
[2025-09-01T05:10:00.265+0000] {processor.py:176} INFO - Processing /home/airflow/.local/lib/python3.7/site-packages/airflow/example_dags/example_short_circuit_decorator.py took 0.189 seconds
[2025-09-01T05:10:32.349+0000] {processor.py:154} INFO - Started process (PID=1029) to work on /home/airflow/.local/lib/python3.7/site-packages/airflow/example_dags/example_short_circuit_decorator.py
[2025-09-01T05:10:32.351+0000] {processor.py:756} INFO - Processing file /home/airflow/.local/lib/python3.7/site-packages/airflow/example_dags/example_short_circuit_decorator.py for tasks to queue
[2025-09-01T05:10:32.352+0000] {logging_mixin.py:120} INFO - [2025-09-01T05:10:32.352+0000] {dagbag.py:537} INFO - Filling up the DagBag from /home/airflow/.local/lib/python3.7/site-packages/airflow/example_dags/example_short_circuit_decorator.py
[2025-09-01T05:10:32.385+0000] {processor.py:766} INFO - DAG(s) dict_keys(['example_short_circuit_decorator']) retrieved from /home/airflow/.local/lib/python3.7/site-packages/airflow/example_dags/example_short_circuit_decorator.py
[2025-09-01T05:10:32.440+0000] {logging_mixin.py:120} INFO - [2025-09-01T05:10:32.440+0000] {dag.py:2585} INFO - Sync 1 DAGs
[2025-09-01T05:10:32.477+0000] {logging_mixin.py:120} INFO - [2025-09-01T05:10:32.477+0000] {dag.py:3340} INFO - Setting next_dagrun for example_short_circuit_decorator to 2025-08-31T05:10:32.477552+00:00, run_after=2025-09-01T05:10:32.477552+00:00
[2025-09-01T05:10:32.505+0000] {processor.py:176} INFO - Processing /home/airflow/.local/lib/python3.7/site-packages/airflow/example_dags/example_short_circuit_decorator.py took 0.162 seconds
[2025-09-01T05:11:04.312+0000] {processor.py:154} INFO - Started process (PID=1097) to work on /home/airflow/.local/lib/python3.7/site-packages/airflow/example_dags/example_short_circuit_decorator.py
[2025-09-01T05:11:04.314+0000] {processor.py:756} INFO - Processing file /home/airflow/.local/lib/python3.7/site-packages/airflow/example_dags/example_short_circuit_decorator.py for tasks to queue
[2025-09-01T05:11:04.315+0000] {logging_mixin.py:120} INFO - [2025-09-01T05:11:04.315+0000] {dagbag.py:537} INFO - Filling up the DagBag from /home/airflow/.local/lib/python3.7/site-packages/airflow/example_dags/example_short_circuit_decorator.py
[2025-09-01T05:11:04.349+0000] {processor.py:766} INFO - DAG(s) dict_keys(['example_short_circuit_decorator']) retrieved from /home/airflow/.local/lib/python3.7/site-packages/airflow/example_dags/example_short_circuit_decorator.py
[2025-09-01T05:11:04.409+0000] {logging_mixin.py:120} INFO - [2025-09-01T05:11:04.408+0000] {dag.py:2585} INFO - Sync 1 DAGs
[2025-09-01T05:11:04.448+0000] {logging_mixin.py:120} INFO - [2025-09-01T05:11:04.448+0000] {dag.py:3340} INFO - Setting next_dagrun for example_short_circuit_decorator to 2025-08-31T05:11:04.447635+00:00, run_after=2025-09-01T05:11:04.447635+00:00
[2025-09-01T05:11:04.484+0000] {processor.py:176} INFO - Processing /home/airflow/.local/lib/python3.7/site-packages/airflow/example_dags/example_short_circuit_decorator.py took 0.177 seconds
[2025-09-01T05:11:35.026+0000] {processor.py:154} INFO - Started process (PID=1165) to work on /home/airflow/.local/lib/python3.7/site-packages/airflow/example_dags/example_short_circuit_decorator.py
[2025-09-01T05:11:35.027+0000] {processor.py:756} INFO - Processing file /home/airflow/.local/lib/python3.7/site-packages/airflow/example_dags/example_short_circuit_decorator.py for tasks to queue
[2025-09-01T05:11:35.028+0000] {logging_mixin.py:120} INFO - [2025-09-01T05:11:35.028+0000] {dagbag.py:537} INFO - Filling up the DagBag from /home/airflow/.local/lib/python3.7/site-packages/airflow/example_dags/example_short_circuit_decorator.py
[2025-09-01T05:11:35.047+0000] {processor.py:766} INFO - DAG(s) dict_keys(['example_short_circuit_decorator']) retrieved from /home/airflow/.local/lib/python3.7/site-packages/airflow/example_dags/example_short_circuit_decorator.py
[2025-09-01T05:11:35.088+0000] {logging_mixin.py:120} INFO - [2025-09-01T05:11:35.088+0000] {dag.py:2585} INFO - Sync 1 DAGs
[2025-09-01T05:11:35.111+0000] {logging_mixin.py:120} INFO - [2025-09-01T05:11:35.111+0000] {dag.py:3340} INFO - Setting next_dagrun for example_short_circuit_decorator to 2025-08-31T05:11:35.111224+00:00, run_after=2025-09-01T05:11:35.111224+00:00
[2025-09-01T05:11:35.132+0000] {processor.py:176} INFO - Processing /home/airflow/.local/lib/python3.7/site-packages/airflow/example_dags/example_short_circuit_decorator.py took 0.109 seconds
[2025-09-01T05:12:05.748+0000] {processor.py:154} INFO - Started process (PID=1224) to work on /home/airflow/.local/lib/python3.7/site-packages/airflow/example_dags/example_short_circuit_decorator.py
[2025-09-01T05:12:05.749+0000] {processor.py:756} INFO - Processing file /home/airflow/.local/lib/python3.7/site-packages/airflow/example_dags/example_short_circuit_decorator.py for tasks to queue
[2025-09-01T05:12:05.749+0000] {logging_mixin.py:120} INFO - [2025-09-01T05:12:05.749+0000] {dagbag.py:537} INFO - Filling up the DagBag from /home/airflow/.local/lib/python3.7/site-packages/airflow/example_dags/example_short_circuit_decorator.py
[2025-09-01T05:12:05.769+0000] {processor.py:766} INFO - DAG(s) dict_keys(['example_short_circuit_decorator']) retrieved from /home/airflow/.local/lib/python3.7/site-packages/airflow/example_dags/example_short_circuit_decorator.py
[2025-09-01T05:12:05.806+0000] {logging_mixin.py:120} INFO - [2025-09-01T05:12:05.806+0000] {dag.py:2585} INFO - Sync 1 DAGs
[2025-09-01T05:12:05.813+0000] {logging_mixin.py:120} INFO - [2025-09-01T05:12:05.813+0000] {dag.py:3340} INFO - Setting next_dagrun for example_short_circuit_decorator to 2025-08-31T05:12:05.813349+00:00, run_after=2025-09-01T05:12:05.813349+00:00
[2025-09-01T05:12:05.835+0000] {processor.py:176} INFO - Processing /home/airflow/.local/lib/python3.7/site-packages/airflow/example_dags/example_short_circuit_decorator.py took 0.110 seconds
[2025-09-01T05:12:39.183+0000] {processor.py:154} INFO - Started process (PID=1293) to work on /home/airflow/.local/lib/python3.7/site-packages/airflow/example_dags/example_short_circuit_decorator.py
[2025-09-01T05:12:39.185+0000] {processor.py:756} INFO - Processing file /home/airflow/.local/lib/python3.7/site-packages/airflow/example_dags/example_short_circuit_decorator.py for tasks to queue
[2025-09-01T05:12:39.186+0000] {logging_mixin.py:120} INFO - [2025-09-01T05:12:39.185+0000] {dagbag.py:537} INFO - Filling up the DagBag from /home/airflow/.local/lib/python3.7/site-packages/airflow/example_dags/example_short_circuit_decorator.py
[2025-09-01T05:12:39.249+0000] {processor.py:766} INFO - DAG(s) dict_keys(['example_short_circuit_decorator']) retrieved from /home/airflow/.local/lib/python3.7/site-packages/airflow/example_dags/example_short_circuit_decorator.py
[2025-09-01T05:12:39.323+0000] {logging_mixin.py:120} INFO - [2025-09-01T05:12:39.323+0000] {dag.py:2585} INFO - Sync 1 DAGs
[2025-09-01T05:12:39.371+0000] {logging_mixin.py:120} INFO - [2025-09-01T05:12:39.371+0000] {dag.py:3340} INFO - Setting next_dagrun for example_short_circuit_decorator to 2025-08-31T05:12:39.370861+00:00, run_after=2025-09-01T05:12:39.370861+00:00
[2025-09-01T05:12:39.414+0000] {processor.py:176} INFO - Processing /home/airflow/.local/lib/python3.7/site-packages/airflow/example_dags/example_short_circuit_decorator.py took 0.242 seconds
[2025-09-01T05:13:11.945+0000] {processor.py:154} INFO - Started process (PID=1361) to work on /home/airflow/.local/lib/python3.7/site-packages/airflow/example_dags/example_short_circuit_decorator.py
[2025-09-01T05:13:11.946+0000] {processor.py:756} INFO - Processing file /home/airflow/.local/lib/python3.7/site-packages/airflow/example_dags/example_short_circuit_decorator.py for tasks to queue
[2025-09-01T05:13:11.947+0000] {logging_mixin.py:120} INFO - [2025-09-01T05:13:11.947+0000] {dagbag.py:537} INFO - Filling up the DagBag from /home/airflow/.local/lib/python3.7/site-packages/airflow/example_dags/example_short_circuit_decorator.py
[2025-09-01T05:13:11.977+0000] {processor.py:766} INFO - DAG(s) dict_keys(['example_short_circuit_decorator']) retrieved from /home/airflow/.local/lib/python3.7/site-packages/airflow/example_dags/example_short_circuit_decorator.py
[2025-09-01T05:13:12.025+0000] {logging_mixin.py:120} INFO - [2025-09-01T05:13:12.025+0000] {dag.py:2585} INFO - Sync 1 DAGs
[2025-09-01T05:13:12.055+0000] {logging_mixin.py:120} INFO - [2025-09-01T05:13:12.055+0000] {dag.py:3340} INFO - Setting next_dagrun for example_short_circuit_decorator to 2025-08-31T05:13:12.055439+00:00, run_after=2025-09-01T05:13:12.055439+00:00
[2025-09-01T05:13:12.077+0000] {processor.py:176} INFO - Processing /home/airflow/.local/lib/python3.7/site-packages/airflow/example_dags/example_short_circuit_decorator.py took 0.138 seconds
[2025-09-01T05:13:43.999+0000] {processor.py:154} INFO - Started process (PID=1429) to work on /home/airflow/.local/lib/python3.7/site-packages/airflow/example_dags/example_short_circuit_decorator.py
[2025-09-01T05:13:44.001+0000] {processor.py:756} INFO - Processing file /home/airflow/.local/lib/python3.7/site-packages/airflow/example_dags/example_short_circuit_decorator.py for tasks to queue
[2025-09-01T05:13:44.003+0000] {logging_mixin.py:120} INFO - [2025-09-01T05:13:44.002+0000] {dagbag.py:537} INFO - Filling up the DagBag from /home/airflow/.local/lib/python3.7/site-packages/airflow/example_dags/example_short_circuit_decorator.py
[2025-09-01T05:13:44.064+0000] {processor.py:766} INFO - DAG(s) dict_keys(['example_short_circuit_decorator']) retrieved from /home/airflow/.local/lib/python3.7/site-packages/airflow/example_dags/example_short_circuit_decorator.py
[2025-09-01T05:13:44.212+0000] {logging_mixin.py:120} INFO - [2025-09-01T05:13:44.212+0000] {dag.py:2585} INFO - Sync 1 DAGs
[2025-09-01T05:13:44.278+0000] {logging_mixin.py:120} INFO - [2025-09-01T05:13:44.277+0000] {dag.py:3340} INFO - Setting next_dagrun for example_short_circuit_decorator to 2025-08-31T05:13:44.277144+00:00, run_after=2025-09-01T05:13:44.277144+00:00
[2025-09-01T05:13:44.324+0000] {processor.py:176} INFO - Processing /home/airflow/.local/lib/python3.7/site-packages/airflow/example_dags/example_short_circuit_decorator.py took 0.338 seconds
[2025-09-01T05:14:18.692+0000] {processor.py:154} INFO - Started process (PID=1495) to work on /home/airflow/.local/lib/python3.7/site-packages/airflow/example_dags/example_short_circuit_decorator.py
[2025-09-01T05:14:18.694+0000] {processor.py:756} INFO - Processing file /home/airflow/.local/lib/python3.7/site-packages/airflow/example_dags/example_short_circuit_decorator.py for tasks to queue
[2025-09-01T05:14:18.699+0000] {logging_mixin.py:120} INFO - [2025-09-01T05:14:18.699+0000] {dagbag.py:537} INFO - Filling up the DagBag from /home/airflow/.local/lib/python3.7/site-packages/airflow/example_dags/example_short_circuit_decorator.py
[2025-09-01T05:14:18.790+0000] {processor.py:766} INFO - DAG(s) dict_keys(['example_short_circuit_decorator']) retrieved from /home/airflow/.local/lib/python3.7/site-packages/airflow/example_dags/example_short_circuit_decorator.py
[2025-09-01T05:14:18.899+0000] {logging_mixin.py:120} INFO - [2025-09-01T05:14:18.898+0000] {dag.py:2585} INFO - Sync 1 DAGs
[2025-09-01T05:14:18.990+0000] {logging_mixin.py:120} INFO - [2025-09-01T05:14:18.990+0000] {dag.py:3340} INFO - Setting next_dagrun for example_short_circuit_decorator to 2025-08-31T05:14:18.989217+00:00, run_after=2025-09-01T05:14:18.989217+00:00
[2025-09-01T05:14:19.070+0000] {processor.py:176} INFO - Processing /home/airflow/.local/lib/python3.7/site-packages/airflow/example_dags/example_short_circuit_decorator.py took 0.390 seconds
[2025-09-01T05:14:53.333+0000] {processor.py:154} INFO - Started process (PID=1556) to work on /home/airflow/.local/lib/python3.7/site-packages/airflow/example_dags/example_short_circuit_decorator.py
[2025-09-01T05:14:53.334+0000] {processor.py:756} INFO - Processing file /home/airflow/.local/lib/python3.7/site-packages/airflow/example_dags/example_short_circuit_decorator.py for tasks to queue
[2025-09-01T05:14:53.335+0000] {logging_mixin.py:120} INFO - [2025-09-01T05:14:53.335+0000] {dagbag.py:537} INFO - Filling up the DagBag from /home/airflow/.local/lib/python3.7/site-packages/airflow/example_dags/example_short_circuit_decorator.py
[2025-09-01T05:14:53.368+0000] {processor.py:766} INFO - DAG(s) dict_keys(['example_short_circuit_decorator']) retrieved from /home/airflow/.local/lib/python3.7/site-packages/airflow/example_dags/example_short_circuit_decorator.py
[2025-09-01T05:14:53.420+0000] {logging_mixin.py:120} INFO - [2025-09-01T05:14:53.419+0000] {dag.py:2585} INFO - Sync 1 DAGs
[2025-09-01T05:14:53.450+0000] {logging_mixin.py:120} INFO - [2025-09-01T05:14:53.450+0000] {dag.py:3340} INFO - Setting next_dagrun for example_short_circuit_decorator to 2025-08-31T05:14:53.449735+00:00, run_after=2025-09-01T05:14:53.449735+00:00
[2025-09-01T05:14:53.479+0000] {processor.py:176} INFO - Processing /home/airflow/.local/lib/python3.7/site-packages/airflow/example_dags/example_short_circuit_decorator.py took 0.151 seconds
[2025-09-01T05:15:31.805+0000] {processor.py:154} INFO - Started process (PID=1624) to work on /home/airflow/.local/lib/python3.7/site-packages/airflow/example_dags/example_short_circuit_decorator.py
[2025-09-01T05:15:31.808+0000] {processor.py:756} INFO - Processing file /home/airflow/.local/lib/python3.7/site-packages/airflow/example_dags/example_short_circuit_decorator.py for tasks to queue
[2025-09-01T05:15:31.810+0000] {logging_mixin.py:120} INFO - [2025-09-01T05:15:31.809+0000] {dagbag.py:537} INFO - Filling up the DagBag from /home/airflow/.local/lib/python3.7/site-packages/airflow/example_dags/example_short_circuit_decorator.py
[2025-09-01T05:15:31.894+0000] {processor.py:766} INFO - DAG(s) dict_keys(['example_short_circuit_decorator']) retrieved from /home/airflow/.local/lib/python3.7/site-packages/airflow/example_dags/example_short_circuit_decorator.py
[2025-09-01T05:15:32.030+0000] {logging_mixin.py:120} INFO - [2025-09-01T05:15:32.030+0000] {dag.py:2585} INFO - Sync 1 DAGs
[2025-09-01T05:15:32.117+0000] {logging_mixin.py:120} INFO - [2025-09-01T05:15:32.117+0000] {dag.py:3340} INFO - Setting next_dagrun for example_short_circuit_decorator to 2025-08-31T05:15:32.115595+00:00, run_after=2025-09-01T05:15:32.115595+00:00
[2025-09-01T05:15:32.317+0000] {processor.py:176} INFO - Processing /home/airflow/.local/lib/python3.7/site-packages/airflow/example_dags/example_short_circuit_decorator.py took 0.523 seconds
[2025-09-01T05:21:32.074+0000] {processor.py:154} INFO - Started process (PID=1683) to work on /home/airflow/.local/lib/python3.7/site-packages/airflow/example_dags/example_short_circuit_decorator.py
[2025-09-01T05:21:32.076+0000] {processor.py:756} INFO - Processing file /home/airflow/.local/lib/python3.7/site-packages/airflow/example_dags/example_short_circuit_decorator.py for tasks to queue
[2025-09-01T05:21:32.077+0000] {logging_mixin.py:120} INFO - [2025-09-01T05:21:32.077+0000] {dagbag.py:537} INFO - Filling up the DagBag from /home/airflow/.local/lib/python3.7/site-packages/airflow/example_dags/example_short_circuit_decorator.py
[2025-09-01T05:21:32.129+0000] {processor.py:766} INFO - DAG(s) dict_keys(['example_short_circuit_decorator']) retrieved from /home/airflow/.local/lib/python3.7/site-packages/airflow/example_dags/example_short_circuit_decorator.py
[2025-09-01T05:21:32.967+0000] {processor.py:179} ERROR - Got an exception! Propagating...
Traceback (most recent call last):
  File "/home/airflow/.local/lib/python3.7/site-packages/sqlalchemy/engine/base.py", line 3243, in _wrap_pool_connect
    return fn()
  File "/home/airflow/.local/lib/python3.7/site-packages/sqlalchemy/pool/base.py", line 310, in connect
    return _ConnectionFairy._checkout(self)
  File "/home/airflow/.local/lib/python3.7/site-packages/sqlalchemy/pool/base.py", line 868, in _checkout
    fairy = _ConnectionRecord.checkout(pool)
  File "/home/airflow/.local/lib/python3.7/site-packages/sqlalchemy/pool/base.py", line 476, in checkout
    rec = pool._do_get()
  File "/home/airflow/.local/lib/python3.7/site-packages/sqlalchemy/pool/impl.py", line 146, in _do_get
    self._dec_overflow()
  File "/home/airflow/.local/lib/python3.7/site-packages/sqlalchemy/util/langhelpers.py", line 72, in __exit__
    with_traceback=exc_tb,
  File "/home/airflow/.local/lib/python3.7/site-packages/sqlalchemy/util/compat.py", line 207, in raise_
    raise exception
  File "/home/airflow/.local/lib/python3.7/site-packages/sqlalchemy/pool/impl.py", line 143, in _do_get
    return self._create_connection()
  File "/home/airflow/.local/lib/python3.7/site-packages/sqlalchemy/pool/base.py", line 256, in _create_connection
    return _ConnectionRecord(self)
  File "/home/airflow/.local/lib/python3.7/site-packages/sqlalchemy/pool/base.py", line 371, in __init__
    self.__connect()
  File "/home/airflow/.local/lib/python3.7/site-packages/sqlalchemy/pool/base.py", line 666, in __connect
    pool.logger.debug("Error on connect(): %s", e)
  File "/home/airflow/.local/lib/python3.7/site-packages/sqlalchemy/util/langhelpers.py", line 72, in __exit__
    with_traceback=exc_tb,
  File "/home/airflow/.local/lib/python3.7/site-packages/sqlalchemy/util/compat.py", line 207, in raise_
    raise exception
  File "/home/airflow/.local/lib/python3.7/site-packages/sqlalchemy/pool/base.py", line 661, in __connect
    self.dbapi_connection = connection = pool._invoke_creator(self)
  File "/home/airflow/.local/lib/python3.7/site-packages/sqlalchemy/engine/create.py", line 590, in connect
    return dialect.connect(*cargs, **cparams)
  File "/home/airflow/.local/lib/python3.7/site-packages/sqlalchemy/engine/default.py", line 584, in connect
    return self.dbapi.connect(*cargs, **cparams)
  File "/home/airflow/.local/lib/python3.7/site-packages/psycopg2/__init__.py", line 122, in connect
    conn = _connect(dsn, connection_factory=connection_factory, **kwasync)
psycopg2.OperationalError: could not translate host name "postgres" to address: Temporary failure in name resolution


The above exception was the direct cause of the following exception:

Traceback (most recent call last):
  File "/home/airflow/.local/lib/python3.7/site-packages/airflow/dag_processing/processor.py", line 175, in _run_file_processor
    _handle_dag_file_processing()
  File "/home/airflow/.local/lib/python3.7/site-packages/airflow/dag_processing/processor.py", line 159, in _handle_dag_file_processing
    callback_requests=callback_requests,
  File "/home/airflow/.local/lib/python3.7/site-packages/airflow/utils/session.py", line 75, in wrapper
    return func(*args, session=session, **kwargs)
  File "/home/airflow/.local/lib/python3.7/site-packages/airflow/dag_processing/processor.py", line 781, in process_file
    dagbag.sync_to_db(processor_subdir=self._dag_directory, session=session)
  File "/home/airflow/.local/lib/python3.7/site-packages/airflow/utils/session.py", line 72, in wrapper
    return func(*args, **kwargs)
  File "/home/airflow/.local/lib/python3.7/site-packages/airflow/models/dagbag.py", line 644, in sync_to_db
    for attempt in run_with_db_retries(logger=self.log):
  File "/home/airflow/.local/lib/python3.7/site-packages/tenacity/__init__.py", line 384, in __iter__
    do = self.iter(retry_state=retry_state)
  File "/home/airflow/.local/lib/python3.7/site-packages/tenacity/__init__.py", line 362, in iter
    raise retry_exc.reraise()
  File "/home/airflow/.local/lib/python3.7/site-packages/tenacity/__init__.py", line 195, in reraise
    raise self.last_attempt.result()
  File "/usr/local/lib/python3.7/concurrent/futures/_base.py", line 428, in result
    return self.__get_result()
  File "/usr/local/lib/python3.7/concurrent/futures/_base.py", line 384, in __get_result
    raise self._exception
  File "/home/airflow/.local/lib/python3.7/site-packages/airflow/models/dagbag.py", line 656, in sync_to_db
    serialize_errors.extend(_serialize_dag_capturing_errors(dag, session))
  File "/home/airflow/.local/lib/python3.7/site-packages/airflow/models/dagbag.py", line 630, in _serialize_dag_capturing_errors
    session=session,
  File "/home/airflow/.local/lib/python3.7/site-packages/airflow/utils/session.py", line 72, in wrapper
    return func(*args, **kwargs)
  File "/home/airflow/.local/lib/python3.7/site-packages/airflow/models/serialized_dag.py", line 150, in write_dag
    (timezone.utcnow() - timedelta(seconds=min_update_interval)) < cls.last_updated,
  File "/home/airflow/.local/lib/python3.7/site-packages/sqlalchemy/orm/query.py", line 2810, in first
    return self.limit(1)._iter().first()
  File "/home/airflow/.local/lib/python3.7/site-packages/sqlalchemy/orm/query.py", line 2897, in _iter
    execution_options={"_sa_orm_load_options": self.load_options},
  File "/home/airflow/.local/lib/python3.7/site-packages/sqlalchemy/orm/session.py", line 1688, in execute
    conn = self._connection_for_bind(bind)
  File "/home/airflow/.local/lib/python3.7/site-packages/sqlalchemy/orm/session.py", line 1530, in _connection_for_bind
    engine, execution_options
  File "/home/airflow/.local/lib/python3.7/site-packages/sqlalchemy/orm/session.py", line 747, in _connection_for_bind
    conn = bind.connect()
  File "/home/airflow/.local/lib/python3.7/site-packages/sqlalchemy/engine/base.py", line 3197, in connect
    return self._connection_cls(self, close_with_result=close_with_result)
  File "/home/airflow/.local/lib/python3.7/site-packages/sqlalchemy/engine/base.py", line 96, in __init__
    else engine.raw_connection()
  File "/home/airflow/.local/lib/python3.7/site-packages/sqlalchemy/engine/base.py", line 3276, in raw_connection
    return self._wrap_pool_connect(self.pool.connect, _connection)
  File "/home/airflow/.local/lib/python3.7/site-packages/sqlalchemy/engine/base.py", line 3247, in _wrap_pool_connect
    e, dialect, self
  File "/home/airflow/.local/lib/python3.7/site-packages/sqlalchemy/engine/base.py", line 2101, in _handle_dbapi_exception_noconnection
    sqlalchemy_exception, with_traceback=exc_info[2], from_=e
  File "/home/airflow/.local/lib/python3.7/site-packages/sqlalchemy/util/compat.py", line 207, in raise_
    raise exception
  File "/home/airflow/.local/lib/python3.7/site-packages/sqlalchemy/engine/base.py", line 3243, in _wrap_pool_connect
    return fn()
  File "/home/airflow/.local/lib/python3.7/site-packages/sqlalchemy/pool/base.py", line 310, in connect
    return _ConnectionFairy._checkout(self)
  File "/home/airflow/.local/lib/python3.7/site-packages/sqlalchemy/pool/base.py", line 868, in _checkout
    fairy = _ConnectionRecord.checkout(pool)
  File "/home/airflow/.local/lib/python3.7/site-packages/sqlalchemy/pool/base.py", line 476, in checkout
    rec = pool._do_get()
  File "/home/airflow/.local/lib/python3.7/site-packages/sqlalchemy/pool/impl.py", line 146, in _do_get
    self._dec_overflow()
  File "/home/airflow/.local/lib/python3.7/site-packages/sqlalchemy/util/langhelpers.py", line 72, in __exit__
    with_traceback=exc_tb,
  File "/home/airflow/.local/lib/python3.7/site-packages/sqlalchemy/util/compat.py", line 207, in raise_
    raise exception
  File "/home/airflow/.local/lib/python3.7/site-packages/sqlalchemy/pool/impl.py", line 143, in _do_get
    return self._create_connection()
  File "/home/airflow/.local/lib/python3.7/site-packages/sqlalchemy/pool/base.py", line 256, in _create_connection
    return _ConnectionRecord(self)
  File "/home/airflow/.local/lib/python3.7/site-packages/sqlalchemy/pool/base.py", line 371, in __init__
    self.__connect()
  File "/home/airflow/.local/lib/python3.7/site-packages/sqlalchemy/pool/base.py", line 666, in __connect
    pool.logger.debug("Error on connect(): %s", e)
  File "/home/airflow/.local/lib/python3.7/site-packages/sqlalchemy/util/langhelpers.py", line 72, in __exit__
    with_traceback=exc_tb,
  File "/home/airflow/.local/lib/python3.7/site-packages/sqlalchemy/util/compat.py", line 207, in raise_
    raise exception
  File "/home/airflow/.local/lib/python3.7/site-packages/sqlalchemy/pool/base.py", line 661, in __connect
    self.dbapi_connection = connection = pool._invoke_creator(self)
  File "/home/airflow/.local/lib/python3.7/site-packages/sqlalchemy/engine/create.py", line 590, in connect
    return dialect.connect(*cargs, **cparams)
  File "/home/airflow/.local/lib/python3.7/site-packages/sqlalchemy/engine/default.py", line 584, in connect
    return self.dbapi.connect(*cargs, **cparams)
  File "/home/airflow/.local/lib/python3.7/site-packages/psycopg2/__init__.py", line 122, in connect
    conn = _connect(dsn, connection_factory=connection_factory, **kwasync)
sqlalchemy.exc.OperationalError: (psycopg2.OperationalError) could not translate host name "postgres" to address: Temporary failure in name resolution

(Background on this error at: https://sqlalche.me/e/14/e3q8)
