[2025-09-01T05:03:08.528+0000] {processor.py:154} INFO - Started process (PID=80) to work on /home/airflow/.local/lib/python3.7/site-packages/airflow/example_dags/example_latest_only.py
[2025-09-01T05:03:08.529+0000] {processor.py:756} INFO - Processing file /home/airflow/.local/lib/python3.7/site-packages/airflow/example_dags/example_latest_only.py for tasks to queue
[2025-09-01T05:03:08.530+0000] {logging_mixin.py:120} INFO - [2025-09-01T05:03:08.530+0000] {dagbag.py:537} INFO - Filling up the DagBag from /home/airflow/.local/lib/python3.7/site-packages/airflow/example_dags/example_latest_only.py
[2025-09-01T05:03:08.554+0000] {processor.py:766} INFO - DAG(s) dict_keys(['latest_only']) retrieved from /home/airflow/.local/lib/python3.7/site-packages/airflow/example_dags/example_latest_only.py
[2025-09-01T05:03:08.609+0000] {logging_mixin.py:120} INFO - [2025-09-01T05:03:08.609+0000] {dag.py:2585} INFO - Sync 1 DAGs
[2025-09-01T05:03:08.651+0000] {logging_mixin.py:120} INFO - [2025-09-01T05:03:08.651+0000] {dag.py:3340} INFO - Setting next_dagrun for latest_only to 2025-09-01T05:03:06.550886+00:00, run_after=2025-09-01T09:03:06.550886+00:00
[2025-09-01T05:03:08.678+0000] {processor.py:176} INFO - Processing /home/airflow/.local/lib/python3.7/site-packages/airflow/example_dags/example_latest_only.py took 0.153 seconds
[2025-09-01T05:03:40.243+0000] {processor.py:154} INFO - Started process (PID=156) to work on /home/airflow/.local/lib/python3.7/site-packages/airflow/example_dags/example_latest_only.py
[2025-09-01T05:03:40.245+0000] {processor.py:756} INFO - Processing file /home/airflow/.local/lib/python3.7/site-packages/airflow/example_dags/example_latest_only.py for tasks to queue
[2025-09-01T05:03:40.245+0000] {logging_mixin.py:120} INFO - [2025-09-01T05:03:40.245+0000] {dagbag.py:537} INFO - Filling up the DagBag from /home/airflow/.local/lib/python3.7/site-packages/airflow/example_dags/example_latest_only.py
[2025-09-01T05:03:40.272+0000] {processor.py:766} INFO - DAG(s) dict_keys(['latest_only']) retrieved from /home/airflow/.local/lib/python3.7/site-packages/airflow/example_dags/example_latest_only.py
[2025-09-01T05:03:40.339+0000] {logging_mixin.py:120} INFO - [2025-09-01T05:03:40.339+0000] {dag.py:2585} INFO - Sync 1 DAGs
[2025-09-01T05:03:40.377+0000] {logging_mixin.py:120} INFO - [2025-09-01T05:03:40.377+0000] {dag.py:3340} INFO - Setting next_dagrun for latest_only to 2025-09-01T05:03:14.959057+00:00, run_after=2025-09-01T09:03:14.959057+00:00
[2025-09-01T05:03:40.403+0000] {processor.py:176} INFO - Processing /home/airflow/.local/lib/python3.7/site-packages/airflow/example_dags/example_latest_only.py took 0.165 seconds
[2025-09-01T05:04:13.433+0000] {processor.py:154} INFO - Started process (PID=216) to work on /home/airflow/.local/lib/python3.7/site-packages/airflow/example_dags/example_latest_only.py
[2025-09-01T05:04:13.436+0000] {processor.py:756} INFO - Processing file /home/airflow/.local/lib/python3.7/site-packages/airflow/example_dags/example_latest_only.py for tasks to queue
[2025-09-01T05:04:13.438+0000] {logging_mixin.py:120} INFO - [2025-09-01T05:04:13.438+0000] {dagbag.py:537} INFO - Filling up the DagBag from /home/airflow/.local/lib/python3.7/site-packages/airflow/example_dags/example_latest_only.py
[2025-09-01T05:04:13.467+0000] {processor.py:766} INFO - DAG(s) dict_keys(['latest_only']) retrieved from /home/airflow/.local/lib/python3.7/site-packages/airflow/example_dags/example_latest_only.py
[2025-09-01T05:04:13.529+0000] {logging_mixin.py:120} INFO - [2025-09-01T05:04:13.529+0000] {dag.py:2585} INFO - Sync 1 DAGs
[2025-09-01T05:04:13.569+0000] {logging_mixin.py:120} INFO - [2025-09-01T05:04:13.568+0000] {dag.py:3340} INFO - Setting next_dagrun for latest_only to 2025-09-01T05:03:14.959057+00:00, run_after=2025-09-01T09:03:14.959057+00:00
[2025-09-01T05:04:13.602+0000] {processor.py:176} INFO - Processing /home/airflow/.local/lib/python3.7/site-packages/airflow/example_dags/example_latest_only.py took 0.175 seconds
[2025-09-01T05:04:44.576+0000] {processor.py:154} INFO - Started process (PID=284) to work on /home/airflow/.local/lib/python3.7/site-packages/airflow/example_dags/example_latest_only.py
[2025-09-01T05:04:44.577+0000] {processor.py:756} INFO - Processing file /home/airflow/.local/lib/python3.7/site-packages/airflow/example_dags/example_latest_only.py for tasks to queue
[2025-09-01T05:04:44.578+0000] {logging_mixin.py:120} INFO - [2025-09-01T05:04:44.578+0000] {dagbag.py:537} INFO - Filling up the DagBag from /home/airflow/.local/lib/python3.7/site-packages/airflow/example_dags/example_latest_only.py
[2025-09-01T05:04:44.597+0000] {processor.py:766} INFO - DAG(s) dict_keys(['latest_only']) retrieved from /home/airflow/.local/lib/python3.7/site-packages/airflow/example_dags/example_latest_only.py
[2025-09-01T05:04:44.660+0000] {logging_mixin.py:120} INFO - [2025-09-01T05:04:44.659+0000] {dag.py:2585} INFO - Sync 1 DAGs
[2025-09-01T05:04:44.693+0000] {logging_mixin.py:120} INFO - [2025-09-01T05:04:44.693+0000] {dag.py:3340} INFO - Setting next_dagrun for latest_only to 2025-09-01T05:03:14.959057+00:00, run_after=2025-09-01T09:03:14.959057+00:00
[2025-09-01T05:04:44.721+0000] {processor.py:176} INFO - Processing /home/airflow/.local/lib/python3.7/site-packages/airflow/example_dags/example_latest_only.py took 0.149 seconds
[2025-09-01T05:05:15.415+0000] {processor.py:154} INFO - Started process (PID=352) to work on /home/airflow/.local/lib/python3.7/site-packages/airflow/example_dags/example_latest_only.py
[2025-09-01T05:05:15.416+0000] {processor.py:756} INFO - Processing file /home/airflow/.local/lib/python3.7/site-packages/airflow/example_dags/example_latest_only.py for tasks to queue
[2025-09-01T05:05:15.416+0000] {logging_mixin.py:120} INFO - [2025-09-01T05:05:15.416+0000] {dagbag.py:537} INFO - Filling up the DagBag from /home/airflow/.local/lib/python3.7/site-packages/airflow/example_dags/example_latest_only.py
[2025-09-01T05:05:15.428+0000] {processor.py:766} INFO - DAG(s) dict_keys(['latest_only']) retrieved from /home/airflow/.local/lib/python3.7/site-packages/airflow/example_dags/example_latest_only.py
[2025-09-01T05:05:15.465+0000] {logging_mixin.py:120} INFO - [2025-09-01T05:05:15.465+0000] {dag.py:2585} INFO - Sync 1 DAGs
[2025-09-01T05:05:15.485+0000] {logging_mixin.py:120} INFO - [2025-09-01T05:05:15.485+0000] {dag.py:3340} INFO - Setting next_dagrun for latest_only to 2025-09-01T05:03:14.959057+00:00, run_after=2025-09-01T09:03:14.959057+00:00
[2025-09-01T05:05:15.502+0000] {processor.py:176} INFO - Processing /home/airflow/.local/lib/python3.7/site-packages/airflow/example_dags/example_latest_only.py took 0.090 seconds
[2025-09-01T05:05:46.899+0000] {processor.py:154} INFO - Started process (PID=421) to work on /home/airflow/.local/lib/python3.7/site-packages/airflow/example_dags/example_latest_only.py
[2025-09-01T05:05:46.900+0000] {processor.py:756} INFO - Processing file /home/airflow/.local/lib/python3.7/site-packages/airflow/example_dags/example_latest_only.py for tasks to queue
[2025-09-01T05:05:46.901+0000] {logging_mixin.py:120} INFO - [2025-09-01T05:05:46.901+0000] {dagbag.py:537} INFO - Filling up the DagBag from /home/airflow/.local/lib/python3.7/site-packages/airflow/example_dags/example_latest_only.py
[2025-09-01T05:05:46.914+0000] {processor.py:766} INFO - DAG(s) dict_keys(['latest_only']) retrieved from /home/airflow/.local/lib/python3.7/site-packages/airflow/example_dags/example_latest_only.py
[2025-09-01T05:05:46.957+0000] {logging_mixin.py:120} INFO - [2025-09-01T05:05:46.957+0000] {dag.py:2585} INFO - Sync 1 DAGs
[2025-09-01T05:05:46.985+0000] {logging_mixin.py:120} INFO - [2025-09-01T05:05:46.985+0000] {dag.py:3340} INFO - Setting next_dagrun for latest_only to 2025-09-01T05:03:14.959057+00:00, run_after=2025-09-01T09:03:14.959057+00:00
[2025-09-01T05:05:47.009+0000] {processor.py:176} INFO - Processing /home/airflow/.local/lib/python3.7/site-packages/airflow/example_dags/example_latest_only.py took 0.113 seconds
[2025-09-01T05:06:18.297+0000] {processor.py:154} INFO - Started process (PID=480) to work on /home/airflow/.local/lib/python3.7/site-packages/airflow/example_dags/example_latest_only.py
[2025-09-01T05:06:18.299+0000] {processor.py:756} INFO - Processing file /home/airflow/.local/lib/python3.7/site-packages/airflow/example_dags/example_latest_only.py for tasks to queue
[2025-09-01T05:06:18.299+0000] {logging_mixin.py:120} INFO - [2025-09-01T05:06:18.299+0000] {dagbag.py:537} INFO - Filling up the DagBag from /home/airflow/.local/lib/python3.7/site-packages/airflow/example_dags/example_latest_only.py
[2025-09-01T05:06:18.312+0000] {processor.py:766} INFO - DAG(s) dict_keys(['latest_only']) retrieved from /home/airflow/.local/lib/python3.7/site-packages/airflow/example_dags/example_latest_only.py
[2025-09-01T05:06:18.347+0000] {logging_mixin.py:120} INFO - [2025-09-01T05:06:18.347+0000] {dag.py:2585} INFO - Sync 1 DAGs
[2025-09-01T05:06:18.367+0000] {logging_mixin.py:120} INFO - [2025-09-01T05:06:18.367+0000] {dag.py:3340} INFO - Setting next_dagrun for latest_only to 2025-09-01T05:03:14.959057+00:00, run_after=2025-09-01T09:03:14.959057+00:00
[2025-09-01T05:06:18.383+0000] {processor.py:176} INFO - Processing /home/airflow/.local/lib/python3.7/site-packages/airflow/example_dags/example_latest_only.py took 0.089 seconds
[2025-09-01T05:06:49.657+0000] {processor.py:154} INFO - Started process (PID=547) to work on /home/airflow/.local/lib/python3.7/site-packages/airflow/example_dags/example_latest_only.py
[2025-09-01T05:06:49.659+0000] {processor.py:756} INFO - Processing file /home/airflow/.local/lib/python3.7/site-packages/airflow/example_dags/example_latest_only.py for tasks to queue
[2025-09-01T05:06:49.660+0000] {logging_mixin.py:120} INFO - [2025-09-01T05:06:49.660+0000] {dagbag.py:537} INFO - Filling up the DagBag from /home/airflow/.local/lib/python3.7/site-packages/airflow/example_dags/example_latest_only.py
[2025-09-01T05:06:49.695+0000] {processor.py:766} INFO - DAG(s) dict_keys(['latest_only']) retrieved from /home/airflow/.local/lib/python3.7/site-packages/airflow/example_dags/example_latest_only.py
[2025-09-01T05:06:49.785+0000] {logging_mixin.py:120} INFO - [2025-09-01T05:06:49.785+0000] {dag.py:2585} INFO - Sync 1 DAGs
[2025-09-01T05:06:49.832+0000] {logging_mixin.py:120} INFO - [2025-09-01T05:06:49.831+0000] {dag.py:3340} INFO - Setting next_dagrun for latest_only to 2025-09-01T05:03:14.959057+00:00, run_after=2025-09-01T09:03:14.959057+00:00
[2025-09-01T05:06:49.865+0000] {processor.py:176} INFO - Processing /home/airflow/.local/lib/python3.7/site-packages/airflow/example_dags/example_latest_only.py took 0.217 seconds
[2025-09-01T05:07:21.255+0000] {processor.py:154} INFO - Started process (PID=615) to work on /home/airflow/.local/lib/python3.7/site-packages/airflow/example_dags/example_latest_only.py
[2025-09-01T05:07:21.257+0000] {processor.py:756} INFO - Processing file /home/airflow/.local/lib/python3.7/site-packages/airflow/example_dags/example_latest_only.py for tasks to queue
[2025-09-01T05:07:21.258+0000] {logging_mixin.py:120} INFO - [2025-09-01T05:07:21.257+0000] {dagbag.py:537} INFO - Filling up the DagBag from /home/airflow/.local/lib/python3.7/site-packages/airflow/example_dags/example_latest_only.py
[2025-09-01T05:07:21.276+0000] {processor.py:766} INFO - DAG(s) dict_keys(['latest_only']) retrieved from /home/airflow/.local/lib/python3.7/site-packages/airflow/example_dags/example_latest_only.py
[2025-09-01T05:07:21.335+0000] {logging_mixin.py:120} INFO - [2025-09-01T05:07:21.335+0000] {dag.py:2585} INFO - Sync 1 DAGs
[2025-09-01T05:07:21.368+0000] {logging_mixin.py:120} INFO - [2025-09-01T05:07:21.368+0000] {dag.py:3340} INFO - Setting next_dagrun for latest_only to 2025-09-01T05:03:14.959057+00:00, run_after=2025-09-01T09:03:14.959057+00:00
[2025-09-01T05:07:21.395+0000] {processor.py:176} INFO - Processing /home/airflow/.local/lib/python3.7/site-packages/airflow/example_dags/example_latest_only.py took 0.145 seconds
[2025-09-01T05:07:52.339+0000] {processor.py:154} INFO - Started process (PID=679) to work on /home/airflow/.local/lib/python3.7/site-packages/airflow/example_dags/example_latest_only.py
[2025-09-01T05:07:52.341+0000] {processor.py:756} INFO - Processing file /home/airflow/.local/lib/python3.7/site-packages/airflow/example_dags/example_latest_only.py for tasks to queue
[2025-09-01T05:07:52.342+0000] {logging_mixin.py:120} INFO - [2025-09-01T05:07:52.342+0000] {dagbag.py:537} INFO - Filling up the DagBag from /home/airflow/.local/lib/python3.7/site-packages/airflow/example_dags/example_latest_only.py
[2025-09-01T05:07:52.365+0000] {processor.py:766} INFO - DAG(s) dict_keys(['latest_only']) retrieved from /home/airflow/.local/lib/python3.7/site-packages/airflow/example_dags/example_latest_only.py
[2025-09-01T05:07:52.421+0000] {logging_mixin.py:120} INFO - [2025-09-01T05:07:52.421+0000] {dag.py:2585} INFO - Sync 1 DAGs
[2025-09-01T05:07:52.458+0000] {logging_mixin.py:120} INFO - [2025-09-01T05:07:52.458+0000] {dag.py:3340} INFO - Setting next_dagrun for latest_only to 2025-09-01T05:03:14.959057+00:00, run_after=2025-09-01T09:03:14.959057+00:00
[2025-09-01T05:07:52.487+0000] {processor.py:176} INFO - Processing /home/airflow/.local/lib/python3.7/site-packages/airflow/example_dags/example_latest_only.py took 0.153 seconds
[2025-09-01T05:08:23.861+0000] {processor.py:154} INFO - Started process (PID=740) to work on /home/airflow/.local/lib/python3.7/site-packages/airflow/example_dags/example_latest_only.py
[2025-09-01T05:08:23.863+0000] {processor.py:756} INFO - Processing file /home/airflow/.local/lib/python3.7/site-packages/airflow/example_dags/example_latest_only.py for tasks to queue
[2025-09-01T05:08:23.864+0000] {logging_mixin.py:120} INFO - [2025-09-01T05:08:23.864+0000] {dagbag.py:537} INFO - Filling up the DagBag from /home/airflow/.local/lib/python3.7/site-packages/airflow/example_dags/example_latest_only.py
[2025-09-01T05:08:23.892+0000] {processor.py:766} INFO - DAG(s) dict_keys(['latest_only']) retrieved from /home/airflow/.local/lib/python3.7/site-packages/airflow/example_dags/example_latest_only.py
[2025-09-01T05:08:23.967+0000] {logging_mixin.py:120} INFO - [2025-09-01T05:08:23.966+0000] {dag.py:2585} INFO - Sync 1 DAGs
[2025-09-01T05:08:24.002+0000] {logging_mixin.py:120} INFO - [2025-09-01T05:08:24.002+0000] {dag.py:3340} INFO - Setting next_dagrun for latest_only to 2025-09-01T05:03:14.959057+00:00, run_after=2025-09-01T09:03:14.959057+00:00
[2025-09-01T05:08:24.030+0000] {processor.py:176} INFO - Processing /home/airflow/.local/lib/python3.7/site-packages/airflow/example_dags/example_latest_only.py took 0.175 seconds
[2025-09-01T05:08:54.947+0000] {processor.py:154} INFO - Started process (PID=807) to work on /home/airflow/.local/lib/python3.7/site-packages/airflow/example_dags/example_latest_only.py
[2025-09-01T05:08:54.948+0000] {processor.py:756} INFO - Processing file /home/airflow/.local/lib/python3.7/site-packages/airflow/example_dags/example_latest_only.py for tasks to queue
[2025-09-01T05:08:54.949+0000] {logging_mixin.py:120} INFO - [2025-09-01T05:08:54.949+0000] {dagbag.py:537} INFO - Filling up the DagBag from /home/airflow/.local/lib/python3.7/site-packages/airflow/example_dags/example_latest_only.py
[2025-09-01T05:08:54.971+0000] {processor.py:766} INFO - DAG(s) dict_keys(['latest_only']) retrieved from /home/airflow/.local/lib/python3.7/site-packages/airflow/example_dags/example_latest_only.py
[2025-09-01T05:08:55.022+0000] {logging_mixin.py:120} INFO - [2025-09-01T05:08:55.022+0000] {dag.py:2585} INFO - Sync 1 DAGs
[2025-09-01T05:08:55.057+0000] {logging_mixin.py:120} INFO - [2025-09-01T05:08:55.057+0000] {dag.py:3340} INFO - Setting next_dagrun for latest_only to 2025-09-01T05:03:14.959057+00:00, run_after=2025-09-01T09:03:14.959057+00:00
[2025-09-01T05:08:55.084+0000] {processor.py:176} INFO - Processing /home/airflow/.local/lib/python3.7/site-packages/airflow/example_dags/example_latest_only.py took 0.142 seconds
[2025-09-01T05:09:26.006+0000] {processor.py:154} INFO - Started process (PID=873) to work on /home/airflow/.local/lib/python3.7/site-packages/airflow/example_dags/example_latest_only.py
[2025-09-01T05:09:26.008+0000] {processor.py:756} INFO - Processing file /home/airflow/.local/lib/python3.7/site-packages/airflow/example_dags/example_latest_only.py for tasks to queue
[2025-09-01T05:09:26.009+0000] {logging_mixin.py:120} INFO - [2025-09-01T05:09:26.009+0000] {dagbag.py:537} INFO - Filling up the DagBag from /home/airflow/.local/lib/python3.7/site-packages/airflow/example_dags/example_latest_only.py
[2025-09-01T05:09:26.034+0000] {processor.py:766} INFO - DAG(s) dict_keys(['latest_only']) retrieved from /home/airflow/.local/lib/python3.7/site-packages/airflow/example_dags/example_latest_only.py
[2025-09-01T05:09:26.102+0000] {logging_mixin.py:120} INFO - [2025-09-01T05:09:26.102+0000] {dag.py:2585} INFO - Sync 1 DAGs
[2025-09-01T05:09:26.145+0000] {logging_mixin.py:120} INFO - [2025-09-01T05:09:26.145+0000] {dag.py:3340} INFO - Setting next_dagrun for latest_only to 2025-09-01T05:03:14.959057+00:00, run_after=2025-09-01T09:03:14.959057+00:00
[2025-09-01T05:09:26.177+0000] {processor.py:176} INFO - Processing /home/airflow/.local/lib/python3.7/site-packages/airflow/example_dags/example_latest_only.py took 0.177 seconds
[2025-09-01T05:09:57.360+0000] {processor.py:154} INFO - Started process (PID=934) to work on /home/airflow/.local/lib/python3.7/site-packages/airflow/example_dags/example_latest_only.py
[2025-09-01T05:09:57.362+0000] {processor.py:756} INFO - Processing file /home/airflow/.local/lib/python3.7/site-packages/airflow/example_dags/example_latest_only.py for tasks to queue
[2025-09-01T05:09:57.363+0000] {logging_mixin.py:120} INFO - [2025-09-01T05:09:57.363+0000] {dagbag.py:537} INFO - Filling up the DagBag from /home/airflow/.local/lib/python3.7/site-packages/airflow/example_dags/example_latest_only.py
[2025-09-01T05:09:57.382+0000] {processor.py:766} INFO - DAG(s) dict_keys(['latest_only']) retrieved from /home/airflow/.local/lib/python3.7/site-packages/airflow/example_dags/example_latest_only.py
[2025-09-01T05:09:57.436+0000] {logging_mixin.py:120} INFO - [2025-09-01T05:09:57.435+0000] {dag.py:2585} INFO - Sync 1 DAGs
[2025-09-01T05:09:57.468+0000] {logging_mixin.py:120} INFO - [2025-09-01T05:09:57.467+0000] {dag.py:3340} INFO - Setting next_dagrun for latest_only to 2025-09-01T05:03:14.959057+00:00, run_after=2025-09-01T09:03:14.959057+00:00
[2025-09-01T05:09:57.493+0000] {processor.py:176} INFO - Processing /home/airflow/.local/lib/python3.7/site-packages/airflow/example_dags/example_latest_only.py took 0.138 seconds
[2025-09-01T05:10:29.165+0000] {processor.py:154} INFO - Started process (PID=1002) to work on /home/airflow/.local/lib/python3.7/site-packages/airflow/example_dags/example_latest_only.py
[2025-09-01T05:10:29.166+0000] {processor.py:756} INFO - Processing file /home/airflow/.local/lib/python3.7/site-packages/airflow/example_dags/example_latest_only.py for tasks to queue
[2025-09-01T05:10:29.167+0000] {logging_mixin.py:120} INFO - [2025-09-01T05:10:29.167+0000] {dagbag.py:537} INFO - Filling up the DagBag from /home/airflow/.local/lib/python3.7/site-packages/airflow/example_dags/example_latest_only.py
[2025-09-01T05:10:29.187+0000] {processor.py:766} INFO - DAG(s) dict_keys(['latest_only']) retrieved from /home/airflow/.local/lib/python3.7/site-packages/airflow/example_dags/example_latest_only.py
[2025-09-01T05:10:29.246+0000] {logging_mixin.py:120} INFO - [2025-09-01T05:10:29.246+0000] {dag.py:2585} INFO - Sync 1 DAGs
[2025-09-01T05:10:29.280+0000] {logging_mixin.py:120} INFO - [2025-09-01T05:10:29.280+0000] {dag.py:3340} INFO - Setting next_dagrun for latest_only to 2025-09-01T05:03:14.959057+00:00, run_after=2025-09-01T09:03:14.959057+00:00
[2025-09-01T05:10:29.303+0000] {processor.py:176} INFO - Processing /home/airflow/.local/lib/python3.7/site-packages/airflow/example_dags/example_latest_only.py took 0.145 seconds
[2025-09-01T05:11:00.643+0000] {processor.py:154} INFO - Started process (PID=1070) to work on /home/airflow/.local/lib/python3.7/site-packages/airflow/example_dags/example_latest_only.py
[2025-09-01T05:11:00.645+0000] {processor.py:756} INFO - Processing file /home/airflow/.local/lib/python3.7/site-packages/airflow/example_dags/example_latest_only.py for tasks to queue
[2025-09-01T05:11:00.645+0000] {logging_mixin.py:120} INFO - [2025-09-01T05:11:00.645+0000] {dagbag.py:537} INFO - Filling up the DagBag from /home/airflow/.local/lib/python3.7/site-packages/airflow/example_dags/example_latest_only.py
[2025-09-01T05:11:00.667+0000] {processor.py:766} INFO - DAG(s) dict_keys(['latest_only']) retrieved from /home/airflow/.local/lib/python3.7/site-packages/airflow/example_dags/example_latest_only.py
[2025-09-01T05:11:00.724+0000] {logging_mixin.py:120} INFO - [2025-09-01T05:11:00.724+0000] {dag.py:2585} INFO - Sync 1 DAGs
[2025-09-01T05:11:00.769+0000] {logging_mixin.py:120} INFO - [2025-09-01T05:11:00.768+0000] {dag.py:3340} INFO - Setting next_dagrun for latest_only to 2025-09-01T05:03:14.959057+00:00, run_after=2025-09-01T09:03:14.959057+00:00
[2025-09-01T05:11:00.799+0000] {processor.py:176} INFO - Processing /home/airflow/.local/lib/python3.7/site-packages/airflow/example_dags/example_latest_only.py took 0.162 seconds
[2025-09-01T05:11:31.832+0000] {processor.py:154} INFO - Started process (PID=1129) to work on /home/airflow/.local/lib/python3.7/site-packages/airflow/example_dags/example_latest_only.py
[2025-09-01T05:11:31.833+0000] {processor.py:756} INFO - Processing file /home/airflow/.local/lib/python3.7/site-packages/airflow/example_dags/example_latest_only.py for tasks to queue
[2025-09-01T05:11:31.833+0000] {logging_mixin.py:120} INFO - [2025-09-01T05:11:31.833+0000] {dagbag.py:537} INFO - Filling up the DagBag from /home/airflow/.local/lib/python3.7/site-packages/airflow/example_dags/example_latest_only.py
[2025-09-01T05:11:31.844+0000] {processor.py:766} INFO - DAG(s) dict_keys(['latest_only']) retrieved from /home/airflow/.local/lib/python3.7/site-packages/airflow/example_dags/example_latest_only.py
[2025-09-01T05:11:31.879+0000] {logging_mixin.py:120} INFO - [2025-09-01T05:11:31.879+0000] {dag.py:2585} INFO - Sync 1 DAGs
[2025-09-01T05:11:31.899+0000] {logging_mixin.py:120} INFO - [2025-09-01T05:11:31.899+0000] {dag.py:3340} INFO - Setting next_dagrun for latest_only to 2025-09-01T05:03:14.959057+00:00, run_after=2025-09-01T09:03:14.959057+00:00
[2025-09-01T05:11:31.914+0000] {processor.py:176} INFO - Processing /home/airflow/.local/lib/python3.7/site-packages/airflow/example_dags/example_latest_only.py took 0.085 seconds
[2025-09-01T05:12:03.509+0000] {processor.py:154} INFO - Started process (PID=1197) to work on /home/airflow/.local/lib/python3.7/site-packages/airflow/example_dags/example_latest_only.py
[2025-09-01T05:12:03.511+0000] {processor.py:756} INFO - Processing file /home/airflow/.local/lib/python3.7/site-packages/airflow/example_dags/example_latest_only.py for tasks to queue
[2025-09-01T05:12:03.512+0000] {logging_mixin.py:120} INFO - [2025-09-01T05:12:03.512+0000] {dagbag.py:537} INFO - Filling up the DagBag from /home/airflow/.local/lib/python3.7/site-packages/airflow/example_dags/example_latest_only.py
[2025-09-01T05:12:03.534+0000] {processor.py:766} INFO - DAG(s) dict_keys(['latest_only']) retrieved from /home/airflow/.local/lib/python3.7/site-packages/airflow/example_dags/example_latest_only.py
[2025-09-01T05:12:03.586+0000] {logging_mixin.py:120} INFO - [2025-09-01T05:12:03.585+0000] {dag.py:2585} INFO - Sync 1 DAGs
[2025-09-01T05:12:03.613+0000] {logging_mixin.py:120} INFO - [2025-09-01T05:12:03.613+0000] {dag.py:3340} INFO - Setting next_dagrun for latest_only to 2025-09-01T05:03:14.959057+00:00, run_after=2025-09-01T09:03:14.959057+00:00
[2025-09-01T05:12:03.633+0000] {processor.py:176} INFO - Processing /home/airflow/.local/lib/python3.7/site-packages/airflow/example_dags/example_latest_only.py took 0.128 seconds
[2025-09-01T05:12:35.437+0000] {processor.py:154} INFO - Started process (PID=1266) to work on /home/airflow/.local/lib/python3.7/site-packages/airflow/example_dags/example_latest_only.py
[2025-09-01T05:12:35.439+0000] {processor.py:756} INFO - Processing file /home/airflow/.local/lib/python3.7/site-packages/airflow/example_dags/example_latest_only.py for tasks to queue
[2025-09-01T05:12:35.440+0000] {logging_mixin.py:120} INFO - [2025-09-01T05:12:35.440+0000] {dagbag.py:537} INFO - Filling up the DagBag from /home/airflow/.local/lib/python3.7/site-packages/airflow/example_dags/example_latest_only.py
[2025-09-01T05:12:35.457+0000] {processor.py:766} INFO - DAG(s) dict_keys(['latest_only']) retrieved from /home/airflow/.local/lib/python3.7/site-packages/airflow/example_dags/example_latest_only.py
[2025-09-01T05:12:35.510+0000] {logging_mixin.py:120} INFO - [2025-09-01T05:12:35.510+0000] {dag.py:2585} INFO - Sync 1 DAGs
[2025-09-01T05:12:35.540+0000] {logging_mixin.py:120} INFO - [2025-09-01T05:12:35.540+0000] {dag.py:3340} INFO - Setting next_dagrun for latest_only to 2025-09-01T05:03:14.959057+00:00, run_after=2025-09-01T09:03:14.959057+00:00
[2025-09-01T05:12:35.563+0000] {processor.py:176} INFO - Processing /home/airflow/.local/lib/python3.7/site-packages/airflow/example_dags/example_latest_only.py took 0.132 seconds
[2025-09-01T05:13:08.407+0000] {processor.py:154} INFO - Started process (PID=1334) to work on /home/airflow/.local/lib/python3.7/site-packages/airflow/example_dags/example_latest_only.py
[2025-09-01T05:13:08.409+0000] {processor.py:756} INFO - Processing file /home/airflow/.local/lib/python3.7/site-packages/airflow/example_dags/example_latest_only.py for tasks to queue
[2025-09-01T05:13:08.410+0000] {logging_mixin.py:120} INFO - [2025-09-01T05:13:08.410+0000] {dagbag.py:537} INFO - Filling up the DagBag from /home/airflow/.local/lib/python3.7/site-packages/airflow/example_dags/example_latest_only.py
[2025-09-01T05:13:08.441+0000] {processor.py:766} INFO - DAG(s) dict_keys(['latest_only']) retrieved from /home/airflow/.local/lib/python3.7/site-packages/airflow/example_dags/example_latest_only.py
[2025-09-01T05:13:08.519+0000] {logging_mixin.py:120} INFO - [2025-09-01T05:13:08.519+0000] {dag.py:2585} INFO - Sync 1 DAGs
[2025-09-01T05:13:08.564+0000] {logging_mixin.py:120} INFO - [2025-09-01T05:13:08.563+0000] {dag.py:3340} INFO - Setting next_dagrun for latest_only to 2025-09-01T05:03:14.959057+00:00, run_after=2025-09-01T09:03:14.959057+00:00
[2025-09-01T05:13:08.594+0000] {processor.py:176} INFO - Processing /home/airflow/.local/lib/python3.7/site-packages/airflow/example_dags/example_latest_only.py took 0.195 seconds
[2025-09-01T05:13:39.933+0000] {processor.py:154} INFO - Started process (PID=1402) to work on /home/airflow/.local/lib/python3.7/site-packages/airflow/example_dags/example_latest_only.py
[2025-09-01T05:13:39.935+0000] {processor.py:756} INFO - Processing file /home/airflow/.local/lib/python3.7/site-packages/airflow/example_dags/example_latest_only.py for tasks to queue
[2025-09-01T05:13:39.936+0000] {logging_mixin.py:120} INFO - [2025-09-01T05:13:39.936+0000] {dagbag.py:537} INFO - Filling up the DagBag from /home/airflow/.local/lib/python3.7/site-packages/airflow/example_dags/example_latest_only.py
[2025-09-01T05:13:39.969+0000] {processor.py:766} INFO - DAG(s) dict_keys(['latest_only']) retrieved from /home/airflow/.local/lib/python3.7/site-packages/airflow/example_dags/example_latest_only.py
[2025-09-01T05:13:40.052+0000] {logging_mixin.py:120} INFO - [2025-09-01T05:13:40.052+0000] {dag.py:2585} INFO - Sync 1 DAGs
[2025-09-01T05:13:40.109+0000] {logging_mixin.py:120} INFO - [2025-09-01T05:13:40.109+0000] {dag.py:3340} INFO - Setting next_dagrun for latest_only to 2025-09-01T05:03:14.959057+00:00, run_after=2025-09-01T09:03:14.959057+00:00
[2025-09-01T05:13:40.145+0000] {processor.py:176} INFO - Processing /home/airflow/.local/lib/python3.7/site-packages/airflow/example_dags/example_latest_only.py took 0.217 seconds
[2025-09-01T05:14:14.151+0000] {processor.py:154} INFO - Started process (PID=1461) to work on /home/airflow/.local/lib/python3.7/site-packages/airflow/example_dags/example_latest_only.py
[2025-09-01T05:14:14.154+0000] {processor.py:756} INFO - Processing file /home/airflow/.local/lib/python3.7/site-packages/airflow/example_dags/example_latest_only.py for tasks to queue
[2025-09-01T05:14:14.164+0000] {logging_mixin.py:120} INFO - [2025-09-01T05:14:14.164+0000] {dagbag.py:537} INFO - Filling up the DagBag from /home/airflow/.local/lib/python3.7/site-packages/airflow/example_dags/example_latest_only.py
[2025-09-01T05:14:14.226+0000] {processor.py:766} INFO - DAG(s) dict_keys(['latest_only']) retrieved from /home/airflow/.local/lib/python3.7/site-packages/airflow/example_dags/example_latest_only.py
[2025-09-01T05:14:14.350+0000] {logging_mixin.py:120} INFO - [2025-09-01T05:14:14.350+0000] {dag.py:2585} INFO - Sync 1 DAGs
[2025-09-01T05:14:14.442+0000] {logging_mixin.py:120} INFO - [2025-09-01T05:14:14.442+0000] {dag.py:3340} INFO - Setting next_dagrun for latest_only to 2025-09-01T05:03:14.959057+00:00, run_after=2025-09-01T09:03:14.959057+00:00
[2025-09-01T05:14:14.489+0000] {processor.py:176} INFO - Processing /home/airflow/.local/lib/python3.7/site-packages/airflow/example_dags/example_latest_only.py took 0.349 seconds
[2025-09-01T05:14:48.733+0000] {processor.py:154} INFO - Started process (PID=1529) to work on /home/airflow/.local/lib/python3.7/site-packages/airflow/example_dags/example_latest_only.py
[2025-09-01T05:14:48.736+0000] {processor.py:756} INFO - Processing file /home/airflow/.local/lib/python3.7/site-packages/airflow/example_dags/example_latest_only.py for tasks to queue
[2025-09-01T05:14:48.737+0000] {logging_mixin.py:120} INFO - [2025-09-01T05:14:48.737+0000] {dagbag.py:537} INFO - Filling up the DagBag from /home/airflow/.local/lib/python3.7/site-packages/airflow/example_dags/example_latest_only.py
[2025-09-01T05:14:48.774+0000] {processor.py:766} INFO - DAG(s) dict_keys(['latest_only']) retrieved from /home/airflow/.local/lib/python3.7/site-packages/airflow/example_dags/example_latest_only.py
[2025-09-01T05:14:48.864+0000] {logging_mixin.py:120} INFO - [2025-09-01T05:14:48.864+0000] {dag.py:2585} INFO - Sync 1 DAGs
[2025-09-01T05:14:48.923+0000] {logging_mixin.py:120} INFO - [2025-09-01T05:14:48.923+0000] {dag.py:3340} INFO - Setting next_dagrun for latest_only to 2025-09-01T05:03:14.959057+00:00, run_after=2025-09-01T09:03:14.959057+00:00
[2025-09-01T05:14:48.963+0000] {processor.py:176} INFO - Processing /home/airflow/.local/lib/python3.7/site-packages/airflow/example_dags/example_latest_only.py took 0.238 seconds
[2025-09-01T05:15:23.996+0000] {processor.py:154} INFO - Started process (PID=1588) to work on /home/airflow/.local/lib/python3.7/site-packages/airflow/example_dags/example_latest_only.py
[2025-09-01T05:15:24.001+0000] {processor.py:756} INFO - Processing file /home/airflow/.local/lib/python3.7/site-packages/airflow/example_dags/example_latest_only.py for tasks to queue
[2025-09-01T05:15:24.004+0000] {logging_mixin.py:120} INFO - [2025-09-01T05:15:24.004+0000] {dagbag.py:537} INFO - Filling up the DagBag from /home/airflow/.local/lib/python3.7/site-packages/airflow/example_dags/example_latest_only.py
[2025-09-01T05:15:24.083+0000] {processor.py:766} INFO - DAG(s) dict_keys(['latest_only']) retrieved from /home/airflow/.local/lib/python3.7/site-packages/airflow/example_dags/example_latest_only.py
[2025-09-01T05:15:24.271+0000] {logging_mixin.py:120} INFO - [2025-09-01T05:15:24.270+0000] {dag.py:2585} INFO - Sync 1 DAGs
[2025-09-01T05:15:24.424+0000] {logging_mixin.py:120} INFO - [2025-09-01T05:15:24.424+0000] {dag.py:3340} INFO - Setting next_dagrun for latest_only to 2025-09-01T05:03:14.959057+00:00, run_after=2025-09-01T09:03:14.959057+00:00
[2025-09-01T05:15:24.508+0000] {processor.py:176} INFO - Processing /home/airflow/.local/lib/python3.7/site-packages/airflow/example_dags/example_latest_only.py took 0.526 seconds
[2025-09-01T05:15:58.494+0000] {processor.py:154} INFO - Started process (PID=1653) to work on /home/airflow/.local/lib/python3.7/site-packages/airflow/example_dags/example_latest_only.py
[2025-09-01T05:15:58.504+0000] {processor.py:756} INFO - Processing file /home/airflow/.local/lib/python3.7/site-packages/airflow/example_dags/example_latest_only.py for tasks to queue
[2025-09-01T05:15:58.506+0000] {logging_mixin.py:120} INFO - [2025-09-01T05:15:58.505+0000] {dagbag.py:537} INFO - Filling up the DagBag from /home/airflow/.local/lib/python3.7/site-packages/airflow/example_dags/example_latest_only.py
[2025-09-01T05:15:58.661+0000] {processor.py:766} INFO - DAG(s) dict_keys(['latest_only']) retrieved from /home/airflow/.local/lib/python3.7/site-packages/airflow/example_dags/example_latest_only.py
[2025-09-01T05:15:58.892+0000] {logging_mixin.py:120} INFO - [2025-09-01T05:15:58.892+0000] {dag.py:2585} INFO - Sync 1 DAGs
[2025-09-01T05:15:59.039+0000] {logging_mixin.py:120} INFO - [2025-09-01T05:15:59.039+0000] {dag.py:3340} INFO - Setting next_dagrun for latest_only to 2025-09-01T05:03:14.959057+00:00, run_after=2025-09-01T09:03:14.959057+00:00
[2025-09-01T05:15:59.130+0000] {processor.py:176} INFO - Processing /home/airflow/.local/lib/python3.7/site-packages/airflow/example_dags/example_latest_only.py took 0.651 seconds
[2025-09-01T05:24:54.907+0000] {processor.py:154} INFO - Started process (PID=1697) to work on /home/airflow/.local/lib/python3.7/site-packages/airflow/example_dags/example_latest_only.py
[2025-09-01T05:24:54.909+0000] {processor.py:756} INFO - Processing file /home/airflow/.local/lib/python3.7/site-packages/airflow/example_dags/example_latest_only.py for tasks to queue
[2025-09-01T05:24:54.909+0000] {logging_mixin.py:120} INFO - [2025-09-01T05:24:54.909+0000] {dagbag.py:537} INFO - Filling up the DagBag from /home/airflow/.local/lib/python3.7/site-packages/airflow/example_dags/example_latest_only.py
[2025-09-01T05:24:54.925+0000] {processor.py:766} INFO - DAG(s) dict_keys(['latest_only']) retrieved from /home/airflow/.local/lib/python3.7/site-packages/airflow/example_dags/example_latest_only.py
[2025-09-01T05:24:55.775+0000] {processor.py:179} ERROR - Got an exception! Propagating...
Traceback (most recent call last):
  File "/home/airflow/.local/lib/python3.7/site-packages/sqlalchemy/engine/base.py", line 3243, in _wrap_pool_connect
    return fn()
  File "/home/airflow/.local/lib/python3.7/site-packages/sqlalchemy/pool/base.py", line 310, in connect
    return _ConnectionFairy._checkout(self)
  File "/home/airflow/.local/lib/python3.7/site-packages/sqlalchemy/pool/base.py", line 868, in _checkout
    fairy = _ConnectionRecord.checkout(pool)
  File "/home/airflow/.local/lib/python3.7/site-packages/sqlalchemy/pool/base.py", line 476, in checkout
    rec = pool._do_get()
  File "/home/airflow/.local/lib/python3.7/site-packages/sqlalchemy/pool/impl.py", line 146, in _do_get
    self._dec_overflow()
  File "/home/airflow/.local/lib/python3.7/site-packages/sqlalchemy/util/langhelpers.py", line 72, in __exit__
    with_traceback=exc_tb,
  File "/home/airflow/.local/lib/python3.7/site-packages/sqlalchemy/util/compat.py", line 207, in raise_
    raise exception
  File "/home/airflow/.local/lib/python3.7/site-packages/sqlalchemy/pool/impl.py", line 143, in _do_get
    return self._create_connection()
  File "/home/airflow/.local/lib/python3.7/site-packages/sqlalchemy/pool/base.py", line 256, in _create_connection
    return _ConnectionRecord(self)
  File "/home/airflow/.local/lib/python3.7/site-packages/sqlalchemy/pool/base.py", line 371, in __init__
    self.__connect()
  File "/home/airflow/.local/lib/python3.7/site-packages/sqlalchemy/pool/base.py", line 666, in __connect
    pool.logger.debug("Error on connect(): %s", e)
  File "/home/airflow/.local/lib/python3.7/site-packages/sqlalchemy/util/langhelpers.py", line 72, in __exit__
    with_traceback=exc_tb,
  File "/home/airflow/.local/lib/python3.7/site-packages/sqlalchemy/util/compat.py", line 207, in raise_
    raise exception
  File "/home/airflow/.local/lib/python3.7/site-packages/sqlalchemy/pool/base.py", line 661, in __connect
    self.dbapi_connection = connection = pool._invoke_creator(self)
  File "/home/airflow/.local/lib/python3.7/site-packages/sqlalchemy/engine/create.py", line 590, in connect
    return dialect.connect(*cargs, **cparams)
  File "/home/airflow/.local/lib/python3.7/site-packages/sqlalchemy/engine/default.py", line 584, in connect
    return self.dbapi.connect(*cargs, **cparams)
  File "/home/airflow/.local/lib/python3.7/site-packages/psycopg2/__init__.py", line 122, in connect
    conn = _connect(dsn, connection_factory=connection_factory, **kwasync)
psycopg2.OperationalError: could not translate host name "postgres" to address: Temporary failure in name resolution


The above exception was the direct cause of the following exception:

Traceback (most recent call last):
  File "/home/airflow/.local/lib/python3.7/site-packages/airflow/dag_processing/processor.py", line 175, in _run_file_processor
    _handle_dag_file_processing()
  File "/home/airflow/.local/lib/python3.7/site-packages/airflow/dag_processing/processor.py", line 159, in _handle_dag_file_processing
    callback_requests=callback_requests,
  File "/home/airflow/.local/lib/python3.7/site-packages/airflow/utils/session.py", line 75, in wrapper
    return func(*args, session=session, **kwargs)
  File "/home/airflow/.local/lib/python3.7/site-packages/airflow/dag_processing/processor.py", line 781, in process_file
    dagbag.sync_to_db(processor_subdir=self._dag_directory, session=session)
  File "/home/airflow/.local/lib/python3.7/site-packages/airflow/utils/session.py", line 72, in wrapper
    return func(*args, **kwargs)
  File "/home/airflow/.local/lib/python3.7/site-packages/airflow/models/dagbag.py", line 644, in sync_to_db
    for attempt in run_with_db_retries(logger=self.log):
  File "/home/airflow/.local/lib/python3.7/site-packages/tenacity/__init__.py", line 384, in __iter__
    do = self.iter(retry_state=retry_state)
  File "/home/airflow/.local/lib/python3.7/site-packages/tenacity/__init__.py", line 362, in iter
    raise retry_exc.reraise()
  File "/home/airflow/.local/lib/python3.7/site-packages/tenacity/__init__.py", line 195, in reraise
    raise self.last_attempt.result()
  File "/usr/local/lib/python3.7/concurrent/futures/_base.py", line 428, in result
    return self.__get_result()
  File "/usr/local/lib/python3.7/concurrent/futures/_base.py", line 384, in __get_result
    raise self._exception
  File "/home/airflow/.local/lib/python3.7/site-packages/airflow/models/dagbag.py", line 656, in sync_to_db
    serialize_errors.extend(_serialize_dag_capturing_errors(dag, session))
  File "/home/airflow/.local/lib/python3.7/site-packages/airflow/models/dagbag.py", line 630, in _serialize_dag_capturing_errors
    session=session,
  File "/home/airflow/.local/lib/python3.7/site-packages/airflow/utils/session.py", line 72, in wrapper
    return func(*args, **kwargs)
  File "/home/airflow/.local/lib/python3.7/site-packages/airflow/models/serialized_dag.py", line 150, in write_dag
    (timezone.utcnow() - timedelta(seconds=min_update_interval)) < cls.last_updated,
  File "/home/airflow/.local/lib/python3.7/site-packages/sqlalchemy/orm/query.py", line 2810, in first
    return self.limit(1)._iter().first()
  File "/home/airflow/.local/lib/python3.7/site-packages/sqlalchemy/orm/query.py", line 2897, in _iter
    execution_options={"_sa_orm_load_options": self.load_options},
  File "/home/airflow/.local/lib/python3.7/site-packages/sqlalchemy/orm/session.py", line 1688, in execute
    conn = self._connection_for_bind(bind)
  File "/home/airflow/.local/lib/python3.7/site-packages/sqlalchemy/orm/session.py", line 1530, in _connection_for_bind
    engine, execution_options
  File "/home/airflow/.local/lib/python3.7/site-packages/sqlalchemy/orm/session.py", line 747, in _connection_for_bind
    conn = bind.connect()
  File "/home/airflow/.local/lib/python3.7/site-packages/sqlalchemy/engine/base.py", line 3197, in connect
    return self._connection_cls(self, close_with_result=close_with_result)
  File "/home/airflow/.local/lib/python3.7/site-packages/sqlalchemy/engine/base.py", line 96, in __init__
    else engine.raw_connection()
  File "/home/airflow/.local/lib/python3.7/site-packages/sqlalchemy/engine/base.py", line 3276, in raw_connection
    return self._wrap_pool_connect(self.pool.connect, _connection)
  File "/home/airflow/.local/lib/python3.7/site-packages/sqlalchemy/engine/base.py", line 3247, in _wrap_pool_connect
    e, dialect, self
  File "/home/airflow/.local/lib/python3.7/site-packages/sqlalchemy/engine/base.py", line 2101, in _handle_dbapi_exception_noconnection
    sqlalchemy_exception, with_traceback=exc_info[2], from_=e
  File "/home/airflow/.local/lib/python3.7/site-packages/sqlalchemy/util/compat.py", line 207, in raise_
    raise exception
  File "/home/airflow/.local/lib/python3.7/site-packages/sqlalchemy/engine/base.py", line 3243, in _wrap_pool_connect
    return fn()
  File "/home/airflow/.local/lib/python3.7/site-packages/sqlalchemy/pool/base.py", line 310, in connect
    return _ConnectionFairy._checkout(self)
  File "/home/airflow/.local/lib/python3.7/site-packages/sqlalchemy/pool/base.py", line 868, in _checkout
    fairy = _ConnectionRecord.checkout(pool)
  File "/home/airflow/.local/lib/python3.7/site-packages/sqlalchemy/pool/base.py", line 476, in checkout
    rec = pool._do_get()
  File "/home/airflow/.local/lib/python3.7/site-packages/sqlalchemy/pool/impl.py", line 146, in _do_get
    self._dec_overflow()
  File "/home/airflow/.local/lib/python3.7/site-packages/sqlalchemy/util/langhelpers.py", line 72, in __exit__
    with_traceback=exc_tb,
  File "/home/airflow/.local/lib/python3.7/site-packages/sqlalchemy/util/compat.py", line 207, in raise_
    raise exception
  File "/home/airflow/.local/lib/python3.7/site-packages/sqlalchemy/pool/impl.py", line 143, in _do_get
    return self._create_connection()
  File "/home/airflow/.local/lib/python3.7/site-packages/sqlalchemy/pool/base.py", line 256, in _create_connection
    return _ConnectionRecord(self)
  File "/home/airflow/.local/lib/python3.7/site-packages/sqlalchemy/pool/base.py", line 371, in __init__
    self.__connect()
  File "/home/airflow/.local/lib/python3.7/site-packages/sqlalchemy/pool/base.py", line 666, in __connect
    pool.logger.debug("Error on connect(): %s", e)
  File "/home/airflow/.local/lib/python3.7/site-packages/sqlalchemy/util/langhelpers.py", line 72, in __exit__
    with_traceback=exc_tb,
  File "/home/airflow/.local/lib/python3.7/site-packages/sqlalchemy/util/compat.py", line 207, in raise_
    raise exception
  File "/home/airflow/.local/lib/python3.7/site-packages/sqlalchemy/pool/base.py", line 661, in __connect
    self.dbapi_connection = connection = pool._invoke_creator(self)
  File "/home/airflow/.local/lib/python3.7/site-packages/sqlalchemy/engine/create.py", line 590, in connect
    return dialect.connect(*cargs, **cparams)
  File "/home/airflow/.local/lib/python3.7/site-packages/sqlalchemy/engine/default.py", line 584, in connect
    return self.dbapi.connect(*cargs, **cparams)
  File "/home/airflow/.local/lib/python3.7/site-packages/psycopg2/__init__.py", line 122, in connect
    conn = _connect(dsn, connection_factory=connection_factory, **kwasync)
sqlalchemy.exc.OperationalError: (psycopg2.OperationalError) could not translate host name "postgres" to address: Temporary failure in name resolution

(Background on this error at: https://sqlalche.me/e/14/e3q8)
