[2025-09-01T05:03:14.469+0000] {processor.py:154} INFO - Started process (PID=110) to work on /home/airflow/.local/lib/python3.7/site-packages/airflow/example_dags/example_task_group.py
[2025-09-01T05:03:14.470+0000] {processor.py:756} INFO - Processing file /home/airflow/.local/lib/python3.7/site-packages/airflow/example_dags/example_task_group.py for tasks to queue
[2025-09-01T05:03:14.471+0000] {logging_mixin.py:120} INFO - [2025-09-01T05:03:14.471+0000] {dagbag.py:537} INFO - Filling up the DagBag from /home/airflow/.local/lib/python3.7/site-packages/airflow/example_dags/example_task_group.py
[2025-09-01T05:03:14.500+0000] {processor.py:766} INFO - DAG(s) dict_keys(['example_task_group']) retrieved from /home/airflow/.local/lib/python3.7/site-packages/airflow/example_dags/example_task_group.py
[2025-09-01T05:03:14.562+0000] {logging_mixin.py:120} INFO - [2025-09-01T05:03:14.561+0000] {dag.py:2585} INFO - Sync 1 DAGs
[2025-09-01T05:03:14.599+0000] {logging_mixin.py:120} INFO - [2025-09-01T05:03:14.599+0000] {dag.py:3340} INFO - Setting next_dagrun for example_task_group to 2025-08-31T05:03:14.598740+00:00, run_after=2025-09-01T05:03:14.598740+00:00
[2025-09-01T05:03:14.629+0000] {processor.py:176} INFO - Processing /home/airflow/.local/lib/python3.7/site-packages/airflow/example_dags/example_task_group.py took 0.165 seconds
[2025-09-01T05:03:45.414+0000] {processor.py:154} INFO - Started process (PID=186) to work on /home/airflow/.local/lib/python3.7/site-packages/airflow/example_dags/example_task_group.py
[2025-09-01T05:03:45.415+0000] {processor.py:756} INFO - Processing file /home/airflow/.local/lib/python3.7/site-packages/airflow/example_dags/example_task_group.py for tasks to queue
[2025-09-01T05:03:45.416+0000] {logging_mixin.py:120} INFO - [2025-09-01T05:03:45.416+0000] {dagbag.py:537} INFO - Filling up the DagBag from /home/airflow/.local/lib/python3.7/site-packages/airflow/example_dags/example_task_group.py
[2025-09-01T05:03:45.431+0000] {processor.py:766} INFO - DAG(s) dict_keys(['example_task_group']) retrieved from /home/airflow/.local/lib/python3.7/site-packages/airflow/example_dags/example_task_group.py
[2025-09-01T05:03:45.474+0000] {logging_mixin.py:120} INFO - [2025-09-01T05:03:45.474+0000] {dag.py:2585} INFO - Sync 1 DAGs
[2025-09-01T05:03:45.518+0000] {logging_mixin.py:120} INFO - [2025-09-01T05:03:45.518+0000] {dag.py:3340} INFO - Setting next_dagrun for example_task_group to 2025-08-31T05:03:45.518253+00:00, run_after=2025-09-01T05:03:45.518253+00:00
[2025-09-01T05:03:45.539+0000] {processor.py:176} INFO - Processing /home/airflow/.local/lib/python3.7/site-packages/airflow/example_dags/example_task_group.py took 0.128 seconds
[2025-09-01T05:04:18.837+0000] {processor.py:154} INFO - Started process (PID=255) to work on /home/airflow/.local/lib/python3.7/site-packages/airflow/example_dags/example_task_group.py
[2025-09-01T05:04:18.839+0000] {processor.py:756} INFO - Processing file /home/airflow/.local/lib/python3.7/site-packages/airflow/example_dags/example_task_group.py for tasks to queue
[2025-09-01T05:04:18.841+0000] {logging_mixin.py:120} INFO - [2025-09-01T05:04:18.840+0000] {dagbag.py:537} INFO - Filling up the DagBag from /home/airflow/.local/lib/python3.7/site-packages/airflow/example_dags/example_task_group.py
[2025-09-01T05:04:18.868+0000] {processor.py:766} INFO - DAG(s) dict_keys(['example_task_group']) retrieved from /home/airflow/.local/lib/python3.7/site-packages/airflow/example_dags/example_task_group.py
[2025-09-01T05:04:18.935+0000] {logging_mixin.py:120} INFO - [2025-09-01T05:04:18.935+0000] {dag.py:2585} INFO - Sync 1 DAGs
[2025-09-01T05:04:18.969+0000] {logging_mixin.py:120} INFO - [2025-09-01T05:04:18.969+0000] {dag.py:3340} INFO - Setting next_dagrun for example_task_group to 2025-08-31T05:04:18.968841+00:00, run_after=2025-09-01T05:04:18.968841+00:00
[2025-09-01T05:04:19.002+0000] {processor.py:176} INFO - Processing /home/airflow/.local/lib/python3.7/site-packages/airflow/example_dags/example_task_group.py took 0.172 seconds
[2025-09-01T05:04:49.153+0000] {processor.py:154} INFO - Started process (PID=314) to work on /home/airflow/.local/lib/python3.7/site-packages/airflow/example_dags/example_task_group.py
[2025-09-01T05:04:49.155+0000] {processor.py:756} INFO - Processing file /home/airflow/.local/lib/python3.7/site-packages/airflow/example_dags/example_task_group.py for tasks to queue
[2025-09-01T05:04:49.155+0000] {logging_mixin.py:120} INFO - [2025-09-01T05:04:49.155+0000] {dagbag.py:537} INFO - Filling up the DagBag from /home/airflow/.local/lib/python3.7/site-packages/airflow/example_dags/example_task_group.py
[2025-09-01T05:04:49.173+0000] {processor.py:766} INFO - DAG(s) dict_keys(['example_task_group']) retrieved from /home/airflow/.local/lib/python3.7/site-packages/airflow/example_dags/example_task_group.py
[2025-09-01T05:04:49.215+0000] {logging_mixin.py:120} INFO - [2025-09-01T05:04:49.214+0000] {dag.py:2585} INFO - Sync 1 DAGs
[2025-09-01T05:04:49.245+0000] {logging_mixin.py:120} INFO - [2025-09-01T05:04:49.245+0000] {dag.py:3340} INFO - Setting next_dagrun for example_task_group to 2025-08-31T05:04:49.245302+00:00, run_after=2025-09-01T05:04:49.245302+00:00
[2025-09-01T05:04:49.267+0000] {processor.py:176} INFO - Processing /home/airflow/.local/lib/python3.7/site-packages/airflow/example_dags/example_task_group.py took 0.118 seconds
[2025-09-01T05:05:19.532+0000] {processor.py:154} INFO - Started process (PID=382) to work on /home/airflow/.local/lib/python3.7/site-packages/airflow/example_dags/example_task_group.py
[2025-09-01T05:05:19.533+0000] {processor.py:756} INFO - Processing file /home/airflow/.local/lib/python3.7/site-packages/airflow/example_dags/example_task_group.py for tasks to queue
[2025-09-01T05:05:19.534+0000] {logging_mixin.py:120} INFO - [2025-09-01T05:05:19.534+0000] {dagbag.py:537} INFO - Filling up the DagBag from /home/airflow/.local/lib/python3.7/site-packages/airflow/example_dags/example_task_group.py
[2025-09-01T05:05:19.549+0000] {processor.py:766} INFO - DAG(s) dict_keys(['example_task_group']) retrieved from /home/airflow/.local/lib/python3.7/site-packages/airflow/example_dags/example_task_group.py
[2025-09-01T05:05:19.585+0000] {logging_mixin.py:120} INFO - [2025-09-01T05:05:19.585+0000] {dag.py:2585} INFO - Sync 1 DAGs
[2025-09-01T05:05:19.607+0000] {logging_mixin.py:120} INFO - [2025-09-01T05:05:19.607+0000] {dag.py:3340} INFO - Setting next_dagrun for example_task_group to 2025-08-31T05:05:19.606880+00:00, run_after=2025-09-01T05:05:19.606880+00:00
[2025-09-01T05:05:19.627+0000] {processor.py:176} INFO - Processing /home/airflow/.local/lib/python3.7/site-packages/airflow/example_dags/example_task_group.py took 0.099 seconds
[2025-09-01T05:05:50.146+0000] {processor.py:154} INFO - Started process (PID=451) to work on /home/airflow/.local/lib/python3.7/site-packages/airflow/example_dags/example_task_group.py
[2025-09-01T05:05:50.147+0000] {processor.py:756} INFO - Processing file /home/airflow/.local/lib/python3.7/site-packages/airflow/example_dags/example_task_group.py for tasks to queue
[2025-09-01T05:05:50.148+0000] {logging_mixin.py:120} INFO - [2025-09-01T05:05:50.148+0000] {dagbag.py:537} INFO - Filling up the DagBag from /home/airflow/.local/lib/python3.7/site-packages/airflow/example_dags/example_task_group.py
[2025-09-01T05:05:50.162+0000] {processor.py:766} INFO - DAG(s) dict_keys(['example_task_group']) retrieved from /home/airflow/.local/lib/python3.7/site-packages/airflow/example_dags/example_task_group.py
[2025-09-01T05:05:50.200+0000] {logging_mixin.py:120} INFO - [2025-09-01T05:05:50.200+0000] {dag.py:2585} INFO - Sync 1 DAGs
[2025-09-01T05:05:50.225+0000] {logging_mixin.py:120} INFO - [2025-09-01T05:05:50.225+0000] {dag.py:3340} INFO - Setting next_dagrun for example_task_group to 2025-08-31T05:05:50.225139+00:00, run_after=2025-09-01T05:05:50.225139+00:00
[2025-09-01T05:05:50.244+0000] {processor.py:176} INFO - Processing /home/airflow/.local/lib/python3.7/site-packages/airflow/example_dags/example_task_group.py took 0.103 seconds
[2025-09-01T05:06:21.102+0000] {processor.py:154} INFO - Started process (PID=519) to work on /home/airflow/.local/lib/python3.7/site-packages/airflow/example_dags/example_task_group.py
[2025-09-01T05:06:21.103+0000] {processor.py:756} INFO - Processing file /home/airflow/.local/lib/python3.7/site-packages/airflow/example_dags/example_task_group.py for tasks to queue
[2025-09-01T05:06:21.104+0000] {logging_mixin.py:120} INFO - [2025-09-01T05:06:21.104+0000] {dagbag.py:537} INFO - Filling up the DagBag from /home/airflow/.local/lib/python3.7/site-packages/airflow/example_dags/example_task_group.py
[2025-09-01T05:06:21.122+0000] {processor.py:766} INFO - DAG(s) dict_keys(['example_task_group']) retrieved from /home/airflow/.local/lib/python3.7/site-packages/airflow/example_dags/example_task_group.py
[2025-09-01T05:06:21.162+0000] {logging_mixin.py:120} INFO - [2025-09-01T05:06:21.162+0000] {dag.py:2585} INFO - Sync 1 DAGs
[2025-09-01T05:06:21.189+0000] {logging_mixin.py:120} INFO - [2025-09-01T05:06:21.189+0000] {dag.py:3340} INFO - Setting next_dagrun for example_task_group to 2025-08-31T05:06:21.189173+00:00, run_after=2025-09-01T05:06:21.189173+00:00
[2025-09-01T05:06:21.209+0000] {processor.py:176} INFO - Processing /home/airflow/.local/lib/python3.7/site-packages/airflow/example_dags/example_task_group.py took 0.111 seconds
[2025-09-01T05:06:53.525+0000] {processor.py:154} INFO - Started process (PID=586) to work on /home/airflow/.local/lib/python3.7/site-packages/airflow/example_dags/example_task_group.py
[2025-09-01T05:06:53.527+0000] {processor.py:756} INFO - Processing file /home/airflow/.local/lib/python3.7/site-packages/airflow/example_dags/example_task_group.py for tasks to queue
[2025-09-01T05:06:53.528+0000] {logging_mixin.py:120} INFO - [2025-09-01T05:06:53.528+0000] {dagbag.py:537} INFO - Filling up the DagBag from /home/airflow/.local/lib/python3.7/site-packages/airflow/example_dags/example_task_group.py
[2025-09-01T05:06:53.567+0000] {processor.py:766} INFO - DAG(s) dict_keys(['example_task_group']) retrieved from /home/airflow/.local/lib/python3.7/site-packages/airflow/example_dags/example_task_group.py
[2025-09-01T05:06:53.651+0000] {logging_mixin.py:120} INFO - [2025-09-01T05:06:53.651+0000] {dag.py:2585} INFO - Sync 1 DAGs
[2025-09-01T05:06:53.718+0000] {logging_mixin.py:120} INFO - [2025-09-01T05:06:53.718+0000] {dag.py:3340} INFO - Setting next_dagrun for example_task_group to 2025-08-31T05:06:53.717489+00:00, run_after=2025-09-01T05:06:53.717489+00:00
[2025-09-01T05:06:53.777+0000] {processor.py:176} INFO - Processing /home/airflow/.local/lib/python3.7/site-packages/airflow/example_dags/example_task_group.py took 0.268 seconds
[2025-09-01T05:07:24.696+0000] {processor.py:154} INFO - Started process (PID=645) to work on /home/airflow/.local/lib/python3.7/site-packages/airflow/example_dags/example_task_group.py
[2025-09-01T05:07:24.697+0000] {processor.py:756} INFO - Processing file /home/airflow/.local/lib/python3.7/site-packages/airflow/example_dags/example_task_group.py for tasks to queue
[2025-09-01T05:07:24.698+0000] {logging_mixin.py:120} INFO - [2025-09-01T05:07:24.698+0000] {dagbag.py:537} INFO - Filling up the DagBag from /home/airflow/.local/lib/python3.7/site-packages/airflow/example_dags/example_task_group.py
[2025-09-01T05:07:24.719+0000] {processor.py:766} INFO - DAG(s) dict_keys(['example_task_group']) retrieved from /home/airflow/.local/lib/python3.7/site-packages/airflow/example_dags/example_task_group.py
[2025-09-01T05:07:24.782+0000] {logging_mixin.py:120} INFO - [2025-09-01T05:07:24.782+0000] {dag.py:2585} INFO - Sync 1 DAGs
[2025-09-01T05:07:24.824+0000] {logging_mixin.py:120} INFO - [2025-09-01T05:07:24.823+0000] {dag.py:3340} INFO - Setting next_dagrun for example_task_group to 2025-08-31T05:07:24.823415+00:00, run_after=2025-09-01T05:07:24.823415+00:00
[2025-09-01T05:07:24.854+0000] {processor.py:176} INFO - Processing /home/airflow/.local/lib/python3.7/site-packages/airflow/example_dags/example_task_group.py took 0.162 seconds
[2025-09-01T05:07:56.043+0000] {processor.py:154} INFO - Started process (PID=711) to work on /home/airflow/.local/lib/python3.7/site-packages/airflow/example_dags/example_task_group.py
[2025-09-01T05:07:56.044+0000] {processor.py:756} INFO - Processing file /home/airflow/.local/lib/python3.7/site-packages/airflow/example_dags/example_task_group.py for tasks to queue
[2025-09-01T05:07:56.045+0000] {logging_mixin.py:120} INFO - [2025-09-01T05:07:56.045+0000] {dagbag.py:537} INFO - Filling up the DagBag from /home/airflow/.local/lib/python3.7/site-packages/airflow/example_dags/example_task_group.py
[2025-09-01T05:07:56.078+0000] {processor.py:766} INFO - DAG(s) dict_keys(['example_task_group']) retrieved from /home/airflow/.local/lib/python3.7/site-packages/airflow/example_dags/example_task_group.py
[2025-09-01T05:07:56.146+0000] {logging_mixin.py:120} INFO - [2025-09-01T05:07:56.146+0000] {dag.py:2585} INFO - Sync 1 DAGs
[2025-09-01T05:07:56.183+0000] {logging_mixin.py:120} INFO - [2025-09-01T05:07:56.182+0000] {dag.py:3340} INFO - Setting next_dagrun for example_task_group to 2025-08-31T05:07:56.182604+00:00, run_after=2025-09-01T05:07:56.182604+00:00
[2025-09-01T05:07:56.212+0000] {processor.py:176} INFO - Processing /home/airflow/.local/lib/python3.7/site-packages/airflow/example_dags/example_task_group.py took 0.174 seconds
[2025-09-01T05:08:28.023+0000] {processor.py:154} INFO - Started process (PID=779) to work on /home/airflow/.local/lib/python3.7/site-packages/airflow/example_dags/example_task_group.py
[2025-09-01T05:08:28.024+0000] {processor.py:756} INFO - Processing file /home/airflow/.local/lib/python3.7/site-packages/airflow/example_dags/example_task_group.py for tasks to queue
[2025-09-01T05:08:28.026+0000] {logging_mixin.py:120} INFO - [2025-09-01T05:08:28.025+0000] {dagbag.py:537} INFO - Filling up the DagBag from /home/airflow/.local/lib/python3.7/site-packages/airflow/example_dags/example_task_group.py
[2025-09-01T05:08:28.070+0000] {processor.py:766} INFO - DAG(s) dict_keys(['example_task_group']) retrieved from /home/airflow/.local/lib/python3.7/site-packages/airflow/example_dags/example_task_group.py
[2025-09-01T05:08:28.178+0000] {logging_mixin.py:120} INFO - [2025-09-01T05:08:28.178+0000] {dag.py:2585} INFO - Sync 1 DAGs
[2025-09-01T05:08:28.258+0000] {logging_mixin.py:120} INFO - [2025-09-01T05:08:28.257+0000] {dag.py:3340} INFO - Setting next_dagrun for example_task_group to 2025-08-31T05:08:28.257383+00:00, run_after=2025-09-01T05:08:28.257383+00:00
[2025-09-01T05:08:28.297+0000] {processor.py:176} INFO - Processing /home/airflow/.local/lib/python3.7/site-packages/airflow/example_dags/example_task_group.py took 0.279 seconds
[2025-09-01T05:08:58.366+0000] {processor.py:154} INFO - Started process (PID=839) to work on /home/airflow/.local/lib/python3.7/site-packages/airflow/example_dags/example_task_group.py
[2025-09-01T05:08:58.367+0000] {processor.py:756} INFO - Processing file /home/airflow/.local/lib/python3.7/site-packages/airflow/example_dags/example_task_group.py for tasks to queue
[2025-09-01T05:08:58.368+0000] {logging_mixin.py:120} INFO - [2025-09-01T05:08:58.368+0000] {dagbag.py:537} INFO - Filling up the DagBag from /home/airflow/.local/lib/python3.7/site-packages/airflow/example_dags/example_task_group.py
[2025-09-01T05:08:58.388+0000] {processor.py:766} INFO - DAG(s) dict_keys(['example_task_group']) retrieved from /home/airflow/.local/lib/python3.7/site-packages/airflow/example_dags/example_task_group.py
[2025-09-01T05:08:58.437+0000] {logging_mixin.py:120} INFO - [2025-09-01T05:08:58.437+0000] {dag.py:2585} INFO - Sync 1 DAGs
[2025-09-01T05:08:58.461+0000] {logging_mixin.py:120} INFO - [2025-09-01T05:08:58.461+0000] {dag.py:3340} INFO - Setting next_dagrun for example_task_group to 2025-08-31T05:08:58.461498+00:00, run_after=2025-09-01T05:08:58.461498+00:00
[2025-09-01T05:08:58.483+0000] {processor.py:176} INFO - Processing /home/airflow/.local/lib/python3.7/site-packages/airflow/example_dags/example_task_group.py took 0.122 seconds
[2025-09-01T05:09:29.564+0000] {processor.py:154} INFO - Started process (PID=905) to work on /home/airflow/.local/lib/python3.7/site-packages/airflow/example_dags/example_task_group.py
[2025-09-01T05:09:29.566+0000] {processor.py:756} INFO - Processing file /home/airflow/.local/lib/python3.7/site-packages/airflow/example_dags/example_task_group.py for tasks to queue
[2025-09-01T05:09:29.567+0000] {logging_mixin.py:120} INFO - [2025-09-01T05:09:29.567+0000] {dagbag.py:537} INFO - Filling up the DagBag from /home/airflow/.local/lib/python3.7/site-packages/airflow/example_dags/example_task_group.py
[2025-09-01T05:09:29.587+0000] {processor.py:766} INFO - DAG(s) dict_keys(['example_task_group']) retrieved from /home/airflow/.local/lib/python3.7/site-packages/airflow/example_dags/example_task_group.py
[2025-09-01T05:09:29.651+0000] {logging_mixin.py:120} INFO - [2025-09-01T05:09:29.651+0000] {dag.py:2585} INFO - Sync 1 DAGs
[2025-09-01T05:09:29.689+0000] {logging_mixin.py:120} INFO - [2025-09-01T05:09:29.688+0000] {dag.py:3340} INFO - Setting next_dagrun for example_task_group to 2025-08-31T05:09:29.688641+00:00, run_after=2025-09-01T05:09:29.688641+00:00
[2025-09-01T05:09:29.713+0000] {processor.py:176} INFO - Processing /home/airflow/.local/lib/python3.7/site-packages/airflow/example_dags/example_task_group.py took 0.153 seconds
[2025-09-01T05:10:00.409+0000] {processor.py:154} INFO - Started process (PID=964) to work on /home/airflow/.local/lib/python3.7/site-packages/airflow/example_dags/example_task_group.py
[2025-09-01T05:10:00.411+0000] {processor.py:756} INFO - Processing file /home/airflow/.local/lib/python3.7/site-packages/airflow/example_dags/example_task_group.py for tasks to queue
[2025-09-01T05:10:00.412+0000] {logging_mixin.py:120} INFO - [2025-09-01T05:10:00.412+0000] {dagbag.py:537} INFO - Filling up the DagBag from /home/airflow/.local/lib/python3.7/site-packages/airflow/example_dags/example_task_group.py
[2025-09-01T05:10:00.450+0000] {processor.py:766} INFO - DAG(s) dict_keys(['example_task_group']) retrieved from /home/airflow/.local/lib/python3.7/site-packages/airflow/example_dags/example_task_group.py
[2025-09-01T05:10:00.525+0000] {logging_mixin.py:120} INFO - [2025-09-01T05:10:00.524+0000] {dag.py:2585} INFO - Sync 1 DAGs
[2025-09-01T05:10:00.560+0000] {logging_mixin.py:120} INFO - [2025-09-01T05:10:00.560+0000] {dag.py:3340} INFO - Setting next_dagrun for example_task_group to 2025-08-31T05:10:00.560162+00:00, run_after=2025-09-01T05:10:00.560162+00:00
[2025-09-01T05:10:00.588+0000] {processor.py:176} INFO - Processing /home/airflow/.local/lib/python3.7/site-packages/airflow/example_dags/example_task_group.py took 0.183 seconds
[2025-09-01T05:10:32.619+0000] {processor.py:154} INFO - Started process (PID=1032) to work on /home/airflow/.local/lib/python3.7/site-packages/airflow/example_dags/example_task_group.py
[2025-09-01T05:10:32.621+0000] {processor.py:756} INFO - Processing file /home/airflow/.local/lib/python3.7/site-packages/airflow/example_dags/example_task_group.py for tasks to queue
[2025-09-01T05:10:32.621+0000] {logging_mixin.py:120} INFO - [2025-09-01T05:10:32.621+0000] {dagbag.py:537} INFO - Filling up the DagBag from /home/airflow/.local/lib/python3.7/site-packages/airflow/example_dags/example_task_group.py
[2025-09-01T05:10:32.644+0000] {processor.py:766} INFO - DAG(s) dict_keys(['example_task_group']) retrieved from /home/airflow/.local/lib/python3.7/site-packages/airflow/example_dags/example_task_group.py
[2025-09-01T05:10:32.728+0000] {logging_mixin.py:120} INFO - [2025-09-01T05:10:32.728+0000] {dag.py:2585} INFO - Sync 1 DAGs
[2025-09-01T05:10:32.774+0000] {logging_mixin.py:120} INFO - [2025-09-01T05:10:32.774+0000] {dag.py:3340} INFO - Setting next_dagrun for example_task_group to 2025-08-31T05:10:32.774047+00:00, run_after=2025-09-01T05:10:32.774047+00:00
[2025-09-01T05:10:32.811+0000] {processor.py:176} INFO - Processing /home/airflow/.local/lib/python3.7/site-packages/airflow/example_dags/example_task_group.py took 0.198 seconds
[2025-09-01T05:11:04.669+0000] {processor.py:154} INFO - Started process (PID=1100) to work on /home/airflow/.local/lib/python3.7/site-packages/airflow/example_dags/example_task_group.py
[2025-09-01T05:11:04.671+0000] {processor.py:756} INFO - Processing file /home/airflow/.local/lib/python3.7/site-packages/airflow/example_dags/example_task_group.py for tasks to queue
[2025-09-01T05:11:04.672+0000] {logging_mixin.py:120} INFO - [2025-09-01T05:11:04.672+0000] {dagbag.py:537} INFO - Filling up the DagBag from /home/airflow/.local/lib/python3.7/site-packages/airflow/example_dags/example_task_group.py
[2025-09-01T05:11:04.697+0000] {processor.py:766} INFO - DAG(s) dict_keys(['example_task_group']) retrieved from /home/airflow/.local/lib/python3.7/site-packages/airflow/example_dags/example_task_group.py
[2025-09-01T05:11:04.757+0000] {logging_mixin.py:120} INFO - [2025-09-01T05:11:04.757+0000] {dag.py:2585} INFO - Sync 1 DAGs
[2025-09-01T05:11:04.792+0000] {logging_mixin.py:120} INFO - [2025-09-01T05:11:04.792+0000] {dag.py:3340} INFO - Setting next_dagrun for example_task_group to 2025-08-31T05:11:04.792288+00:00, run_after=2025-09-01T05:11:04.792288+00:00
[2025-09-01T05:11:04.822+0000] {processor.py:176} INFO - Processing /home/airflow/.local/lib/python3.7/site-packages/airflow/example_dags/example_task_group.py took 0.156 seconds
[2025-09-01T05:11:35.214+0000] {processor.py:154} INFO - Started process (PID=1168) to work on /home/airflow/.local/lib/python3.7/site-packages/airflow/example_dags/example_task_group.py
[2025-09-01T05:11:35.217+0000] {processor.py:756} INFO - Processing file /home/airflow/.local/lib/python3.7/site-packages/airflow/example_dags/example_task_group.py for tasks to queue
[2025-09-01T05:11:35.217+0000] {logging_mixin.py:120} INFO - [2025-09-01T05:11:35.217+0000] {dagbag.py:537} INFO - Filling up the DagBag from /home/airflow/.local/lib/python3.7/site-packages/airflow/example_dags/example_task_group.py
[2025-09-01T05:11:35.234+0000] {processor.py:766} INFO - DAG(s) dict_keys(['example_task_group']) retrieved from /home/airflow/.local/lib/python3.7/site-packages/airflow/example_dags/example_task_group.py
[2025-09-01T05:11:35.275+0000] {logging_mixin.py:120} INFO - [2025-09-01T05:11:35.274+0000] {dag.py:2585} INFO - Sync 1 DAGs
[2025-09-01T05:11:35.297+0000] {logging_mixin.py:120} INFO - [2025-09-01T05:11:35.297+0000] {dag.py:3340} INFO - Setting next_dagrun for example_task_group to 2025-08-31T05:11:35.296964+00:00, run_after=2025-09-01T05:11:35.296964+00:00
[2025-09-01T05:11:35.316+0000] {processor.py:176} INFO - Processing /home/airflow/.local/lib/python3.7/site-packages/airflow/example_dags/example_task_group.py took 0.104 seconds
[2025-09-01T05:12:05.961+0000] {processor.py:154} INFO - Started process (PID=1227) to work on /home/airflow/.local/lib/python3.7/site-packages/airflow/example_dags/example_task_group.py
[2025-09-01T05:12:05.962+0000] {processor.py:756} INFO - Processing file /home/airflow/.local/lib/python3.7/site-packages/airflow/example_dags/example_task_group.py for tasks to queue
[2025-09-01T05:12:05.963+0000] {logging_mixin.py:120} INFO - [2025-09-01T05:12:05.963+0000] {dagbag.py:537} INFO - Filling up the DagBag from /home/airflow/.local/lib/python3.7/site-packages/airflow/example_dags/example_task_group.py
[2025-09-01T05:12:05.980+0000] {processor.py:766} INFO - DAG(s) dict_keys(['example_task_group']) retrieved from /home/airflow/.local/lib/python3.7/site-packages/airflow/example_dags/example_task_group.py
[2025-09-01T05:12:06.020+0000] {logging_mixin.py:120} INFO - [2025-09-01T05:12:06.020+0000] {dag.py:2585} INFO - Sync 1 DAGs
[2025-09-01T05:12:06.042+0000] {logging_mixin.py:120} INFO - [2025-09-01T05:12:06.042+0000] {dag.py:3340} INFO - Setting next_dagrun for example_task_group to 2025-08-31T05:12:06.041849+00:00, run_after=2025-09-01T05:12:06.041849+00:00
[2025-09-01T05:12:06.058+0000] {processor.py:176} INFO - Processing /home/airflow/.local/lib/python3.7/site-packages/airflow/example_dags/example_task_group.py took 0.101 seconds
[2025-09-01T05:12:39.663+0000] {processor.py:154} INFO - Started process (PID=1296) to work on /home/airflow/.local/lib/python3.7/site-packages/airflow/example_dags/example_task_group.py
[2025-09-01T05:12:39.664+0000] {processor.py:756} INFO - Processing file /home/airflow/.local/lib/python3.7/site-packages/airflow/example_dags/example_task_group.py for tasks to queue
[2025-09-01T05:12:39.665+0000] {logging_mixin.py:120} INFO - [2025-09-01T05:12:39.665+0000] {dagbag.py:537} INFO - Filling up the DagBag from /home/airflow/.local/lib/python3.7/site-packages/airflow/example_dags/example_task_group.py
[2025-09-01T05:12:39.702+0000] {processor.py:766} INFO - DAG(s) dict_keys(['example_task_group']) retrieved from /home/airflow/.local/lib/python3.7/site-packages/airflow/example_dags/example_task_group.py
[2025-09-01T05:12:39.790+0000] {logging_mixin.py:120} INFO - [2025-09-01T05:12:39.790+0000] {dag.py:2585} INFO - Sync 1 DAGs
[2025-09-01T05:12:39.849+0000] {logging_mixin.py:120} INFO - [2025-09-01T05:12:39.849+0000] {dag.py:3340} INFO - Setting next_dagrun for example_task_group to 2025-08-31T05:12:39.849010+00:00, run_after=2025-09-01T05:12:39.849010+00:00
[2025-09-01T05:12:39.881+0000] {processor.py:176} INFO - Processing /home/airflow/.local/lib/python3.7/site-packages/airflow/example_dags/example_task_group.py took 0.224 seconds
[2025-09-01T05:13:12.230+0000] {processor.py:154} INFO - Started process (PID=1364) to work on /home/airflow/.local/lib/python3.7/site-packages/airflow/example_dags/example_task_group.py
[2025-09-01T05:13:12.232+0000] {processor.py:756} INFO - Processing file /home/airflow/.local/lib/python3.7/site-packages/airflow/example_dags/example_task_group.py for tasks to queue
[2025-09-01T05:13:12.233+0000] {logging_mixin.py:120} INFO - [2025-09-01T05:13:12.233+0000] {dagbag.py:537} INFO - Filling up the DagBag from /home/airflow/.local/lib/python3.7/site-packages/airflow/example_dags/example_task_group.py
[2025-09-01T05:13:12.260+0000] {processor.py:766} INFO - DAG(s) dict_keys(['example_task_group']) retrieved from /home/airflow/.local/lib/python3.7/site-packages/airflow/example_dags/example_task_group.py
[2025-09-01T05:13:12.311+0000] {logging_mixin.py:120} INFO - [2025-09-01T05:13:12.311+0000] {dag.py:2585} INFO - Sync 1 DAGs
[2025-09-01T05:13:12.339+0000] {logging_mixin.py:120} INFO - [2025-09-01T05:13:12.339+0000] {dag.py:3340} INFO - Setting next_dagrun for example_task_group to 2025-08-31T05:13:12.338747+00:00, run_after=2025-09-01T05:13:12.338747+00:00
[2025-09-01T05:13:12.367+0000] {processor.py:176} INFO - Processing /home/airflow/.local/lib/python3.7/site-packages/airflow/example_dags/example_task_group.py took 0.142 seconds
[2025-09-01T05:13:44.695+0000] {processor.py:154} INFO - Started process (PID=1432) to work on /home/airflow/.local/lib/python3.7/site-packages/airflow/example_dags/example_task_group.py
[2025-09-01T05:13:44.697+0000] {processor.py:756} INFO - Processing file /home/airflow/.local/lib/python3.7/site-packages/airflow/example_dags/example_task_group.py for tasks to queue
[2025-09-01T05:13:44.699+0000] {logging_mixin.py:120} INFO - [2025-09-01T05:13:44.699+0000] {dagbag.py:537} INFO - Filling up the DagBag from /home/airflow/.local/lib/python3.7/site-packages/airflow/example_dags/example_task_group.py
[2025-09-01T05:13:44.757+0000] {processor.py:766} INFO - DAG(s) dict_keys(['example_task_group']) retrieved from /home/airflow/.local/lib/python3.7/site-packages/airflow/example_dags/example_task_group.py
[2025-09-01T05:13:44.934+0000] {logging_mixin.py:120} INFO - [2025-09-01T05:13:44.932+0000] {dag.py:2585} INFO - Sync 1 DAGs
[2025-09-01T05:13:45.024+0000] {logging_mixin.py:120} INFO - [2025-09-01T05:13:45.024+0000] {dag.py:3340} INFO - Setting next_dagrun for example_task_group to 2025-08-31T05:13:45.023562+00:00, run_after=2025-09-01T05:13:45.023562+00:00
[2025-09-01T05:13:45.092+0000] {processor.py:176} INFO - Processing /home/airflow/.local/lib/python3.7/site-packages/airflow/example_dags/example_task_group.py took 0.405 seconds
[2025-09-01T05:14:19.276+0000] {processor.py:154} INFO - Started process (PID=1500) to work on /home/airflow/.local/lib/python3.7/site-packages/airflow/example_dags/example_task_group.py
[2025-09-01T05:14:19.278+0000] {processor.py:756} INFO - Processing file /home/airflow/.local/lib/python3.7/site-packages/airflow/example_dags/example_task_group.py for tasks to queue
[2025-09-01T05:14:19.280+0000] {logging_mixin.py:120} INFO - [2025-09-01T05:14:19.280+0000] {dagbag.py:537} INFO - Filling up the DagBag from /home/airflow/.local/lib/python3.7/site-packages/airflow/example_dags/example_task_group.py
[2025-09-01T05:14:19.330+0000] {processor.py:766} INFO - DAG(s) dict_keys(['example_task_group']) retrieved from /home/airflow/.local/lib/python3.7/site-packages/airflow/example_dags/example_task_group.py
[2025-09-01T05:14:19.579+0000] {logging_mixin.py:120} INFO - [2025-09-01T05:14:19.578+0000] {dag.py:2585} INFO - Sync 1 DAGs
[2025-09-01T05:14:19.697+0000] {logging_mixin.py:120} INFO - [2025-09-01T05:14:19.696+0000] {dag.py:3340} INFO - Setting next_dagrun for example_task_group to 2025-08-31T05:14:19.695826+00:00, run_after=2025-09-01T05:14:19.695826+00:00
[2025-09-01T05:14:19.784+0000] {processor.py:176} INFO - Processing /home/airflow/.local/lib/python3.7/site-packages/airflow/example_dags/example_task_group.py took 0.517 seconds
[2025-09-01T05:14:53.584+0000] {processor.py:154} INFO - Started process (PID=1559) to work on /home/airflow/.local/lib/python3.7/site-packages/airflow/example_dags/example_task_group.py
[2025-09-01T05:14:53.586+0000] {processor.py:756} INFO - Processing file /home/airflow/.local/lib/python3.7/site-packages/airflow/example_dags/example_task_group.py for tasks to queue
[2025-09-01T05:14:53.587+0000] {logging_mixin.py:120} INFO - [2025-09-01T05:14:53.587+0000] {dagbag.py:537} INFO - Filling up the DagBag from /home/airflow/.local/lib/python3.7/site-packages/airflow/example_dags/example_task_group.py
[2025-09-01T05:14:53.621+0000] {processor.py:766} INFO - DAG(s) dict_keys(['example_task_group']) retrieved from /home/airflow/.local/lib/python3.7/site-packages/airflow/example_dags/example_task_group.py
[2025-09-01T05:14:53.713+0000] {logging_mixin.py:120} INFO - [2025-09-01T05:14:53.712+0000] {dag.py:2585} INFO - Sync 1 DAGs
[2025-09-01T05:14:53.770+0000] {logging_mixin.py:120} INFO - [2025-09-01T05:14:53.770+0000] {dag.py:3340} INFO - Setting next_dagrun for example_task_group to 2025-08-31T05:14:53.769834+00:00, run_after=2025-09-01T05:14:53.769834+00:00
[2025-09-01T05:14:53.826+0000] {processor.py:176} INFO - Processing /home/airflow/.local/lib/python3.7/site-packages/airflow/example_dags/example_task_group.py took 0.248 seconds
[2025-09-01T05:15:32.545+0000] {processor.py:154} INFO - Started process (PID=1627) to work on /home/airflow/.local/lib/python3.7/site-packages/airflow/example_dags/example_task_group.py
[2025-09-01T05:15:32.547+0000] {processor.py:756} INFO - Processing file /home/airflow/.local/lib/python3.7/site-packages/airflow/example_dags/example_task_group.py for tasks to queue
[2025-09-01T05:15:32.549+0000] {logging_mixin.py:120} INFO - [2025-09-01T05:15:32.549+0000] {dagbag.py:537} INFO - Filling up the DagBag from /home/airflow/.local/lib/python3.7/site-packages/airflow/example_dags/example_task_group.py
[2025-09-01T05:15:32.595+0000] {processor.py:766} INFO - DAG(s) dict_keys(['example_task_group']) retrieved from /home/airflow/.local/lib/python3.7/site-packages/airflow/example_dags/example_task_group.py
[2025-09-01T05:15:32.738+0000] {logging_mixin.py:120} INFO - [2025-09-01T05:15:32.737+0000] {dag.py:2585} INFO - Sync 1 DAGs
[2025-09-01T05:15:32.845+0000] {logging_mixin.py:120} INFO - [2025-09-01T05:15:32.845+0000] {dag.py:3340} INFO - Setting next_dagrun for example_task_group to 2025-08-31T05:15:32.844935+00:00, run_after=2025-09-01T05:15:32.844935+00:00
[2025-09-01T05:15:32.917+0000] {processor.py:176} INFO - Processing /home/airflow/.local/lib/python3.7/site-packages/airflow/example_dags/example_task_group.py took 0.384 seconds
[2025-09-01T05:21:33.508+0000] {processor.py:154} INFO - Started process (PID=1686) to work on /home/airflow/.local/lib/python3.7/site-packages/airflow/example_dags/example_task_group.py
[2025-09-01T05:21:33.511+0000] {processor.py:756} INFO - Processing file /home/airflow/.local/lib/python3.7/site-packages/airflow/example_dags/example_task_group.py for tasks to queue
[2025-09-01T05:21:33.512+0000] {logging_mixin.py:120} INFO - [2025-09-01T05:21:33.512+0000] {dagbag.py:537} INFO - Filling up the DagBag from /home/airflow/.local/lib/python3.7/site-packages/airflow/example_dags/example_task_group.py
[2025-09-01T05:21:33.534+0000] {processor.py:766} INFO - DAG(s) dict_keys(['example_task_group']) retrieved from /home/airflow/.local/lib/python3.7/site-packages/airflow/example_dags/example_task_group.py
[2025-09-01T05:21:33.931+0000] {processor.py:179} ERROR - Got an exception! Propagating...
Traceback (most recent call last):
  File "/home/airflow/.local/lib/python3.7/site-packages/sqlalchemy/engine/base.py", line 3243, in _wrap_pool_connect
    return fn()
  File "/home/airflow/.local/lib/python3.7/site-packages/sqlalchemy/pool/base.py", line 310, in connect
    return _ConnectionFairy._checkout(self)
  File "/home/airflow/.local/lib/python3.7/site-packages/sqlalchemy/pool/base.py", line 868, in _checkout
    fairy = _ConnectionRecord.checkout(pool)
  File "/home/airflow/.local/lib/python3.7/site-packages/sqlalchemy/pool/base.py", line 476, in checkout
    rec = pool._do_get()
  File "/home/airflow/.local/lib/python3.7/site-packages/sqlalchemy/pool/impl.py", line 146, in _do_get
    self._dec_overflow()
  File "/home/airflow/.local/lib/python3.7/site-packages/sqlalchemy/util/langhelpers.py", line 72, in __exit__
    with_traceback=exc_tb,
  File "/home/airflow/.local/lib/python3.7/site-packages/sqlalchemy/util/compat.py", line 207, in raise_
    raise exception
  File "/home/airflow/.local/lib/python3.7/site-packages/sqlalchemy/pool/impl.py", line 143, in _do_get
    return self._create_connection()
  File "/home/airflow/.local/lib/python3.7/site-packages/sqlalchemy/pool/base.py", line 256, in _create_connection
    return _ConnectionRecord(self)
  File "/home/airflow/.local/lib/python3.7/site-packages/sqlalchemy/pool/base.py", line 371, in __init__
    self.__connect()
  File "/home/airflow/.local/lib/python3.7/site-packages/sqlalchemy/pool/base.py", line 666, in __connect
    pool.logger.debug("Error on connect(): %s", e)
  File "/home/airflow/.local/lib/python3.7/site-packages/sqlalchemy/util/langhelpers.py", line 72, in __exit__
    with_traceback=exc_tb,
  File "/home/airflow/.local/lib/python3.7/site-packages/sqlalchemy/util/compat.py", line 207, in raise_
    raise exception
  File "/home/airflow/.local/lib/python3.7/site-packages/sqlalchemy/pool/base.py", line 661, in __connect
    self.dbapi_connection = connection = pool._invoke_creator(self)
  File "/home/airflow/.local/lib/python3.7/site-packages/sqlalchemy/engine/create.py", line 590, in connect
    return dialect.connect(*cargs, **cparams)
  File "/home/airflow/.local/lib/python3.7/site-packages/sqlalchemy/engine/default.py", line 584, in connect
    return self.dbapi.connect(*cargs, **cparams)
  File "/home/airflow/.local/lib/python3.7/site-packages/psycopg2/__init__.py", line 122, in connect
    conn = _connect(dsn, connection_factory=connection_factory, **kwasync)
psycopg2.OperationalError: could not translate host name "postgres" to address: Temporary failure in name resolution


The above exception was the direct cause of the following exception:

Traceback (most recent call last):
  File "/home/airflow/.local/lib/python3.7/site-packages/airflow/dag_processing/processor.py", line 175, in _run_file_processor
    _handle_dag_file_processing()
  File "/home/airflow/.local/lib/python3.7/site-packages/airflow/dag_processing/processor.py", line 159, in _handle_dag_file_processing
    callback_requests=callback_requests,
  File "/home/airflow/.local/lib/python3.7/site-packages/airflow/utils/session.py", line 75, in wrapper
    return func(*args, session=session, **kwargs)
  File "/home/airflow/.local/lib/python3.7/site-packages/airflow/dag_processing/processor.py", line 781, in process_file
    dagbag.sync_to_db(processor_subdir=self._dag_directory, session=session)
  File "/home/airflow/.local/lib/python3.7/site-packages/airflow/utils/session.py", line 72, in wrapper
    return func(*args, **kwargs)
  File "/home/airflow/.local/lib/python3.7/site-packages/airflow/models/dagbag.py", line 644, in sync_to_db
    for attempt in run_with_db_retries(logger=self.log):
  File "/home/airflow/.local/lib/python3.7/site-packages/tenacity/__init__.py", line 384, in __iter__
    do = self.iter(retry_state=retry_state)
  File "/home/airflow/.local/lib/python3.7/site-packages/tenacity/__init__.py", line 362, in iter
    raise retry_exc.reraise()
  File "/home/airflow/.local/lib/python3.7/site-packages/tenacity/__init__.py", line 195, in reraise
    raise self.last_attempt.result()
  File "/usr/local/lib/python3.7/concurrent/futures/_base.py", line 428, in result
    return self.__get_result()
  File "/usr/local/lib/python3.7/concurrent/futures/_base.py", line 384, in __get_result
    raise self._exception
  File "/home/airflow/.local/lib/python3.7/site-packages/airflow/models/dagbag.py", line 656, in sync_to_db
    serialize_errors.extend(_serialize_dag_capturing_errors(dag, session))
  File "/home/airflow/.local/lib/python3.7/site-packages/airflow/models/dagbag.py", line 630, in _serialize_dag_capturing_errors
    session=session,
  File "/home/airflow/.local/lib/python3.7/site-packages/airflow/utils/session.py", line 72, in wrapper
    return func(*args, **kwargs)
  File "/home/airflow/.local/lib/python3.7/site-packages/airflow/models/serialized_dag.py", line 150, in write_dag
    (timezone.utcnow() - timedelta(seconds=min_update_interval)) < cls.last_updated,
  File "/home/airflow/.local/lib/python3.7/site-packages/sqlalchemy/orm/query.py", line 2810, in first
    return self.limit(1)._iter().first()
  File "/home/airflow/.local/lib/python3.7/site-packages/sqlalchemy/orm/query.py", line 2897, in _iter
    execution_options={"_sa_orm_load_options": self.load_options},
  File "/home/airflow/.local/lib/python3.7/site-packages/sqlalchemy/orm/session.py", line 1688, in execute
    conn = self._connection_for_bind(bind)
  File "/home/airflow/.local/lib/python3.7/site-packages/sqlalchemy/orm/session.py", line 1530, in _connection_for_bind
    engine, execution_options
  File "/home/airflow/.local/lib/python3.7/site-packages/sqlalchemy/orm/session.py", line 747, in _connection_for_bind
    conn = bind.connect()
  File "/home/airflow/.local/lib/python3.7/site-packages/sqlalchemy/engine/base.py", line 3197, in connect
    return self._connection_cls(self, close_with_result=close_with_result)
  File "/home/airflow/.local/lib/python3.7/site-packages/sqlalchemy/engine/base.py", line 96, in __init__
    else engine.raw_connection()
  File "/home/airflow/.local/lib/python3.7/site-packages/sqlalchemy/engine/base.py", line 3276, in raw_connection
    return self._wrap_pool_connect(self.pool.connect, _connection)
  File "/home/airflow/.local/lib/python3.7/site-packages/sqlalchemy/engine/base.py", line 3247, in _wrap_pool_connect
    e, dialect, self
  File "/home/airflow/.local/lib/python3.7/site-packages/sqlalchemy/engine/base.py", line 2101, in _handle_dbapi_exception_noconnection
    sqlalchemy_exception, with_traceback=exc_info[2], from_=e
  File "/home/airflow/.local/lib/python3.7/site-packages/sqlalchemy/util/compat.py", line 207, in raise_
    raise exception
  File "/home/airflow/.local/lib/python3.7/site-packages/sqlalchemy/engine/base.py", line 3243, in _wrap_pool_connect
    return fn()
  File "/home/airflow/.local/lib/python3.7/site-packages/sqlalchemy/pool/base.py", line 310, in connect
    return _ConnectionFairy._checkout(self)
  File "/home/airflow/.local/lib/python3.7/site-packages/sqlalchemy/pool/base.py", line 868, in _checkout
    fairy = _ConnectionRecord.checkout(pool)
  File "/home/airflow/.local/lib/python3.7/site-packages/sqlalchemy/pool/base.py", line 476, in checkout
    rec = pool._do_get()
  File "/home/airflow/.local/lib/python3.7/site-packages/sqlalchemy/pool/impl.py", line 146, in _do_get
    self._dec_overflow()
  File "/home/airflow/.local/lib/python3.7/site-packages/sqlalchemy/util/langhelpers.py", line 72, in __exit__
    with_traceback=exc_tb,
  File "/home/airflow/.local/lib/python3.7/site-packages/sqlalchemy/util/compat.py", line 207, in raise_
    raise exception
  File "/home/airflow/.local/lib/python3.7/site-packages/sqlalchemy/pool/impl.py", line 143, in _do_get
    return self._create_connection()
  File "/home/airflow/.local/lib/python3.7/site-packages/sqlalchemy/pool/base.py", line 256, in _create_connection
    return _ConnectionRecord(self)
  File "/home/airflow/.local/lib/python3.7/site-packages/sqlalchemy/pool/base.py", line 371, in __init__
    self.__connect()
  File "/home/airflow/.local/lib/python3.7/site-packages/sqlalchemy/pool/base.py", line 666, in __connect
    pool.logger.debug("Error on connect(): %s", e)
  File "/home/airflow/.local/lib/python3.7/site-packages/sqlalchemy/util/langhelpers.py", line 72, in __exit__
    with_traceback=exc_tb,
  File "/home/airflow/.local/lib/python3.7/site-packages/sqlalchemy/util/compat.py", line 207, in raise_
    raise exception
  File "/home/airflow/.local/lib/python3.7/site-packages/sqlalchemy/pool/base.py", line 661, in __connect
    self.dbapi_connection = connection = pool._invoke_creator(self)
  File "/home/airflow/.local/lib/python3.7/site-packages/sqlalchemy/engine/create.py", line 590, in connect
    return dialect.connect(*cargs, **cparams)
  File "/home/airflow/.local/lib/python3.7/site-packages/sqlalchemy/engine/default.py", line 584, in connect
    return self.dbapi.connect(*cargs, **cparams)
  File "/home/airflow/.local/lib/python3.7/site-packages/psycopg2/__init__.py", line 122, in connect
    conn = _connect(dsn, connection_factory=connection_factory, **kwasync)
sqlalchemy.exc.OperationalError: (psycopg2.OperationalError) could not translate host name "postgres" to address: Temporary failure in name resolution

(Background on this error at: https://sqlalche.me/e/14/e3q8)
