[2025-09-01T05:03:11.118+0000] {processor.py:154} INFO - Started process (PID=95) to work on /home/airflow/.local/lib/python3.7/site-packages/airflow/example_dags/tutorial.py
[2025-09-01T05:03:11.120+0000] {processor.py:756} INFO - Processing file /home/airflow/.local/lib/python3.7/site-packages/airflow/example_dags/tutorial.py for tasks to queue
[2025-09-01T05:03:11.120+0000] {logging_mixin.py:120} INFO - [2025-09-01T05:03:11.120+0000] {dagbag.py:537} INFO - Filling up the DagBag from /home/airflow/.local/lib/python3.7/site-packages/airflow/example_dags/tutorial.py
[2025-09-01T05:03:11.157+0000] {processor.py:766} INFO - DAG(s) dict_keys(['tutorial']) retrieved from /home/airflow/.local/lib/python3.7/site-packages/airflow/example_dags/tutorial.py
[2025-09-01T05:03:11.258+0000] {logging_mixin.py:120} INFO - [2025-09-01T05:03:11.258+0000] {dag.py:2585} INFO - Sync 1 DAGs
[2025-09-01T05:03:11.299+0000] {logging_mixin.py:120} INFO - [2025-09-01T05:03:11.299+0000] {dag.py:3340} INFO - Setting next_dagrun for tutorial to 2025-08-31T05:03:11.299143+00:00, run_after=2025-09-01T05:03:11.299143+00:00
[2025-09-01T05:03:11.327+0000] {processor.py:176} INFO - Processing /home/airflow/.local/lib/python3.7/site-packages/airflow/example_dags/tutorial.py took 0.217 seconds
[2025-09-01T05:03:41.727+0000] {processor.py:154} INFO - Started process (PID=171) to work on /home/airflow/.local/lib/python3.7/site-packages/airflow/example_dags/tutorial.py
[2025-09-01T05:03:41.728+0000] {processor.py:756} INFO - Processing file /home/airflow/.local/lib/python3.7/site-packages/airflow/example_dags/tutorial.py for tasks to queue
[2025-09-01T05:03:41.729+0000] {logging_mixin.py:120} INFO - [2025-09-01T05:03:41.729+0000] {dagbag.py:537} INFO - Filling up the DagBag from /home/airflow/.local/lib/python3.7/site-packages/airflow/example_dags/tutorial.py
[2025-09-01T05:03:41.745+0000] {processor.py:766} INFO - DAG(s) dict_keys(['tutorial']) retrieved from /home/airflow/.local/lib/python3.7/site-packages/airflow/example_dags/tutorial.py
[2025-09-01T05:03:41.787+0000] {logging_mixin.py:120} INFO - [2025-09-01T05:03:41.787+0000] {dag.py:2585} INFO - Sync 1 DAGs
[2025-09-01T05:03:41.813+0000] {logging_mixin.py:120} INFO - [2025-09-01T05:03:41.813+0000] {dag.py:3340} INFO - Setting next_dagrun for tutorial to 2025-08-31T05:03:41.813278+00:00, run_after=2025-09-01T05:03:41.813278+00:00
[2025-09-01T05:03:41.836+0000] {processor.py:176} INFO - Processing /home/airflow/.local/lib/python3.7/site-packages/airflow/example_dags/tutorial.py took 0.112 seconds
[2025-09-01T05:04:16.426+0000] {processor.py:154} INFO - Started process (PID=240) to work on /home/airflow/.local/lib/python3.7/site-packages/airflow/example_dags/tutorial.py
[2025-09-01T05:04:16.428+0000] {processor.py:756} INFO - Processing file /home/airflow/.local/lib/python3.7/site-packages/airflow/example_dags/tutorial.py for tasks to queue
[2025-09-01T05:04:16.429+0000] {logging_mixin.py:120} INFO - [2025-09-01T05:04:16.429+0000] {dagbag.py:537} INFO - Filling up the DagBag from /home/airflow/.local/lib/python3.7/site-packages/airflow/example_dags/tutorial.py
[2025-09-01T05:04:16.476+0000] {processor.py:766} INFO - DAG(s) dict_keys(['tutorial']) retrieved from /home/airflow/.local/lib/python3.7/site-packages/airflow/example_dags/tutorial.py
[2025-09-01T05:04:16.572+0000] {logging_mixin.py:120} INFO - [2025-09-01T05:04:16.571+0000] {dag.py:2585} INFO - Sync 1 DAGs
[2025-09-01T05:04:16.635+0000] {logging_mixin.py:120} INFO - [2025-09-01T05:04:16.635+0000] {dag.py:3340} INFO - Setting next_dagrun for tutorial to 2025-08-31T05:04:16.633939+00:00, run_after=2025-09-01T05:04:16.633939+00:00
[2025-09-01T05:04:16.678+0000] {processor.py:176} INFO - Processing /home/airflow/.local/lib/python3.7/site-packages/airflow/example_dags/tutorial.py took 0.282 seconds
[2025-09-01T05:04:47.095+0000] {processor.py:154} INFO - Started process (PID=299) to work on /home/airflow/.local/lib/python3.7/site-packages/airflow/example_dags/tutorial.py
[2025-09-01T05:04:47.096+0000] {processor.py:756} INFO - Processing file /home/airflow/.local/lib/python3.7/site-packages/airflow/example_dags/tutorial.py for tasks to queue
[2025-09-01T05:04:47.096+0000] {logging_mixin.py:120} INFO - [2025-09-01T05:04:47.096+0000] {dagbag.py:537} INFO - Filling up the DagBag from /home/airflow/.local/lib/python3.7/site-packages/airflow/example_dags/tutorial.py
[2025-09-01T05:04:47.108+0000] {processor.py:766} INFO - DAG(s) dict_keys(['tutorial']) retrieved from /home/airflow/.local/lib/python3.7/site-packages/airflow/example_dags/tutorial.py
[2025-09-01T05:04:47.141+0000] {logging_mixin.py:120} INFO - [2025-09-01T05:04:47.141+0000] {dag.py:2585} INFO - Sync 1 DAGs
[2025-09-01T05:04:47.166+0000] {logging_mixin.py:120} INFO - [2025-09-01T05:04:47.165+0000] {dag.py:3340} INFO - Setting next_dagrun for tutorial to 2025-08-31T05:04:47.165580+00:00, run_after=2025-09-01T05:04:47.165580+00:00
[2025-09-01T05:04:47.186+0000] {processor.py:176} INFO - Processing /home/airflow/.local/lib/python3.7/site-packages/airflow/example_dags/tutorial.py took 0.094 seconds
[2025-09-01T05:05:17.433+0000] {processor.py:154} INFO - Started process (PID=367) to work on /home/airflow/.local/lib/python3.7/site-packages/airflow/example_dags/tutorial.py
[2025-09-01T05:05:17.434+0000] {processor.py:756} INFO - Processing file /home/airflow/.local/lib/python3.7/site-packages/airflow/example_dags/tutorial.py for tasks to queue
[2025-09-01T05:05:17.435+0000] {logging_mixin.py:120} INFO - [2025-09-01T05:05:17.434+0000] {dagbag.py:537} INFO - Filling up the DagBag from /home/airflow/.local/lib/python3.7/site-packages/airflow/example_dags/tutorial.py
[2025-09-01T05:05:17.452+0000] {processor.py:766} INFO - DAG(s) dict_keys(['tutorial']) retrieved from /home/airflow/.local/lib/python3.7/site-packages/airflow/example_dags/tutorial.py
[2025-09-01T05:05:17.492+0000] {logging_mixin.py:120} INFO - [2025-09-01T05:05:17.492+0000] {dag.py:2585} INFO - Sync 1 DAGs
[2025-09-01T05:05:17.513+0000] {logging_mixin.py:120} INFO - [2025-09-01T05:05:17.513+0000] {dag.py:3340} INFO - Setting next_dagrun for tutorial to 2025-08-31T05:05:17.513027+00:00, run_after=2025-09-01T05:05:17.513027+00:00
[2025-09-01T05:05:17.531+0000] {processor.py:176} INFO - Processing /home/airflow/.local/lib/python3.7/site-packages/airflow/example_dags/tutorial.py took 0.102 seconds
[2025-09-01T05:05:48.010+0000] {processor.py:154} INFO - Started process (PID=436) to work on /home/airflow/.local/lib/python3.7/site-packages/airflow/example_dags/tutorial.py
[2025-09-01T05:05:48.011+0000] {processor.py:756} INFO - Processing file /home/airflow/.local/lib/python3.7/site-packages/airflow/example_dags/tutorial.py for tasks to queue
[2025-09-01T05:05:48.012+0000] {logging_mixin.py:120} INFO - [2025-09-01T05:05:48.011+0000] {dagbag.py:537} INFO - Filling up the DagBag from /home/airflow/.local/lib/python3.7/site-packages/airflow/example_dags/tutorial.py
[2025-09-01T05:05:48.024+0000] {processor.py:766} INFO - DAG(s) dict_keys(['tutorial']) retrieved from /home/airflow/.local/lib/python3.7/site-packages/airflow/example_dags/tutorial.py
[2025-09-01T05:05:48.061+0000] {logging_mixin.py:120} INFO - [2025-09-01T05:05:48.061+0000] {dag.py:2585} INFO - Sync 1 DAGs
[2025-09-01T05:05:48.083+0000] {logging_mixin.py:120} INFO - [2025-09-01T05:05:48.083+0000] {dag.py:3340} INFO - Setting next_dagrun for tutorial to 2025-08-31T05:05:48.083003+00:00, run_after=2025-09-01T05:05:48.083003+00:00
[2025-09-01T05:05:48.103+0000] {processor.py:176} INFO - Processing /home/airflow/.local/lib/python3.7/site-packages/airflow/example_dags/tutorial.py took 0.097 seconds
[2025-09-01T05:06:19.597+0000] {processor.py:154} INFO - Started process (PID=504) to work on /home/airflow/.local/lib/python3.7/site-packages/airflow/example_dags/tutorial.py
[2025-09-01T05:06:19.609+0000] {processor.py:756} INFO - Processing file /home/airflow/.local/lib/python3.7/site-packages/airflow/example_dags/tutorial.py for tasks to queue
[2025-09-01T05:06:19.610+0000] {logging_mixin.py:120} INFO - [2025-09-01T05:06:19.610+0000] {dagbag.py:537} INFO - Filling up the DagBag from /home/airflow/.local/lib/python3.7/site-packages/airflow/example_dags/tutorial.py
[2025-09-01T05:06:19.633+0000] {processor.py:766} INFO - DAG(s) dict_keys(['tutorial']) retrieved from /home/airflow/.local/lib/python3.7/site-packages/airflow/example_dags/tutorial.py
[2025-09-01T05:06:19.672+0000] {logging_mixin.py:120} INFO - [2025-09-01T05:06:19.672+0000] {dag.py:2585} INFO - Sync 1 DAGs
[2025-09-01T05:06:19.697+0000] {logging_mixin.py:120} INFO - [2025-09-01T05:06:19.697+0000] {dag.py:3340} INFO - Setting next_dagrun for tutorial to 2025-08-31T05:06:19.697134+00:00, run_after=2025-09-01T05:06:19.697134+00:00
[2025-09-01T05:06:19.721+0000] {processor.py:176} INFO - Processing /home/airflow/.local/lib/python3.7/site-packages/airflow/example_dags/tutorial.py took 0.128 seconds
[2025-09-01T05:06:51.366+0000] {processor.py:154} INFO - Started process (PID=562) to work on /home/airflow/.local/lib/python3.7/site-packages/airflow/example_dags/tutorial.py
[2025-09-01T05:06:51.367+0000] {processor.py:756} INFO - Processing file /home/airflow/.local/lib/python3.7/site-packages/airflow/example_dags/tutorial.py for tasks to queue
[2025-09-01T05:06:51.368+0000] {logging_mixin.py:120} INFO - [2025-09-01T05:06:51.368+0000] {dagbag.py:537} INFO - Filling up the DagBag from /home/airflow/.local/lib/python3.7/site-packages/airflow/example_dags/tutorial.py
[2025-09-01T05:06:51.386+0000] {processor.py:766} INFO - DAG(s) dict_keys(['tutorial']) retrieved from /home/airflow/.local/lib/python3.7/site-packages/airflow/example_dags/tutorial.py
[2025-09-01T05:06:51.437+0000] {logging_mixin.py:120} INFO - [2025-09-01T05:06:51.437+0000] {dag.py:2585} INFO - Sync 1 DAGs
[2025-09-01T05:06:51.473+0000] {logging_mixin.py:120} INFO - [2025-09-01T05:06:51.473+0000] {dag.py:3340} INFO - Setting next_dagrun for tutorial to 2025-08-31T05:06:51.472794+00:00, run_after=2025-09-01T05:06:51.472794+00:00
[2025-09-01T05:06:51.502+0000] {processor.py:176} INFO - Processing /home/airflow/.local/lib/python3.7/site-packages/airflow/example_dags/tutorial.py took 0.142 seconds
[2025-09-01T05:07:22.940+0000] {processor.py:154} INFO - Started process (PID=630) to work on /home/airflow/.local/lib/python3.7/site-packages/airflow/example_dags/tutorial.py
[2025-09-01T05:07:22.942+0000] {processor.py:756} INFO - Processing file /home/airflow/.local/lib/python3.7/site-packages/airflow/example_dags/tutorial.py for tasks to queue
[2025-09-01T05:07:22.943+0000] {logging_mixin.py:120} INFO - [2025-09-01T05:07:22.943+0000] {dagbag.py:537} INFO - Filling up the DagBag from /home/airflow/.local/lib/python3.7/site-packages/airflow/example_dags/tutorial.py
[2025-09-01T05:07:22.970+0000] {processor.py:766} INFO - DAG(s) dict_keys(['tutorial']) retrieved from /home/airflow/.local/lib/python3.7/site-packages/airflow/example_dags/tutorial.py
[2025-09-01T05:07:23.039+0000] {logging_mixin.py:120} INFO - [2025-09-01T05:07:23.039+0000] {dag.py:2585} INFO - Sync 1 DAGs
[2025-09-01T05:07:23.081+0000] {logging_mixin.py:120} INFO - [2025-09-01T05:07:23.081+0000] {dag.py:3340} INFO - Setting next_dagrun for tutorial to 2025-08-31T05:07:23.080962+00:00, run_after=2025-09-01T05:07:23.080962+00:00
[2025-09-01T05:07:23.116+0000] {processor.py:176} INFO - Processing /home/airflow/.local/lib/python3.7/site-packages/airflow/example_dags/tutorial.py took 0.181 seconds
[2025-09-01T05:07:54.202+0000] {processor.py:154} INFO - Started process (PID=696) to work on /home/airflow/.local/lib/python3.7/site-packages/airflow/example_dags/tutorial.py
[2025-09-01T05:07:54.203+0000] {processor.py:756} INFO - Processing file /home/airflow/.local/lib/python3.7/site-packages/airflow/example_dags/tutorial.py for tasks to queue
[2025-09-01T05:07:54.204+0000] {logging_mixin.py:120} INFO - [2025-09-01T05:07:54.204+0000] {dagbag.py:537} INFO - Filling up the DagBag from /home/airflow/.local/lib/python3.7/site-packages/airflow/example_dags/tutorial.py
[2025-09-01T05:07:54.222+0000] {processor.py:766} INFO - DAG(s) dict_keys(['tutorial']) retrieved from /home/airflow/.local/lib/python3.7/site-packages/airflow/example_dags/tutorial.py
[2025-09-01T05:07:54.282+0000] {logging_mixin.py:120} INFO - [2025-09-01T05:07:54.282+0000] {dag.py:2585} INFO - Sync 1 DAGs
[2025-09-01T05:07:54.324+0000] {logging_mixin.py:120} INFO - [2025-09-01T05:07:54.324+0000] {dag.py:3340} INFO - Setting next_dagrun for tutorial to 2025-08-31T05:07:54.323622+00:00, run_after=2025-09-01T05:07:54.323622+00:00
[2025-09-01T05:07:54.354+0000] {processor.py:176} INFO - Processing /home/airflow/.local/lib/python3.7/site-packages/airflow/example_dags/tutorial.py took 0.158 seconds
[2025-09-01T05:08:25.795+0000] {processor.py:154} INFO - Started process (PID=755) to work on /home/airflow/.local/lib/python3.7/site-packages/airflow/example_dags/tutorial.py
[2025-09-01T05:08:25.796+0000] {processor.py:756} INFO - Processing file /home/airflow/.local/lib/python3.7/site-packages/airflow/example_dags/tutorial.py for tasks to queue
[2025-09-01T05:08:25.797+0000] {logging_mixin.py:120} INFO - [2025-09-01T05:08:25.797+0000] {dagbag.py:537} INFO - Filling up the DagBag from /home/airflow/.local/lib/python3.7/site-packages/airflow/example_dags/tutorial.py
[2025-09-01T05:08:25.824+0000] {processor.py:766} INFO - DAG(s) dict_keys(['tutorial']) retrieved from /home/airflow/.local/lib/python3.7/site-packages/airflow/example_dags/tutorial.py
[2025-09-01T05:08:25.895+0000] {logging_mixin.py:120} INFO - [2025-09-01T05:08:25.895+0000] {dag.py:2585} INFO - Sync 1 DAGs
[2025-09-01T05:08:25.929+0000] {logging_mixin.py:120} INFO - [2025-09-01T05:08:25.928+0000] {dag.py:3340} INFO - Setting next_dagrun for tutorial to 2025-08-31T05:08:25.928540+00:00, run_after=2025-09-01T05:08:25.928540+00:00
[2025-09-01T05:08:25.970+0000] {processor.py:176} INFO - Processing /home/airflow/.local/lib/python3.7/site-packages/airflow/example_dags/tutorial.py took 0.183 seconds
[2025-09-01T05:08:56.629+0000] {processor.py:154} INFO - Started process (PID=822) to work on /home/airflow/.local/lib/python3.7/site-packages/airflow/example_dags/tutorial.py
[2025-09-01T05:08:56.630+0000] {processor.py:756} INFO - Processing file /home/airflow/.local/lib/python3.7/site-packages/airflow/example_dags/tutorial.py for tasks to queue
[2025-09-01T05:08:56.631+0000] {logging_mixin.py:120} INFO - [2025-09-01T05:08:56.631+0000] {dagbag.py:537} INFO - Filling up the DagBag from /home/airflow/.local/lib/python3.7/site-packages/airflow/example_dags/tutorial.py
[2025-09-01T05:08:56.656+0000] {processor.py:766} INFO - DAG(s) dict_keys(['tutorial']) retrieved from /home/airflow/.local/lib/python3.7/site-packages/airflow/example_dags/tutorial.py
[2025-09-01T05:08:56.709+0000] {logging_mixin.py:120} INFO - [2025-09-01T05:08:56.709+0000] {dag.py:2585} INFO - Sync 1 DAGs
[2025-09-01T05:08:56.744+0000] {logging_mixin.py:120} INFO - [2025-09-01T05:08:56.744+0000] {dag.py:3340} INFO - Setting next_dagrun for tutorial to 2025-08-31T05:08:56.743719+00:00, run_after=2025-09-01T05:08:56.743719+00:00
[2025-09-01T05:08:56.772+0000] {processor.py:176} INFO - Processing /home/airflow/.local/lib/python3.7/site-packages/airflow/example_dags/tutorial.py took 0.149 seconds
[2025-09-01T05:09:27.823+0000] {processor.py:154} INFO - Started process (PID=890) to work on /home/airflow/.local/lib/python3.7/site-packages/airflow/example_dags/tutorial.py
[2025-09-01T05:09:27.825+0000] {processor.py:756} INFO - Processing file /home/airflow/.local/lib/python3.7/site-packages/airflow/example_dags/tutorial.py for tasks to queue
[2025-09-01T05:09:27.826+0000] {logging_mixin.py:120} INFO - [2025-09-01T05:09:27.825+0000] {dagbag.py:537} INFO - Filling up the DagBag from /home/airflow/.local/lib/python3.7/site-packages/airflow/example_dags/tutorial.py
[2025-09-01T05:09:27.847+0000] {processor.py:766} INFO - DAG(s) dict_keys(['tutorial']) retrieved from /home/airflow/.local/lib/python3.7/site-packages/airflow/example_dags/tutorial.py
[2025-09-01T05:09:27.910+0000] {logging_mixin.py:120} INFO - [2025-09-01T05:09:27.910+0000] {dag.py:2585} INFO - Sync 1 DAGs
[2025-09-01T05:09:27.950+0000] {logging_mixin.py:120} INFO - [2025-09-01T05:09:27.950+0000] {dag.py:3340} INFO - Setting next_dagrun for tutorial to 2025-08-31T05:09:27.949617+00:00, run_after=2025-09-01T05:09:27.949617+00:00
[2025-09-01T05:09:27.980+0000] {processor.py:176} INFO - Processing /home/airflow/.local/lib/python3.7/site-packages/airflow/example_dags/tutorial.py took 0.162 seconds
[2025-09-01T05:09:58.831+0000] {processor.py:154} INFO - Started process (PID=949) to work on /home/airflow/.local/lib/python3.7/site-packages/airflow/example_dags/tutorial.py
[2025-09-01T05:09:58.833+0000] {processor.py:756} INFO - Processing file /home/airflow/.local/lib/python3.7/site-packages/airflow/example_dags/tutorial.py for tasks to queue
[2025-09-01T05:09:58.834+0000] {logging_mixin.py:120} INFO - [2025-09-01T05:09:58.834+0000] {dagbag.py:537} INFO - Filling up the DagBag from /home/airflow/.local/lib/python3.7/site-packages/airflow/example_dags/tutorial.py
[2025-09-01T05:09:58.850+0000] {processor.py:766} INFO - DAG(s) dict_keys(['tutorial']) retrieved from /home/airflow/.local/lib/python3.7/site-packages/airflow/example_dags/tutorial.py
[2025-09-01T05:09:58.902+0000] {logging_mixin.py:120} INFO - [2025-09-01T05:09:58.902+0000] {dag.py:2585} INFO - Sync 1 DAGs
[2025-09-01T05:09:58.936+0000] {logging_mixin.py:120} INFO - [2025-09-01T05:09:58.936+0000] {dag.py:3340} INFO - Setting next_dagrun for tutorial to 2025-08-31T05:09:58.935749+00:00, run_after=2025-09-01T05:09:58.935749+00:00
[2025-09-01T05:09:58.962+0000] {processor.py:176} INFO - Processing /home/airflow/.local/lib/python3.7/site-packages/airflow/example_dags/tutorial.py took 0.136 seconds
[2025-09-01T05:10:30.800+0000] {processor.py:154} INFO - Started process (PID=1017) to work on /home/airflow/.local/lib/python3.7/site-packages/airflow/example_dags/tutorial.py
[2025-09-01T05:10:30.801+0000] {processor.py:756} INFO - Processing file /home/airflow/.local/lib/python3.7/site-packages/airflow/example_dags/tutorial.py for tasks to queue
[2025-09-01T05:10:30.802+0000] {logging_mixin.py:120} INFO - [2025-09-01T05:10:30.802+0000] {dagbag.py:537} INFO - Filling up the DagBag from /home/airflow/.local/lib/python3.7/site-packages/airflow/example_dags/tutorial.py
[2025-09-01T05:10:30.822+0000] {processor.py:766} INFO - DAG(s) dict_keys(['tutorial']) retrieved from /home/airflow/.local/lib/python3.7/site-packages/airflow/example_dags/tutorial.py
[2025-09-01T05:10:30.884+0000] {logging_mixin.py:120} INFO - [2025-09-01T05:10:30.883+0000] {dag.py:2585} INFO - Sync 1 DAGs
[2025-09-01T05:10:30.921+0000] {logging_mixin.py:120} INFO - [2025-09-01T05:10:30.921+0000] {dag.py:3340} INFO - Setting next_dagrun for tutorial to 2025-08-31T05:10:30.920973+00:00, run_after=2025-09-01T05:10:30.920973+00:00
[2025-09-01T05:10:30.959+0000] {processor.py:176} INFO - Processing /home/airflow/.local/lib/python3.7/site-packages/airflow/example_dags/tutorial.py took 0.165 seconds
[2025-09-01T05:11:02.766+0000] {processor.py:154} INFO - Started process (PID=1085) to work on /home/airflow/.local/lib/python3.7/site-packages/airflow/example_dags/tutorial.py
[2025-09-01T05:11:02.767+0000] {processor.py:756} INFO - Processing file /home/airflow/.local/lib/python3.7/site-packages/airflow/example_dags/tutorial.py for tasks to queue
[2025-09-01T05:11:02.768+0000] {logging_mixin.py:120} INFO - [2025-09-01T05:11:02.768+0000] {dagbag.py:537} INFO - Filling up the DagBag from /home/airflow/.local/lib/python3.7/site-packages/airflow/example_dags/tutorial.py
[2025-09-01T05:11:02.787+0000] {processor.py:766} INFO - DAG(s) dict_keys(['tutorial']) retrieved from /home/airflow/.local/lib/python3.7/site-packages/airflow/example_dags/tutorial.py
[2025-09-01T05:11:02.840+0000] {logging_mixin.py:120} INFO - [2025-09-01T05:11:02.839+0000] {dag.py:2585} INFO - Sync 1 DAGs
[2025-09-01T05:11:02.869+0000] {logging_mixin.py:120} INFO - [2025-09-01T05:11:02.868+0000] {dag.py:3340} INFO - Setting next_dagrun for tutorial to 2025-08-31T05:11:02.868581+00:00, run_after=2025-09-01T05:11:02.868581+00:00
[2025-09-01T05:11:02.896+0000] {processor.py:176} INFO - Processing /home/airflow/.local/lib/python3.7/site-packages/airflow/example_dags/tutorial.py took 0.134 seconds
[2025-09-01T05:11:32.985+0000] {processor.py:154} INFO - Started process (PID=1144) to work on /home/airflow/.local/lib/python3.7/site-packages/airflow/example_dags/tutorial.py
[2025-09-01T05:11:32.986+0000] {processor.py:756} INFO - Processing file /home/airflow/.local/lib/python3.7/site-packages/airflow/example_dags/tutorial.py for tasks to queue
[2025-09-01T05:11:32.987+0000] {logging_mixin.py:120} INFO - [2025-09-01T05:11:32.987+0000] {dagbag.py:537} INFO - Filling up the DagBag from /home/airflow/.local/lib/python3.7/site-packages/airflow/example_dags/tutorial.py
[2025-09-01T05:11:33.000+0000] {processor.py:766} INFO - DAG(s) dict_keys(['tutorial']) retrieved from /home/airflow/.local/lib/python3.7/site-packages/airflow/example_dags/tutorial.py
[2025-09-01T05:11:33.038+0000] {logging_mixin.py:120} INFO - [2025-09-01T05:11:33.038+0000] {dag.py:2585} INFO - Sync 1 DAGs
[2025-09-01T05:11:33.059+0000] {logging_mixin.py:120} INFO - [2025-09-01T05:11:33.059+0000] {dag.py:3340} INFO - Setting next_dagrun for tutorial to 2025-08-31T05:11:33.059365+00:00, run_after=2025-09-01T05:11:33.059365+00:00
[2025-09-01T05:11:33.079+0000] {processor.py:176} INFO - Processing /home/airflow/.local/lib/python3.7/site-packages/airflow/example_dags/tutorial.py took 0.097 seconds
[2025-09-01T05:12:04.773+0000] {processor.py:154} INFO - Started process (PID=1212) to work on /home/airflow/.local/lib/python3.7/site-packages/airflow/example_dags/tutorial.py
[2025-09-01T05:12:04.774+0000] {processor.py:756} INFO - Processing file /home/airflow/.local/lib/python3.7/site-packages/airflow/example_dags/tutorial.py for tasks to queue
[2025-09-01T05:12:04.774+0000] {logging_mixin.py:120} INFO - [2025-09-01T05:12:04.774+0000] {dagbag.py:537} INFO - Filling up the DagBag from /home/airflow/.local/lib/python3.7/site-packages/airflow/example_dags/tutorial.py
[2025-09-01T05:12:04.787+0000] {processor.py:766} INFO - DAG(s) dict_keys(['tutorial']) retrieved from /home/airflow/.local/lib/python3.7/site-packages/airflow/example_dags/tutorial.py
[2025-09-01T05:12:04.825+0000] {logging_mixin.py:120} INFO - [2025-09-01T05:12:04.825+0000] {dag.py:2585} INFO - Sync 1 DAGs
[2025-09-01T05:12:04.851+0000] {logging_mixin.py:120} INFO - [2025-09-01T05:12:04.851+0000] {dag.py:3340} INFO - Setting next_dagrun for tutorial to 2025-08-31T05:12:04.851560+00:00, run_after=2025-09-01T05:12:04.851560+00:00
[2025-09-01T05:12:04.873+0000] {processor.py:176} INFO - Processing /home/airflow/.local/lib/python3.7/site-packages/airflow/example_dags/tutorial.py took 0.103 seconds
[2025-09-01T05:12:37.122+0000] {processor.py:154} INFO - Started process (PID=1281) to work on /home/airflow/.local/lib/python3.7/site-packages/airflow/example_dags/tutorial.py
[2025-09-01T05:12:37.123+0000] {processor.py:756} INFO - Processing file /home/airflow/.local/lib/python3.7/site-packages/airflow/example_dags/tutorial.py for tasks to queue
[2025-09-01T05:12:37.124+0000] {logging_mixin.py:120} INFO - [2025-09-01T05:12:37.124+0000] {dagbag.py:537} INFO - Filling up the DagBag from /home/airflow/.local/lib/python3.7/site-packages/airflow/example_dags/tutorial.py
[2025-09-01T05:12:37.144+0000] {processor.py:766} INFO - DAG(s) dict_keys(['tutorial']) retrieved from /home/airflow/.local/lib/python3.7/site-packages/airflow/example_dags/tutorial.py
[2025-09-01T05:12:37.199+0000] {logging_mixin.py:120} INFO - [2025-09-01T05:12:37.199+0000] {dag.py:2585} INFO - Sync 1 DAGs
[2025-09-01T05:12:37.267+0000] {logging_mixin.py:120} INFO - [2025-09-01T05:12:37.267+0000] {dag.py:3340} INFO - Setting next_dagrun for tutorial to 2025-08-31T05:12:37.266461+00:00, run_after=2025-09-01T05:12:37.266461+00:00
[2025-09-01T05:12:37.315+0000] {processor.py:176} INFO - Processing /home/airflow/.local/lib/python3.7/site-packages/airflow/example_dags/tutorial.py took 0.198 seconds
[2025-09-01T05:13:10.533+0000] {processor.py:154} INFO - Started process (PID=1349) to work on /home/airflow/.local/lib/python3.7/site-packages/airflow/example_dags/tutorial.py
[2025-09-01T05:13:10.535+0000] {processor.py:756} INFO - Processing file /home/airflow/.local/lib/python3.7/site-packages/airflow/example_dags/tutorial.py for tasks to queue
[2025-09-01T05:13:10.536+0000] {logging_mixin.py:120} INFO - [2025-09-01T05:13:10.536+0000] {dagbag.py:537} INFO - Filling up the DagBag from /home/airflow/.local/lib/python3.7/site-packages/airflow/example_dags/tutorial.py
[2025-09-01T05:13:10.558+0000] {processor.py:766} INFO - DAG(s) dict_keys(['tutorial']) retrieved from /home/airflow/.local/lib/python3.7/site-packages/airflow/example_dags/tutorial.py
[2025-09-01T05:13:10.617+0000] {logging_mixin.py:120} INFO - [2025-09-01T05:13:10.616+0000] {dag.py:2585} INFO - Sync 1 DAGs
[2025-09-01T05:13:10.656+0000] {logging_mixin.py:120} INFO - [2025-09-01T05:13:10.655+0000] {dag.py:3340} INFO - Setting next_dagrun for tutorial to 2025-08-31T05:13:10.655435+00:00, run_after=2025-09-01T05:13:10.655435+00:00
[2025-09-01T05:13:10.682+0000] {processor.py:176} INFO - Processing /home/airflow/.local/lib/python3.7/site-packages/airflow/example_dags/tutorial.py took 0.154 seconds
[2025-09-01T05:13:42.173+0000] {processor.py:154} INFO - Started process (PID=1417) to work on /home/airflow/.local/lib/python3.7/site-packages/airflow/example_dags/tutorial.py
[2025-09-01T05:13:42.177+0000] {processor.py:756} INFO - Processing file /home/airflow/.local/lib/python3.7/site-packages/airflow/example_dags/tutorial.py for tasks to queue
[2025-09-01T05:13:42.180+0000] {logging_mixin.py:120} INFO - [2025-09-01T05:13:42.180+0000] {dagbag.py:537} INFO - Filling up the DagBag from /home/airflow/.local/lib/python3.7/site-packages/airflow/example_dags/tutorial.py
[2025-09-01T05:13:42.212+0000] {processor.py:766} INFO - DAG(s) dict_keys(['tutorial']) retrieved from /home/airflow/.local/lib/python3.7/site-packages/airflow/example_dags/tutorial.py
[2025-09-01T05:13:42.289+0000] {logging_mixin.py:120} INFO - [2025-09-01T05:13:42.288+0000] {dag.py:2585} INFO - Sync 1 DAGs
[2025-09-01T05:13:42.340+0000] {logging_mixin.py:120} INFO - [2025-09-01T05:13:42.340+0000] {dag.py:3340} INFO - Setting next_dagrun for tutorial to 2025-08-31T05:13:42.339721+00:00, run_after=2025-09-01T05:13:42.339721+00:00
[2025-09-01T05:13:42.377+0000] {processor.py:176} INFO - Processing /home/airflow/.local/lib/python3.7/site-packages/airflow/example_dags/tutorial.py took 0.212 seconds
[2025-09-01T05:14:16.335+0000] {processor.py:154} INFO - Started process (PID=1476) to work on /home/airflow/.local/lib/python3.7/site-packages/airflow/example_dags/tutorial.py
[2025-09-01T05:14:16.336+0000] {processor.py:756} INFO - Processing file /home/airflow/.local/lib/python3.7/site-packages/airflow/example_dags/tutorial.py for tasks to queue
[2025-09-01T05:14:16.337+0000] {logging_mixin.py:120} INFO - [2025-09-01T05:14:16.337+0000] {dagbag.py:537} INFO - Filling up the DagBag from /home/airflow/.local/lib/python3.7/site-packages/airflow/example_dags/tutorial.py
[2025-09-01T05:14:16.360+0000] {processor.py:766} INFO - DAG(s) dict_keys(['tutorial']) retrieved from /home/airflow/.local/lib/python3.7/site-packages/airflow/example_dags/tutorial.py
[2025-09-01T05:14:16.421+0000] {logging_mixin.py:120} INFO - [2025-09-01T05:14:16.421+0000] {dag.py:2585} INFO - Sync 1 DAGs
[2025-09-01T05:14:16.461+0000] {logging_mixin.py:120} INFO - [2025-09-01T05:14:16.461+0000] {dag.py:3340} INFO - Setting next_dagrun for tutorial to 2025-08-31T05:14:16.460967+00:00, run_after=2025-09-01T05:14:16.460967+00:00
[2025-09-01T05:14:16.488+0000] {processor.py:176} INFO - Processing /home/airflow/.local/lib/python3.7/site-packages/airflow/example_dags/tutorial.py took 0.160 seconds
[2025-09-01T05:14:51.491+0000] {processor.py:154} INFO - Started process (PID=1544) to work on /home/airflow/.local/lib/python3.7/site-packages/airflow/example_dags/tutorial.py
[2025-09-01T05:14:51.493+0000] {processor.py:756} INFO - Processing file /home/airflow/.local/lib/python3.7/site-packages/airflow/example_dags/tutorial.py for tasks to queue
[2025-09-01T05:14:51.494+0000] {logging_mixin.py:120} INFO - [2025-09-01T05:14:51.494+0000] {dagbag.py:537} INFO - Filling up the DagBag from /home/airflow/.local/lib/python3.7/site-packages/airflow/example_dags/tutorial.py
[2025-09-01T05:14:51.525+0000] {processor.py:766} INFO - DAG(s) dict_keys(['tutorial']) retrieved from /home/airflow/.local/lib/python3.7/site-packages/airflow/example_dags/tutorial.py
[2025-09-01T05:14:51.594+0000] {logging_mixin.py:120} INFO - [2025-09-01T05:14:51.594+0000] {dag.py:2585} INFO - Sync 1 DAGs
[2025-09-01T05:14:51.640+0000] {logging_mixin.py:120} INFO - [2025-09-01T05:14:51.639+0000] {dag.py:3340} INFO - Setting next_dagrun for tutorial to 2025-08-31T05:14:51.639378+00:00, run_after=2025-09-01T05:14:51.639378+00:00
[2025-09-01T05:14:51.673+0000] {processor.py:176} INFO - Processing /home/airflow/.local/lib/python3.7/site-packages/airflow/example_dags/tutorial.py took 0.191 seconds
[2025-09-01T05:15:28.225+0000] {processor.py:154} INFO - Started process (PID=1603) to work on /home/airflow/.local/lib/python3.7/site-packages/airflow/example_dags/tutorial.py
[2025-09-01T05:15:28.228+0000] {processor.py:756} INFO - Processing file /home/airflow/.local/lib/python3.7/site-packages/airflow/example_dags/tutorial.py for tasks to queue
[2025-09-01T05:15:28.230+0000] {logging_mixin.py:120} INFO - [2025-09-01T05:15:28.229+0000] {dagbag.py:537} INFO - Filling up the DagBag from /home/airflow/.local/lib/python3.7/site-packages/airflow/example_dags/tutorial.py
[2025-09-01T05:15:28.268+0000] {processor.py:766} INFO - DAG(s) dict_keys(['tutorial']) retrieved from /home/airflow/.local/lib/python3.7/site-packages/airflow/example_dags/tutorial.py
[2025-09-01T05:15:28.379+0000] {logging_mixin.py:120} INFO - [2025-09-01T05:15:28.379+0000] {dag.py:2585} INFO - Sync 1 DAGs
[2025-09-01T05:15:28.444+0000] {logging_mixin.py:120} INFO - [2025-09-01T05:15:28.444+0000] {dag.py:3340} INFO - Setting next_dagrun for tutorial to 2025-08-31T05:15:28.444067+00:00, run_after=2025-09-01T05:15:28.444067+00:00
[2025-09-01T05:15:28.495+0000] {processor.py:176} INFO - Processing /home/airflow/.local/lib/python3.7/site-packages/airflow/example_dags/tutorial.py took 0.278 seconds
[2025-09-01T05:17:06.753+0000] {processor.py:154} INFO - Started process (PID=1671) to work on /home/airflow/.local/lib/python3.7/site-packages/airflow/example_dags/tutorial.py
[2025-09-01T05:17:07.126+0000] {processor.py:756} INFO - Processing file /home/airflow/.local/lib/python3.7/site-packages/airflow/example_dags/tutorial.py for tasks to queue
[2025-09-01T05:17:08.439+0000] {logging_mixin.py:120} INFO - [2025-09-01T05:17:08.002+0000] {dagbag.py:537} INFO - Filling up the DagBag from /home/airflow/.local/lib/python3.7/site-packages/airflow/example_dags/tutorial.py
[2025-09-01T05:18:01.794+0000] {logging_mixin.py:120} INFO - [2025-09-01T05:17:45.314+0000] {timeout.py:68} ERROR - Process timed out, PID: 1671
[2025-09-01T05:21:15.596+0000] {logging_mixin.py:120} INFO - [2025-09-01T05:18:25.477+0000] {dagbag.py:342} ERROR - Failed to import: /home/airflow/.local/lib/python3.7/site-packages/airflow/example_dags/tutorial.py
Traceback (most recent call last):
  File "/home/airflow/.local/lib/python3.7/site-packages/airflow/models/dagbag.py", line 338, in parse
    loader.exec_module(new_module)
  File "<frozen importlib._bootstrap_external>", line 728, in exec_module
  File "<frozen importlib._bootstrap>", line 219, in _call_with_frames_removed
  File "/home/airflow/.local/lib/python3.7/site-packages/airflow/example_dags/tutorial.py", line 78, in <module>
    bash_command='date',
  File "/home/airflow/.local/lib/python3.7/site-packages/airflow/models/baseoperator.py", line 408, in apply_defaults
    result = func(self, **kwargs, default_args=default_args)
  File "/home/airflow/.local/lib/python3.7/site-packages/airflow/operators/bash.py", line 147, in __init__
    super().__init__(**kwargs)
  File "/home/airflow/.local/lib/python3.7/site-packages/airflow/models/baseoperator.py", line 408, in apply_defaults
    result = func(self, **kwargs, default_args=default_args)
  File "/home/airflow/.local/lib/python3.7/site-packages/airflow/models/baseoperator.py", line 802, in __init__
    self.executor_config = executor_config or {}
  File "/home/airflow/.local/lib/python3.7/site-packages/airflow/models/baseoperator.py", line 995, in __setattr__
    super().__setattr__(key, value)
  File "/home/airflow/.local/lib/python3.7/site-packages/airflow/utils/timeout.py", line 69, in handle_timeout
    raise AirflowTaskTimeout(self.error_message)
airflow.exceptions.AirflowTaskTimeout: DagBag import timeout for /home/airflow/.local/lib/python3.7/site-packages/airflow/example_dags/tutorial.py after 30.0s.
Please take a look at these docs to improve your DAG import time:
* https://airflow.apache.org/docs/apache-airflow/2.4.2/best-practices.html#top-level-python-code
* https://airflow.apache.org/docs/apache-airflow/2.4.2/best-practices.html#reducing-dag-complexity, PID: 1671
[2025-09-01T05:21:16.304+0000] {processor.py:768} WARNING - No viable dags retrieved from /home/airflow/.local/lib/python3.7/site-packages/airflow/example_dags/tutorial.py
[2025-09-01T05:30:48.063+0000] {processor.py:154} INFO - Started process (PID=1712) to work on /home/airflow/.local/lib/python3.7/site-packages/airflow/example_dags/tutorial.py
[2025-09-01T05:30:48.064+0000] {processor.py:756} INFO - Processing file /home/airflow/.local/lib/python3.7/site-packages/airflow/example_dags/tutorial.py for tasks to queue
[2025-09-01T05:30:48.065+0000] {logging_mixin.py:120} INFO - [2025-09-01T05:30:48.065+0000] {dagbag.py:537} INFO - Filling up the DagBag from /home/airflow/.local/lib/python3.7/site-packages/airflow/example_dags/tutorial.py
[2025-09-01T05:30:48.079+0000] {processor.py:766} INFO - DAG(s) dict_keys(['tutorial']) retrieved from /home/airflow/.local/lib/python3.7/site-packages/airflow/example_dags/tutorial.py
[2025-09-01T05:30:48.933+0000] {processor.py:179} ERROR - Got an exception! Propagating...
Traceback (most recent call last):
  File "/home/airflow/.local/lib/python3.7/site-packages/sqlalchemy/engine/base.py", line 3243, in _wrap_pool_connect
    return fn()
  File "/home/airflow/.local/lib/python3.7/site-packages/sqlalchemy/pool/base.py", line 310, in connect
    return _ConnectionFairy._checkout(self)
  File "/home/airflow/.local/lib/python3.7/site-packages/sqlalchemy/pool/base.py", line 868, in _checkout
    fairy = _ConnectionRecord.checkout(pool)
  File "/home/airflow/.local/lib/python3.7/site-packages/sqlalchemy/pool/base.py", line 476, in checkout
    rec = pool._do_get()
  File "/home/airflow/.local/lib/python3.7/site-packages/sqlalchemy/pool/impl.py", line 146, in _do_get
    self._dec_overflow()
  File "/home/airflow/.local/lib/python3.7/site-packages/sqlalchemy/util/langhelpers.py", line 72, in __exit__
    with_traceback=exc_tb,
  File "/home/airflow/.local/lib/python3.7/site-packages/sqlalchemy/util/compat.py", line 207, in raise_
    raise exception
  File "/home/airflow/.local/lib/python3.7/site-packages/sqlalchemy/pool/impl.py", line 143, in _do_get
    return self._create_connection()
  File "/home/airflow/.local/lib/python3.7/site-packages/sqlalchemy/pool/base.py", line 256, in _create_connection
    return _ConnectionRecord(self)
  File "/home/airflow/.local/lib/python3.7/site-packages/sqlalchemy/pool/base.py", line 371, in __init__
    self.__connect()
  File "/home/airflow/.local/lib/python3.7/site-packages/sqlalchemy/pool/base.py", line 666, in __connect
    pool.logger.debug("Error on connect(): %s", e)
  File "/home/airflow/.local/lib/python3.7/site-packages/sqlalchemy/util/langhelpers.py", line 72, in __exit__
    with_traceback=exc_tb,
  File "/home/airflow/.local/lib/python3.7/site-packages/sqlalchemy/util/compat.py", line 207, in raise_
    raise exception
  File "/home/airflow/.local/lib/python3.7/site-packages/sqlalchemy/pool/base.py", line 661, in __connect
    self.dbapi_connection = connection = pool._invoke_creator(self)
  File "/home/airflow/.local/lib/python3.7/site-packages/sqlalchemy/engine/create.py", line 590, in connect
    return dialect.connect(*cargs, **cparams)
  File "/home/airflow/.local/lib/python3.7/site-packages/sqlalchemy/engine/default.py", line 584, in connect
    return self.dbapi.connect(*cargs, **cparams)
  File "/home/airflow/.local/lib/python3.7/site-packages/psycopg2/__init__.py", line 122, in connect
    conn = _connect(dsn, connection_factory=connection_factory, **kwasync)
psycopg2.OperationalError: could not translate host name "postgres" to address: Temporary failure in name resolution


The above exception was the direct cause of the following exception:

Traceback (most recent call last):
  File "/home/airflow/.local/lib/python3.7/site-packages/airflow/dag_processing/processor.py", line 175, in _run_file_processor
    _handle_dag_file_processing()
  File "/home/airflow/.local/lib/python3.7/site-packages/airflow/dag_processing/processor.py", line 159, in _handle_dag_file_processing
    callback_requests=callback_requests,
  File "/home/airflow/.local/lib/python3.7/site-packages/airflow/utils/session.py", line 75, in wrapper
    return func(*args, session=session, **kwargs)
  File "/home/airflow/.local/lib/python3.7/site-packages/airflow/dag_processing/processor.py", line 781, in process_file
    dagbag.sync_to_db(processor_subdir=self._dag_directory, session=session)
  File "/home/airflow/.local/lib/python3.7/site-packages/airflow/utils/session.py", line 72, in wrapper
    return func(*args, **kwargs)
  File "/home/airflow/.local/lib/python3.7/site-packages/airflow/models/dagbag.py", line 644, in sync_to_db
    for attempt in run_with_db_retries(logger=self.log):
  File "/home/airflow/.local/lib/python3.7/site-packages/tenacity/__init__.py", line 384, in __iter__
    do = self.iter(retry_state=retry_state)
  File "/home/airflow/.local/lib/python3.7/site-packages/tenacity/__init__.py", line 362, in iter
    raise retry_exc.reraise()
  File "/home/airflow/.local/lib/python3.7/site-packages/tenacity/__init__.py", line 195, in reraise
    raise self.last_attempt.result()
  File "/usr/local/lib/python3.7/concurrent/futures/_base.py", line 428, in result
    return self.__get_result()
  File "/usr/local/lib/python3.7/concurrent/futures/_base.py", line 384, in __get_result
    raise self._exception
  File "/home/airflow/.local/lib/python3.7/site-packages/airflow/models/dagbag.py", line 656, in sync_to_db
    serialize_errors.extend(_serialize_dag_capturing_errors(dag, session))
  File "/home/airflow/.local/lib/python3.7/site-packages/airflow/models/dagbag.py", line 630, in _serialize_dag_capturing_errors
    session=session,
  File "/home/airflow/.local/lib/python3.7/site-packages/airflow/utils/session.py", line 72, in wrapper
    return func(*args, **kwargs)
  File "/home/airflow/.local/lib/python3.7/site-packages/airflow/models/serialized_dag.py", line 150, in write_dag
    (timezone.utcnow() - timedelta(seconds=min_update_interval)) < cls.last_updated,
  File "/home/airflow/.local/lib/python3.7/site-packages/sqlalchemy/orm/query.py", line 2810, in first
    return self.limit(1)._iter().first()
  File "/home/airflow/.local/lib/python3.7/site-packages/sqlalchemy/orm/query.py", line 2897, in _iter
    execution_options={"_sa_orm_load_options": self.load_options},
  File "/home/airflow/.local/lib/python3.7/site-packages/sqlalchemy/orm/session.py", line 1688, in execute
    conn = self._connection_for_bind(bind)
  File "/home/airflow/.local/lib/python3.7/site-packages/sqlalchemy/orm/session.py", line 1530, in _connection_for_bind
    engine, execution_options
  File "/home/airflow/.local/lib/python3.7/site-packages/sqlalchemy/orm/session.py", line 747, in _connection_for_bind
    conn = bind.connect()
  File "/home/airflow/.local/lib/python3.7/site-packages/sqlalchemy/engine/base.py", line 3197, in connect
    return self._connection_cls(self, close_with_result=close_with_result)
  File "/home/airflow/.local/lib/python3.7/site-packages/sqlalchemy/engine/base.py", line 96, in __init__
    else engine.raw_connection()
  File "/home/airflow/.local/lib/python3.7/site-packages/sqlalchemy/engine/base.py", line 3276, in raw_connection
    return self._wrap_pool_connect(self.pool.connect, _connection)
  File "/home/airflow/.local/lib/python3.7/site-packages/sqlalchemy/engine/base.py", line 3247, in _wrap_pool_connect
    e, dialect, self
  File "/home/airflow/.local/lib/python3.7/site-packages/sqlalchemy/engine/base.py", line 2101, in _handle_dbapi_exception_noconnection
    sqlalchemy_exception, with_traceback=exc_info[2], from_=e
  File "/home/airflow/.local/lib/python3.7/site-packages/sqlalchemy/util/compat.py", line 207, in raise_
    raise exception
  File "/home/airflow/.local/lib/python3.7/site-packages/sqlalchemy/engine/base.py", line 3243, in _wrap_pool_connect
    return fn()
  File "/home/airflow/.local/lib/python3.7/site-packages/sqlalchemy/pool/base.py", line 310, in connect
    return _ConnectionFairy._checkout(self)
  File "/home/airflow/.local/lib/python3.7/site-packages/sqlalchemy/pool/base.py", line 868, in _checkout
    fairy = _ConnectionRecord.checkout(pool)
  File "/home/airflow/.local/lib/python3.7/site-packages/sqlalchemy/pool/base.py", line 476, in checkout
    rec = pool._do_get()
  File "/home/airflow/.local/lib/python3.7/site-packages/sqlalchemy/pool/impl.py", line 146, in _do_get
    self._dec_overflow()
  File "/home/airflow/.local/lib/python3.7/site-packages/sqlalchemy/util/langhelpers.py", line 72, in __exit__
    with_traceback=exc_tb,
  File "/home/airflow/.local/lib/python3.7/site-packages/sqlalchemy/util/compat.py", line 207, in raise_
    raise exception
  File "/home/airflow/.local/lib/python3.7/site-packages/sqlalchemy/pool/impl.py", line 143, in _do_get
    return self._create_connection()
  File "/home/airflow/.local/lib/python3.7/site-packages/sqlalchemy/pool/base.py", line 256, in _create_connection
    return _ConnectionRecord(self)
  File "/home/airflow/.local/lib/python3.7/site-packages/sqlalchemy/pool/base.py", line 371, in __init__
    self.__connect()
  File "/home/airflow/.local/lib/python3.7/site-packages/sqlalchemy/pool/base.py", line 666, in __connect
    pool.logger.debug("Error on connect(): %s", e)
  File "/home/airflow/.local/lib/python3.7/site-packages/sqlalchemy/util/langhelpers.py", line 72, in __exit__
    with_traceback=exc_tb,
  File "/home/airflow/.local/lib/python3.7/site-packages/sqlalchemy/util/compat.py", line 207, in raise_
    raise exception
  File "/home/airflow/.local/lib/python3.7/site-packages/sqlalchemy/pool/base.py", line 661, in __connect
    self.dbapi_connection = connection = pool._invoke_creator(self)
  File "/home/airflow/.local/lib/python3.7/site-packages/sqlalchemy/engine/create.py", line 590, in connect
    return dialect.connect(*cargs, **cparams)
  File "/home/airflow/.local/lib/python3.7/site-packages/sqlalchemy/engine/default.py", line 584, in connect
    return self.dbapi.connect(*cargs, **cparams)
  File "/home/airflow/.local/lib/python3.7/site-packages/psycopg2/__init__.py", line 122, in connect
    conn = _connect(dsn, connection_factory=connection_factory, **kwasync)
sqlalchemy.exc.OperationalError: (psycopg2.OperationalError) could not translate host name "postgres" to address: Temporary failure in name resolution

(Background on this error at: https://sqlalche.me/e/14/e3q8)
