[2025-08-20T05:48:28.363+0000] {taskinstance.py:1165} INFO - Dependencies all met for <TaskInstance: my_dag.choose_best_model manual__2025-08-20T05:48:24.435631+00:00 [queued]>
[2025-08-20T05:48:28.376+0000] {taskinstance.py:1165} INFO - Dependencies all met for <TaskInstance: my_dag.choose_best_model manual__2025-08-20T05:48:24.435631+00:00 [queued]>
[2025-08-20T05:48:28.376+0000] {taskinstance.py:1362} INFO - 
--------------------------------------------------------------------------------
[2025-08-20T05:48:28.376+0000] {taskinstance.py:1363} INFO - Starting attempt 1 of 1
[2025-08-20T05:48:28.376+0000] {taskinstance.py:1364} INFO - 
--------------------------------------------------------------------------------
[2025-08-20T05:48:28.396+0000] {taskinstance.py:1383} INFO - Executing <Task(BranchPythonOperator): choose_best_model> on 2025-08-20 05:48:24.435631+00:00
[2025-08-20T05:48:28.403+0000] {standard_task_runner.py:55} INFO - Started process 2413 to run task
[2025-08-20T05:48:28.408+0000] {standard_task_runner.py:82} INFO - Running: ['***', 'tasks', 'run', 'my_dag', 'choose_best_model', 'manual__2025-08-20T05:48:24.435631+00:00', '--job-id', '94', '--raw', '--subdir', 'DAGS_FOLDER/flow.py', '--cfg-path', '/tmp/tmpid5b9cct']
[2025-08-20T05:48:28.409+0000] {standard_task_runner.py:83} INFO - Job 94: Subtask choose_best_model
[2025-08-20T05:48:28.500+0000] {task_command.py:376} INFO - Running <TaskInstance: my_dag.choose_best_model manual__2025-08-20T05:48:24.435631+00:00 [running]> on host 74a21df92820
[2025-08-20T05:48:28.596+0000] {taskinstance.py:1592} INFO - Exporting the following env vars:
AIRFLOW_CTX_DAG_OWNER=***
AIRFLOW_CTX_DAG_ID=my_dag
AIRFLOW_CTX_TASK_ID=choose_best_model
AIRFLOW_CTX_EXECUTION_DATE=2025-08-20T05:48:24.435631+00:00
AIRFLOW_CTX_TRY_NUMBER=1
AIRFLOW_CTX_DAG_RUN_ID=manual__2025-08-20T05:48:24.435631+00:00
[2025-08-20T05:48:28.613+0000] {python.py:177} INFO - Done. Returned value was: inaccurate
[2025-08-20T05:48:28.613+0000] {skipmixin.py:155} INFO - Following branch inaccurate
[2025-08-20T05:48:28.614+0000] {skipmixin.py:190} INFO - Skipping tasks ['accurate']
[2025-08-20T05:48:28.684+0000] {taskinstance.py:1406} INFO - Marking task as SUCCESS. dag_id=my_dag, task_id=choose_best_model, execution_date=20250820T054824, start_date=20250820T054828, end_date=20250820T054828
[2025-08-20T05:48:28.740+0000] {local_task_job.py:164} INFO - Task exited with return code 0
[2025-08-20T05:48:28.782+0000] {local_task_job.py:273} INFO - 1 downstream tasks scheduled from follow-on schedule check
