[2025-09-01T05:03:13.217+0000] {taskinstance.py:1165} INFO - Dependencies all met for <TaskInstance: latest_only.latest_only scheduled__2025-08-21T09:01:22.694663+00:00 [queued]>
[2025-09-01T05:03:13.252+0000] {taskinstance.py:1165} INFO - Dependencies all met for <TaskInstance: latest_only.latest_only scheduled__2025-08-21T09:01:22.694663+00:00 [queued]>
[2025-09-01T05:03:13.252+0000] {taskinstance.py:1362} INFO - 
--------------------------------------------------------------------------------
[2025-09-01T05:03:13.252+0000] {taskinstance.py:1363} INFO - Starting attempt 1 of 1
[2025-09-01T05:03:13.252+0000] {taskinstance.py:1364} INFO - 
--------------------------------------------------------------------------------
[2025-09-01T05:03:13.292+0000] {taskinstance.py:1383} INFO - Executing <Task(LatestOnlyOperator): latest_only> on 2025-08-21 09:01:22.694663+00:00
[2025-09-01T05:03:13.324+0000] {standard_task_runner.py:55} INFO - Started process 89 to run task
[2025-09-01T05:03:13.351+0000] {standard_task_runner.py:82} INFO - Running: ['***', 'tasks', 'run', 'latest_only', 'latest_only', 'scheduled__2025-08-21T09:01:22.694663+00:00', '--job-id', '171', '--raw', '--subdir', '/home/***/.local/lib/python3.7/site-packages/***/example_dags/example_latest_only.py', '--cfg-path', '/tmp/tmpitllcs34']
[2025-09-01T05:03:13.381+0000] {standard_task_runner.py:83} INFO - Job 171: Subtask latest_only
[2025-09-01T05:03:13.759+0000] {task_command.py:376} INFO - Running <TaskInstance: latest_only.latest_only scheduled__2025-08-21T09:01:22.694663+00:00 [running]> on host caf234be515d
[2025-09-01T05:03:13.935+0000] {taskinstance.py:1592} INFO - Exporting the following env vars:
AIRFLOW_CTX_DAG_OWNER=***
AIRFLOW_CTX_DAG_ID=latest_only
AIRFLOW_CTX_TASK_ID=latest_only
AIRFLOW_CTX_EXECUTION_DATE=2025-08-21T09:01:22.694663+00:00
AIRFLOW_CTX_TRY_NUMBER=1
AIRFLOW_CTX_DAG_RUN_ID=scheduled__2025-08-21T09:01:22.694663+00:00
[2025-09-01T05:03:13.936+0000] {latest_only.py:70} INFO - Checking latest only with left_window: 2025-08-21T13:01:22.694663+00:00 right_window: 2025-08-21T17:01:22.694663+00:00 now: 2025-09-01T05:03:13.935967+00:00
[2025-09-01T05:03:13.936+0000] {latest_only.py:74} INFO - Not latest execution, skipping downstream.
[2025-09-01T05:03:13.936+0000] {skipmixin.py:155} INFO - Following branch []
[2025-09-01T05:03:13.936+0000] {skipmixin.py:190} INFO - Skipping tasks ['task1']
[2025-09-01T05:03:14.038+0000] {taskinstance.py:1406} INFO - Marking task as SUCCESS. dag_id=latest_only, task_id=latest_only, execution_date=20250821T090122, start_date=20250901T050313, end_date=20250901T050314
[2025-09-01T05:03:14.169+0000] {local_task_job.py:164} INFO - Task exited with return code 0
[2025-09-01T05:03:14.244+0000] {local_task_job.py:273} INFO - 0 downstream tasks scheduled from follow-on schedule check
