[2025-09-04T05:30:45.579+0000] {taskinstance.py:1165} INFO - Dependencies all met for <TaskInstance: my_dag.training_model_A scheduled__2025-09-03T00:00:00+00:00 [queued]>
[2025-09-04T05:30:45.607+0000] {taskinstance.py:1165} INFO - Dependencies all met for <TaskInstance: my_dag.training_model_A scheduled__2025-09-03T00:00:00+00:00 [queued]>
[2025-09-04T05:30:45.607+0000] {taskinstance.py:1362} INFO - 
--------------------------------------------------------------------------------
[2025-09-04T05:30:45.608+0000] {taskinstance.py:1363} INFO - Starting attempt 1 of 1
[2025-09-04T05:30:45.608+0000] {taskinstance.py:1364} INFO - 
--------------------------------------------------------------------------------
[2025-09-04T05:30:45.666+0000] {taskinstance.py:1383} INFO - Executing <Task(PythonOperator): training_model_A> on 2025-09-03 00:00:00+00:00
[2025-09-04T05:30:45.687+0000] {standard_task_runner.py:55} INFO - Started process 90 to run task
[2025-09-04T05:30:45.725+0000] {standard_task_runner.py:82} INFO - Running: ['***', 'tasks', 'run', 'my_dag', 'training_model_A', 'scheduled__2025-09-03T00:00:00+00:00', '--job-id', '181', '--raw', '--subdir', 'DAGS_FOLDER/flow.py', '--cfg-path', '/tmp/tmpo0sms0ck']
[2025-09-04T05:30:45.735+0000] {standard_task_runner.py:83} INFO - Job 181: Subtask training_model_A
[2025-09-04T05:30:46.238+0000] {task_command.py:376} INFO - Running <TaskInstance: my_dag.training_model_A scheduled__2025-09-03T00:00:00+00:00 [running]> on host caf234be515d
[2025-09-04T05:30:46.762+0000] {taskinstance.py:1592} INFO - Exporting the following env vars:
AIRFLOW_CTX_DAG_OWNER=***
AIRFLOW_CTX_DAG_ID=my_dag
AIRFLOW_CTX_TASK_ID=training_model_A
AIRFLOW_CTX_EXECUTION_DATE=2025-09-03T00:00:00+00:00
AIRFLOW_CTX_TRY_NUMBER=1
AIRFLOW_CTX_DAG_RUN_ID=scheduled__2025-09-03T00:00:00+00:00
[2025-09-04T05:30:46.764+0000] {python.py:177} INFO - Done. Returned value was: 10
[2025-09-04T05:30:46.904+0000] {taskinstance.py:1406} INFO - Marking task as SUCCESS. dag_id=my_dag, task_id=training_model_A, execution_date=20250903T000000, start_date=20250904T053045, end_date=20250904T053046
[2025-09-04T05:30:47.011+0000] {local_task_job.py:164} INFO - Task exited with return code 0
[2025-09-04T05:30:47.145+0000] {local_task_job.py:273} INFO - 1 downstream tasks scheduled from follow-on schedule check
[2025-09-04T06:47:34.864+0000] {taskinstance.py:1165} INFO - Dependencies all met for <TaskInstance: my_dag.training_model_A scheduled__2025-09-03T00:00:00+00:00 [queued]>
[2025-09-04T06:47:34.904+0000] {taskinstance.py:1165} INFO - Dependencies all met for <TaskInstance: my_dag.training_model_A scheduled__2025-09-03T00:00:00+00:00 [queued]>
[2025-09-04T06:47:34.905+0000] {taskinstance.py:1362} INFO - 
--------------------------------------------------------------------------------
[2025-09-04T06:47:34.905+0000] {taskinstance.py:1363} INFO - Starting attempt 1 of 1
[2025-09-04T06:47:34.905+0000] {taskinstance.py:1364} INFO - 
--------------------------------------------------------------------------------
[2025-09-04T06:47:34.942+0000] {taskinstance.py:1383} INFO - Executing <Task(PythonOperator): training_model_A> on 2025-09-03 00:00:00+00:00
[2025-09-04T06:47:34.952+0000] {standard_task_runner.py:55} INFO - Started process 569 to run task
[2025-09-04T06:47:34.960+0000] {standard_task_runner.py:82} INFO - Running: ['***', 'tasks', 'run', 'my_dag', 'training_model_A', 'scheduled__2025-09-03T00:00:00+00:00', '--job-id', '8', '--raw', '--subdir', 'DAGS_FOLDER/flow.py', '--cfg-path', '/tmp/tmpactcm5ae']
[2025-09-04T06:47:34.961+0000] {standard_task_runner.py:83} INFO - Job 8: Subtask training_model_A
[2025-09-04T06:47:35.082+0000] {task_command.py:376} INFO - Running <TaskInstance: my_dag.training_model_A scheduled__2025-09-03T00:00:00+00:00 [running]> on host 6789badf8728
[2025-09-04T06:47:35.235+0000] {taskinstance.py:1592} INFO - Exporting the following env vars:
AIRFLOW_CTX_DAG_OWNER=***
AIRFLOW_CTX_DAG_ID=my_dag
AIRFLOW_CTX_TASK_ID=training_model_A
AIRFLOW_CTX_EXECUTION_DATE=2025-09-03T00:00:00+00:00
AIRFLOW_CTX_TRY_NUMBER=1
AIRFLOW_CTX_DAG_RUN_ID=scheduled__2025-09-03T00:00:00+00:00
[2025-09-04T06:47:35.238+0000] {python.py:177} INFO - Done. Returned value was: 3
[2025-09-04T06:47:35.282+0000] {taskinstance.py:1406} INFO - Marking task as SUCCESS. dag_id=my_dag, task_id=training_model_A, execution_date=20250903T000000, start_date=20250904T064734, end_date=20250904T064735
[2025-09-04T06:47:35.339+0000] {local_task_job.py:164} INFO - Task exited with return code 0
[2025-09-04T06:47:35.394+0000] {local_task_job.py:273} INFO - 1 downstream tasks scheduled from follow-on schedule check
