[2025-09-08T05:17:22.239+0000] {processor.py:154} INFO - Started process (PID=70) to work on /opt/airflow/dags/load_path.py
[2025-09-08T05:17:22.256+0000] {processor.py:756} INFO - Processing file /opt/airflow/dags/load_path.py for tasks to queue
[2025-09-08T05:17:22.257+0000] {logging_mixin.py:120} INFO - [2025-09-08T05:17:22.257+0000] {dagbag.py:537} INFO - Filling up the DagBag from /opt/airflow/dags/load_path.py
[2025-09-08T05:17:22.270+0000] {processor.py:768} WARNING - No viable dags retrieved from /opt/airflow/dags/load_path.py
[2025-09-08T05:17:22.329+0000] {processor.py:176} INFO - Processing /opt/airflow/dags/load_path.py took 0.114 seconds
[2025-09-08T05:17:52.608+0000] {processor.py:154} INFO - Started process (PID=137) to work on /opt/airflow/dags/load_path.py
[2025-09-08T05:17:52.612+0000] {processor.py:756} INFO - Processing file /opt/airflow/dags/load_path.py for tasks to queue
[2025-09-08T05:17:52.613+0000] {logging_mixin.py:120} INFO - [2025-09-08T05:17:52.613+0000] {dagbag.py:537} INFO - Filling up the DagBag from /opt/airflow/dags/load_path.py
[2025-09-08T05:17:52.616+0000] {processor.py:768} WARNING - No viable dags retrieved from /opt/airflow/dags/load_path.py
[2025-09-08T05:17:52.644+0000] {processor.py:176} INFO - Processing /opt/airflow/dags/load_path.py took 0.044 seconds
[2025-09-08T05:18:22.859+0000] {processor.py:154} INFO - Started process (PID=204) to work on /opt/airflow/dags/load_path.py
[2025-09-08T05:18:22.861+0000] {processor.py:756} INFO - Processing file /opt/airflow/dags/load_path.py for tasks to queue
[2025-09-08T05:18:22.862+0000] {logging_mixin.py:120} INFO - [2025-09-08T05:18:22.862+0000] {dagbag.py:537} INFO - Filling up the DagBag from /opt/airflow/dags/load_path.py
[2025-09-08T05:18:22.865+0000] {processor.py:768} WARNING - No viable dags retrieved from /opt/airflow/dags/load_path.py
[2025-09-08T05:18:22.892+0000] {processor.py:176} INFO - Processing /opt/airflow/dags/load_path.py took 0.038 seconds
[2025-09-08T05:18:53.335+0000] {processor.py:154} INFO - Started process (PID=261) to work on /opt/airflow/dags/load_path.py
[2025-09-08T05:18:53.344+0000] {processor.py:756} INFO - Processing file /opt/airflow/dags/load_path.py for tasks to queue
[2025-09-08T05:18:53.345+0000] {logging_mixin.py:120} INFO - [2025-09-08T05:18:53.344+0000] {dagbag.py:537} INFO - Filling up the DagBag from /opt/airflow/dags/load_path.py
[2025-09-08T05:18:53.346+0000] {processor.py:768} WARNING - No viable dags retrieved from /opt/airflow/dags/load_path.py
[2025-09-08T05:18:53.366+0000] {processor.py:176} INFO - Processing /opt/airflow/dags/load_path.py took 0.036 seconds
[2025-09-08T05:19:23.812+0000] {processor.py:154} INFO - Started process (PID=326) to work on /opt/airflow/dags/load_path.py
[2025-09-08T05:19:23.814+0000] {processor.py:756} INFO - Processing file /opt/airflow/dags/load_path.py for tasks to queue
[2025-09-08T05:19:23.815+0000] {logging_mixin.py:120} INFO - [2025-09-08T05:19:23.815+0000] {dagbag.py:537} INFO - Filling up the DagBag from /opt/airflow/dags/load_path.py
[2025-09-08T05:19:23.817+0000] {processor.py:768} WARNING - No viable dags retrieved from /opt/airflow/dags/load_path.py
[2025-09-08T05:19:23.840+0000] {processor.py:176} INFO - Processing /opt/airflow/dags/load_path.py took 0.034 seconds
[2025-09-08T05:19:54.058+0000] {processor.py:154} INFO - Started process (PID=393) to work on /opt/airflow/dags/load_path.py
[2025-09-08T05:19:54.066+0000] {processor.py:756} INFO - Processing file /opt/airflow/dags/load_path.py for tasks to queue
[2025-09-08T05:19:54.067+0000] {logging_mixin.py:120} INFO - [2025-09-08T05:19:54.067+0000] {dagbag.py:537} INFO - Filling up the DagBag from /opt/airflow/dags/load_path.py
[2025-09-08T05:19:54.069+0000] {processor.py:768} WARNING - No viable dags retrieved from /opt/airflow/dags/load_path.py
[2025-09-08T05:19:54.094+0000] {processor.py:176} INFO - Processing /opt/airflow/dags/load_path.py took 0.041 seconds
[2025-09-08T05:20:24.470+0000] {processor.py:154} INFO - Started process (PID=459) to work on /opt/airflow/dags/load_path.py
[2025-09-08T05:20:24.478+0000] {processor.py:756} INFO - Processing file /opt/airflow/dags/load_path.py for tasks to queue
[2025-09-08T05:20:24.480+0000] {logging_mixin.py:120} INFO - [2025-09-08T05:20:24.479+0000] {dagbag.py:537} INFO - Filling up the DagBag from /opt/airflow/dags/load_path.py
[2025-09-08T05:20:24.481+0000] {processor.py:768} WARNING - No viable dags retrieved from /opt/airflow/dags/load_path.py
[2025-09-08T05:20:24.503+0000] {processor.py:176} INFO - Processing /opt/airflow/dags/load_path.py took 0.038 seconds
[2025-09-08T05:20:55.776+0000] {processor.py:154} INFO - Started process (PID=525) to work on /opt/airflow/dags/load_path.py
[2025-09-08T05:20:55.778+0000] {processor.py:756} INFO - Processing file /opt/airflow/dags/load_path.py for tasks to queue
[2025-09-08T05:20:55.779+0000] {logging_mixin.py:120} INFO - [2025-09-08T05:20:55.779+0000] {dagbag.py:537} INFO - Filling up the DagBag from /opt/airflow/dags/load_path.py
[2025-09-08T05:20:55.782+0000] {processor.py:768} WARNING - No viable dags retrieved from /opt/airflow/dags/load_path.py
[2025-09-08T05:20:55.806+0000] {processor.py:176} INFO - Processing /opt/airflow/dags/load_path.py took 0.035 seconds
[2025-09-08T05:21:26.092+0000] {processor.py:154} INFO - Started process (PID=592) to work on /opt/airflow/dags/load_path.py
[2025-09-08T05:21:26.094+0000] {processor.py:756} INFO - Processing file /opt/airflow/dags/load_path.py for tasks to queue
[2025-09-08T05:21:26.095+0000] {logging_mixin.py:120} INFO - [2025-09-08T05:21:26.095+0000] {dagbag.py:537} INFO - Filling up the DagBag from /opt/airflow/dags/load_path.py
[2025-09-08T05:21:26.097+0000] {processor.py:768} WARNING - No viable dags retrieved from /opt/airflow/dags/load_path.py
[2025-09-08T05:21:26.125+0000] {processor.py:176} INFO - Processing /opt/airflow/dags/load_path.py took 0.038 seconds
[2025-09-08T05:21:56.899+0000] {processor.py:154} INFO - Started process (PID=656) to work on /opt/airflow/dags/load_path.py
[2025-09-08T05:21:56.901+0000] {processor.py:756} INFO - Processing file /opt/airflow/dags/load_path.py for tasks to queue
[2025-09-08T05:21:56.902+0000] {logging_mixin.py:120} INFO - [2025-09-08T05:21:56.902+0000] {dagbag.py:537} INFO - Filling up the DagBag from /opt/airflow/dags/load_path.py
[2025-09-08T05:21:56.904+0000] {processor.py:768} WARNING - No viable dags retrieved from /opt/airflow/dags/load_path.py
[2025-09-08T05:21:56.928+0000] {processor.py:176} INFO - Processing /opt/airflow/dags/load_path.py took 0.035 seconds
[2025-09-08T05:22:27.451+0000] {processor.py:154} INFO - Started process (PID=715) to work on /opt/airflow/dags/load_path.py
[2025-09-08T05:22:27.452+0000] {processor.py:756} INFO - Processing file /opt/airflow/dags/load_path.py for tasks to queue
[2025-09-08T05:22:27.454+0000] {logging_mixin.py:120} INFO - [2025-09-08T05:22:27.453+0000] {dagbag.py:537} INFO - Filling up the DagBag from /opt/airflow/dags/load_path.py
[2025-09-08T05:22:27.456+0000] {processor.py:768} WARNING - No viable dags retrieved from /opt/airflow/dags/load_path.py
[2025-09-08T05:22:27.480+0000] {processor.py:176} INFO - Processing /opt/airflow/dags/load_path.py took 0.034 seconds
[2025-09-08T05:22:57.651+0000] {processor.py:154} INFO - Started process (PID=781) to work on /opt/airflow/dags/load_path.py
[2025-09-08T05:22:57.660+0000] {processor.py:756} INFO - Processing file /opt/airflow/dags/load_path.py for tasks to queue
[2025-09-08T05:22:57.662+0000] {logging_mixin.py:120} INFO - [2025-09-08T05:22:57.661+0000] {dagbag.py:537} INFO - Filling up the DagBag from /opt/airflow/dags/load_path.py
[2025-09-08T05:22:57.664+0000] {processor.py:768} WARNING - No viable dags retrieved from /opt/airflow/dags/load_path.py
[2025-09-08T05:22:57.687+0000] {processor.py:176} INFO - Processing /opt/airflow/dags/load_path.py took 0.041 seconds
[2025-09-08T05:23:27.880+0000] {processor.py:154} INFO - Started process (PID=847) to work on /opt/airflow/dags/load_path.py
[2025-09-08T05:23:27.882+0000] {processor.py:756} INFO - Processing file /opt/airflow/dags/load_path.py for tasks to queue
[2025-09-08T05:23:27.884+0000] {logging_mixin.py:120} INFO - [2025-09-08T05:23:27.884+0000] {dagbag.py:537} INFO - Filling up the DagBag from /opt/airflow/dags/load_path.py
[2025-09-08T05:23:27.886+0000] {processor.py:768} WARNING - No viable dags retrieved from /opt/airflow/dags/load_path.py
[2025-09-08T05:23:27.916+0000] {processor.py:176} INFO - Processing /opt/airflow/dags/load_path.py took 0.044 seconds
[2025-09-08T05:23:58.620+0000] {processor.py:154} INFO - Started process (PID=913) to work on /opt/airflow/dags/load_path.py
[2025-09-08T05:23:58.629+0000] {processor.py:756} INFO - Processing file /opt/airflow/dags/load_path.py for tasks to queue
[2025-09-08T05:23:58.630+0000] {logging_mixin.py:120} INFO - [2025-09-08T05:23:58.630+0000] {dagbag.py:537} INFO - Filling up the DagBag from /opt/airflow/dags/load_path.py
[2025-09-08T05:23:58.633+0000] {processor.py:768} WARNING - No viable dags retrieved from /opt/airflow/dags/load_path.py
[2025-09-08T05:23:58.659+0000] {processor.py:176} INFO - Processing /opt/airflow/dags/load_path.py took 0.045 seconds
[2025-09-08T05:24:28.701+0000] {processor.py:154} INFO - Started process (PID=979) to work on /opt/airflow/dags/load_path.py
[2025-09-08T05:24:28.709+0000] {processor.py:756} INFO - Processing file /opt/airflow/dags/load_path.py for tasks to queue
[2025-09-08T05:24:28.710+0000] {logging_mixin.py:120} INFO - [2025-09-08T05:24:28.710+0000] {dagbag.py:537} INFO - Filling up the DagBag from /opt/airflow/dags/load_path.py
[2025-09-08T05:24:28.712+0000] {processor.py:768} WARNING - No viable dags retrieved from /opt/airflow/dags/load_path.py
[2025-09-08T05:24:28.734+0000] {processor.py:176} INFO - Processing /opt/airflow/dags/load_path.py took 0.037 seconds
[2025-09-08T05:34:16.519+0000] {processor.py:154} INFO - Started process (PID=71) to work on /opt/airflow/dags/load_path.py
[2025-09-08T05:34:16.523+0000] {processor.py:756} INFO - Processing file /opt/airflow/dags/load_path.py for tasks to queue
[2025-09-08T05:34:16.524+0000] {logging_mixin.py:120} INFO - [2025-09-08T05:34:16.524+0000] {dagbag.py:537} INFO - Filling up the DagBag from /opt/airflow/dags/load_path.py
[2025-09-08T05:34:16.526+0000] {processor.py:768} WARNING - No viable dags retrieved from /opt/airflow/dags/load_path.py
[2025-09-08T05:34:16.572+0000] {processor.py:176} INFO - Processing /opt/airflow/dags/load_path.py took 0.070 seconds
[2025-09-08T05:34:46.948+0000] {processor.py:154} INFO - Started process (PID=127) to work on /opt/airflow/dags/load_path.py
[2025-09-08T05:34:46.949+0000] {processor.py:756} INFO - Processing file /opt/airflow/dags/load_path.py for tasks to queue
[2025-09-08T05:34:46.949+0000] {logging_mixin.py:120} INFO - [2025-09-08T05:34:46.949+0000] {dagbag.py:537} INFO - Filling up the DagBag from /opt/airflow/dags/load_path.py
[2025-09-08T05:34:46.955+0000] {processor.py:768} WARNING - No viable dags retrieved from /opt/airflow/dags/load_path.py
[2025-09-08T05:34:46.969+0000] {processor.py:176} INFO - Processing /opt/airflow/dags/load_path.py took 0.024 seconds
[2025-09-08T05:35:17.951+0000] {processor.py:154} INFO - Started process (PID=194) to work on /opt/airflow/dags/load_path.py
[2025-09-08T05:35:17.953+0000] {processor.py:756} INFO - Processing file /opt/airflow/dags/load_path.py for tasks to queue
[2025-09-08T05:35:17.954+0000] {logging_mixin.py:120} INFO - [2025-09-08T05:35:17.954+0000] {dagbag.py:537} INFO - Filling up the DagBag from /opt/airflow/dags/load_path.py
[2025-09-08T05:35:17.955+0000] {processor.py:768} WARNING - No viable dags retrieved from /opt/airflow/dags/load_path.py
[2025-09-08T05:35:17.971+0000] {processor.py:176} INFO - Processing /opt/airflow/dags/load_path.py took 0.022 seconds
[2025-09-08T05:35:48.205+0000] {processor.py:154} INFO - Started process (PID=260) to work on /opt/airflow/dags/load_path.py
[2025-09-08T05:35:48.207+0000] {processor.py:756} INFO - Processing file /opt/airflow/dags/load_path.py for tasks to queue
[2025-09-08T05:35:48.207+0000] {logging_mixin.py:120} INFO - [2025-09-08T05:35:48.207+0000] {dagbag.py:537} INFO - Filling up the DagBag from /opt/airflow/dags/load_path.py
[2025-09-08T05:35:48.208+0000] {processor.py:768} WARNING - No viable dags retrieved from /opt/airflow/dags/load_path.py
[2025-09-08T05:35:48.223+0000] {processor.py:176} INFO - Processing /opt/airflow/dags/load_path.py took 0.021 seconds
[2025-09-08T05:36:18.581+0000] {processor.py:154} INFO - Started process (PID=326) to work on /opt/airflow/dags/load_path.py
[2025-09-08T05:36:18.582+0000] {processor.py:756} INFO - Processing file /opt/airflow/dags/load_path.py for tasks to queue
[2025-09-08T05:36:18.582+0000] {logging_mixin.py:120} INFO - [2025-09-08T05:36:18.582+0000] {dagbag.py:537} INFO - Filling up the DagBag from /opt/airflow/dags/load_path.py
[2025-09-08T05:36:18.584+0000] {processor.py:768} WARNING - No viable dags retrieved from /opt/airflow/dags/load_path.py
[2025-09-08T05:36:18.600+0000] {processor.py:176} INFO - Processing /opt/airflow/dags/load_path.py took 0.023 seconds
[2025-09-08T05:36:48.702+0000] {processor.py:154} INFO - Started process (PID=392) to work on /opt/airflow/dags/load_path.py
[2025-09-08T05:36:48.703+0000] {processor.py:756} INFO - Processing file /opt/airflow/dags/load_path.py for tasks to queue
[2025-09-08T05:36:48.705+0000] {logging_mixin.py:120} INFO - [2025-09-08T05:36:48.705+0000] {dagbag.py:537} INFO - Filling up the DagBag from /opt/airflow/dags/load_path.py
[2025-09-08T05:36:48.709+0000] {processor.py:768} WARNING - No viable dags retrieved from /opt/airflow/dags/load_path.py
[2025-09-08T05:36:48.749+0000] {processor.py:176} INFO - Processing /opt/airflow/dags/load_path.py took 0.054 seconds
[2025-09-08T05:37:18.799+0000] {processor.py:154} INFO - Started process (PID=458) to work on /opt/airflow/dags/load_path.py
[2025-09-08T05:37:18.801+0000] {processor.py:756} INFO - Processing file /opt/airflow/dags/load_path.py for tasks to queue
[2025-09-08T05:37:18.801+0000] {logging_mixin.py:120} INFO - [2025-09-08T05:37:18.801+0000] {dagbag.py:537} INFO - Filling up the DagBag from /opt/airflow/dags/load_path.py
[2025-09-08T05:37:18.802+0000] {processor.py:768} WARNING - No viable dags retrieved from /opt/airflow/dags/load_path.py
[2025-09-08T05:37:18.816+0000] {processor.py:176} INFO - Processing /opt/airflow/dags/load_path.py took 0.020 seconds
[2025-09-08T05:37:48.906+0000] {processor.py:154} INFO - Started process (PID=524) to work on /opt/airflow/dags/load_path.py
[2025-09-08T05:37:48.908+0000] {processor.py:756} INFO - Processing file /opt/airflow/dags/load_path.py for tasks to queue
[2025-09-08T05:37:48.909+0000] {logging_mixin.py:120} INFO - [2025-09-08T05:37:48.908+0000] {dagbag.py:537} INFO - Filling up the DagBag from /opt/airflow/dags/load_path.py
[2025-09-08T05:37:48.910+0000] {processor.py:768} WARNING - No viable dags retrieved from /opt/airflow/dags/load_path.py
[2025-09-08T05:37:48.926+0000] {processor.py:176} INFO - Processing /opt/airflow/dags/load_path.py took 0.024 seconds
[2025-09-08T05:38:19.414+0000] {processor.py:154} INFO - Started process (PID=588) to work on /opt/airflow/dags/load_path.py
[2025-09-08T05:38:19.416+0000] {processor.py:756} INFO - Processing file /opt/airflow/dags/load_path.py for tasks to queue
[2025-09-08T05:38:19.416+0000] {logging_mixin.py:120} INFO - [2025-09-08T05:38:19.416+0000] {dagbag.py:537} INFO - Filling up the DagBag from /opt/airflow/dags/load_path.py
[2025-09-08T05:38:19.418+0000] {processor.py:768} WARNING - No viable dags retrieved from /opt/airflow/dags/load_path.py
[2025-09-08T05:38:19.435+0000] {processor.py:176} INFO - Processing /opt/airflow/dags/load_path.py took 0.024 seconds
[2025-09-08T05:38:50.342+0000] {processor.py:154} INFO - Started process (PID=647) to work on /opt/airflow/dags/load_path.py
[2025-09-08T05:38:50.343+0000] {processor.py:756} INFO - Processing file /opt/airflow/dags/load_path.py for tasks to queue
[2025-09-08T05:38:50.344+0000] {logging_mixin.py:120} INFO - [2025-09-08T05:38:50.344+0000] {dagbag.py:537} INFO - Filling up the DagBag from /opt/airflow/dags/load_path.py
[2025-09-08T05:38:50.345+0000] {processor.py:768} WARNING - No viable dags retrieved from /opt/airflow/dags/load_path.py
[2025-09-08T05:38:50.360+0000] {processor.py:176} INFO - Processing /opt/airflow/dags/load_path.py took 0.021 seconds
[2025-09-08T05:39:20.981+0000] {processor.py:154} INFO - Started process (PID=713) to work on /opt/airflow/dags/load_path.py
[2025-09-08T05:39:20.982+0000] {processor.py:756} INFO - Processing file /opt/airflow/dags/load_path.py for tasks to queue
[2025-09-08T05:39:20.983+0000] {logging_mixin.py:120} INFO - [2025-09-08T05:39:20.983+0000] {dagbag.py:537} INFO - Filling up the DagBag from /opt/airflow/dags/load_path.py
[2025-09-08T05:39:20.984+0000] {processor.py:768} WARNING - No viable dags retrieved from /opt/airflow/dags/load_path.py
[2025-09-08T05:39:20.999+0000] {processor.py:176} INFO - Processing /opt/airflow/dags/load_path.py took 0.022 seconds
[2025-09-08T05:39:51.018+0000] {processor.py:154} INFO - Started process (PID=788) to work on /opt/airflow/dags/load_path.py
[2025-09-08T05:39:51.019+0000] {processor.py:756} INFO - Processing file /opt/airflow/dags/load_path.py for tasks to queue
[2025-09-08T05:39:51.020+0000] {logging_mixin.py:120} INFO - [2025-09-08T05:39:51.020+0000] {dagbag.py:537} INFO - Filling up the DagBag from /opt/airflow/dags/load_path.py
[2025-09-08T05:39:51.022+0000] {processor.py:768} WARNING - No viable dags retrieved from /opt/airflow/dags/load_path.py
[2025-09-08T05:39:51.039+0000] {processor.py:176} INFO - Processing /opt/airflow/dags/load_path.py took 0.024 seconds
