[2025-09-01T05:03:12.771+0000] {taskinstance.py:1165} INFO - Dependencies all met for <TaskInstance: my_dag.training_model_C scheduled__2025-08-31T00:00:00+00:00 [queued]>
[2025-09-01T05:03:12.827+0000] {taskinstance.py:1165} INFO - Dependencies all met for <TaskInstance: my_dag.training_model_C scheduled__2025-08-31T00:00:00+00:00 [queued]>
[2025-09-01T05:03:12.827+0000] {taskinstance.py:1362} INFO - 
--------------------------------------------------------------------------------
[2025-09-01T05:03:12.827+0000] {taskinstance.py:1363} INFO - Starting attempt 1 of 1
[2025-09-01T05:03:12.827+0000] {taskinstance.py:1364} INFO - 
--------------------------------------------------------------------------------
[2025-09-01T05:03:12.910+0000] {taskinstance.py:1383} INFO - Executing <Task(PythonOperator): training_model_C> on 2025-08-31 00:00:00+00:00
[2025-09-01T05:03:12.961+0000] {standard_task_runner.py:82} INFO - Running: ['***', 'tasks', 'run', 'my_dag', 'training_model_C', 'scheduled__2025-08-31T00:00:00+00:00', '--job-id', '166', '--raw', '--subdir', 'DAGS_FOLDER/flow.py', '--cfg-path', '/tmp/tmpf6_fks8v']
[2025-09-01T05:03:12.963+0000] {standard_task_runner.py:83} INFO - Job 166: Subtask training_model_C
[2025-09-01T05:03:12.974+0000] {standard_task_runner.py:55} INFO - Started process 87 to run task
[2025-09-01T05:03:13.134+0000] {task_command.py:376} INFO - Running <TaskInstance: my_dag.training_model_C scheduled__2025-08-31T00:00:00+00:00 [running]> on host caf234be515d
[2025-09-01T05:03:13.583+0000] {taskinstance.py:1592} INFO - Exporting the following env vars:
AIRFLOW_CTX_DAG_OWNER=***
AIRFLOW_CTX_DAG_ID=my_dag
AIRFLOW_CTX_TASK_ID=training_model_C
AIRFLOW_CTX_EXECUTION_DATE=2025-08-31T00:00:00+00:00
AIRFLOW_CTX_TRY_NUMBER=1
AIRFLOW_CTX_DAG_RUN_ID=scheduled__2025-08-31T00:00:00+00:00
[2025-09-01T05:03:13.586+0000] {python.py:177} INFO - Done. Returned value was: 5
[2025-09-01T05:03:13.663+0000] {taskinstance.py:1406} INFO - Marking task as SUCCESS. dag_id=my_dag, task_id=training_model_C, execution_date=20250831T000000, start_date=20250901T050312, end_date=20250901T050313
[2025-09-01T05:03:13.773+0000] {local_task_job.py:164} INFO - Task exited with return code 0
[2025-09-01T05:03:13.908+0000] {local_task_job.py:273} INFO - 0 downstream tasks scheduled from follow-on schedule check
