[2025-09-01T05:03:14.564+0000] {taskinstance.py:1165} INFO - Dependencies all met for <TaskInstance: my_dag.training_model_C scheduled__2025-08-21T00:00:00+00:00 [queued]>
[2025-09-01T05:03:14.595+0000] {taskinstance.py:1165} INFO - Dependencies all met for <TaskInstance: my_dag.training_model_C scheduled__2025-08-21T00:00:00+00:00 [queued]>
[2025-09-01T05:03:14.596+0000] {taskinstance.py:1362} INFO - 
--------------------------------------------------------------------------------
[2025-09-01T05:03:14.596+0000] {taskinstance.py:1363} INFO - Starting attempt 1 of 1
[2025-09-01T05:03:14.596+0000] {taskinstance.py:1364} INFO - 
--------------------------------------------------------------------------------
[2025-09-01T05:03:14.629+0000] {taskinstance.py:1383} INFO - Executing <Task(PythonOperator): training_model_C> on 2025-08-21 00:00:00+00:00
[2025-09-01T05:03:14.642+0000] {standard_task_runner.py:55} INFO - Started process 93 to run task
[2025-09-01T05:03:14.652+0000] {standard_task_runner.py:82} INFO - Running: ['***', 'tasks', 'run', 'my_dag', 'training_model_C', 'scheduled__2025-08-21T00:00:00+00:00', '--job-id', '172', '--raw', '--subdir', 'DAGS_FOLDER/flow.py', '--cfg-path', '/tmp/tmp32z68pcc']
[2025-09-01T05:03:14.653+0000] {standard_task_runner.py:83} INFO - Job 172: Subtask training_model_C
[2025-09-01T05:03:14.749+0000] {task_command.py:376} INFO - Running <TaskInstance: my_dag.training_model_C scheduled__2025-08-21T00:00:00+00:00 [running]> on host caf234be515d
[2025-09-01T05:03:14.873+0000] {taskinstance.py:1592} INFO - Exporting the following env vars:
AIRFLOW_CTX_DAG_OWNER=***
AIRFLOW_CTX_DAG_ID=my_dag
AIRFLOW_CTX_TASK_ID=training_model_C
AIRFLOW_CTX_EXECUTION_DATE=2025-08-21T00:00:00+00:00
AIRFLOW_CTX_TRY_NUMBER=1
AIRFLOW_CTX_DAG_RUN_ID=scheduled__2025-08-21T00:00:00+00:00
[2025-09-01T05:03:14.875+0000] {python.py:177} INFO - Done. Returned value was: 1
[2025-09-01T05:03:14.907+0000] {taskinstance.py:1406} INFO - Marking task as SUCCESS. dag_id=my_dag, task_id=training_model_C, execution_date=20250821T000000, start_date=20250901T050314, end_date=20250901T050314
[2025-09-01T05:03:14.948+0000] {local_task_job.py:164} INFO - Task exited with return code 0
[2025-09-01T05:03:14.999+0000] {local_task_job.py:273} INFO - 0 downstream tasks scheduled from follow-on schedule check
