[2025-08-20T06:49:14.935+0000] {taskinstance.py:1165} INFO - Dependencies all met for <TaskInstance: latest_only.latest_only manual__2025-08-20T06:49:14.154784+00:00 [queued]>
[2025-08-20T06:49:14.943+0000] {taskinstance.py:1165} INFO - Dependencies all met for <TaskInstance: latest_only.latest_only manual__2025-08-20T06:49:14.154784+00:00 [queued]>
[2025-08-20T06:49:14.943+0000] {taskinstance.py:1362} INFO - 
--------------------------------------------------------------------------------
[2025-08-20T06:49:14.943+0000] {taskinstance.py:1363} INFO - Starting attempt 1 of 1
[2025-08-20T06:49:14.943+0000] {taskinstance.py:1364} INFO - 
--------------------------------------------------------------------------------
[2025-08-20T06:49:14.959+0000] {taskinstance.py:1383} INFO - Executing <Task(LatestOnlyOperator): latest_only> on 2025-08-20 06:49:14.154784+00:00
[2025-08-20T06:49:14.965+0000] {standard_task_runner.py:55} INFO - Started process 117 to run task
[2025-08-20T06:49:14.970+0000] {standard_task_runner.py:82} INFO - Running: ['***', 'tasks', 'run', 'latest_only', 'latest_only', 'manual__2025-08-20T06:49:14.154784+00:00', '--job-id', '103', '--raw', '--subdir', '/home/***/.local/lib/python3.7/site-packages/***/example_dags/example_latest_only.py', '--cfg-path', '/tmp/tmphheyp5ao']
[2025-08-20T06:49:14.970+0000] {standard_task_runner.py:83} INFO - Job 103: Subtask latest_only
[2025-08-20T06:49:15.044+0000] {task_command.py:376} INFO - Running <TaskInstance: latest_only.latest_only manual__2025-08-20T06:49:14.154784+00:00 [running]> on host 331dbc58b40a
[2025-08-20T06:49:15.120+0000] {taskinstance.py:1592} INFO - Exporting the following env vars:
AIRFLOW_CTX_DAG_OWNER=***
AIRFLOW_CTX_DAG_ID=latest_only
AIRFLOW_CTX_TASK_ID=latest_only
AIRFLOW_CTX_EXECUTION_DATE=2025-08-20T06:49:14.154784+00:00
AIRFLOW_CTX_TRY_NUMBER=1
AIRFLOW_CTX_DAG_RUN_ID=manual__2025-08-20T06:49:14.154784+00:00
[2025-08-20T06:49:15.121+0000] {latest_only.py:54} INFO - Externally triggered DAG_Run: allowing execution to proceed.
[2025-08-20T06:49:15.121+0000] {skipmixin.py:155} INFO - Following branch ['task1']
[2025-08-20T06:49:15.121+0000] {skipmixin.py:190} INFO - Skipping tasks []
[2025-08-20T06:49:15.162+0000] {taskinstance.py:1406} INFO - Marking task as SUCCESS. dag_id=latest_only, task_id=latest_only, execution_date=20250820T064914, start_date=20250820T064914, end_date=20250820T064915
[2025-08-20T06:49:15.180+0000] {local_task_job.py:164} INFO - Task exited with return code 0
[2025-08-20T06:49:15.207+0000] {local_task_job.py:273} INFO - 1 downstream tasks scheduled from follow-on schedule check
