[2025-08-19T16:07:17.861+0000] {taskinstance.py:1165} INFO - Dependencies all met for <TaskInstance: my_dag.accurate scheduled__2025-08-18T00:00:00+00:00 [queued]>
[2025-08-19T16:07:17.882+0000] {taskinstance.py:1165} INFO - Dependencies all met for <TaskInstance: my_dag.accurate scheduled__2025-08-18T00:00:00+00:00 [queued]>
[2025-08-19T16:07:17.883+0000] {taskinstance.py:1362} INFO - 
--------------------------------------------------------------------------------
[2025-08-19T16:07:17.883+0000] {taskinstance.py:1363} INFO - Starting attempt 1 of 1
[2025-08-19T16:07:17.883+0000] {taskinstance.py:1364} INFO - 
--------------------------------------------------------------------------------
[2025-08-19T16:07:17.912+0000] {taskinstance.py:1383} INFO - Executing <Task(BashOperator): accurate> on 2025-08-18 00:00:00+00:00
[2025-08-19T16:07:17.922+0000] {standard_task_runner.py:55} INFO - Started process 296 to run task
[2025-08-19T16:07:17.928+0000] {standard_task_runner.py:82} INFO - Running: ['***', 'tasks', 'run', 'my_dag', 'accurate', 'scheduled__2025-08-18T00:00:00+00:00', '--job-id', '34', '--raw', '--subdir', 'DAGS_FOLDER/flow.py', '--cfg-path', '/tmp/tmpc721yyyo']
[2025-08-19T16:07:17.930+0000] {standard_task_runner.py:83} INFO - Job 34: Subtask accurate
[2025-08-19T16:07:18.061+0000] {task_command.py:376} INFO - Running <TaskInstance: my_dag.accurate scheduled__2025-08-18T00:00:00+00:00 [running]> on host d9bec5ca469d
[2025-08-19T16:07:18.172+0000] {taskinstance.py:1592} INFO - Exporting the following env vars:
AIRFLOW_CTX_DAG_OWNER=***
AIRFLOW_CTX_DAG_ID=my_dag
AIRFLOW_CTX_TASK_ID=accurate
AIRFLOW_CTX_EXECUTION_DATE=2025-08-18T00:00:00+00:00
AIRFLOW_CTX_TRY_NUMBER=1
AIRFLOW_CTX_DAG_RUN_ID=scheduled__2025-08-18T00:00:00+00:00
[2025-08-19T16:07:18.174+0000] {subprocess.py:63} INFO - Tmp dir root location: 
 /tmp
[2025-08-19T16:07:18.175+0000] {subprocess.py:75} INFO - Running command: ['/bin/bash', '-c', "echo 'accurate'"]
[2025-08-19T16:07:18.196+0000] {subprocess.py:86} INFO - Output:
[2025-08-19T16:07:18.200+0000] {subprocess.py:93} INFO - accurate
[2025-08-19T16:07:18.201+0000] {subprocess.py:97} INFO - Command exited with return code 0
[2025-08-19T16:07:18.245+0000] {taskinstance.py:1406} INFO - Marking task as SUCCESS. dag_id=my_dag, task_id=accurate, execution_date=20250818T000000, start_date=20250819T160717, end_date=20250819T160718
[2025-08-19T16:07:18.302+0000] {local_task_job.py:164} INFO - Task exited with return code 0
[2025-08-19T16:07:18.330+0000] {local_task_job.py:273} INFO - 0 downstream tasks scheduled from follow-on schedule check
