[2025-09-01T05:03:08.171+0000] {processor.py:154} INFO - Started process (PID=76) to work on /opt/airflow/dags/flow.py
[2025-09-01T05:03:08.172+0000] {processor.py:756} INFO - Processing file /opt/airflow/dags/flow.py for tasks to queue
[2025-09-01T05:03:08.173+0000] {logging_mixin.py:120} INFO - [2025-09-01T05:03:08.173+0000] {dagbag.py:537} INFO - Filling up the DagBag from /opt/airflow/dags/flow.py
[2025-09-01T05:03:08.211+0000] {processor.py:766} INFO - DAG(s) dict_keys(['my_dag']) retrieved from /opt/airflow/dags/flow.py
[2025-09-01T05:03:08.265+0000] {logging_mixin.py:120} INFO - [2025-09-01T05:03:08.265+0000] {dag.py:2585} INFO - Sync 1 DAGs
[2025-09-01T05:03:08.301+0000] {logging_mixin.py:120} INFO - [2025-09-01T05:03:08.301+0000] {dag.py:3340} INFO - Setting next_dagrun for my_dag to 2025-09-01T00:00:00+00:00, run_after=2025-09-02T00:00:00+00:00
[2025-09-01T05:03:08.327+0000] {processor.py:176} INFO - Processing /opt/airflow/dags/flow.py took 0.160 seconds
[2025-09-01T05:03:39.889+0000] {processor.py:154} INFO - Started process (PID=152) to work on /opt/airflow/dags/flow.py
[2025-09-01T05:03:39.890+0000] {processor.py:756} INFO - Processing file /opt/airflow/dags/flow.py for tasks to queue
[2025-09-01T05:03:39.891+0000] {logging_mixin.py:120} INFO - [2025-09-01T05:03:39.891+0000] {dagbag.py:537} INFO - Filling up the DagBag from /opt/airflow/dags/flow.py
[2025-09-01T05:03:39.924+0000] {processor.py:766} INFO - DAG(s) dict_keys(['my_dag']) retrieved from /opt/airflow/dags/flow.py
[2025-09-01T05:03:39.978+0000] {logging_mixin.py:120} INFO - [2025-09-01T05:03:39.978+0000] {dag.py:2585} INFO - Sync 1 DAGs
[2025-09-01T05:03:40.028+0000] {logging_mixin.py:120} INFO - [2025-09-01T05:03:40.027+0000] {dag.py:3340} INFO - Setting next_dagrun for my_dag to 2025-09-01T00:00:00+00:00, run_after=2025-09-02T00:00:00+00:00
[2025-09-01T05:03:40.058+0000] {processor.py:176} INFO - Processing /opt/airflow/dags/flow.py took 0.174 seconds
[2025-09-01T05:04:12.883+0000] {processor.py:154} INFO - Started process (PID=212) to work on /opt/airflow/dags/flow.py
[2025-09-01T05:04:12.884+0000] {processor.py:756} INFO - Processing file /opt/airflow/dags/flow.py for tasks to queue
[2025-09-01T05:04:12.885+0000] {logging_mixin.py:120} INFO - [2025-09-01T05:04:12.885+0000] {dagbag.py:537} INFO - Filling up the DagBag from /opt/airflow/dags/flow.py
[2025-09-01T05:04:12.926+0000] {processor.py:766} INFO - DAG(s) dict_keys(['my_dag']) retrieved from /opt/airflow/dags/flow.py
[2025-09-01T05:04:12.996+0000] {logging_mixin.py:120} INFO - [2025-09-01T05:04:12.996+0000] {dag.py:2585} INFO - Sync 1 DAGs
[2025-09-01T05:04:13.034+0000] {logging_mixin.py:120} INFO - [2025-09-01T05:04:13.033+0000] {dag.py:3340} INFO - Setting next_dagrun for my_dag to 2025-09-01T00:00:00+00:00, run_after=2025-09-02T00:00:00+00:00
[2025-09-01T05:04:13.060+0000] {processor.py:176} INFO - Processing /opt/airflow/dags/flow.py took 0.183 seconds
[2025-09-01T05:04:44.151+0000] {processor.py:154} INFO - Started process (PID=280) to work on /opt/airflow/dags/flow.py
[2025-09-01T05:04:44.152+0000] {processor.py:756} INFO - Processing file /opt/airflow/dags/flow.py for tasks to queue
[2025-09-01T05:04:44.154+0000] {logging_mixin.py:120} INFO - [2025-09-01T05:04:44.153+0000] {dagbag.py:537} INFO - Filling up the DagBag from /opt/airflow/dags/flow.py
[2025-09-01T05:04:44.196+0000] {processor.py:766} INFO - DAG(s) dict_keys(['my_dag']) retrieved from /opt/airflow/dags/flow.py
[2025-09-01T05:04:44.270+0000] {logging_mixin.py:120} INFO - [2025-09-01T05:04:44.270+0000] {dag.py:2585} INFO - Sync 1 DAGs
[2025-09-01T05:04:44.312+0000] {logging_mixin.py:120} INFO - [2025-09-01T05:04:44.312+0000] {dag.py:3340} INFO - Setting next_dagrun for my_dag to 2025-09-01T00:00:00+00:00, run_after=2025-09-02T00:00:00+00:00
[2025-09-01T05:04:44.341+0000] {processor.py:176} INFO - Processing /opt/airflow/dags/flow.py took 0.195 seconds
[2025-09-01T05:05:15.168+0000] {processor.py:154} INFO - Started process (PID=348) to work on /opt/airflow/dags/flow.py
[2025-09-01T05:05:15.169+0000] {processor.py:756} INFO - Processing file /opt/airflow/dags/flow.py for tasks to queue
[2025-09-01T05:05:15.170+0000] {logging_mixin.py:120} INFO - [2025-09-01T05:05:15.169+0000] {dagbag.py:537} INFO - Filling up the DagBag from /opt/airflow/dags/flow.py
[2025-09-01T05:05:15.188+0000] {processor.py:766} INFO - DAG(s) dict_keys(['my_dag']) retrieved from /opt/airflow/dags/flow.py
[2025-09-01T05:05:15.226+0000] {logging_mixin.py:120} INFO - [2025-09-01T05:05:15.226+0000] {dag.py:2585} INFO - Sync 1 DAGs
[2025-09-01T05:05:15.248+0000] {logging_mixin.py:120} INFO - [2025-09-01T05:05:15.248+0000] {dag.py:3340} INFO - Setting next_dagrun for my_dag to 2025-09-01T00:00:00+00:00, run_after=2025-09-02T00:00:00+00:00
[2025-09-01T05:05:15.265+0000] {processor.py:176} INFO - Processing /opt/airflow/dags/flow.py took 0.100 seconds
[2025-09-01T05:05:46.539+0000] {processor.py:154} INFO - Started process (PID=417) to work on /opt/airflow/dags/flow.py
[2025-09-01T05:05:46.540+0000] {processor.py:756} INFO - Processing file /opt/airflow/dags/flow.py for tasks to queue
[2025-09-01T05:05:46.541+0000] {logging_mixin.py:120} INFO - [2025-09-01T05:05:46.541+0000] {dagbag.py:537} INFO - Filling up the DagBag from /opt/airflow/dags/flow.py
[2025-09-01T05:05:46.568+0000] {processor.py:766} INFO - DAG(s) dict_keys(['my_dag']) retrieved from /opt/airflow/dags/flow.py
[2025-09-01T05:05:46.624+0000] {logging_mixin.py:120} INFO - [2025-09-01T05:05:46.623+0000] {dag.py:2585} INFO - Sync 1 DAGs
[2025-09-01T05:05:46.667+0000] {logging_mixin.py:120} INFO - [2025-09-01T05:05:46.667+0000] {dag.py:3340} INFO - Setting next_dagrun for my_dag to 2025-09-01T00:00:00+00:00, run_after=2025-09-02T00:00:00+00:00
[2025-09-01T05:05:46.719+0000] {processor.py:176} INFO - Processing /opt/airflow/dags/flow.py took 0.185 seconds
[2025-09-01T05:06:18.056+0000] {processor.py:154} INFO - Started process (PID=476) to work on /opt/airflow/dags/flow.py
[2025-09-01T05:06:18.057+0000] {processor.py:756} INFO - Processing file /opt/airflow/dags/flow.py for tasks to queue
[2025-09-01T05:06:18.058+0000] {logging_mixin.py:120} INFO - [2025-09-01T05:06:18.058+0000] {dagbag.py:537} INFO - Filling up the DagBag from /opt/airflow/dags/flow.py
[2025-09-01T05:06:18.075+0000] {processor.py:766} INFO - DAG(s) dict_keys(['my_dag']) retrieved from /opt/airflow/dags/flow.py
[2025-09-01T05:06:18.112+0000] {logging_mixin.py:120} INFO - [2025-09-01T05:06:18.112+0000] {dag.py:2585} INFO - Sync 1 DAGs
[2025-09-01T05:06:18.135+0000] {logging_mixin.py:120} INFO - [2025-09-01T05:06:18.135+0000] {dag.py:3340} INFO - Setting next_dagrun for my_dag to 2025-09-01T00:00:00+00:00, run_after=2025-09-02T00:00:00+00:00
[2025-09-01T05:06:18.154+0000] {processor.py:176} INFO - Processing /opt/airflow/dags/flow.py took 0.101 seconds
[2025-09-01T05:06:49.188+0000] {processor.py:154} INFO - Started process (PID=543) to work on /opt/airflow/dags/flow.py
[2025-09-01T05:06:49.190+0000] {processor.py:756} INFO - Processing file /opt/airflow/dags/flow.py for tasks to queue
[2025-09-01T05:06:49.191+0000] {logging_mixin.py:120} INFO - [2025-09-01T05:06:49.191+0000] {dagbag.py:537} INFO - Filling up the DagBag from /opt/airflow/dags/flow.py
[2025-09-01T05:06:49.228+0000] {processor.py:766} INFO - DAG(s) dict_keys(['my_dag']) retrieved from /opt/airflow/dags/flow.py
[2025-09-01T05:06:49.296+0000] {logging_mixin.py:120} INFO - [2025-09-01T05:06:49.296+0000] {dag.py:2585} INFO - Sync 1 DAGs
[2025-09-01T05:06:49.331+0000] {logging_mixin.py:120} INFO - [2025-09-01T05:06:49.331+0000] {dag.py:3340} INFO - Setting next_dagrun for my_dag to 2025-09-01T00:00:00+00:00, run_after=2025-09-02T00:00:00+00:00
[2025-09-01T05:06:49.357+0000] {processor.py:176} INFO - Processing /opt/airflow/dags/flow.py took 0.174 seconds
[2025-09-01T05:07:20.856+0000] {processor.py:154} INFO - Started process (PID=611) to work on /opt/airflow/dags/flow.py
[2025-09-01T05:07:20.857+0000] {processor.py:756} INFO - Processing file /opt/airflow/dags/flow.py for tasks to queue
[2025-09-01T05:07:20.858+0000] {logging_mixin.py:120} INFO - [2025-09-01T05:07:20.858+0000] {dagbag.py:537} INFO - Filling up the DagBag from /opt/airflow/dags/flow.py
[2025-09-01T05:07:20.888+0000] {processor.py:766} INFO - DAG(s) dict_keys(['my_dag']) retrieved from /opt/airflow/dags/flow.py
[2025-09-01T05:07:20.957+0000] {logging_mixin.py:120} INFO - [2025-09-01T05:07:20.957+0000] {dag.py:2585} INFO - Sync 1 DAGs
[2025-09-01T05:07:20.998+0000] {logging_mixin.py:120} INFO - [2025-09-01T05:07:20.997+0000] {dag.py:3340} INFO - Setting next_dagrun for my_dag to 2025-09-01T00:00:00+00:00, run_after=2025-09-02T00:00:00+00:00
[2025-09-01T05:07:21.025+0000] {processor.py:176} INFO - Processing /opt/airflow/dags/flow.py took 0.176 seconds
[2025-09-01T05:07:51.944+0000] {processor.py:154} INFO - Started process (PID=669) to work on /opt/airflow/dags/flow.py
[2025-09-01T05:07:51.945+0000] {processor.py:756} INFO - Processing file /opt/airflow/dags/flow.py for tasks to queue
[2025-09-01T05:07:51.946+0000] {logging_mixin.py:120} INFO - [2025-09-01T05:07:51.946+0000] {dagbag.py:537} INFO - Filling up the DagBag from /opt/airflow/dags/flow.py
[2025-09-01T05:07:51.969+0000] {processor.py:766} INFO - DAG(s) dict_keys(['my_dag']) retrieved from /opt/airflow/dags/flow.py
[2025-09-01T05:07:52.019+0000] {logging_mixin.py:120} INFO - [2025-09-01T05:07:52.019+0000] {dag.py:2585} INFO - Sync 1 DAGs
[2025-09-01T05:07:52.055+0000] {logging_mixin.py:120} INFO - [2025-09-01T05:07:52.055+0000] {dag.py:3340} INFO - Setting next_dagrun for my_dag to 2025-09-01T00:00:00+00:00, run_after=2025-09-02T00:00:00+00:00
[2025-09-01T05:07:52.084+0000] {processor.py:176} INFO - Processing /opt/airflow/dags/flow.py took 0.145 seconds
[2025-09-01T05:08:23.459+0000] {processor.py:154} INFO - Started process (PID=736) to work on /opt/airflow/dags/flow.py
[2025-09-01T05:08:23.461+0000] {processor.py:756} INFO - Processing file /opt/airflow/dags/flow.py for tasks to queue
[2025-09-01T05:08:23.462+0000] {logging_mixin.py:120} INFO - [2025-09-01T05:08:23.462+0000] {dagbag.py:537} INFO - Filling up the DagBag from /opt/airflow/dags/flow.py
[2025-09-01T05:08:23.491+0000] {processor.py:766} INFO - DAG(s) dict_keys(['my_dag']) retrieved from /opt/airflow/dags/flow.py
[2025-09-01T05:08:23.545+0000] {logging_mixin.py:120} INFO - [2025-09-01T05:08:23.545+0000] {dag.py:2585} INFO - Sync 1 DAGs
[2025-09-01T05:08:23.579+0000] {logging_mixin.py:120} INFO - [2025-09-01T05:08:23.578+0000] {dag.py:3340} INFO - Setting next_dagrun for my_dag to 2025-09-01T00:00:00+00:00, run_after=2025-09-02T00:00:00+00:00
[2025-09-01T05:08:23.604+0000] {processor.py:176} INFO - Processing /opt/airflow/dags/flow.py took 0.150 seconds
[2025-09-01T05:08:54.599+0000] {processor.py:154} INFO - Started process (PID=803) to work on /opt/airflow/dags/flow.py
[2025-09-01T05:08:54.600+0000] {processor.py:756} INFO - Processing file /opt/airflow/dags/flow.py for tasks to queue
[2025-09-01T05:08:54.601+0000] {logging_mixin.py:120} INFO - [2025-09-01T05:08:54.601+0000] {dagbag.py:537} INFO - Filling up the DagBag from /opt/airflow/dags/flow.py
[2025-09-01T05:08:54.628+0000] {processor.py:766} INFO - DAG(s) dict_keys(['my_dag']) retrieved from /opt/airflow/dags/flow.py
[2025-09-01T05:08:54.682+0000] {logging_mixin.py:120} INFO - [2025-09-01T05:08:54.682+0000] {dag.py:2585} INFO - Sync 1 DAGs
[2025-09-01T05:08:54.716+0000] {logging_mixin.py:120} INFO - [2025-09-01T05:08:54.715+0000] {dag.py:3340} INFO - Setting next_dagrun for my_dag to 2025-09-01T00:00:00+00:00, run_after=2025-09-02T00:00:00+00:00
[2025-09-01T05:08:54.741+0000] {processor.py:176} INFO - Processing /opt/airflow/dags/flow.py took 0.147 seconds
[2025-09-01T05:09:25.611+0000] {processor.py:154} INFO - Started process (PID=862) to work on /opt/airflow/dags/flow.py
[2025-09-01T05:09:25.613+0000] {processor.py:756} INFO - Processing file /opt/airflow/dags/flow.py for tasks to queue
[2025-09-01T05:09:25.614+0000] {logging_mixin.py:120} INFO - [2025-09-01T05:09:25.614+0000] {dagbag.py:537} INFO - Filling up the DagBag from /opt/airflow/dags/flow.py
[2025-09-01T05:09:25.643+0000] {processor.py:766} INFO - DAG(s) dict_keys(['my_dag']) retrieved from /opt/airflow/dags/flow.py
[2025-09-01T05:09:25.704+0000] {logging_mixin.py:120} INFO - [2025-09-01T05:09:25.704+0000] {dag.py:2585} INFO - Sync 1 DAGs
[2025-09-01T05:09:25.740+0000] {logging_mixin.py:120} INFO - [2025-09-01T05:09:25.740+0000] {dag.py:3340} INFO - Setting next_dagrun for my_dag to 2025-09-01T00:00:00+00:00, run_after=2025-09-02T00:00:00+00:00
[2025-09-01T05:09:25.765+0000] {processor.py:176} INFO - Processing /opt/airflow/dags/flow.py took 0.158 seconds
[2025-09-01T05:09:56.964+0000] {processor.py:154} INFO - Started process (PID=930) to work on /opt/airflow/dags/flow.py
[2025-09-01T05:09:56.966+0000] {processor.py:756} INFO - Processing file /opt/airflow/dags/flow.py for tasks to queue
[2025-09-01T05:09:56.967+0000] {logging_mixin.py:120} INFO - [2025-09-01T05:09:56.967+0000] {dagbag.py:537} INFO - Filling up the DagBag from /opt/airflow/dags/flow.py
[2025-09-01T05:09:56.995+0000] {processor.py:766} INFO - DAG(s) dict_keys(['my_dag']) retrieved from /opt/airflow/dags/flow.py
[2025-09-01T05:09:57.049+0000] {logging_mixin.py:120} INFO - [2025-09-01T05:09:57.049+0000] {dag.py:2585} INFO - Sync 1 DAGs
[2025-09-01T05:09:57.090+0000] {logging_mixin.py:120} INFO - [2025-09-01T05:09:57.090+0000] {dag.py:3340} INFO - Setting next_dagrun for my_dag to 2025-09-01T00:00:00+00:00, run_after=2025-09-02T00:00:00+00:00
[2025-09-01T05:09:57.119+0000] {processor.py:176} INFO - Processing /opt/airflow/dags/flow.py took 0.160 seconds
[2025-09-01T05:10:28.740+0000] {processor.py:154} INFO - Started process (PID=998) to work on /opt/airflow/dags/flow.py
[2025-09-01T05:10:28.743+0000] {processor.py:756} INFO - Processing file /opt/airflow/dags/flow.py for tasks to queue
[2025-09-01T05:10:28.744+0000] {logging_mixin.py:120} INFO - [2025-09-01T05:10:28.744+0000] {dagbag.py:537} INFO - Filling up the DagBag from /opt/airflow/dags/flow.py
[2025-09-01T05:10:28.777+0000] {processor.py:766} INFO - DAG(s) dict_keys(['my_dag']) retrieved from /opt/airflow/dags/flow.py
[2025-09-01T05:10:28.840+0000] {logging_mixin.py:120} INFO - [2025-09-01T05:10:28.840+0000] {dag.py:2585} INFO - Sync 1 DAGs
[2025-09-01T05:10:28.889+0000] {logging_mixin.py:120} INFO - [2025-09-01T05:10:28.888+0000] {dag.py:3340} INFO - Setting next_dagrun for my_dag to 2025-09-01T00:00:00+00:00, run_after=2025-09-02T00:00:00+00:00
[2025-09-01T05:10:28.919+0000] {processor.py:176} INFO - Processing /opt/airflow/dags/flow.py took 0.185 seconds
[2025-09-01T05:11:00.151+0000] {processor.py:154} INFO - Started process (PID=1066) to work on /opt/airflow/dags/flow.py
[2025-09-01T05:11:00.153+0000] {processor.py:756} INFO - Processing file /opt/airflow/dags/flow.py for tasks to queue
[2025-09-01T05:11:00.153+0000] {logging_mixin.py:120} INFO - [2025-09-01T05:11:00.153+0000] {dagbag.py:537} INFO - Filling up the DagBag from /opt/airflow/dags/flow.py
[2025-09-01T05:11:00.194+0000] {processor.py:766} INFO - DAG(s) dict_keys(['my_dag']) retrieved from /opt/airflow/dags/flow.py
[2025-09-01T05:11:00.281+0000] {logging_mixin.py:120} INFO - [2025-09-01T05:11:00.280+0000] {dag.py:2585} INFO - Sync 1 DAGs
[2025-09-01T05:11:00.351+0000] {logging_mixin.py:120} INFO - [2025-09-01T05:11:00.350+0000] {dag.py:3340} INFO - Setting next_dagrun for my_dag to 2025-09-01T00:00:00+00:00, run_after=2025-09-02T00:00:00+00:00
[2025-09-01T05:11:00.380+0000] {processor.py:176} INFO - Processing /opt/airflow/dags/flow.py took 0.235 seconds
[2025-09-01T05:11:31.606+0000] {processor.py:154} INFO - Started process (PID=1125) to work on /opt/airflow/dags/flow.py
[2025-09-01T05:11:31.607+0000] {processor.py:756} INFO - Processing file /opt/airflow/dags/flow.py for tasks to queue
[2025-09-01T05:11:31.608+0000] {logging_mixin.py:120} INFO - [2025-09-01T05:11:31.608+0000] {dagbag.py:537} INFO - Filling up the DagBag from /opt/airflow/dags/flow.py
[2025-09-01T05:11:31.625+0000] {processor.py:766} INFO - DAG(s) dict_keys(['my_dag']) retrieved from /opt/airflow/dags/flow.py
[2025-09-01T05:11:31.659+0000] {logging_mixin.py:120} INFO - [2025-09-01T05:11:31.659+0000] {dag.py:2585} INFO - Sync 1 DAGs
[2025-09-01T05:11:31.682+0000] {logging_mixin.py:120} INFO - [2025-09-01T05:11:31.681+0000] {dag.py:3340} INFO - Setting next_dagrun for my_dag to 2025-09-01T00:00:00+00:00, run_after=2025-09-02T00:00:00+00:00
[2025-09-01T05:11:31.698+0000] {processor.py:176} INFO - Processing /opt/airflow/dags/flow.py took 0.095 seconds
[2025-09-01T05:12:03.226+0000] {processor.py:154} INFO - Started process (PID=1193) to work on /opt/airflow/dags/flow.py
[2025-09-01T05:12:03.228+0000] {processor.py:756} INFO - Processing file /opt/airflow/dags/flow.py for tasks to queue
[2025-09-01T05:12:03.228+0000] {logging_mixin.py:120} INFO - [2025-09-01T05:12:03.228+0000] {dagbag.py:537} INFO - Filling up the DagBag from /opt/airflow/dags/flow.py
[2025-09-01T05:12:03.247+0000] {processor.py:766} INFO - DAG(s) dict_keys(['my_dag']) retrieved from /opt/airflow/dags/flow.py
[2025-09-01T05:12:03.290+0000] {logging_mixin.py:120} INFO - [2025-09-01T05:12:03.289+0000] {dag.py:2585} INFO - Sync 1 DAGs
[2025-09-01T05:12:03.318+0000] {logging_mixin.py:120} INFO - [2025-09-01T05:12:03.318+0000] {dag.py:3340} INFO - Setting next_dagrun for my_dag to 2025-09-01T00:00:00+00:00, run_after=2025-09-02T00:00:00+00:00
[2025-09-01T05:12:03.336+0000] {processor.py:176} INFO - Processing /opt/airflow/dags/flow.py took 0.114 seconds
[2025-09-01T05:12:35.104+0000] {processor.py:154} INFO - Started process (PID=1262) to work on /opt/airflow/dags/flow.py
[2025-09-01T05:12:35.105+0000] {processor.py:756} INFO - Processing file /opt/airflow/dags/flow.py for tasks to queue
[2025-09-01T05:12:35.106+0000] {logging_mixin.py:120} INFO - [2025-09-01T05:12:35.106+0000] {dagbag.py:537} INFO - Filling up the DagBag from /opt/airflow/dags/flow.py
[2025-09-01T05:12:35.132+0000] {processor.py:766} INFO - DAG(s) dict_keys(['my_dag']) retrieved from /opt/airflow/dags/flow.py
[2025-09-01T05:12:35.185+0000] {logging_mixin.py:120} INFO - [2025-09-01T05:12:35.185+0000] {dag.py:2585} INFO - Sync 1 DAGs
[2025-09-01T05:12:35.222+0000] {logging_mixin.py:120} INFO - [2025-09-01T05:12:35.221+0000] {dag.py:3340} INFO - Setting next_dagrun for my_dag to 2025-09-01T00:00:00+00:00, run_after=2025-09-02T00:00:00+00:00
[2025-09-01T05:12:35.247+0000] {processor.py:176} INFO - Processing /opt/airflow/dags/flow.py took 0.147 seconds
[2025-09-01T05:13:07.762+0000] {processor.py:154} INFO - Started process (PID=1330) to work on /opt/airflow/dags/flow.py
[2025-09-01T05:13:07.768+0000] {processor.py:756} INFO - Processing file /opt/airflow/dags/flow.py for tasks to queue
[2025-09-01T05:13:07.769+0000] {logging_mixin.py:120} INFO - [2025-09-01T05:13:07.769+0000] {dagbag.py:537} INFO - Filling up the DagBag from /opt/airflow/dags/flow.py
[2025-09-01T05:13:07.828+0000] {processor.py:766} INFO - DAG(s) dict_keys(['my_dag']) retrieved from /opt/airflow/dags/flow.py
[2025-09-01T05:13:07.928+0000] {logging_mixin.py:120} INFO - [2025-09-01T05:13:07.928+0000] {dag.py:2585} INFO - Sync 1 DAGs
[2025-09-01T05:13:08.012+0000] {logging_mixin.py:120} INFO - [2025-09-01T05:13:08.012+0000] {dag.py:3340} INFO - Setting next_dagrun for my_dag to 2025-09-01T00:00:00+00:00, run_after=2025-09-02T00:00:00+00:00
[2025-09-01T05:13:08.057+0000] {processor.py:176} INFO - Processing /opt/airflow/dags/flow.py took 0.306 seconds
[2025-09-01T05:13:39.450+0000] {processor.py:154} INFO - Started process (PID=1396) to work on /opt/airflow/dags/flow.py
[2025-09-01T05:13:39.453+0000] {processor.py:756} INFO - Processing file /opt/airflow/dags/flow.py for tasks to queue
[2025-09-01T05:13:39.454+0000] {logging_mixin.py:120} INFO - [2025-09-01T05:13:39.454+0000] {dagbag.py:537} INFO - Filling up the DagBag from /opt/airflow/dags/flow.py
[2025-09-01T05:13:39.492+0000] {processor.py:766} INFO - DAG(s) dict_keys(['my_dag']) retrieved from /opt/airflow/dags/flow.py
[2025-09-01T05:13:39.565+0000] {logging_mixin.py:120} INFO - [2025-09-01T05:13:39.565+0000] {dag.py:2585} INFO - Sync 1 DAGs
[2025-09-01T05:13:39.609+0000] {logging_mixin.py:120} INFO - [2025-09-01T05:13:39.609+0000] {dag.py:3340} INFO - Setting next_dagrun for my_dag to 2025-09-01T00:00:00+00:00, run_after=2025-09-02T00:00:00+00:00
[2025-09-01T05:13:39.642+0000] {processor.py:176} INFO - Processing /opt/airflow/dags/flow.py took 0.199 seconds
[2025-09-01T05:14:13.156+0000] {processor.py:154} INFO - Started process (PID=1457) to work on /opt/airflow/dags/flow.py
[2025-09-01T05:14:13.158+0000] {processor.py:756} INFO - Processing file /opt/airflow/dags/flow.py for tasks to queue
[2025-09-01T05:14:13.159+0000] {logging_mixin.py:120} INFO - [2025-09-01T05:14:13.159+0000] {dagbag.py:537} INFO - Filling up the DagBag from /opt/airflow/dags/flow.py
[2025-09-01T05:14:13.226+0000] {processor.py:766} INFO - DAG(s) dict_keys(['my_dag']) retrieved from /opt/airflow/dags/flow.py
[2025-09-01T05:14:13.333+0000] {logging_mixin.py:120} INFO - [2025-09-01T05:14:13.332+0000] {dag.py:2585} INFO - Sync 1 DAGs
[2025-09-01T05:14:13.403+0000] {logging_mixin.py:120} INFO - [2025-09-01T05:14:13.403+0000] {dag.py:3340} INFO - Setting next_dagrun for my_dag to 2025-09-01T00:00:00+00:00, run_after=2025-09-02T00:00:00+00:00
[2025-09-01T05:14:13.456+0000] {processor.py:176} INFO - Processing /opt/airflow/dags/flow.py took 0.312 seconds
[2025-09-01T05:14:48.081+0000] {processor.py:154} INFO - Started process (PID=1525) to work on /opt/airflow/dags/flow.py
[2025-09-01T05:14:48.083+0000] {processor.py:756} INFO - Processing file /opt/airflow/dags/flow.py for tasks to queue
[2025-09-01T05:14:48.085+0000] {logging_mixin.py:120} INFO - [2025-09-01T05:14:48.085+0000] {dagbag.py:537} INFO - Filling up the DagBag from /opt/airflow/dags/flow.py
[2025-09-01T05:14:48.138+0000] {processor.py:766} INFO - DAG(s) dict_keys(['my_dag']) retrieved from /opt/airflow/dags/flow.py
[2025-09-01T05:14:48.274+0000] {logging_mixin.py:120} INFO - [2025-09-01T05:14:48.274+0000] {dag.py:2585} INFO - Sync 1 DAGs
[2025-09-01T05:14:48.349+0000] {logging_mixin.py:120} INFO - [2025-09-01T05:14:48.349+0000] {dag.py:3340} INFO - Setting next_dagrun for my_dag to 2025-09-01T00:00:00+00:00, run_after=2025-09-02T00:00:00+00:00
[2025-09-01T05:14:48.384+0000] {processor.py:176} INFO - Processing /opt/airflow/dags/flow.py took 0.310 seconds
[2025-09-01T05:15:22.743+0000] {processor.py:154} INFO - Started process (PID=1584) to work on /opt/airflow/dags/flow.py
[2025-09-01T05:15:22.745+0000] {processor.py:756} INFO - Processing file /opt/airflow/dags/flow.py for tasks to queue
[2025-09-01T05:15:22.747+0000] {logging_mixin.py:120} INFO - [2025-09-01T05:15:22.747+0000] {dagbag.py:537} INFO - Filling up the DagBag from /opt/airflow/dags/flow.py
[2025-09-01T05:15:22.906+0000] {processor.py:766} INFO - DAG(s) dict_keys(['my_dag']) retrieved from /opt/airflow/dags/flow.py
[2025-09-01T05:15:23.143+0000] {logging_mixin.py:120} INFO - [2025-09-01T05:15:23.143+0000] {dag.py:2585} INFO - Sync 1 DAGs
[2025-09-01T05:15:23.318+0000] {logging_mixin.py:120} INFO - [2025-09-01T05:15:23.317+0000] {dag.py:3340} INFO - Setting next_dagrun for my_dag to 2025-09-01T00:00:00+00:00, run_after=2025-09-02T00:00:00+00:00
[2025-09-01T05:15:23.394+0000] {processor.py:176} INFO - Processing /opt/airflow/dags/flow.py took 0.681 seconds
[2025-09-01T05:15:56.600+0000] {processor.py:154} INFO - Started process (PID=1643) to work on /opt/airflow/dags/flow.py
[2025-09-01T05:15:56.606+0000] {processor.py:756} INFO - Processing file /opt/airflow/dags/flow.py for tasks to queue
[2025-09-01T05:15:56.609+0000] {logging_mixin.py:120} INFO - [2025-09-01T05:15:56.608+0000] {dagbag.py:537} INFO - Filling up the DagBag from /opt/airflow/dags/flow.py
[2025-09-01T05:15:56.717+0000] {processor.py:766} INFO - DAG(s) dict_keys(['my_dag']) retrieved from /opt/airflow/dags/flow.py
[2025-09-01T05:15:56.877+0000] {logging_mixin.py:120} INFO - [2025-09-01T05:15:56.876+0000] {dag.py:2585} INFO - Sync 1 DAGs
[2025-09-01T05:15:57.134+0000] {logging_mixin.py:120} INFO - [2025-09-01T05:15:57.134+0000] {dag.py:3340} INFO - Setting next_dagrun for my_dag to 2025-09-01T00:00:00+00:00, run_after=2025-09-02T00:00:00+00:00
[2025-09-01T05:15:57.398+0000] {processor.py:176} INFO - Processing /opt/airflow/dags/flow.py took 0.809 seconds
[2025-09-01T05:23:14.286+0000] {processor.py:154} INFO - Started process (PID=1693) to work on /opt/airflow/dags/flow.py
[2025-09-01T05:23:14.294+0000] {processor.py:756} INFO - Processing file /opt/airflow/dags/flow.py for tasks to queue
[2025-09-01T05:23:14.295+0000] {logging_mixin.py:120} INFO - [2025-09-01T05:23:14.295+0000] {dagbag.py:537} INFO - Filling up the DagBag from /opt/airflow/dags/flow.py
[2025-09-01T05:23:14.332+0000] {processor.py:766} INFO - DAG(s) dict_keys(['my_dag']) retrieved from /opt/airflow/dags/flow.py
[2025-09-01T05:23:15.276+0000] {processor.py:179} ERROR - Got an exception! Propagating...
Traceback (most recent call last):
  File "/home/airflow/.local/lib/python3.7/site-packages/sqlalchemy/engine/base.py", line 3243, in _wrap_pool_connect
    return fn()
  File "/home/airflow/.local/lib/python3.7/site-packages/sqlalchemy/pool/base.py", line 310, in connect
    return _ConnectionFairy._checkout(self)
  File "/home/airflow/.local/lib/python3.7/site-packages/sqlalchemy/pool/base.py", line 868, in _checkout
    fairy = _ConnectionRecord.checkout(pool)
  File "/home/airflow/.local/lib/python3.7/site-packages/sqlalchemy/pool/base.py", line 476, in checkout
    rec = pool._do_get()
  File "/home/airflow/.local/lib/python3.7/site-packages/sqlalchemy/pool/impl.py", line 146, in _do_get
    self._dec_overflow()
  File "/home/airflow/.local/lib/python3.7/site-packages/sqlalchemy/util/langhelpers.py", line 72, in __exit__
    with_traceback=exc_tb,
  File "/home/airflow/.local/lib/python3.7/site-packages/sqlalchemy/util/compat.py", line 207, in raise_
    raise exception
  File "/home/airflow/.local/lib/python3.7/site-packages/sqlalchemy/pool/impl.py", line 143, in _do_get
    return self._create_connection()
  File "/home/airflow/.local/lib/python3.7/site-packages/sqlalchemy/pool/base.py", line 256, in _create_connection
    return _ConnectionRecord(self)
  File "/home/airflow/.local/lib/python3.7/site-packages/sqlalchemy/pool/base.py", line 371, in __init__
    self.__connect()
  File "/home/airflow/.local/lib/python3.7/site-packages/sqlalchemy/pool/base.py", line 666, in __connect
    pool.logger.debug("Error on connect(): %s", e)
  File "/home/airflow/.local/lib/python3.7/site-packages/sqlalchemy/util/langhelpers.py", line 72, in __exit__
    with_traceback=exc_tb,
  File "/home/airflow/.local/lib/python3.7/site-packages/sqlalchemy/util/compat.py", line 207, in raise_
    raise exception
  File "/home/airflow/.local/lib/python3.7/site-packages/sqlalchemy/pool/base.py", line 661, in __connect
    self.dbapi_connection = connection = pool._invoke_creator(self)
  File "/home/airflow/.local/lib/python3.7/site-packages/sqlalchemy/engine/create.py", line 590, in connect
    return dialect.connect(*cargs, **cparams)
  File "/home/airflow/.local/lib/python3.7/site-packages/sqlalchemy/engine/default.py", line 584, in connect
    return self.dbapi.connect(*cargs, **cparams)
  File "/home/airflow/.local/lib/python3.7/site-packages/psycopg2/__init__.py", line 122, in connect
    conn = _connect(dsn, connection_factory=connection_factory, **kwasync)
psycopg2.OperationalError: could not translate host name "postgres" to address: Temporary failure in name resolution


The above exception was the direct cause of the following exception:

Traceback (most recent call last):
  File "/home/airflow/.local/lib/python3.7/site-packages/airflow/dag_processing/processor.py", line 175, in _run_file_processor
    _handle_dag_file_processing()
  File "/home/airflow/.local/lib/python3.7/site-packages/airflow/dag_processing/processor.py", line 159, in _handle_dag_file_processing
    callback_requests=callback_requests,
  File "/home/airflow/.local/lib/python3.7/site-packages/airflow/utils/session.py", line 75, in wrapper
    return func(*args, session=session, **kwargs)
  File "/home/airflow/.local/lib/python3.7/site-packages/airflow/dag_processing/processor.py", line 781, in process_file
    dagbag.sync_to_db(processor_subdir=self._dag_directory, session=session)
  File "/home/airflow/.local/lib/python3.7/site-packages/airflow/utils/session.py", line 72, in wrapper
    return func(*args, **kwargs)
  File "/home/airflow/.local/lib/python3.7/site-packages/airflow/models/dagbag.py", line 644, in sync_to_db
    for attempt in run_with_db_retries(logger=self.log):
  File "/home/airflow/.local/lib/python3.7/site-packages/tenacity/__init__.py", line 384, in __iter__
    do = self.iter(retry_state=retry_state)
  File "/home/airflow/.local/lib/python3.7/site-packages/tenacity/__init__.py", line 362, in iter
    raise retry_exc.reraise()
  File "/home/airflow/.local/lib/python3.7/site-packages/tenacity/__init__.py", line 195, in reraise
    raise self.last_attempt.result()
  File "/usr/local/lib/python3.7/concurrent/futures/_base.py", line 428, in result
    return self.__get_result()
  File "/usr/local/lib/python3.7/concurrent/futures/_base.py", line 384, in __get_result
    raise self._exception
  File "/home/airflow/.local/lib/python3.7/site-packages/airflow/models/dagbag.py", line 656, in sync_to_db
    serialize_errors.extend(_serialize_dag_capturing_errors(dag, session))
  File "/home/airflow/.local/lib/python3.7/site-packages/airflow/models/dagbag.py", line 630, in _serialize_dag_capturing_errors
    session=session,
  File "/home/airflow/.local/lib/python3.7/site-packages/airflow/utils/session.py", line 72, in wrapper
    return func(*args, **kwargs)
  File "/home/airflow/.local/lib/python3.7/site-packages/airflow/models/serialized_dag.py", line 150, in write_dag
    (timezone.utcnow() - timedelta(seconds=min_update_interval)) < cls.last_updated,
  File "/home/airflow/.local/lib/python3.7/site-packages/sqlalchemy/orm/query.py", line 2810, in first
    return self.limit(1)._iter().first()
  File "/home/airflow/.local/lib/python3.7/site-packages/sqlalchemy/orm/query.py", line 2897, in _iter
    execution_options={"_sa_orm_load_options": self.load_options},
  File "/home/airflow/.local/lib/python3.7/site-packages/sqlalchemy/orm/session.py", line 1688, in execute
    conn = self._connection_for_bind(bind)
  File "/home/airflow/.local/lib/python3.7/site-packages/sqlalchemy/orm/session.py", line 1530, in _connection_for_bind
    engine, execution_options
  File "/home/airflow/.local/lib/python3.7/site-packages/sqlalchemy/orm/session.py", line 747, in _connection_for_bind
    conn = bind.connect()
  File "/home/airflow/.local/lib/python3.7/site-packages/sqlalchemy/engine/base.py", line 3197, in connect
    return self._connection_cls(self, close_with_result=close_with_result)
  File "/home/airflow/.local/lib/python3.7/site-packages/sqlalchemy/engine/base.py", line 96, in __init__
    else engine.raw_connection()
  File "/home/airflow/.local/lib/python3.7/site-packages/sqlalchemy/engine/base.py", line 3276, in raw_connection
    return self._wrap_pool_connect(self.pool.connect, _connection)
  File "/home/airflow/.local/lib/python3.7/site-packages/sqlalchemy/engine/base.py", line 3247, in _wrap_pool_connect
    e, dialect, self
  File "/home/airflow/.local/lib/python3.7/site-packages/sqlalchemy/engine/base.py", line 2101, in _handle_dbapi_exception_noconnection
    sqlalchemy_exception, with_traceback=exc_info[2], from_=e
  File "/home/airflow/.local/lib/python3.7/site-packages/sqlalchemy/util/compat.py", line 207, in raise_
    raise exception
  File "/home/airflow/.local/lib/python3.7/site-packages/sqlalchemy/engine/base.py", line 3243, in _wrap_pool_connect
    return fn()
  File "/home/airflow/.local/lib/python3.7/site-packages/sqlalchemy/pool/base.py", line 310, in connect
    return _ConnectionFairy._checkout(self)
  File "/home/airflow/.local/lib/python3.7/site-packages/sqlalchemy/pool/base.py", line 868, in _checkout
    fairy = _ConnectionRecord.checkout(pool)
  File "/home/airflow/.local/lib/python3.7/site-packages/sqlalchemy/pool/base.py", line 476, in checkout
    rec = pool._do_get()
  File "/home/airflow/.local/lib/python3.7/site-packages/sqlalchemy/pool/impl.py", line 146, in _do_get
    self._dec_overflow()
  File "/home/airflow/.local/lib/python3.7/site-packages/sqlalchemy/util/langhelpers.py", line 72, in __exit__
    with_traceback=exc_tb,
  File "/home/airflow/.local/lib/python3.7/site-packages/sqlalchemy/util/compat.py", line 207, in raise_
    raise exception
  File "/home/airflow/.local/lib/python3.7/site-packages/sqlalchemy/pool/impl.py", line 143, in _do_get
    return self._create_connection()
  File "/home/airflow/.local/lib/python3.7/site-packages/sqlalchemy/pool/base.py", line 256, in _create_connection
    return _ConnectionRecord(self)
  File "/home/airflow/.local/lib/python3.7/site-packages/sqlalchemy/pool/base.py", line 371, in __init__
    self.__connect()
  File "/home/airflow/.local/lib/python3.7/site-packages/sqlalchemy/pool/base.py", line 666, in __connect
    pool.logger.debug("Error on connect(): %s", e)
  File "/home/airflow/.local/lib/python3.7/site-packages/sqlalchemy/util/langhelpers.py", line 72, in __exit__
    with_traceback=exc_tb,
  File "/home/airflow/.local/lib/python3.7/site-packages/sqlalchemy/util/compat.py", line 207, in raise_
    raise exception
  File "/home/airflow/.local/lib/python3.7/site-packages/sqlalchemy/pool/base.py", line 661, in __connect
    self.dbapi_connection = connection = pool._invoke_creator(self)
  File "/home/airflow/.local/lib/python3.7/site-packages/sqlalchemy/engine/create.py", line 590, in connect
    return dialect.connect(*cargs, **cparams)
  File "/home/airflow/.local/lib/python3.7/site-packages/sqlalchemy/engine/default.py", line 584, in connect
    return self.dbapi.connect(*cargs, **cparams)
  File "/home/airflow/.local/lib/python3.7/site-packages/psycopg2/__init__.py", line 122, in connect
    conn = _connect(dsn, connection_factory=connection_factory, **kwasync)
sqlalchemy.exc.OperationalError: (psycopg2.OperationalError) could not translate host name "postgres" to address: Temporary failure in name resolution

(Background on this error at: https://sqlalche.me/e/14/e3q8)
[2025-09-01T05:32:27.610+0000] {processor.py:154} INFO - Started process (PID=1717) to work on /opt/airflow/dags/flow.py
[2025-09-01T05:32:27.612+0000] {processor.py:756} INFO - Processing file /opt/airflow/dags/flow.py for tasks to queue
[2025-09-01T05:32:27.612+0000] {logging_mixin.py:120} INFO - [2025-09-01T05:32:27.612+0000] {dagbag.py:537} INFO - Filling up the DagBag from /opt/airflow/dags/flow.py
[2025-09-01T05:32:27.632+0000] {processor.py:766} INFO - DAG(s) dict_keys(['my_dag']) retrieved from /opt/airflow/dags/flow.py
[2025-09-01T05:32:28.046+0000] {processor.py:179} ERROR - Got an exception! Propagating...
Traceback (most recent call last):
  File "/home/airflow/.local/lib/python3.7/site-packages/sqlalchemy/engine/base.py", line 3243, in _wrap_pool_connect
    return fn()
  File "/home/airflow/.local/lib/python3.7/site-packages/sqlalchemy/pool/base.py", line 310, in connect
    return _ConnectionFairy._checkout(self)
  File "/home/airflow/.local/lib/python3.7/site-packages/sqlalchemy/pool/base.py", line 868, in _checkout
    fairy = _ConnectionRecord.checkout(pool)
  File "/home/airflow/.local/lib/python3.7/site-packages/sqlalchemy/pool/base.py", line 476, in checkout
    rec = pool._do_get()
  File "/home/airflow/.local/lib/python3.7/site-packages/sqlalchemy/pool/impl.py", line 146, in _do_get
    self._dec_overflow()
  File "/home/airflow/.local/lib/python3.7/site-packages/sqlalchemy/util/langhelpers.py", line 72, in __exit__
    with_traceback=exc_tb,
  File "/home/airflow/.local/lib/python3.7/site-packages/sqlalchemy/util/compat.py", line 207, in raise_
    raise exception
  File "/home/airflow/.local/lib/python3.7/site-packages/sqlalchemy/pool/impl.py", line 143, in _do_get
    return self._create_connection()
  File "/home/airflow/.local/lib/python3.7/site-packages/sqlalchemy/pool/base.py", line 256, in _create_connection
    return _ConnectionRecord(self)
  File "/home/airflow/.local/lib/python3.7/site-packages/sqlalchemy/pool/base.py", line 371, in __init__
    self.__connect()
  File "/home/airflow/.local/lib/python3.7/site-packages/sqlalchemy/pool/base.py", line 666, in __connect
    pool.logger.debug("Error on connect(): %s", e)
  File "/home/airflow/.local/lib/python3.7/site-packages/sqlalchemy/util/langhelpers.py", line 72, in __exit__
    with_traceback=exc_tb,
  File "/home/airflow/.local/lib/python3.7/site-packages/sqlalchemy/util/compat.py", line 207, in raise_
    raise exception
  File "/home/airflow/.local/lib/python3.7/site-packages/sqlalchemy/pool/base.py", line 661, in __connect
    self.dbapi_connection = connection = pool._invoke_creator(self)
  File "/home/airflow/.local/lib/python3.7/site-packages/sqlalchemy/engine/create.py", line 590, in connect
    return dialect.connect(*cargs, **cparams)
  File "/home/airflow/.local/lib/python3.7/site-packages/sqlalchemy/engine/default.py", line 584, in connect
    return self.dbapi.connect(*cargs, **cparams)
  File "/home/airflow/.local/lib/python3.7/site-packages/psycopg2/__init__.py", line 122, in connect
    conn = _connect(dsn, connection_factory=connection_factory, **kwasync)
psycopg2.OperationalError: could not translate host name "postgres" to address: Temporary failure in name resolution


The above exception was the direct cause of the following exception:

Traceback (most recent call last):
  File "/home/airflow/.local/lib/python3.7/site-packages/airflow/dag_processing/processor.py", line 175, in _run_file_processor
    _handle_dag_file_processing()
  File "/home/airflow/.local/lib/python3.7/site-packages/airflow/dag_processing/processor.py", line 159, in _handle_dag_file_processing
    callback_requests=callback_requests,
  File "/home/airflow/.local/lib/python3.7/site-packages/airflow/utils/session.py", line 75, in wrapper
    return func(*args, session=session, **kwargs)
  File "/home/airflow/.local/lib/python3.7/site-packages/airflow/dag_processing/processor.py", line 781, in process_file
    dagbag.sync_to_db(processor_subdir=self._dag_directory, session=session)
  File "/home/airflow/.local/lib/python3.7/site-packages/airflow/utils/session.py", line 72, in wrapper
    return func(*args, **kwargs)
  File "/home/airflow/.local/lib/python3.7/site-packages/airflow/models/dagbag.py", line 644, in sync_to_db
    for attempt in run_with_db_retries(logger=self.log):
  File "/home/airflow/.local/lib/python3.7/site-packages/tenacity/__init__.py", line 384, in __iter__
    do = self.iter(retry_state=retry_state)
  File "/home/airflow/.local/lib/python3.7/site-packages/tenacity/__init__.py", line 362, in iter
    raise retry_exc.reraise()
  File "/home/airflow/.local/lib/python3.7/site-packages/tenacity/__init__.py", line 195, in reraise
    raise self.last_attempt.result()
  File "/usr/local/lib/python3.7/concurrent/futures/_base.py", line 428, in result
    return self.__get_result()
  File "/usr/local/lib/python3.7/concurrent/futures/_base.py", line 384, in __get_result
    raise self._exception
  File "/home/airflow/.local/lib/python3.7/site-packages/airflow/models/dagbag.py", line 656, in sync_to_db
    serialize_errors.extend(_serialize_dag_capturing_errors(dag, session))
  File "/home/airflow/.local/lib/python3.7/site-packages/airflow/models/dagbag.py", line 630, in _serialize_dag_capturing_errors
    session=session,
  File "/home/airflow/.local/lib/python3.7/site-packages/airflow/utils/session.py", line 72, in wrapper
    return func(*args, **kwargs)
  File "/home/airflow/.local/lib/python3.7/site-packages/airflow/models/serialized_dag.py", line 150, in write_dag
    (timezone.utcnow() - timedelta(seconds=min_update_interval)) < cls.last_updated,
  File "/home/airflow/.local/lib/python3.7/site-packages/sqlalchemy/orm/query.py", line 2810, in first
    return self.limit(1)._iter().first()
  File "/home/airflow/.local/lib/python3.7/site-packages/sqlalchemy/orm/query.py", line 2897, in _iter
    execution_options={"_sa_orm_load_options": self.load_options},
  File "/home/airflow/.local/lib/python3.7/site-packages/sqlalchemy/orm/session.py", line 1688, in execute
    conn = self._connection_for_bind(bind)
  File "/home/airflow/.local/lib/python3.7/site-packages/sqlalchemy/orm/session.py", line 1530, in _connection_for_bind
    engine, execution_options
  File "/home/airflow/.local/lib/python3.7/site-packages/sqlalchemy/orm/session.py", line 747, in _connection_for_bind
    conn = bind.connect()
  File "/home/airflow/.local/lib/python3.7/site-packages/sqlalchemy/engine/base.py", line 3197, in connect
    return self._connection_cls(self, close_with_result=close_with_result)
  File "/home/airflow/.local/lib/python3.7/site-packages/sqlalchemy/engine/base.py", line 96, in __init__
    else engine.raw_connection()
  File "/home/airflow/.local/lib/python3.7/site-packages/sqlalchemy/engine/base.py", line 3276, in raw_connection
    return self._wrap_pool_connect(self.pool.connect, _connection)
  File "/home/airflow/.local/lib/python3.7/site-packages/sqlalchemy/engine/base.py", line 3247, in _wrap_pool_connect
    e, dialect, self
  File "/home/airflow/.local/lib/python3.7/site-packages/sqlalchemy/engine/base.py", line 2101, in _handle_dbapi_exception_noconnection
    sqlalchemy_exception, with_traceback=exc_info[2], from_=e
  File "/home/airflow/.local/lib/python3.7/site-packages/sqlalchemy/util/compat.py", line 207, in raise_
    raise exception
  File "/home/airflow/.local/lib/python3.7/site-packages/sqlalchemy/engine/base.py", line 3243, in _wrap_pool_connect
    return fn()
  File "/home/airflow/.local/lib/python3.7/site-packages/sqlalchemy/pool/base.py", line 310, in connect
    return _ConnectionFairy._checkout(self)
  File "/home/airflow/.local/lib/python3.7/site-packages/sqlalchemy/pool/base.py", line 868, in _checkout
    fairy = _ConnectionRecord.checkout(pool)
  File "/home/airflow/.local/lib/python3.7/site-packages/sqlalchemy/pool/base.py", line 476, in checkout
    rec = pool._do_get()
  File "/home/airflow/.local/lib/python3.7/site-packages/sqlalchemy/pool/impl.py", line 146, in _do_get
    self._dec_overflow()
  File "/home/airflow/.local/lib/python3.7/site-packages/sqlalchemy/util/langhelpers.py", line 72, in __exit__
    with_traceback=exc_tb,
  File "/home/airflow/.local/lib/python3.7/site-packages/sqlalchemy/util/compat.py", line 207, in raise_
    raise exception
  File "/home/airflow/.local/lib/python3.7/site-packages/sqlalchemy/pool/impl.py", line 143, in _do_get
    return self._create_connection()
  File "/home/airflow/.local/lib/python3.7/site-packages/sqlalchemy/pool/base.py", line 256, in _create_connection
    return _ConnectionRecord(self)
  File "/home/airflow/.local/lib/python3.7/site-packages/sqlalchemy/pool/base.py", line 371, in __init__
    self.__connect()
  File "/home/airflow/.local/lib/python3.7/site-packages/sqlalchemy/pool/base.py", line 666, in __connect
    pool.logger.debug("Error on connect(): %s", e)
  File "/home/airflow/.local/lib/python3.7/site-packages/sqlalchemy/util/langhelpers.py", line 72, in __exit__
    with_traceback=exc_tb,
  File "/home/airflow/.local/lib/python3.7/site-packages/sqlalchemy/util/compat.py", line 207, in raise_
    raise exception
  File "/home/airflow/.local/lib/python3.7/site-packages/sqlalchemy/pool/base.py", line 661, in __connect
    self.dbapi_connection = connection = pool._invoke_creator(self)
  File "/home/airflow/.local/lib/python3.7/site-packages/sqlalchemy/engine/create.py", line 590, in connect
    return dialect.connect(*cargs, **cparams)
  File "/home/airflow/.local/lib/python3.7/site-packages/sqlalchemy/engine/default.py", line 584, in connect
    return self.dbapi.connect(*cargs, **cparams)
  File "/home/airflow/.local/lib/python3.7/site-packages/psycopg2/__init__.py", line 122, in connect
    conn = _connect(dsn, connection_factory=connection_factory, **kwasync)
sqlalchemy.exc.OperationalError: (psycopg2.OperationalError) could not translate host name "postgres" to address: Temporary failure in name resolution

(Background on this error at: https://sqlalche.me/e/14/e3q8)
