[2025-08-20T06:49:14.927+0000] {taskinstance.py:1165} INFO - Dependencies all met for <TaskInstance: latest_only.latest_only scheduled__2025-08-20T02:48:50.166799+00:00 [queued]>
[2025-08-20T06:49:14.939+0000] {taskinstance.py:1165} INFO - Dependencies all met for <TaskInstance: latest_only.latest_only scheduled__2025-08-20T02:48:50.166799+00:00 [queued]>
[2025-08-20T06:49:14.939+0000] {taskinstance.py:1362} INFO - 
--------------------------------------------------------------------------------
[2025-08-20T06:49:14.940+0000] {taskinstance.py:1363} INFO - Starting attempt 1 of 1
[2025-08-20T06:49:14.940+0000] {taskinstance.py:1364} INFO - 
--------------------------------------------------------------------------------
[2025-08-20T06:49:14.955+0000] {taskinstance.py:1383} INFO - Executing <Task(LatestOnlyOperator): latest_only> on 2025-08-20 02:48:50.166799+00:00
[2025-08-20T06:49:14.961+0000] {standard_task_runner.py:55} INFO - Started process 116 to run task
[2025-08-20T06:49:14.965+0000] {standard_task_runner.py:82} INFO - Running: ['***', 'tasks', 'run', 'latest_only', 'latest_only', 'scheduled__2025-08-20T02:48:50.166799+00:00', '--job-id', '102', '--raw', '--subdir', '/home/***/.local/lib/python3.7/site-packages/***/example_dags/example_latest_only.py', '--cfg-path', '/tmp/tmpf8tdbvfh']
[2025-08-20T06:49:14.965+0000] {standard_task_runner.py:83} INFO - Job 102: Subtask latest_only
[2025-08-20T06:49:15.047+0000] {task_command.py:376} INFO - Running <TaskInstance: latest_only.latest_only scheduled__2025-08-20T02:48:50.166799+00:00 [running]> on host 331dbc58b40a
[2025-08-20T06:49:15.118+0000] {taskinstance.py:1592} INFO - Exporting the following env vars:
AIRFLOW_CTX_DAG_OWNER=***
AIRFLOW_CTX_DAG_ID=latest_only
AIRFLOW_CTX_TASK_ID=latest_only
AIRFLOW_CTX_EXECUTION_DATE=2025-08-20T02:48:50.166799+00:00
AIRFLOW_CTX_TRY_NUMBER=1
AIRFLOW_CTX_DAG_RUN_ID=scheduled__2025-08-20T02:48:50.166799+00:00
[2025-08-20T06:49:15.119+0000] {latest_only.py:70} INFO - Checking latest only with left_window: 2025-08-20T06:48:50.166799+00:00 right_window: 2025-08-20T10:48:50.166799+00:00 now: 2025-08-20T06:49:15.119332+00:00
[2025-08-20T06:49:15.119+0000] {latest_only.py:79} INFO - Latest, allowing execution to proceed.
[2025-08-20T06:49:15.119+0000] {skipmixin.py:155} INFO - Following branch ['task1']
[2025-08-20T06:49:15.119+0000] {skipmixin.py:190} INFO - Skipping tasks []
[2025-08-20T06:49:15.163+0000] {taskinstance.py:1406} INFO - Marking task as SUCCESS. dag_id=latest_only, task_id=latest_only, execution_date=20250820T024850, start_date=20250820T064914, end_date=20250820T064915
[2025-08-20T06:49:15.217+0000] {local_task_job.py:164} INFO - Task exited with return code 0
[2025-08-20T06:49:15.248+0000] {local_task_job.py:273} INFO - 1 downstream tasks scheduled from follow-on schedule check
