[2025-09-01T05:03:15.604+0000] {taskinstance.py:1165} INFO - Dependencies all met for <TaskInstance: my_dag.choose_best_model scheduled__2025-08-21T00:00:00+00:00 [queued]>
[2025-09-01T05:03:15.621+0000] {taskinstance.py:1165} INFO - Dependencies all met for <TaskInstance: my_dag.choose_best_model scheduled__2025-08-21T00:00:00+00:00 [queued]>
[2025-09-01T05:03:15.621+0000] {taskinstance.py:1362} INFO - 
--------------------------------------------------------------------------------
[2025-09-01T05:03:15.621+0000] {taskinstance.py:1363} INFO - Starting attempt 1 of 1
[2025-09-01T05:03:15.621+0000] {taskinstance.py:1364} INFO - 
--------------------------------------------------------------------------------
[2025-09-01T05:03:15.654+0000] {taskinstance.py:1383} INFO - Executing <Task(BranchPythonOperator): choose_best_model> on 2025-08-21 00:00:00+00:00
[2025-09-01T05:03:15.661+0000] {standard_task_runner.py:55} INFO - Started process 97 to run task
[2025-09-01T05:03:15.667+0000] {standard_task_runner.py:82} INFO - Running: ['***', 'tasks', 'run', 'my_dag', 'choose_best_model', 'scheduled__2025-08-21T00:00:00+00:00', '--job-id', '173', '--raw', '--subdir', 'DAGS_FOLDER/flow.py', '--cfg-path', '/tmp/tmp2yk41fyj']
[2025-09-01T05:03:15.668+0000] {standard_task_runner.py:83} INFO - Job 173: Subtask choose_best_model
[2025-09-01T05:03:15.800+0000] {task_command.py:376} INFO - Running <TaskInstance: my_dag.choose_best_model scheduled__2025-08-21T00:00:00+00:00 [running]> on host caf234be515d
[2025-09-01T05:03:15.982+0000] {taskinstance.py:1592} INFO - Exporting the following env vars:
AIRFLOW_CTX_DAG_OWNER=***
AIRFLOW_CTX_DAG_ID=my_dag
AIRFLOW_CTX_TASK_ID=choose_best_model
AIRFLOW_CTX_EXECUTION_DATE=2025-08-21T00:00:00+00:00
AIRFLOW_CTX_TRY_NUMBER=1
AIRFLOW_CTX_DAG_RUN_ID=scheduled__2025-08-21T00:00:00+00:00
[2025-09-01T05:03:16.018+0000] {python.py:177} INFO - Done. Returned value was: inaccurate
[2025-09-01T05:03:16.018+0000] {skipmixin.py:155} INFO - Following branch inaccurate
[2025-09-01T05:03:16.019+0000] {skipmixin.py:190} INFO - Skipping tasks ['accurate']
[2025-09-01T05:03:16.149+0000] {taskinstance.py:1406} INFO - Marking task as SUCCESS. dag_id=my_dag, task_id=choose_best_model, execution_date=20250821T000000, start_date=20250901T050315, end_date=20250901T050316
[2025-09-01T05:03:16.249+0000] {local_task_job.py:164} INFO - Task exited with return code 0
[2025-09-01T05:03:16.312+0000] {local_task_job.py:273} INFO - 1 downstream tasks scheduled from follow-on schedule check
