[2025-09-04T05:30:45.649+0000] {taskinstance.py:1165} INFO - Dependencies all met for <TaskInstance: my_dag.training_model_C scheduled__2025-09-03T00:00:00+00:00 [queued]>
[2025-09-04T05:30:45.691+0000] {taskinstance.py:1165} INFO - Dependencies all met for <TaskInstance: my_dag.training_model_C scheduled__2025-09-03T00:00:00+00:00 [queued]>
[2025-09-04T05:30:45.691+0000] {taskinstance.py:1362} INFO - 
--------------------------------------------------------------------------------
[2025-09-04T05:30:45.691+0000] {taskinstance.py:1363} INFO - Starting attempt 1 of 1
[2025-09-04T05:30:45.691+0000] {taskinstance.py:1364} INFO - 
--------------------------------------------------------------------------------
[2025-09-04T05:30:45.779+0000] {taskinstance.py:1383} INFO - Executing <Task(PythonOperator): training_model_C> on 2025-09-03 00:00:00+00:00
[2025-09-04T05:30:45.806+0000] {standard_task_runner.py:55} INFO - Started process 93 to run task
[2025-09-04T05:30:45.856+0000] {standard_task_runner.py:82} INFO - Running: ['***', 'tasks', 'run', 'my_dag', 'training_model_C', 'scheduled__2025-09-03T00:00:00+00:00', '--job-id', '186', '--raw', '--subdir', 'DAGS_FOLDER/flow.py', '--cfg-path', '/tmp/tmp4vbylp2g']
[2025-09-04T05:30:45.857+0000] {standard_task_runner.py:83} INFO - Job 186: Subtask training_model_C
[2025-09-04T05:30:46.458+0000] {task_command.py:376} INFO - Running <TaskInstance: my_dag.training_model_C scheduled__2025-09-03T00:00:00+00:00 [running]> on host caf234be515d
[2025-09-04T05:30:46.910+0000] {taskinstance.py:1592} INFO - Exporting the following env vars:
AIRFLOW_CTX_DAG_OWNER=***
AIRFLOW_CTX_DAG_ID=my_dag
AIRFLOW_CTX_TASK_ID=training_model_C
AIRFLOW_CTX_EXECUTION_DATE=2025-09-03T00:00:00+00:00
AIRFLOW_CTX_TRY_NUMBER=1
AIRFLOW_CTX_DAG_RUN_ID=scheduled__2025-09-03T00:00:00+00:00
[2025-09-04T05:30:46.920+0000] {python.py:177} INFO - Done. Returned value was: 9
[2025-09-04T05:30:46.983+0000] {taskinstance.py:1406} INFO - Marking task as SUCCESS. dag_id=my_dag, task_id=training_model_C, execution_date=20250903T000000, start_date=20250904T053045, end_date=20250904T053046
[2025-09-04T05:30:47.096+0000] {local_task_job.py:164} INFO - Task exited with return code 0
[2025-09-04T05:30:47.297+0000] {local_task_job.py:273} INFO - 0 downstream tasks scheduled from follow-on schedule check
[2025-09-04T06:47:34.890+0000] {taskinstance.py:1165} INFO - Dependencies all met for <TaskInstance: my_dag.training_model_C scheduled__2025-09-03T00:00:00+00:00 [queued]>
[2025-09-04T06:47:34.927+0000] {taskinstance.py:1165} INFO - Dependencies all met for <TaskInstance: my_dag.training_model_C scheduled__2025-09-03T00:00:00+00:00 [queued]>
[2025-09-04T06:47:34.927+0000] {taskinstance.py:1362} INFO - 
--------------------------------------------------------------------------------
[2025-09-04T06:47:34.927+0000] {taskinstance.py:1363} INFO - Starting attempt 1 of 1
[2025-09-04T06:47:34.927+0000] {taskinstance.py:1364} INFO - 
--------------------------------------------------------------------------------
[2025-09-04T06:47:34.968+0000] {taskinstance.py:1383} INFO - Executing <Task(PythonOperator): training_model_C> on 2025-09-03 00:00:00+00:00
[2025-09-04T06:47:34.980+0000] {standard_task_runner.py:55} INFO - Started process 570 to run task
[2025-09-04T06:47:34.988+0000] {standard_task_runner.py:82} INFO - Running: ['***', 'tasks', 'run', 'my_dag', 'training_model_C', 'scheduled__2025-09-03T00:00:00+00:00', '--job-id', '9', '--raw', '--subdir', 'DAGS_FOLDER/flow.py', '--cfg-path', '/tmp/tmpabj29uj8']
[2025-09-04T06:47:34.989+0000] {standard_task_runner.py:83} INFO - Job 9: Subtask training_model_C
[2025-09-04T06:47:35.108+0000] {task_command.py:376} INFO - Running <TaskInstance: my_dag.training_model_C scheduled__2025-09-03T00:00:00+00:00 [running]> on host 6789badf8728
[2025-09-04T06:47:35.278+0000] {taskinstance.py:1592} INFO - Exporting the following env vars:
AIRFLOW_CTX_DAG_OWNER=***
AIRFLOW_CTX_DAG_ID=my_dag
AIRFLOW_CTX_TASK_ID=training_model_C
AIRFLOW_CTX_EXECUTION_DATE=2025-09-03T00:00:00+00:00
AIRFLOW_CTX_TRY_NUMBER=1
AIRFLOW_CTX_DAG_RUN_ID=scheduled__2025-09-03T00:00:00+00:00
[2025-09-04T06:47:35.282+0000] {python.py:177} INFO - Done. Returned value was: 7
[2025-09-04T06:47:35.327+0000] {taskinstance.py:1406} INFO - Marking task as SUCCESS. dag_id=my_dag, task_id=training_model_C, execution_date=20250903T000000, start_date=20250904T064734, end_date=20250904T064735
[2025-09-04T06:47:35.371+0000] {local_task_job.py:164} INFO - Task exited with return code 0
[2025-09-04T06:47:35.431+0000] {local_task_job.py:273} INFO - 0 downstream tasks scheduled from follow-on schedule check
