[2025-09-04T06:47:36.461+0000] {taskinstance.py:1165} INFO - Dependencies all met for <TaskInstance: my_dag.choose_best_model manual__2025-09-04T06:47:32.017720+00:00 [queued]>
[2025-09-04T06:47:36.476+0000] {taskinstance.py:1165} INFO - Dependencies all met for <TaskInstance: my_dag.choose_best_model manual__2025-09-04T06:47:32.017720+00:00 [queued]>
[2025-09-04T06:47:36.476+0000] {taskinstance.py:1362} INFO - 
--------------------------------------------------------------------------------
[2025-09-04T06:47:36.476+0000] {taskinstance.py:1363} INFO - Starting attempt 1 of 1
[2025-09-04T06:47:36.476+0000] {taskinstance.py:1364} INFO - 
--------------------------------------------------------------------------------
[2025-09-04T06:47:36.494+0000] {taskinstance.py:1383} INFO - Executing <Task(BranchPythonOperator): choose_best_model> on 2025-09-04 06:47:32.017720+00:00
[2025-09-04T06:47:36.500+0000] {standard_task_runner.py:55} INFO - Started process 574 to run task
[2025-09-04T06:47:36.506+0000] {standard_task_runner.py:82} INFO - Running: ['***', 'tasks', 'run', 'my_dag', 'choose_best_model', 'manual__2025-09-04T06:47:32.017720+00:00', '--job-id', '11', '--raw', '--subdir', 'DAGS_FOLDER/flow.py', '--cfg-path', '/tmp/tmp1ccxpphh']
[2025-09-04T06:47:36.507+0000] {standard_task_runner.py:83} INFO - Job 11: Subtask choose_best_model
[2025-09-04T06:47:36.590+0000] {task_command.py:376} INFO - Running <TaskInstance: my_dag.choose_best_model manual__2025-09-04T06:47:32.017720+00:00 [running]> on host 6789badf8728
[2025-09-04T06:47:36.676+0000] {taskinstance.py:1592} INFO - Exporting the following env vars:
AIRFLOW_CTX_DAG_OWNER=***
AIRFLOW_CTX_DAG_ID=my_dag
AIRFLOW_CTX_TASK_ID=choose_best_model
AIRFLOW_CTX_EXECUTION_DATE=2025-09-04T06:47:32.017720+00:00
AIRFLOW_CTX_TRY_NUMBER=1
AIRFLOW_CTX_DAG_RUN_ID=manual__2025-09-04T06:47:32.017720+00:00
[2025-09-04T06:47:36.690+0000] {python.py:177} INFO - Done. Returned value was: accurate
[2025-09-04T06:47:36.690+0000] {skipmixin.py:155} INFO - Following branch accurate
[2025-09-04T06:47:36.690+0000] {skipmixin.py:190} INFO - Skipping tasks ['inaccurate']
[2025-09-04T06:47:36.757+0000] {taskinstance.py:1406} INFO - Marking task as SUCCESS. dag_id=my_dag, task_id=choose_best_model, execution_date=20250904T064732, start_date=20250904T064736, end_date=20250904T064736
[2025-09-04T06:47:36.800+0000] {local_task_job.py:164} INFO - Task exited with return code 0
[2025-09-04T06:47:36.839+0000] {local_task_job.py:273} INFO - 1 downstream tasks scheduled from follow-on schedule check
