[2025-09-08T07:22:46.645+0000] {taskinstance.py:1165} INFO - Dependencies all met for <TaskInstance: thirdflow.t1 manual__2025-09-08T07:22:42.867646+00:00 [queued]>
[2025-09-08T07:22:46.659+0000] {taskinstance.py:1165} INFO - Dependencies all met for <TaskInstance: thirdflow.t1 manual__2025-09-08T07:22:42.867646+00:00 [queued]>
[2025-09-08T07:22:46.659+0000] {taskinstance.py:1362} INFO - 
--------------------------------------------------------------------------------
[2025-09-08T07:22:46.659+0000] {taskinstance.py:1363} INFO - Starting attempt 1 of 1
[2025-09-08T07:22:46.659+0000] {taskinstance.py:1364} INFO - 
--------------------------------------------------------------------------------
[2025-09-08T07:22:46.673+0000] {taskinstance.py:1383} INFO - Executing <Task(BranchPythonOperator): t1> on 2025-09-08 07:22:42.867646+00:00
[2025-09-08T07:22:46.682+0000] {standard_task_runner.py:55} INFO - Started process 127 to run task
[2025-09-08T07:22:46.686+0000] {standard_task_runner.py:82} INFO - Running: ['***', 'tasks', 'run', 'thirdflow', 't1', 'manual__2025-09-08T07:22:42.867646+00:00', '--job-id', '29', '--raw', '--subdir', 'DAGS_FOLDER/flow.py', '--cfg-path', '/tmp/tmp7z8os722']
[2025-09-08T07:22:46.980+0000] {standard_task_runner.py:83} INFO - Job 29: Subtask t1
[2025-09-08T07:22:47.050+0000] {task_command.py:376} INFO - Running <TaskInstance: thirdflow.t1 manual__2025-09-08T07:22:42.867646+00:00 [running]> on host 7e2e02445dbf
[2025-09-08T07:22:47.130+0000] {taskinstance.py:1592} INFO - Exporting the following env vars:
AIRFLOW_CTX_DAG_OWNER=***
AIRFLOW_CTX_DAG_ID=thirdflow
AIRFLOW_CTX_TASK_ID=t1
AIRFLOW_CTX_EXECUTION_DATE=2025-09-08T07:22:42.867646+00:00
AIRFLOW_CTX_TRY_NUMBER=1
AIRFLOW_CTX_DAG_RUN_ID=manual__2025-09-08T07:22:42.867646+00:00
[2025-09-08T07:22:47.131+0000] {logging_mixin.py:120} INFO - [DEBUG] Checking: /home/jay/login-signup/***_project/uploads/jay.csv
[2025-09-08T07:22:47.132+0000] {logging_mixin.py:120} INFO - [DEBUG] Exists? False
[2025-09-08T07:22:47.132+0000] {logging_mixin.py:120} INFO - CSV file not found.
[2025-09-08T07:22:47.132+0000] {logging_mixin.py:120} INFO - Fetched path:None,None
[2025-09-08T07:22:47.160+0000] {python.py:177} INFO - Done. Returned value was: t2
[2025-09-08T07:22:47.160+0000] {skipmixin.py:155} INFO - Following branch t2
[2025-09-08T07:22:47.160+0000] {skipmixin.py:190} INFO - Skipping tasks ['skip']
[2025-09-08T07:22:47.208+0000] {taskinstance.py:1406} INFO - Marking task as SUCCESS. dag_id=thirdflow, task_id=t1, execution_date=20250908T072242, start_date=20250908T072246, end_date=20250908T072247
[2025-09-08T07:22:47.267+0000] {local_task_job.py:164} INFO - Task exited with return code 0
[2025-09-08T07:22:47.491+0000] {local_task_job.py:273} INFO - 1 downstream tasks scheduled from follow-on schedule check
