[2025-09-04T05:30:49.561+0000] {taskinstance.py:1165} INFO - Dependencies all met for <TaskInstance: latest_only.latest_only scheduled__2025-09-04T01:30:47.996062+00:00 [queued]>
[2025-09-04T05:30:49.589+0000] {taskinstance.py:1165} INFO - Dependencies all met for <TaskInstance: latest_only.latest_only scheduled__2025-09-04T01:30:47.996062+00:00 [queued]>
[2025-09-04T05:30:49.589+0000] {taskinstance.py:1362} INFO - 
--------------------------------------------------------------------------------
[2025-09-04T05:30:49.589+0000] {taskinstance.py:1363} INFO - Starting attempt 1 of 1
[2025-09-04T05:30:49.590+0000] {taskinstance.py:1364} INFO - 
--------------------------------------------------------------------------------
[2025-09-04T05:30:49.614+0000] {taskinstance.py:1383} INFO - Executing <Task(LatestOnlyOperator): latest_only> on 2025-09-04 01:30:47.996062+00:00
[2025-09-04T05:30:49.621+0000] {standard_task_runner.py:55} INFO - Started process 100 to run task
[2025-09-04T05:30:49.628+0000] {standard_task_runner.py:82} INFO - Running: ['***', 'tasks', 'run', 'latest_only', 'latest_only', 'scheduled__2025-09-04T01:30:47.996062+00:00', '--job-id', '190', '--raw', '--subdir', '/home/***/.local/lib/python3.7/site-packages/***/example_dags/example_latest_only.py', '--cfg-path', '/tmp/tmpn3pyii58']
[2025-09-04T05:30:49.629+0000] {standard_task_runner.py:83} INFO - Job 190: Subtask latest_only
[2025-09-04T05:30:49.747+0000] {task_command.py:376} INFO - Running <TaskInstance: latest_only.latest_only scheduled__2025-09-04T01:30:47.996062+00:00 [running]> on host caf234be515d
[2025-09-04T05:30:49.909+0000] {taskinstance.py:1592} INFO - Exporting the following env vars:
AIRFLOW_CTX_DAG_OWNER=***
AIRFLOW_CTX_DAG_ID=latest_only
AIRFLOW_CTX_TASK_ID=latest_only
AIRFLOW_CTX_EXECUTION_DATE=2025-09-04T01:30:47.996062+00:00
AIRFLOW_CTX_TRY_NUMBER=1
AIRFLOW_CTX_DAG_RUN_ID=scheduled__2025-09-04T01:30:47.996062+00:00
[2025-09-04T05:30:49.917+0000] {latest_only.py:70} INFO - Checking latest only with left_window: 2025-09-04T05:30:47.996062+00:00 right_window: 2025-09-04T09:30:47.996062+00:00 now: 2025-09-04T05:30:49.917271+00:00
[2025-09-04T05:30:49.917+0000] {latest_only.py:79} INFO - Latest, allowing execution to proceed.
[2025-09-04T05:30:49.918+0000] {skipmixin.py:155} INFO - Following branch ['task1']
[2025-09-04T05:30:49.919+0000] {skipmixin.py:190} INFO - Skipping tasks []
[2025-09-04T05:30:50.034+0000] {taskinstance.py:1406} INFO - Marking task as SUCCESS. dag_id=latest_only, task_id=latest_only, execution_date=20250904T013047, start_date=20250904T053049, end_date=20250904T053050
[2025-09-04T05:30:50.086+0000] {local_task_job.py:164} INFO - Task exited with return code 0
[2025-09-04T05:30:50.158+0000] {local_task_job.py:273} INFO - 1 downstream tasks scheduled from follow-on schedule check
