[2025-09-08T05:37:22.728+0000] {taskinstance.py:1165} INFO - Dependencies all met for <TaskInstance: thirdflow.t1 manual__2025-09-08T05:37:19.506127+00:00 [queued]>
[2025-09-08T05:37:22.742+0000] {taskinstance.py:1165} INFO - Dependencies all met for <TaskInstance: thirdflow.t1 manual__2025-09-08T05:37:19.506127+00:00 [queued]>
[2025-09-08T05:37:22.743+0000] {taskinstance.py:1362} INFO - 
--------------------------------------------------------------------------------
[2025-09-08T05:37:22.743+0000] {taskinstance.py:1363} INFO - Starting attempt 1 of 1
[2025-09-08T05:37:22.743+0000] {taskinstance.py:1364} INFO - 
--------------------------------------------------------------------------------
[2025-09-08T05:37:23.015+0000] {taskinstance.py:1383} INFO - Executing <Task(BranchPythonOperator): t1> on 2025-09-08 05:37:19.506127+00:00
[2025-09-08T05:37:23.022+0000] {standard_task_runner.py:55} INFO - Started process 250 to run task
[2025-09-08T05:37:23.027+0000] {standard_task_runner.py:82} INFO - Running: ['***', 'tasks', 'run', 'thirdflow', 't1', 'manual__2025-09-08T05:37:19.506127+00:00', '--job-id', '13', '--raw', '--subdir', 'DAGS_FOLDER/flow.py', '--cfg-path', '/tmp/tmp9mh3f93r']
[2025-09-08T05:37:23.030+0000] {standard_task_runner.py:83} INFO - Job 13: Subtask t1
[2025-09-08T05:37:23.129+0000] {task_command.py:376} INFO - Running <TaskInstance: thirdflow.t1 manual__2025-09-08T05:37:19.506127+00:00 [running]> on host 087663e53d40
[2025-09-08T05:37:23.222+0000] {taskinstance.py:1592} INFO - Exporting the following env vars:
AIRFLOW_CTX_DAG_OWNER=***
AIRFLOW_CTX_DAG_ID=thirdflow
AIRFLOW_CTX_TASK_ID=t1
AIRFLOW_CTX_EXECUTION_DATE=2025-09-08T05:37:19.506127+00:00
AIRFLOW_CTX_TRY_NUMBER=1
AIRFLOW_CTX_DAG_RUN_ID=manual__2025-09-08T05:37:19.506127+00:00
[2025-09-08T05:37:23.226+0000] {logging_mixin.py:120} INFO -  CSV file not found.
[2025-09-08T05:37:23.226+0000] {logging_mixin.py:120} INFO - Fetched path:None,None
[2025-09-08T05:37:23.226+0000] {python.py:177} INFO - Done. Returned value was: skip
[2025-09-08T05:37:23.226+0000] {skipmixin.py:155} INFO - Following branch skip
[2025-09-08T05:37:23.227+0000] {skipmixin.py:190} INFO - Skipping tasks ['t2']
[2025-09-08T05:37:23.293+0000] {taskinstance.py:1406} INFO - Marking task as SUCCESS. dag_id=thirdflow, task_id=t1, execution_date=20250908T053719, start_date=20250908T053722, end_date=20250908T053723
[2025-09-08T05:37:23.321+0000] {local_task_job.py:164} INFO - Task exited with return code 0
[2025-09-08T05:37:23.371+0000] {local_task_job.py:273} INFO - 1 downstream tasks scheduled from follow-on schedule check
