[2025-09-09T05:43:59.428+0000] {taskinstance.py:1165} INFO - Dependencies all met for <TaskInstance: thirdflow.t1 manual__2025-09-09T05:43:55.797578+00:00 [queued]>
[2025-09-09T05:43:59.443+0000] {taskinstance.py:1165} INFO - Dependencies all met for <TaskInstance: thirdflow.t1 manual__2025-09-09T05:43:55.797578+00:00 [queued]>
[2025-09-09T05:43:59.443+0000] {taskinstance.py:1362} INFO - 
--------------------------------------------------------------------------------
[2025-09-09T05:43:59.444+0000] {taskinstance.py:1363} INFO - Starting attempt 1 of 1
[2025-09-09T05:43:59.444+0000] {taskinstance.py:1364} INFO - 
--------------------------------------------------------------------------------
[2025-09-09T05:43:59.666+0000] {taskinstance.py:1383} INFO - Executing <Task(BranchPythonOperator): t1> on 2025-09-09 05:43:55.797578+00:00
[2025-09-09T05:43:59.675+0000] {standard_task_runner.py:55} INFO - Started process 116 to run task
[2025-09-09T05:43:59.681+0000] {standard_task_runner.py:82} INFO - Running: ['***', 'tasks', 'run', 'thirdflow', 't1', 'manual__2025-09-09T05:43:55.797578+00:00', '--job-id', '41', '--raw', '--subdir', 'DAGS_FOLDER/flow.py', '--cfg-path', '/tmp/tmp14b33gk_']
[2025-09-09T05:43:59.687+0000] {standard_task_runner.py:83} INFO - Job 41: Subtask t1
[2025-09-09T05:43:59.783+0000] {task_command.py:376} INFO - Running <TaskInstance: thirdflow.t1 manual__2025-09-09T05:43:55.797578+00:00 [running]> on host 4397ced947f4
[2025-09-09T05:43:59.871+0000] {taskinstance.py:1592} INFO - Exporting the following env vars:
AIRFLOW_CTX_DAG_OWNER=***
AIRFLOW_CTX_DAG_ID=thirdflow
AIRFLOW_CTX_TASK_ID=t1
AIRFLOW_CTX_EXECUTION_DATE=2025-09-09T05:43:55.797578+00:00
AIRFLOW_CTX_TRY_NUMBER=1
AIRFLOW_CTX_DAG_RUN_ID=manual__2025-09-09T05:43:55.797578+00:00
[2025-09-09T05:43:59.872+0000] {logging_mixin.py:120} INFO - Checking: /home/jay/login-signup/***_project/uploads/jay.csv
[2025-09-09T05:43:59.874+0000] {logging_mixin.py:120} INFO - Exists? False
[2025-09-09T05:43:59.875+0000] {logging_mixin.py:120} INFO - CSV file not found.
[2025-09-09T05:43:59.875+0000] {logging_mixin.py:120} INFO - Fetched path: None, None
[2025-09-09T05:43:59.875+0000] {logging_mixin.py:120} INFO - [WARNING] File not found at: None
[2025-09-09T05:43:59.875+0000] {python.py:177} INFO - Done. Returned value was: skip
[2025-09-09T05:43:59.875+0000] {skipmixin.py:155} INFO - Following branch skip
[2025-09-09T05:43:59.875+0000] {skipmixin.py:190} INFO - Skipping tasks ['t2']
[2025-09-09T05:43:59.934+0000] {taskinstance.py:1406} INFO - Marking task as SUCCESS. dag_id=thirdflow, task_id=t1, execution_date=20250909T054355, start_date=20250909T054359, end_date=20250909T054359
[2025-09-09T05:43:59.973+0000] {local_task_job.py:164} INFO - Task exited with return code 0
[2025-09-09T05:44:00.026+0000] {local_task_job.py:273} INFO - 1 downstream tasks scheduled from follow-on schedule check
