[2025-09-08T05:36:51.472+0000] {taskinstance.py:1165} INFO - Dependencies all met for <TaskInstance: tutorial_dag.transform manual__2025-09-08T05:36:48.346579+00:00 [queued]>
[2025-09-08T05:36:51.484+0000] {taskinstance.py:1165} INFO - Dependencies all met for <TaskInstance: tutorial_dag.transform manual__2025-09-08T05:36:48.346579+00:00 [queued]>
[2025-09-08T05:36:51.485+0000] {taskinstance.py:1362} INFO - 
--------------------------------------------------------------------------------
[2025-09-08T05:36:51.485+0000] {taskinstance.py:1363} INFO - Starting attempt 1 of 3
[2025-09-08T05:36:51.485+0000] {taskinstance.py:1364} INFO - 
--------------------------------------------------------------------------------
[2025-09-08T05:36:51.505+0000] {taskinstance.py:1383} INFO - Executing <Task(PythonOperator): transform> on 2025-09-08 05:36:48.346579+00:00
[2025-09-08T05:36:51.511+0000] {standard_task_runner.py:55} INFO - Started process 218 to run task
[2025-09-08T05:36:51.516+0000] {standard_task_runner.py:82} INFO - Running: ['***', 'tasks', 'run', 'tutorial_dag', 'transform', 'manual__2025-09-08T05:36:48.346579+00:00', '--job-id', '11', '--raw', '--subdir', '/home/***/.local/lib/python3.7/site-packages/***/example_dags/tutorial_dag.py', '--cfg-path', '/tmp/tmp6b42qk9q']
[2025-09-08T05:36:51.517+0000] {standard_task_runner.py:83} INFO - Job 11: Subtask transform
[2025-09-08T05:36:51.611+0000] {task_command.py:376} INFO - Running <TaskInstance: tutorial_dag.transform manual__2025-09-08T05:36:48.346579+00:00 [running]> on host 087663e53d40
[2025-09-08T05:36:51.700+0000] {taskinstance.py:1592} INFO - Exporting the following env vars:
AIRFLOW_CTX_DAG_OWNER=***
AIRFLOW_CTX_DAG_ID=tutorial_dag
AIRFLOW_CTX_TASK_ID=transform
AIRFLOW_CTX_EXECUTION_DATE=2025-09-08T05:36:48.346579+00:00
AIRFLOW_CTX_TRY_NUMBER=1
AIRFLOW_CTX_DAG_RUN_ID=manual__2025-09-08T05:36:48.346579+00:00
[2025-09-08T05:36:51.731+0000] {python.py:177} INFO - Done. Returned value was: None
[2025-09-08T05:36:51.744+0000] {taskinstance.py:1406} INFO - Marking task as SUCCESS. dag_id=tutorial_dag, task_id=transform, execution_date=20250908T053648, start_date=20250908T053651, end_date=20250908T053651
[2025-09-08T05:36:51.771+0000] {local_task_job.py:164} INFO - Task exited with return code 0
[2025-09-08T05:36:51.801+0000] {local_task_job.py:273} INFO - 1 downstream tasks scheduled from follow-on schedule check
