[2025-09-04T05:30:45.559+0000] {taskinstance.py:1165} INFO - Dependencies all met for <TaskInstance: my_dag.training_model_B scheduled__2025-09-03T00:00:00+00:00 [queued]>
[2025-09-04T05:30:45.595+0000] {taskinstance.py:1165} INFO - Dependencies all met for <TaskInstance: my_dag.training_model_B scheduled__2025-09-03T00:00:00+00:00 [queued]>
[2025-09-04T05:30:45.595+0000] {taskinstance.py:1362} INFO - 
--------------------------------------------------------------------------------
[2025-09-04T05:30:45.595+0000] {taskinstance.py:1363} INFO - Starting attempt 1 of 1
[2025-09-04T05:30:45.595+0000] {taskinstance.py:1364} INFO - 
--------------------------------------------------------------------------------
[2025-09-04T05:30:45.651+0000] {taskinstance.py:1383} INFO - Executing <Task(PythonOperator): training_model_B> on 2025-09-03 00:00:00+00:00
[2025-09-04T05:30:45.663+0000] {standard_task_runner.py:55} INFO - Started process 87 to run task
[2025-09-04T05:30:45.683+0000] {standard_task_runner.py:82} INFO - Running: ['***', 'tasks', 'run', 'my_dag', 'training_model_B', 'scheduled__2025-09-03T00:00:00+00:00', '--job-id', '182', '--raw', '--subdir', 'DAGS_FOLDER/flow.py', '--cfg-path', '/tmp/tmpm3k44vco']
[2025-09-04T05:30:45.685+0000] {standard_task_runner.py:83} INFO - Job 182: Subtask training_model_B
[2025-09-04T05:30:46.327+0000] {task_command.py:376} INFO - Running <TaskInstance: my_dag.training_model_B scheduled__2025-09-03T00:00:00+00:00 [running]> on host caf234be515d
[2025-09-04T05:30:46.794+0000] {taskinstance.py:1592} INFO - Exporting the following env vars:
AIRFLOW_CTX_DAG_OWNER=***
AIRFLOW_CTX_DAG_ID=my_dag
AIRFLOW_CTX_TASK_ID=training_model_B
AIRFLOW_CTX_EXECUTION_DATE=2025-09-03T00:00:00+00:00
AIRFLOW_CTX_TRY_NUMBER=1
AIRFLOW_CTX_DAG_RUN_ID=scheduled__2025-09-03T00:00:00+00:00
[2025-09-04T05:30:46.796+0000] {python.py:177} INFO - Done. Returned value was: 8
[2025-09-04T05:30:46.933+0000] {taskinstance.py:1406} INFO - Marking task as SUCCESS. dag_id=my_dag, task_id=training_model_B, execution_date=20250903T000000, start_date=20250904T053045, end_date=20250904T053046
[2025-09-04T05:30:47.032+0000] {local_task_job.py:164} INFO - Task exited with return code 0
[2025-09-04T05:30:47.229+0000] {local_task_job.py:273} INFO - 0 downstream tasks scheduled from follow-on schedule check
[2025-09-04T06:47:33.524+0000] {taskinstance.py:1165} INFO - Dependencies all met for <TaskInstance: my_dag.training_model_B scheduled__2025-09-03T00:00:00+00:00 [queued]>
[2025-09-04T06:47:33.552+0000] {taskinstance.py:1165} INFO - Dependencies all met for <TaskInstance: my_dag.training_model_B scheduled__2025-09-03T00:00:00+00:00 [queued]>
[2025-09-04T06:47:33.553+0000] {taskinstance.py:1362} INFO - 
--------------------------------------------------------------------------------
[2025-09-04T06:47:33.554+0000] {taskinstance.py:1363} INFO - Starting attempt 1 of 1
[2025-09-04T06:47:33.554+0000] {taskinstance.py:1364} INFO - 
--------------------------------------------------------------------------------
[2025-09-04T06:47:33.588+0000] {taskinstance.py:1383} INFO - Executing <Task(PythonOperator): training_model_B> on 2025-09-03 00:00:00+00:00
[2025-09-04T06:47:33.600+0000] {standard_task_runner.py:55} INFO - Started process 564 to run task
[2025-09-04T06:47:33.611+0000] {standard_task_runner.py:82} INFO - Running: ['***', 'tasks', 'run', 'my_dag', 'training_model_B', 'scheduled__2025-09-03T00:00:00+00:00', '--job-id', '5', '--raw', '--subdir', 'DAGS_FOLDER/flow.py', '--cfg-path', '/tmp/tmpoq4kaw2t']
[2025-09-04T06:47:33.612+0000] {standard_task_runner.py:83} INFO - Job 5: Subtask training_model_B
[2025-09-04T06:47:33.777+0000] {task_command.py:376} INFO - Running <TaskInstance: my_dag.training_model_B scheduled__2025-09-03T00:00:00+00:00 [running]> on host 6789badf8728
[2025-09-04T06:47:33.956+0000] {taskinstance.py:1592} INFO - Exporting the following env vars:
AIRFLOW_CTX_DAG_OWNER=***
AIRFLOW_CTX_DAG_ID=my_dag
AIRFLOW_CTX_TASK_ID=training_model_B
AIRFLOW_CTX_EXECUTION_DATE=2025-09-03T00:00:00+00:00
AIRFLOW_CTX_TRY_NUMBER=1
AIRFLOW_CTX_DAG_RUN_ID=scheduled__2025-09-03T00:00:00+00:00
[2025-09-04T06:47:33.960+0000] {python.py:177} INFO - Done. Returned value was: 7
[2025-09-04T06:47:34.011+0000] {taskinstance.py:1406} INFO - Marking task as SUCCESS. dag_id=my_dag, task_id=training_model_B, execution_date=20250903T000000, start_date=20250904T064733, end_date=20250904T064734
[2025-09-04T06:47:34.064+0000] {local_task_job.py:164} INFO - Task exited with return code 0
[2025-09-04T06:47:34.122+0000] {local_task_job.py:273} INFO - 0 downstream tasks scheduled from follow-on schedule check
