[2025-08-19T16:07:16.323+0000] {taskinstance.py:1165} INFO - Dependencies all met for <TaskInstance: my_dag.training_model_C manual__2025-08-19T16:07:04.408476+00:00 [queued]>
[2025-08-19T16:07:16.372+0000] {taskinstance.py:1165} INFO - Dependencies all met for <TaskInstance: my_dag.training_model_C manual__2025-08-19T16:07:04.408476+00:00 [queued]>
[2025-08-19T16:07:16.373+0000] {taskinstance.py:1362} INFO - 
--------------------------------------------------------------------------------
[2025-08-19T16:07:16.373+0000] {taskinstance.py:1363} INFO - Starting attempt 1 of 1
[2025-08-19T16:07:16.373+0000] {taskinstance.py:1364} INFO - 
--------------------------------------------------------------------------------
[2025-08-19T16:07:16.420+0000] {taskinstance.py:1383} INFO - Executing <Task(PythonOperator): training_model_C> on 2025-08-19 16:07:04.408476+00:00
[2025-08-19T16:07:16.439+0000] {standard_task_runner.py:55} INFO - Started process 290 to run task
[2025-08-19T16:07:16.449+0000] {standard_task_runner.py:82} INFO - Running: ['***', 'tasks', 'run', 'my_dag', 'training_model_C', 'manual__2025-08-19T16:07:04.408476+00:00', '--job-id', '30', '--raw', '--subdir', 'DAGS_FOLDER/flow.py', '--cfg-path', '/tmp/tmpmbcrtg98']
[2025-08-19T16:07:16.450+0000] {standard_task_runner.py:83} INFO - Job 30: Subtask training_model_C
[2025-08-19T16:07:16.608+0000] {task_command.py:376} INFO - Running <TaskInstance: my_dag.training_model_C manual__2025-08-19T16:07:04.408476+00:00 [running]> on host d9bec5ca469d
[2025-08-19T16:07:16.820+0000] {taskinstance.py:1592} INFO - Exporting the following env vars:
AIRFLOW_CTX_DAG_OWNER=***
AIRFLOW_CTX_DAG_ID=my_dag
AIRFLOW_CTX_TASK_ID=training_model_C
AIRFLOW_CTX_EXECUTION_DATE=2025-08-19T16:07:04.408476+00:00
AIRFLOW_CTX_TRY_NUMBER=1
AIRFLOW_CTX_DAG_RUN_ID=manual__2025-08-19T16:07:04.408476+00:00
[2025-08-19T16:07:16.822+0000] {python.py:177} INFO - Done. Returned value was: 4
[2025-08-19T16:07:16.872+0000] {taskinstance.py:1406} INFO - Marking task as SUCCESS. dag_id=my_dag, task_id=training_model_C, execution_date=20250819T160704, start_date=20250819T160716, end_date=20250819T160716
[2025-08-19T16:07:16.912+0000] {local_task_job.py:164} INFO - Task exited with return code 0
[2025-08-19T16:07:16.974+0000] {local_task_job.py:273} INFO - 0 downstream tasks scheduled from follow-on schedule check
