[2025-08-21T09:01:24.586+0000] {taskinstance.py:1165} INFO - Dependencies all met for <TaskInstance: my_dag.training_model_A scheduled__2025-08-20T00:00:00+00:00 [queued]>
[2025-08-21T09:01:24.756+0000] {taskinstance.py:1165} INFO - Dependencies all met for <TaskInstance: my_dag.training_model_A scheduled__2025-08-20T00:00:00+00:00 [queued]>
[2025-08-21T09:01:24.757+0000] {taskinstance.py:1362} INFO - 
--------------------------------------------------------------------------------
[2025-08-21T09:01:24.757+0000] {taskinstance.py:1363} INFO - Starting attempt 1 of 1
[2025-08-21T09:01:24.757+0000] {taskinstance.py:1364} INFO - 
--------------------------------------------------------------------------------
[2025-08-21T09:01:25.019+0000] {taskinstance.py:1383} INFO - Executing <Task(PythonOperator): training_model_A> on 2025-08-20 00:00:00+00:00
[2025-08-21T09:01:25.042+0000] {standard_task_runner.py:55} INFO - Started process 90 to run task
[2025-08-21T09:01:25.076+0000] {standard_task_runner.py:82} INFO - Running: ['***', 'tasks', 'run', 'my_dag', 'training_model_A', 'scheduled__2025-08-20T00:00:00+00:00', '--job-id', '156', '--raw', '--subdir', 'DAGS_FOLDER/flow.py', '--cfg-path', '/tmp/tmp77zks06s']
[2025-08-21T09:01:25.077+0000] {standard_task_runner.py:83} INFO - Job 156: Subtask training_model_A
[2025-08-21T09:01:25.420+0000] {task_command.py:376} INFO - Running <TaskInstance: my_dag.training_model_A scheduled__2025-08-20T00:00:00+00:00 [running]> on host caf234be515d
[2025-08-21T09:01:25.616+0000] {taskinstance.py:1592} INFO - Exporting the following env vars:
AIRFLOW_CTX_DAG_OWNER=***
AIRFLOW_CTX_DAG_ID=my_dag
AIRFLOW_CTX_TASK_ID=training_model_A
AIRFLOW_CTX_EXECUTION_DATE=2025-08-20T00:00:00+00:00
AIRFLOW_CTX_TRY_NUMBER=1
AIRFLOW_CTX_DAG_RUN_ID=scheduled__2025-08-20T00:00:00+00:00
[2025-08-21T09:01:25.620+0000] {python.py:177} INFO - Done. Returned value was: 4
[2025-08-21T09:01:25.673+0000] {taskinstance.py:1406} INFO - Marking task as SUCCESS. dag_id=my_dag, task_id=training_model_A, execution_date=20250820T000000, start_date=20250821T090124, end_date=20250821T090125
[2025-08-21T09:01:25.734+0000] {local_task_job.py:164} INFO - Task exited with return code 0
[2025-08-21T09:01:25.808+0000] {local_task_job.py:273} INFO - 1 downstream tasks scheduled from follow-on schedule check
