[2025-09-04T06:47:33.498+0000] {taskinstance.py:1165} INFO - Dependencies all met for <TaskInstance: my_dag.training_model_A manual__2025-09-04T06:47:32.017720+00:00 [queued]>
[2025-09-04T06:47:33.520+0000] {taskinstance.py:1165} INFO - Dependencies all met for <TaskInstance: my_dag.training_model_A manual__2025-09-04T06:47:32.017720+00:00 [queued]>
[2025-09-04T06:47:33.521+0000] {taskinstance.py:1362} INFO - 
--------------------------------------------------------------------------------
[2025-09-04T06:47:33.521+0000] {taskinstance.py:1363} INFO - Starting attempt 1 of 1
[2025-09-04T06:47:33.521+0000] {taskinstance.py:1364} INFO - 
--------------------------------------------------------------------------------
[2025-09-04T06:47:33.561+0000] {taskinstance.py:1383} INFO - Executing <Task(PythonOperator): training_model_A> on 2025-09-04 06:47:32.017720+00:00
[2025-09-04T06:47:33.573+0000] {standard_task_runner.py:55} INFO - Started process 563 to run task
[2025-09-04T06:47:33.586+0000] {standard_task_runner.py:82} INFO - Running: ['***', 'tasks', 'run', 'my_dag', 'training_model_A', 'manual__2025-09-04T06:47:32.017720+00:00', '--job-id', '4', '--raw', '--subdir', 'DAGS_FOLDER/flow.py', '--cfg-path', '/tmp/tmpsljnmbvw']
[2025-09-04T06:47:33.587+0000] {standard_task_runner.py:83} INFO - Job 4: Subtask training_model_A
[2025-09-04T06:47:33.740+0000] {task_command.py:376} INFO - Running <TaskInstance: my_dag.training_model_A manual__2025-09-04T06:47:32.017720+00:00 [running]> on host 6789badf8728
[2025-09-04T06:47:33.911+0000] {taskinstance.py:1592} INFO - Exporting the following env vars:
AIRFLOW_CTX_DAG_OWNER=***
AIRFLOW_CTX_DAG_ID=my_dag
AIRFLOW_CTX_TASK_ID=training_model_A
AIRFLOW_CTX_EXECUTION_DATE=2025-09-04T06:47:32.017720+00:00
AIRFLOW_CTX_TRY_NUMBER=1
AIRFLOW_CTX_DAG_RUN_ID=manual__2025-09-04T06:47:32.017720+00:00
[2025-09-04T06:47:33.914+0000] {python.py:177} INFO - Done. Returned value was: 3
[2025-09-04T06:47:33.971+0000] {taskinstance.py:1406} INFO - Marking task as SUCCESS. dag_id=my_dag, task_id=training_model_A, execution_date=20250904T064732, start_date=20250904T064733, end_date=20250904T064733
[2025-09-04T06:47:34.039+0000] {local_task_job.py:164} INFO - Task exited with return code 0
[2025-09-04T06:47:34.092+0000] {local_task_job.py:273} INFO - 0 downstream tasks scheduled from follow-on schedule check
